W0411 23:38:01.391375 139995207059264 logging_utils.py:329] Unable to record package information. Continuing without it.
I0411 23:38:04.104096 139995207059264 submission_runner.py:448] --- Tuning run 1/5 ---
I0411 23:39:40.497464 139995207059264 submission_runner.py:351] 8.72s	0	{'accuracy': 0.0069444444961845875, 'loss': 4.56906795501709}
I0411 23:40:09.406229 139995207059264 submission_runner.py:351] 65.74s	90	{'accuracy': 0.04097222164273262, 'loss': 4.46507453918457}
I0411 23:40:38.427922 139995207059264 submission_runner.py:351] 94.60s	180	{'accuracy': 0.12708333134651184, 'loss': 3.881438732147217}
I0411 23:41:07.413426 139995207059264 submission_runner.py:351] 123.83s	270	{'accuracy': 0.29722222685813904, 'loss': 2.9652810096740723}
I0411 23:41:36.802672 139995207059264 submission_runner.py:351] 153.02s	360	{'accuracy': 0.49722224473953247, 'loss': 2.0756328105926514}
I0411 23:42:05.898704 139995207059264 submission_runner.py:351] 182.40s	450	{'accuracy': 0.6180555820465088, 'loss': 1.4515010118484497}
I0411 23:42:35.045644 139995207059264 submission_runner.py:351] 211.15s	540	{'accuracy': 0.6972222328186035, 'loss': 1.1415280103683472}
I0411 23:43:03.729074 139995207059264 submission_runner.py:351] 240.55s	630	{'accuracy': 0.7791666984558105, 'loss': 0.8091410398483276}
I0411 23:43:32.395615 139995207059264 submission_runner.py:351] 269.30s	720	{'accuracy': 0.8013889193534851, 'loss': 0.6579428911209106}
I0411 23:44:00.956828 139995207059264 submission_runner.py:351] 297.70s	810	{'accuracy': 0.8583333492279053, 'loss': 0.4497166574001312}
I0411 23:44:30.160576 139995207059264 submission_runner.py:351] 326.50s	900	{'accuracy': 0.9048611521720886, 'loss': 0.33445820212364197}
I0411 23:44:59.247710 139995207059264 submission_runner.py:351] 355.63s	990	{'accuracy': 0.893750011920929, 'loss': 0.3211555778980255}
I0411 23:45:29.511782 139995207059264 submission_runner.py:351] 384.98s	1080	{'accuracy': 0.9305555820465088, 'loss': 0.20611150562763214}
I0411 23:45:58.705740 139995207059264 submission_runner.py:351] 414.94s	1170	{'accuracy': 0.9125000238418579, 'loss': 0.2329305112361908}
I0411 23:46:27.938440 139995207059264 submission_runner.py:351] 444.12s	1260	{'accuracy': 0.9138889312744141, 'loss': 0.22786344587802887}
I0411 23:46:56.872163 139995207059264 submission_runner.py:351] 473.38s	1350	{'accuracy': 0.9388889074325562, 'loss': 0.1810886710882187}
I0411 23:47:26.127396 139995207059264 submission_runner.py:351] 502.31s	1440	{'accuracy': 0.90625, 'loss': 0.253587931394577}
I0411 23:47:55.050963 139995207059264 submission_runner.py:351] 531.40s	1530	{'accuracy': 0.9361111521720886, 'loss': 0.16320767998695374}
I0411 23:48:24.251832 139995207059264 submission_runner.py:351] 560.80s	1620	{'accuracy': 0.9583333730697632, 'loss': 0.10942967981100082}
I0411 23:48:52.922395 139995207059264 submission_runner.py:351] 589.60s	1710	{'accuracy': 0.9597222208976746, 'loss': 0.09749355912208557}
I0411 23:49:21.537052 139995207059264 submission_runner.py:351] 618.46s	1800	{'accuracy': 0.9576389193534851, 'loss': 0.11401166021823883}
I0411 23:49:50.568757 139995207059264 submission_runner.py:351] 647.09s	1890	{'accuracy': 0.9583333730697632, 'loss': 0.09950456768274307}
I0411 23:50:19.735707 139995207059264 submission_runner.py:351] 676.23s	1980	{'accuracy': 0.9625000357627869, 'loss': 0.08999229222536087}
I0411 23:50:48.210521 139995207059264 submission_runner.py:351] 705.23s	2070	{'accuracy': 0.96875, 'loss': 0.08458152413368225}
I0411 23:51:16.431524 139995207059264 submission_runner.py:351] 733.39s	2160	{'accuracy': 0.9576389193534851, 'loss': 0.10181541740894318}
I0411 23:51:45.466747 139995207059264 submission_runner.py:351] 761.98s	2250	{'accuracy': 0.9590278267860413, 'loss': 0.08154673874378204}
I0411 23:52:14.617673 139995207059264 submission_runner.py:351] 790.85s	2340	{'accuracy': 0.9645833373069763, 'loss': 0.09320301562547684}
I0411 23:52:43.168148 139995207059264 submission_runner.py:351] 820.11s	2430	{'accuracy': 0.96875, 'loss': 0.07105991989374161}
I0411 23:53:11.679455 139995207059264 submission_runner.py:351] 848.45s	2520	{'accuracy': 0.9590278267860413, 'loss': 0.10168898105621338}
I0411 23:53:40.263714 139995207059264 submission_runner.py:351] 877.00s	2610	{'accuracy': 0.9631944894790649, 'loss': 0.07593365013599396}
I0411 23:54:09.157831 139995207059264 submission_runner.py:351] 905.88s	2700	{'accuracy': 0.9770833849906921, 'loss': 0.04801168665289879}
I0411 23:54:38.176306 139995207059264 submission_runner.py:351] 934.95s	2790	{'accuracy': 0.9513888955116272, 'loss': 0.09198396652936935}
I0411 23:55:06.524159 139995207059264 submission_runner.py:351] 963.56s	2880	{'accuracy': 0.9736111164093018, 'loss': 0.06325440853834152}
I0411 23:55:36.297623 139995207059264 submission_runner.py:351] 991.83s	2970	{'accuracy': 0.9722222685813904, 'loss': 0.050314661115407944}
I0411 23:56:04.723154 139995207059264 submission_runner.py:351] 1021.41s	3060	{'accuracy': 0.9722222685813904, 'loss': 0.057167455554008484}
I0411 23:56:33.575454 139995207059264 submission_runner.py:351] 1049.56s	3150	{'accuracy': 0.9645833373069763, 'loss': 0.08287229388952255}
I0411 23:57:02.826337 139995207059264 submission_runner.py:351] 1078.90s	3240	{'accuracy': 0.9770833849906921, 'loss': 0.05206410586833954}
I0411 23:57:31.949833 139995207059264 submission_runner.py:351] 1108.36s	3330	{'accuracy': 0.9750000238418579, 'loss': 0.04670805484056473}
I0411 23:58:00.384882 139995207059264 submission_runner.py:351] 1137.25s	3420	{'accuracy': 0.9618055820465088, 'loss': 0.0758153647184372}
I0411 23:58:29.094740 139995207059264 submission_runner.py:351] 1165.55s	3510	{'accuracy': 0.9819444417953491, 'loss': 0.031499650329351425}
I0411 23:58:57.664602 139995207059264 submission_runner.py:351] 1194.30s	3600	{'accuracy': 0.9798611402511597, 'loss': 0.036758847534656525}
I0411 23:59:26.604789 139995207059264 submission_runner.py:351] 1223.06s	3690	{'accuracy': 0.9826388955116272, 'loss': 0.03522789478302002}
I0411 23:59:55.961255 139995207059264 submission_runner.py:351] 1252.16s	3780	{'accuracy': 0.9750000238418579, 'loss': 0.04984089732170105}
I0412 00:00:24.669289 139995207059264 submission_runner.py:351] 1281.09s	3870	{'accuracy': 0.9777777791023254, 'loss': 0.04721607640385628}
I0412 00:00:53.624869 139995207059264 submission_runner.py:351] 1310.40s	3960	{'accuracy': 0.9784722328186035, 'loss': 0.03799625486135483}
I0412 00:01:22.544399 139995207059264 submission_runner.py:351] 1338.87s	4050	{'accuracy': 0.9770833849906921, 'loss': 0.042421091347932816}
I0412 00:01:51.676239 139995207059264 submission_runner.py:351] 1368.00s	4140	{'accuracy': 0.988194465637207, 'loss': 0.019232718273997307}
I0412 00:02:20.725918 139995207059264 submission_runner.py:351] 1397.05s	4230	{'accuracy': 0.9847222566604614, 'loss': 0.024542104452848434}
I0412 00:02:50.214815 139995207059264 submission_runner.py:351] 1426.49s	4320	{'accuracy': 0.9826388955116272, 'loss': 0.02668083645403385}
I0412 00:03:19.379838 139995207059264 submission_runner.py:351] 1455.63s	4410	{'accuracy': 0.9805555939674377, 'loss': 0.03335096314549446}
I0412 00:03:48.530029 139995207059264 submission_runner.py:351] 1484.93s	4500	{'accuracy': 0.9861111640930176, 'loss': 0.027403753250837326}
I0412 00:04:18.519691 139995207059264 submission_runner.py:351] 1514.56s	4590	{'accuracy': 0.9826388955116272, 'loss': 0.026376361027359962}
I0412 00:04:48.208133 139995207059264 submission_runner.py:351] 1544.25s	4680	{'accuracy': 0.9833333492279053, 'loss': 0.025279013440012932}
I0412 00:05:16.926793 139995207059264 submission_runner.py:351] 1573.74s	4770	{'accuracy': 0.9888889193534851, 'loss': 0.016591129824519157}
I0412 00:05:46.269001 139995207059264 submission_runner.py:351] 1602.38s	4860	{'accuracy': 0.9847222566604614, 'loss': 0.019201554358005524}
I0412 00:06:15.458323 139995207059264 submission_runner.py:351] 1632.08s	4950	{'accuracy': 0.9819444417953491, 'loss': 0.029153019189834595}
I0412 00:06:45.017580 139995207059264 submission_runner.py:351] 1661.42s	5040	{'accuracy': 0.9868055582046509, 'loss': 0.020449142903089523}
I0412 00:07:13.144650 139995207059264 submission_runner.py:351] 1690.31s	5130	{'accuracy': 0.9805555939674377, 'loss': 0.028531838208436966}
I0412 00:07:43.666521 139995207059264 submission_runner.py:351] 1718.92s	5220	{'accuracy': 0.9868055582046509, 'loss': 0.01388388779014349}
I0412 00:08:13.154508 139995207059264 submission_runner.py:351] 1749.18s	5310	{'accuracy': 0.987500011920929, 'loss': 0.014859643764793873}
I0412 00:08:42.594233 139995207059264 submission_runner.py:351] 1778.58s	5400	{'accuracy': 0.9847222566604614, 'loss': 0.021992431953549385}
I0412 00:09:12.112475 139995207059264 submission_runner.py:351] 1808.16s	5490	{'accuracy': 0.9854167103767395, 'loss': 0.024044334888458252}
I0412 00:09:41.176757 139995207059264 submission_runner.py:351] 1837.54s	5580	{'accuracy': 0.9868055582046509, 'loss': 0.019778374582529068}
I0412 00:10:10.363585 139995207059264 submission_runner.py:351] 1866.58s	5670	{'accuracy': 0.9784722328186035, 'loss': 0.038573868572711945}
I0412 00:10:39.272758 139995207059264 submission_runner.py:351] 1895.70s	5760	{'accuracy': 0.987500011920929, 'loss': 0.016087869182229042}
I0412 00:11:08.530354 139995207059264 submission_runner.py:351] 1924.92s	5850	{'accuracy': 0.9854167103767395, 'loss': 0.013857436366379261}
I0412 00:11:37.910046 139995207059264 submission_runner.py:351] 1953.88s	5940	{'accuracy': 0.9833333492279053, 'loss': 0.0245074275881052}
I0412 00:12:07.425900 139995207059264 submission_runner.py:351] 1983.29s	6030	{'accuracy': 0.987500011920929, 'loss': 0.011323846876621246}
I0412 00:12:37.336493 139995207059264 submission_runner.py:351] 2013.03s	6120	{'accuracy': 0.9868055582046509, 'loss': 0.013117787428200245}
I0412 00:13:09.764379 139995207059264 submission_runner.py:351] 2044.10s	6210	{'accuracy': 0.9916666746139526, 'loss': 0.0038183422293514013}
I0412 00:13:40.601686 139995207059264 submission_runner.py:351] 2075.50s	6300	{'accuracy': 0.988194465637207, 'loss': 0.011861351318657398}
I0412 00:14:10.257646 139995207059264 submission_runner.py:351] 2106.02s	6390	{'accuracy': 0.987500011920929, 'loss': 0.018627669662237167}
I0412 00:14:40.591489 139995207059264 submission_runner.py:351] 2135.69s	6480	{'accuracy': 0.9902778267860413, 'loss': 0.008026148192584515}
I0412 00:15:10.590496 139995207059264 submission_runner.py:351] 2165.61s	6570	{'accuracy': 0.9868055582046509, 'loss': 0.015858933329582214}
I0412 00:15:39.748614 139995207059264 submission_runner.py:351] 2195.73s	6660	{'accuracy': 0.9854167103767395, 'loss': 0.014210861176252365}
I0412 00:16:09.382810 139995207059264 submission_runner.py:351] 2225.17s	6750	{'accuracy': 0.9895833730697632, 'loss': 0.010163115337491035}
I0412 00:16:38.854875 139995207059264 submission_runner.py:351] 2254.74s	6840	{'accuracy': 0.9847222566604614, 'loss': 0.015463442541658878}
I0412 00:17:08.233043 139995207059264 submission_runner.py:351] 2284.01s	6930	{'accuracy': 0.9743055701255798, 'loss': 0.04914674907922745}
I0412 00:17:37.666100 139995207059264 submission_runner.py:351] 2313.90s	7020	{'accuracy': 0.9861111640930176, 'loss': 0.020470907911658287}
I0412 00:18:06.688104 139995207059264 submission_runner.py:351] 2342.84s	7110	{'accuracy': 0.9840278029441833, 'loss': 0.019347552210092545}
I0412 00:18:36.627042 139995207059264 submission_runner.py:351] 2372.40s	7200	{'accuracy': 0.9895833730697632, 'loss': 0.00880561675876379}
I0412 00:19:06.076360 139995207059264 submission_runner.py:351] 2402.34s	7290	{'accuracy': 0.9854167103767395, 'loss': 0.017063960433006287}
I0412 00:19:35.590160 139995207059264 submission_runner.py:351] 2431.42s	7380	{'accuracy': 0.9902778267860413, 'loss': 0.005956896115094423}
I0412 00:20:05.230818 139995207059264 submission_runner.py:351] 2461.27s	7470	{'accuracy': 0.988194465637207, 'loss': 0.01126302219927311}
I0412 00:20:34.875411 139995207059264 submission_runner.py:351] 2491.03s	7560	{'accuracy': 0.9902778267860413, 'loss': 0.005433584563434124}
I0412 00:21:04.328526 139995207059264 submission_runner.py:351] 2520.52s	7650	{'accuracy': 0.9888889193534851, 'loss': 0.012093305587768555}
I0412 00:21:33.477639 139995207059264 submission_runner.py:351] 2549.98s	7740	{'accuracy': 0.9902778267860413, 'loss': 0.006303749047219753}
I0412 00:22:04.073451 139995207059264 submission_runner.py:351] 2578.76s	7830	{'accuracy': 0.9861111640930176, 'loss': 0.014172911643981934}
I0412 00:22:33.738141 139995207059264 submission_runner.py:351] 2609.38s	7920	{'accuracy': 0.9854167103767395, 'loss': 0.018431104719638824}
I0412 00:23:02.575329 139995207059264 submission_runner.py:351] 2638.66s	8010	{'accuracy': 0.9909722208976746, 'loss': 0.00426491117104888}
I0412 00:23:31.477898 139995207059264 submission_runner.py:351] 2667.46s	8100	{'accuracy': 0.9895833730697632, 'loss': 0.0058535803109407425}
W0412 00:23:31.479431 139995207059264 early_stopping.py:102] Early stop due to no improvement.
I0412 00:23:32.597394 139995207059264 submission_runner.py:448] --- Tuning run 2/5 ---
I0412 00:24:03.584172 139995207059264 submission_runner.py:351] 3.27s	0	{'accuracy': 0.013888888992369175, 'loss': 4.570997714996338}
I0412 00:24:33.304076 139995207059264 submission_runner.py:351] 33.70s	90	{'accuracy': 0.02361111156642437, 'loss': 4.470025539398193}
I0412 00:25:02.653322 139995207059264 submission_runner.py:351] 63.21s	180	{'accuracy': 0.10902778059244156, 'loss': 4.016605377197266}
I0412 00:25:32.387038 139995207059264 submission_runner.py:351] 92.69s	270	{'accuracy': 0.2326388955116272, 'loss': 3.282209634780884}
I0412 00:26:02.320219 139995207059264 submission_runner.py:351] 122.77s	360	{'accuracy': 0.3715277910232544, 'loss': 2.5147759914398193}
I0412 00:26:32.169055 139995207059264 submission_runner.py:351] 152.58s	450	{'accuracy': 0.606249988079071, 'loss': 1.5732585191726685}
I0412 00:27:02.766681 139995207059264 submission_runner.py:351] 182.66s	540	{'accuracy': 0.6729167103767395, 'loss': 1.2063504457473755}
I0412 00:27:32.790326 139995207059264 submission_runner.py:351] 213.13s	630	{'accuracy': 0.7638888955116272, 'loss': 0.8927868604660034}
I0412 00:28:02.415828 139995207059264 submission_runner.py:351] 243.09s	720	{'accuracy': 0.7958333492279053, 'loss': 0.6967733502388}
I0412 00:28:32.660344 139995207059264 submission_runner.py:351] 272.74s	810	{'accuracy': 0.8333333730697632, 'loss': 0.5328944325447083}
I0412 00:29:02.523023 139995207059264 submission_runner.py:351] 303.31s	900	{'accuracy': 0.8729166984558105, 'loss': 0.40558895468711853}
I0412 00:29:31.693867 139995207059264 submission_runner.py:351] 332.44s	990	{'accuracy': 0.8965278267860413, 'loss': 0.3330216407775879}
I0412 00:30:00.470101 139995207059264 submission_runner.py:351] 361.67s	1080	{'accuracy': 0.9166666865348816, 'loss': 0.2705705463886261}
I0412 00:30:29.594925 139995207059264 submission_runner.py:351] 390.83s	1170	{'accuracy': 0.9222222566604614, 'loss': 0.22885823249816895}
I0412 00:30:59.473079 139995207059264 submission_runner.py:351] 419.84s	1260	{'accuracy': 0.9298611283302307, 'loss': 0.21975813806056976}
I0412 00:31:28.501080 139995207059264 submission_runner.py:351] 449.57s	1350	{'accuracy': 0.9215278029441833, 'loss': 0.2261974811553955}
I0412 00:31:57.775350 139995207059264 submission_runner.py:351] 478.56s	1440	{'accuracy': 0.9236111044883728, 'loss': 0.20208071172237396}
I0412 00:32:27.639060 139995207059264 submission_runner.py:351] 508.22s	1530	{'accuracy': 0.9458333849906921, 'loss': 0.1474473923444748}
I0412 00:32:57.843645 139995207059264 submission_runner.py:351] 538.31s	1620	{'accuracy': 0.9368056058883667, 'loss': 0.15126317739486694}
I0412 00:33:27.240418 139995207059264 submission_runner.py:351] 568.53s	1710	{'accuracy': 0.9375, 'loss': 0.17966142296791077}
I0412 00:33:56.866676 139995207059264 submission_runner.py:351] 597.84s	1800	{'accuracy': 0.9548611044883728, 'loss': 0.14248138666152954}
I0412 00:34:26.905904 139995207059264 submission_runner.py:351] 627.41s	1890	{'accuracy': 0.9555555582046509, 'loss': 0.10163281857967377}
I0412 00:34:56.762809 139995207059264 submission_runner.py:351] 657.81s	1980	{'accuracy': 0.956944465637207, 'loss': 0.11084349453449249}
I0412 00:35:26.255256 139995207059264 submission_runner.py:351] 687.24s	2070	{'accuracy': 0.9527778029441833, 'loss': 0.11699920147657394}
I0412 00:35:55.845495 139995207059264 submission_runner.py:351] 716.70s	2160	{'accuracy': 0.9645833373069763, 'loss': 0.09478200227022171}
I0412 00:36:25.629009 139995207059264 submission_runner.py:351] 746.32s	2250	{'accuracy': 0.9701389074325562, 'loss': 0.07869599014520645}
I0412 00:36:55.319151 139995207059264 submission_runner.py:351] 776.14s	2340	{'accuracy': 0.9527778029441833, 'loss': 0.1754920780658722}
I0412 00:37:25.330049 139995207059264 submission_runner.py:351] 805.88s	2430	{'accuracy': 0.9798611402511597, 'loss': 0.05600736662745476}
I0412 00:37:54.333498 139995207059264 submission_runner.py:351] 835.85s	2520	{'accuracy': 0.9680556058883667, 'loss': 0.07264727354049683}
I0412 00:38:24.968276 139995207059264 submission_runner.py:351] 864.60s	2610	{'accuracy': 0.9750000238418579, 'loss': 0.054653190076351166}
I0412 00:38:55.162656 139995207059264 submission_runner.py:351] 894.86s	2700	{'accuracy': 0.96875, 'loss': 0.07666187733411789}
I0412 00:39:24.666587 139995207059264 submission_runner.py:351] 924.75s	2790	{'accuracy': 0.9493055939674377, 'loss': 0.12086077779531479}
I0412 00:39:54.461135 139995207059264 submission_runner.py:351] 954.64s	2880	{'accuracy': 0.9763889312744141, 'loss': 0.04731212183833122}
I0412 00:40:24.517517 139995207059264 submission_runner.py:351] 984.41s	2970	{'accuracy': 0.9777777791023254, 'loss': 0.05116196721792221}
I0412 00:40:54.758234 139995207059264 submission_runner.py:351] 1014.59s	3060	{'accuracy': 0.9777777791023254, 'loss': 0.04757154360413551}
I0412 00:41:23.740743 139995207059264 submission_runner.py:351] 1044.66s	3150	{'accuracy': 0.9743055701255798, 'loss': 0.055152177810668945}
I0412 00:41:54.050426 139995207059264 submission_runner.py:351] 1073.61s	3240	{'accuracy': 0.9694444537162781, 'loss': 0.07018718123435974}
I0412 00:42:24.905508 139995207059264 submission_runner.py:351] 1104.18s	3330	{'accuracy': 0.9826388955116272, 'loss': 0.03306722268462181}
I0412 00:42:54.436804 139995207059264 submission_runner.py:351] 1135.22s	3420	{'accuracy': 0.9729166626930237, 'loss': 0.0649709403514862}
I0412 00:43:24.930204 139995207059264 submission_runner.py:351] 1164.94s	3510	{'accuracy': 0.9791666865348816, 'loss': 0.03922129422426224}
I0412 00:43:54.313196 139995207059264 submission_runner.py:351] 1194.99s	3600	{'accuracy': 0.9770833849906921, 'loss': 0.04989931359887123}
I0412 00:44:24.175508 139995207059264 submission_runner.py:351] 1224.55s	3690	{'accuracy': 0.9833333492279053, 'loss': 0.029125463217496872}
I0412 00:44:53.725443 139995207059264 submission_runner.py:351] 1254.22s	3780	{'accuracy': 0.9729166626930237, 'loss': 0.05439362674951553}
I0412 00:45:23.004923 139995207059264 submission_runner.py:351] 1283.94s	3870	{'accuracy': 0.9791666865348816, 'loss': 0.0304509699344635}
I0412 00:45:51.888427 139995207059264 submission_runner.py:351] 1313.05s	3960	{'accuracy': 0.9833333492279053, 'loss': 0.029169587418437004}
I0412 00:46:21.080398 139995207059264 submission_runner.py:351] 1341.93s	4050	{'accuracy': 0.975694477558136, 'loss': 0.04388239607214928}
I0412 00:46:50.265208 139995207059264 submission_runner.py:351] 1371.03s	4140	{'accuracy': 0.9805555939674377, 'loss': 0.03705712407827377}
I0412 00:47:19.354852 139995207059264 submission_runner.py:351] 1400.42s	4230	{'accuracy': 0.9798611402511597, 'loss': 0.03387647867202759}
I0412 00:47:48.685461 139995207059264 submission_runner.py:351] 1429.49s	4320	{'accuracy': 0.9805555939674377, 'loss': 0.03579331561923027}
I0412 00:48:17.950846 139995207059264 submission_runner.py:351] 1458.94s	4410	{'accuracy': 0.9833333492279053, 'loss': 0.030124230310320854}
I0412 00:48:47.243280 139995207059264 submission_runner.py:351] 1488.19s	4500	{'accuracy': 0.9861111640930176, 'loss': 0.01997298002243042}
I0412 00:49:17.386840 139995207059264 submission_runner.py:351] 1517.86s	4590	{'accuracy': 0.9840278029441833, 'loss': 0.0280736293643713}
I0412 00:49:46.789199 139995207059264 submission_runner.py:351] 1547.57s	4680	{'accuracy': 0.9847222566604614, 'loss': 0.018485581502318382}
I0412 00:50:16.123505 139995207059264 submission_runner.py:351] 1577.14s	4770	{'accuracy': 0.9826388955116272, 'loss': 0.024704406037926674}
I0412 00:50:45.229566 139995207059264 submission_runner.py:351] 1606.40s	4860	{'accuracy': 0.9770833849906921, 'loss': 0.041832584887742996}
I0412 00:51:13.945169 139995207059264 submission_runner.py:351] 1635.22s	4950	{'accuracy': 0.9868055582046509, 'loss': 0.017737850546836853}
I0412 00:51:43.430298 139995207059264 submission_runner.py:351] 1664.15s	5040	{'accuracy': 0.9819444417953491, 'loss': 0.03531826287508011}
I0412 00:52:13.560187 139995207059264 submission_runner.py:351] 1694.01s	5130	{'accuracy': 0.9833333492279053, 'loss': 0.028635840862989426}
I0412 00:52:43.216783 139995207059264 submission_runner.py:351] 1724.17s	5220	{'accuracy': 0.9763889312744141, 'loss': 0.04575760290026665}
I0412 00:53:12.747761 139995207059264 submission_runner.py:351] 1753.55s	5310	{'accuracy': 0.9819444417953491, 'loss': 0.02025265246629715}
I0412 00:53:42.107874 139995207059264 submission_runner.py:351] 1783.14s	5400	{'accuracy': 0.9819444417953491, 'loss': 0.021065838634967804}
I0412 00:54:11.537207 139995207059264 submission_runner.py:351] 1812.57s	5490	{'accuracy': 0.9854167103767395, 'loss': 0.017134889960289}
I0412 00:54:41.419594 139995207059264 submission_runner.py:351] 1841.93s	5580	{'accuracy': 0.987500011920929, 'loss': 0.013054545037448406}
I0412 00:55:11.375016 139995207059264 submission_runner.py:351] 1872.20s	5670	{'accuracy': 0.9868055582046509, 'loss': 0.017285892739892006}
I0412 00:55:40.455972 139995207059264 submission_runner.py:351] 1901.75s	5760	{'accuracy': 0.9840278029441833, 'loss': 0.02937108278274536}
I0412 00:56:09.613670 139995207059264 submission_runner.py:351] 1930.91s	5850	{'accuracy': 0.975694477558136, 'loss': 0.04389793053269386}
I0412 00:56:38.708344 139995207059264 submission_runner.py:351] 1959.99s	5940	{'accuracy': 0.9854167103767395, 'loss': 0.02273712493479252}
I0412 00:57:08.456339 139995207059264 submission_runner.py:351] 1989.12s	6030	{'accuracy': 0.988194465637207, 'loss': 0.010059800930321217}
I0412 00:57:37.629277 139995207059264 submission_runner.py:351] 2018.88s	6120	{'accuracy': 0.9833333492279053, 'loss': 0.01985068991780281}
I0412 00:58:06.874658 139995207059264 submission_runner.py:351] 2047.79s	6210	{'accuracy': 0.987500011920929, 'loss': 0.013210862874984741}
I0412 00:58:38.515711 139995207059264 submission_runner.py:351] 2077.58s	6300	{'accuracy': 0.9868055582046509, 'loss': 0.024493718519806862}
I0412 00:59:08.363867 139995207059264 submission_runner.py:351] 2108.24s	6390	{'accuracy': 0.9868055582046509, 'loss': 0.01580922305583954}
I0412 00:59:37.790372 139995207059264 submission_runner.py:351] 2138.30s	6480	{'accuracy': 0.9868055582046509, 'loss': 0.019236689433455467}
I0412 01:00:07.725600 139995207059264 submission_runner.py:351] 2167.82s	6570	{'accuracy': 0.9854167103767395, 'loss': 0.018229728564620018}
I0412 01:00:37.908185 139995207059264 submission_runner.py:351] 2197.64s	6660	{'accuracy': 0.9847222566604614, 'loss': 0.017068343237042427}
I0412 01:01:07.933925 139995207059264 submission_runner.py:351] 2227.86s	6750	{'accuracy': 0.9861111640930176, 'loss': 0.017723381519317627}
I0412 01:01:38.055273 139995207059264 submission_runner.py:351] 2258.03s	6840	{'accuracy': 0.9861111640930176, 'loss': 0.024353645741939545}
I0412 01:02:07.500707 139995207059264 submission_runner.py:351] 2287.84s	6930	{'accuracy': 0.988194465637207, 'loss': 0.013347994536161423}
I0412 01:02:37.037344 139995207059264 submission_runner.py:351] 2317.56s	7020	{'accuracy': 0.9902778267860413, 'loss': 0.008909735828638077}
I0412 01:03:06.502870 139995207059264 submission_runner.py:351] 2346.68s	7110	{'accuracy': 0.9895833730697632, 'loss': 0.012154662981629372}
I0412 01:03:36.057774 139995207059264 submission_runner.py:351] 2376.33s	7200	{'accuracy': 0.9902778267860413, 'loss': 0.010061493143439293}
I0412 01:04:05.274763 139995207059264 submission_runner.py:351] 2405.78s	7290	{'accuracy': 0.9895833730697632, 'loss': 0.008852227590978146}
I0412 01:04:34.357010 139995207059264 submission_runner.py:351] 2435.07s	7380	{'accuracy': 0.9812500476837158, 'loss': 0.024505477398633957}
I0412 01:05:03.858308 139995207059264 submission_runner.py:351] 2464.48s	7470	{'accuracy': 0.988194465637207, 'loss': 0.01739991083741188}
I0412 01:05:33.389064 139995207059264 submission_runner.py:351] 2493.90s	7560	{'accuracy': 0.987500011920929, 'loss': 0.013278505764901638}
I0412 01:06:02.971266 139995207059264 submission_runner.py:351] 2523.44s	7650	{'accuracy': 0.9888889193534851, 'loss': 0.01253371499478817}
I0412 01:06:33.437869 139995207059264 submission_runner.py:351] 2553.36s	7740	{'accuracy': 0.9868055582046509, 'loss': 0.017199799418449402}
I0412 01:07:02.797209 139995207059264 submission_runner.py:351] 2583.70s	7830	{'accuracy': 0.9812500476837158, 'loss': 0.026207251474261284}
I0412 01:07:32.524420 139995207059264 submission_runner.py:351] 2612.63s	7920	{'accuracy': 0.9833333492279053, 'loss': 0.02349730208516121}
I0412 01:08:03.153469 139995207059264 submission_runner.py:351] 2643.16s	8010	{'accuracy': 0.9888889193534851, 'loss': 0.008134043775498867}
I0412 01:08:34.077845 139995207059264 submission_runner.py:351] 2673.78s	8100	{'accuracy': 0.9833333492279053, 'loss': 0.020442549139261246}
I0412 01:09:05.126029 139995207059264 submission_runner.py:351] 2704.85s	8190	{'accuracy': 0.987500011920929, 'loss': 0.010426931083202362}
I0412 01:09:35.218048 139995207059264 submission_runner.py:351] 2735.68s	8280	{'accuracy': 0.9909722208976746, 'loss': 0.006659657694399357}
I0412 01:10:05.304962 139995207059264 submission_runner.py:351] 2765.64s	8370	{'accuracy': 0.9854167103767395, 'loss': 0.01807127520442009}
I0412 01:10:35.432893 139995207059264 submission_runner.py:351] 2795.84s	8460	{'accuracy': 0.9909722208976746, 'loss': 0.007112873252481222}
I0412 01:11:05.002106 139995207059264 submission_runner.py:351] 2825.84s	8550	{'accuracy': 0.9895833730697632, 'loss': 0.007831523194909096}
I0412 01:11:34.758848 139995207059264 submission_runner.py:351] 2855.57s	8640	{'accuracy': 0.9763889312744141, 'loss': 0.05334080010652542}
I0412 01:12:04.347733 139995207059264 submission_runner.py:351] 2885.26s	8730	{'accuracy': 0.9895833730697632, 'loss': 0.008388842456042767}
I0412 01:12:34.539378 139995207059264 submission_runner.py:351] 2914.90s	8820	{'accuracy': 0.9868055582046509, 'loss': 0.0178835391998291}
I0412 01:13:04.285689 139995207059264 submission_runner.py:351] 2944.98s	8910	{'accuracy': 0.9854167103767395, 'loss': 0.025107458233833313}
I0412 01:13:33.866079 139995207059264 submission_runner.py:351] 2974.61s	9000	{'accuracy': 0.9902778267860413, 'loss': 0.007007901091128588}
I0412 01:14:03.161879 139995207059264 submission_runner.py:351] 3003.94s	9090	{'accuracy': 0.9826388955116272, 'loss': 0.01917409338057041}
W0412 01:14:03.163812 139995207059264 early_stopping.py:90] Early stop due to exceeding max steps.
I0412 01:14:05.649980 139995207059264 submission_runner.py:448] --- Tuning run 3/5 ---
I0412 01:14:35.168951 139995207059264 submission_runner.py:351] 3.20s	0	{'accuracy': 0.011805555783212185, 'loss': 4.575239181518555}
I0412 01:15:04.537038 139995207059264 submission_runner.py:351] 33.03s	90	{'accuracy': 0.03055555559694767, 'loss': 4.443399906158447}
I0412 01:15:34.234239 139995207059264 submission_runner.py:351] 62.72s	180	{'accuracy': 0.07777778059244156, 'loss': 4.063764572143555}
I0412 01:16:04.065096 139995207059264 submission_runner.py:351] 92.34s	270	{'accuracy': 0.15694445371627808, 'loss': 3.573793649673462}
I0412 01:16:34.374352 139995207059264 submission_runner.py:351] 122.45s	360	{'accuracy': 0.3062500059604645, 'loss': 2.9419543743133545}
I0412 01:17:04.018986 139995207059264 submission_runner.py:351] 152.74s	450	{'accuracy': 0.4090277850627899, 'loss': 2.2530124187469482}
I0412 01:17:33.817800 139995207059264 submission_runner.py:351] 182.28s	540	{'accuracy': 0.5645833611488342, 'loss': 1.7899281978607178}
I0412 01:18:03.609780 139995207059264 submission_runner.py:351] 212.18s	630	{'accuracy': 0.6652777791023254, 'loss': 1.2980355024337769}
I0412 01:18:35.008390 139995207059264 submission_runner.py:351] 241.74s	720	{'accuracy': 0.7486111521720886, 'loss': 0.9034156203269958}
I0412 01:19:04.687523 139995207059264 submission_runner.py:351] 272.55s	810	{'accuracy': 0.7631944417953491, 'loss': 0.7762731909751892}
I0412 01:19:34.253343 139995207059264 submission_runner.py:351] 302.29s	900	{'accuracy': 0.8298611044883728, 'loss': 0.570293664932251}
I0412 01:20:03.331591 139995207059264 submission_runner.py:351] 331.55s	990	{'accuracy': 0.863194465637207, 'loss': 0.4562837481498718}
I0412 01:20:32.161334 139995207059264 submission_runner.py:351] 360.80s	1080	{'accuracy': 0.8833333253860474, 'loss': 0.36614036560058594}
I0412 01:21:00.884442 139995207059264 submission_runner.py:351] 389.58s	1170	{'accuracy': 0.8743056058883667, 'loss': 0.3734562397003174}
I0412 01:21:30.461210 139995207059264 submission_runner.py:351] 418.70s	1260	{'accuracy': 0.8868055939674377, 'loss': 0.3280642628669739}
I0412 01:21:59.836399 139995207059264 submission_runner.py:351] 448.09s	1350	{'accuracy': 0.9083333611488342, 'loss': 0.2641584575176239}
I0412 01:22:29.607037 139995207059264 submission_runner.py:351] 477.50s	1440	{'accuracy': 0.9222222566604614, 'loss': 0.2343517392873764}
I0412 01:22:58.962697 139995207059264 submission_runner.py:351] 507.40s	1530	{'accuracy': 0.9347222447395325, 'loss': 0.1965000033378601}
I0412 01:23:28.672728 139995207059264 submission_runner.py:351] 536.73s	1620	{'accuracy': 0.9381944537162781, 'loss': 0.17593324184417725}
I0412 01:23:58.314192 139995207059264 submission_runner.py:351] 566.48s	1710	{'accuracy': 0.9354166984558105, 'loss': 0.18657436966896057}
I0412 01:24:27.870816 139995207059264 submission_runner.py:351] 596.19s	1800	{'accuracy': 0.9368056058883667, 'loss': 0.17084012925624847}
I0412 01:24:57.143129 139995207059264 submission_runner.py:351] 625.62s	1890	{'accuracy': 0.9486111402511597, 'loss': 0.1376689225435257}
I0412 01:25:26.322407 139995207059264 submission_runner.py:351] 654.62s	1980	{'accuracy': 0.9631944894790649, 'loss': 0.09315211325883865}
I0412 01:25:55.373407 139995207059264 submission_runner.py:351] 684.07s	2070	{'accuracy': 0.9631944894790649, 'loss': 0.09066407382488251}
I0412 01:26:23.926029 139995207059264 submission_runner.py:351] 712.78s	2160	{'accuracy': 0.9479166865348816, 'loss': 0.11709558963775635}
I0412 01:26:53.212681 139995207059264 submission_runner.py:351] 741.40s	2250	{'accuracy': 0.9673611521720886, 'loss': 0.08002577722072601}
I0412 01:27:22.637916 139995207059264 submission_runner.py:351] 771.11s	2340	{'accuracy': 0.9638888835906982, 'loss': 0.07176775485277176}
I0412 01:27:51.761698 139995207059264 submission_runner.py:351] 800.48s	2430	{'accuracy': 0.9659722447395325, 'loss': 0.08818599581718445}
I0412 01:28:20.577046 139995207059264 submission_runner.py:351] 829.25s	2520	{'accuracy': 0.9590278267860413, 'loss': 0.0859520360827446}
I0412 01:28:49.651098 139995207059264 submission_runner.py:351] 858.41s	2610	{'accuracy': 0.9652777910232544, 'loss': 0.08718745410442352}
I0412 01:29:18.219951 139995207059264 submission_runner.py:351] 887.04s	2700	{'accuracy': 0.9534722566604614, 'loss': 0.1071271300315857}
I0412 01:29:47.407880 139995207059264 submission_runner.py:351] 915.73s	2790	{'accuracy': 0.975694477558136, 'loss': 0.058601636439561844}
I0412 01:30:16.375313 139995207059264 submission_runner.py:351] 945.12s	2880	{'accuracy': 0.9652777910232544, 'loss': 0.07565905153751373}
I0412 01:30:45.717674 139995207059264 submission_runner.py:351] 974.12s	2970	{'accuracy': 0.9652777910232544, 'loss': 0.08282141387462616}
I0412 01:31:15.371066 139995207059264 submission_runner.py:351] 1003.81s	3060	{'accuracy': 0.9611111283302307, 'loss': 0.09844445437192917}
I0412 01:31:44.813207 139995207059264 submission_runner.py:351] 1033.12s	3150	{'accuracy': 0.9833333492279053, 'loss': 0.03221135586500168}
I0412 01:32:14.250498 139995207059264 submission_runner.py:351] 1062.61s	3240	{'accuracy': 0.9743055701255798, 'loss': 0.0470554456114769}
I0412 01:32:43.225441 139995207059264 submission_runner.py:351] 1091.89s	3330	{'accuracy': 0.9750000238418579, 'loss': 0.0472753643989563}
I0412 01:33:12.210980 139995207059264 submission_runner.py:351] 1121.31s	3420	{'accuracy': 0.9743055701255798, 'loss': 0.05357268825173378}
I0412 01:33:41.540226 139995207059264 submission_runner.py:351] 1149.98s	3510	{'accuracy': 0.9784722328186035, 'loss': 0.05157347396016121}
I0412 01:34:10.746474 139995207059264 submission_runner.py:351] 1179.67s	3600	{'accuracy': 0.9812500476837158, 'loss': 0.03641994670033455}
I0412 01:34:39.981453 139995207059264 submission_runner.py:351] 1208.58s	3690	{'accuracy': 0.9826388955116272, 'loss': 0.03005974553525448}
I0412 01:35:09.305253 139995207059264 submission_runner.py:351] 1237.94s	3780	{'accuracy': 0.975694477558136, 'loss': 0.04888486862182617}
I0412 01:35:37.439315 139995207059264 submission_runner.py:351] 1266.52s	3870	{'accuracy': 0.9715278148651123, 'loss': 0.05647140368819237}
I0412 01:36:05.378212 139995207059264 submission_runner.py:351] 1294.66s	3960	{'accuracy': 0.9750000238418579, 'loss': 0.045290183275938034}
I0412 01:36:33.444189 139995207059264 submission_runner.py:351] 1322.62s	4050	{'accuracy': 0.9826388955116272, 'loss': 0.026880426332354546}
I0412 01:37:01.404978 139995207059264 submission_runner.py:351] 1350.70s	4140	{'accuracy': 0.9798611402511597, 'loss': 0.05332818627357483}
I0412 01:37:29.119818 139995207059264 submission_runner.py:351] 1378.62s	4230	{'accuracy': 0.9833333492279053, 'loss': 0.029644934460520744}
I0412 01:37:58.585252 139995207059264 submission_runner.py:351] 1406.45s	4320	{'accuracy': 0.9847222566604614, 'loss': 0.02257484383881092}
I0412 01:38:26.525100 139995207059264 submission_runner.py:351] 1435.25s	4410	{'accuracy': 0.9833333492279053, 'loss': 0.030271366238594055}
I0412 01:38:54.942228 139995207059264 submission_runner.py:351] 1463.22s	4500	{'accuracy': 0.9777777791023254, 'loss': 0.040824439376592636}
I0412 01:39:22.971598 139995207059264 submission_runner.py:351] 1491.67s	4590	{'accuracy': 0.9819444417953491, 'loss': 0.02680964209139347}
I0412 01:39:51.042765 139995207059264 submission_runner.py:351] 1519.66s	4680	{'accuracy': 0.9805555939674377, 'loss': 0.038805097341537476}
I0412 01:40:19.589429 139995207059264 submission_runner.py:351] 1547.90s	4770	{'accuracy': 0.9861111640930176, 'loss': 0.02213999070227146}
I0412 01:40:47.859120 139995207059264 submission_runner.py:351] 1576.36s	4860	{'accuracy': 0.9812500476837158, 'loss': 0.02767198346555233}
I0412 01:41:15.635196 139995207059264 submission_runner.py:351] 1604.66s	4950	{'accuracy': 0.9833333492279053, 'loss': 0.026042144745588303}
I0412 01:41:43.787426 139995207059264 submission_runner.py:351] 1632.28s	5040	{'accuracy': 0.9840278029441833, 'loss': 0.024225661531090736}
I0412 01:42:11.950288 139995207059264 submission_runner.py:351] 1660.59s	5130	{'accuracy': 0.9777777791023254, 'loss': 0.046958617866039276}
I0412 01:42:39.995710 139995207059264 submission_runner.py:351] 1688.75s	5220	{'accuracy': 0.9840278029441833, 'loss': 0.025809677317738533}
I0412 01:43:08.019908 139995207059264 submission_runner.py:351] 1716.78s	5310	{'accuracy': 0.9819444417953491, 'loss': 0.04993090406060219}
I0412 01:43:35.989397 139995207059264 submission_runner.py:351] 1744.77s	5400	{'accuracy': 0.9861111640930176, 'loss': 0.017156576737761497}
I0412 01:44:03.989292 139995207059264 submission_runner.py:351] 1772.75s	5490	{'accuracy': 0.9833333492279053, 'loss': 0.029144829139113426}
I0412 01:44:32.290510 139995207059264 submission_runner.py:351] 1800.84s	5580	{'accuracy': 0.9798611402511597, 'loss': 0.03217361867427826}
I0412 01:45:00.187870 139995207059264 submission_runner.py:351] 1829.11s	5670	{'accuracy': 0.9770833849906921, 'loss': 0.04171667620539665}
I0412 01:45:28.396299 139995207059264 submission_runner.py:351] 1857.15s	5760	{'accuracy': 0.9868055582046509, 'loss': 0.015898341313004494}
I0412 01:45:56.623947 139995207059264 submission_runner.py:351] 1885.32s	5850	{'accuracy': 0.9812500476837158, 'loss': 0.02387579344213009}
I0412 01:46:25.023365 139995207059264 submission_runner.py:351] 1913.77s	5940	{'accuracy': 0.9750000238418579, 'loss': 0.06208696961402893}
I0412 01:46:53.163751 139995207059264 submission_runner.py:351] 1941.88s	6030	{'accuracy': 0.9868055582046509, 'loss': 0.016069110482931137}
I0412 01:47:21.123258 139995207059264 submission_runner.py:351] 1970.23s	6120	{'accuracy': 0.96875, 'loss': 0.06584636867046356}
I0412 01:47:49.180865 139995207059264 submission_runner.py:351] 1998.14s	6210	{'accuracy': 0.9854167103767395, 'loss': 0.01893162913620472}
I0412 01:48:17.589465 139995207059264 submission_runner.py:351] 2026.02s	6300	{'accuracy': 0.987500011920929, 'loss': 0.013155663385987282}
I0412 01:48:46.166620 139995207059264 submission_runner.py:351] 2054.59s	6390	{'accuracy': 0.9847222566604614, 'loss': 0.018529102206230164}
I0412 01:49:14.384716 139995207059264 submission_runner.py:351] 2083.20s	6480	{'accuracy': 0.9854167103767395, 'loss': 0.019404511898756027}
I0412 01:49:42.762426 139995207059264 submission_runner.py:351] 2111.43s	6570	{'accuracy': 0.988194465637207, 'loss': 0.012912715785205364}
I0412 01:50:11.256318 139995207059264 submission_runner.py:351] 2139.90s	6660	{'accuracy': 0.988194465637207, 'loss': 0.016667133197188377}
I0412 01:50:39.565272 139995207059264 submission_runner.py:351] 2168.23s	6750	{'accuracy': 0.9861111640930176, 'loss': 0.019004128873348236}
I0412 01:51:07.783571 139995207059264 submission_runner.py:351] 2196.67s	6840	{'accuracy': 0.9847222566604614, 'loss': 0.01585783064365387}
I0412 01:51:35.903645 139995207059264 submission_runner.py:351] 2224.88s	6930	{'accuracy': 0.9868055582046509, 'loss': 0.017848193645477295}
I0412 01:52:04.047046 139995207059264 submission_runner.py:351] 2253.02s	7020	{'accuracy': 0.987500011920929, 'loss': 0.012993757613003254}
I0412 01:52:32.620921 139995207059264 submission_runner.py:351] 2281.39s	7110	{'accuracy': 0.9854167103767395, 'loss': 0.022676385939121246}
I0412 01:53:00.647929 139995207059264 submission_runner.py:351] 2309.73s	7200	{'accuracy': 0.9854167103767395, 'loss': 0.01918771117925644}
I0412 01:53:28.849734 139995207059264 submission_runner.py:351] 2337.82s	7290	{'accuracy': 0.9868055582046509, 'loss': 0.01364324614405632}
I0412 01:53:57.083233 139995207059264 submission_runner.py:351] 2365.82s	7380	{'accuracy': 0.9847222566604614, 'loss': 0.020123017951846123}
I0412 01:54:25.458118 139995207059264 submission_runner.py:351] 2394.29s	7470	{'accuracy': 0.9819444417953491, 'loss': 0.025423536077141762}
I0412 01:54:54.012783 139995207059264 submission_runner.py:351] 2422.67s	7560	{'accuracy': 0.9833333492279053, 'loss': 0.023564347997307777}
I0412 01:55:22.403582 139995207059264 submission_runner.py:351] 2451.26s	7650	{'accuracy': 0.9791666865348816, 'loss': 0.045504357665777206}
I0412 01:55:50.832537 139995207059264 submission_runner.py:351] 2479.60s	7740	{'accuracy': 0.9888889193534851, 'loss': 0.008648659102618694}
I0412 01:56:19.362139 139995207059264 submission_runner.py:351] 2508.15s	7830	{'accuracy': 0.9861111640930176, 'loss': 0.013485158793628216}
I0412 01:56:47.928492 139995207059264 submission_runner.py:351] 2536.60s	7920	{'accuracy': 0.9868055582046509, 'loss': 0.01571941189467907}
I0412 01:57:17.944364 139995207059264 submission_runner.py:351] 2565.24s	8010	{'accuracy': 0.9888889193534851, 'loss': 0.011105000041425228}
I0412 01:57:46.056673 139995207059264 submission_runner.py:351] 2594.62s	8100	{'accuracy': 0.988194465637207, 'loss': 0.009973863139748573}
I0412 01:58:14.329529 139995207059264 submission_runner.py:351] 2622.72s	8190	{'accuracy': 0.9888889193534851, 'loss': 0.009015033952891827}
I0412 01:58:42.684518 139995207059264 submission_runner.py:351] 2651.07s	8280	{'accuracy': 0.9868055582046509, 'loss': 0.011783978901803493}
I0412 01:59:10.612163 139995207059264 submission_runner.py:351] 2679.37s	8370	{'accuracy': 0.9888889193534851, 'loss': 0.00833467673510313}
I0412 01:59:38.605356 139995207059264 submission_runner.py:351] 2707.36s	8460	{'accuracy': 0.9895833730697632, 'loss': 0.007107486017048359}
I0412 02:00:06.754789 139995207059264 submission_runner.py:351] 2735.43s	8550	{'accuracy': 0.9895833730697632, 'loss': 0.011946376413106918}
I0412 02:00:34.985534 139995207059264 submission_runner.py:351] 2763.57s	8640	{'accuracy': 0.987500011920929, 'loss': 0.01115994993597269}
I0412 02:01:03.545957 139995207059264 submission_runner.py:351] 2791.91s	8730	{'accuracy': 0.9868055582046509, 'loss': 0.011374055407941341}
I0412 02:01:31.779377 139995207059264 submission_runner.py:351] 2820.36s	8820	{'accuracy': 0.988194465637207, 'loss': 0.01246664673089981}
I0412 02:01:59.909103 139995207059264 submission_runner.py:351] 2848.58s	8910	{'accuracy': 0.988194465637207, 'loss': 0.011649912223219872}
I0412 02:02:28.152977 139995207059264 submission_runner.py:351] 2876.81s	9000	{'accuracy': 0.987500011920929, 'loss': 0.014367811381816864}
I0412 02:02:55.933811 139995207059264 submission_runner.py:351] 2904.80s	9090	{'accuracy': 0.9868055582046509, 'loss': 0.013708332553505898}
W0412 02:02:55.935712 139995207059264 early_stopping.py:90] Early stop due to exceeding max steps.
I0412 02:02:57.471501 139995207059264 submission_runner.py:448] --- Tuning run 4/5 ---
I0412 02:03:25.089735 139995207059264 submission_runner.py:351] 3.03s	0	{'accuracy': 0.009722222574055195, 'loss': 4.574042320251465}
I0412 02:03:52.885733 139995207059264 submission_runner.py:351] 30.83s	90	{'accuracy': 0.03888889029622078, 'loss': 4.447388648986816}
I0412 02:04:21.048397 139995207059264 submission_runner.py:351] 59.14s	180	{'accuracy': 0.09305556118488312, 'loss': 4.0478739738464355}
I0412 02:04:49.863530 139995207059264 submission_runner.py:351] 87.30s	270	{'accuracy': 0.20416666567325592, 'loss': 3.3742053508758545}
I0412 02:05:18.811460 139995207059264 submission_runner.py:351] 116.60s	360	{'accuracy': 0.3576388955116272, 'loss': 2.6139652729034424}
I0412 02:05:47.437587 139995207059264 submission_runner.py:351] 145.49s	450	{'accuracy': 0.5180555582046509, 'loss': 1.883306622505188}
I0412 02:06:16.326345 139995207059264 submission_runner.py:351] 174.18s	540	{'accuracy': 0.6048611402511597, 'loss': 1.366658091545105}
I0412 02:06:45.345239 139995207059264 submission_runner.py:351] 203.04s	630	{'accuracy': 0.7152777910232544, 'loss': 1.0304210186004639}
I0412 02:07:13.870142 139995207059264 submission_runner.py:351] 231.96s	720	{'accuracy': 0.7645833492279053, 'loss': 0.8248067498207092}
I0412 02:07:42.549123 139995207059264 submission_runner.py:351] 260.73s	810	{'accuracy': 0.7659722566604614, 'loss': 0.7819429636001587}
I0412 02:08:10.990130 139995207059264 submission_runner.py:351] 289.15s	900	{'accuracy': 0.8340278267860413, 'loss': 0.5873568654060364}
I0412 02:08:39.973009 139995207059264 submission_runner.py:351] 317.96s	990	{'accuracy': 0.8277778029441833, 'loss': 0.5571866035461426}
I0412 02:09:08.804587 139995207059264 submission_runner.py:351] 346.73s	1080	{'accuracy': 0.8479166626930237, 'loss': 0.47462138533592224}
I0412 02:09:37.663702 139995207059264 submission_runner.py:351] 375.56s	1170	{'accuracy': 0.8673611283302307, 'loss': 0.3712776303291321}
I0412 02:10:05.390055 139995207059264 submission_runner.py:351] 404.14s	1260	{'accuracy': 0.8812500238418579, 'loss': 0.32967472076416016}
I0412 02:10:33.816781 139995207059264 submission_runner.py:351] 431.79s	1350	{'accuracy': 0.9020833373069763, 'loss': 0.3212113678455353}
I0412 02:11:02.187022 139995207059264 submission_runner.py:351] 460.61s	1440	{'accuracy': 0.8986111283302307, 'loss': 0.3233291208744049}
I0412 02:11:30.420025 139995207059264 submission_runner.py:351] 488.62s	1530	{'accuracy': 0.8958333730697632, 'loss': 0.282635897397995}
I0412 02:11:58.017915 139995207059264 submission_runner.py:351] 516.57s	1620	{'accuracy': 0.9187500476837158, 'loss': 0.22911934554576874}
I0412 02:12:26.605990 139995207059264 submission_runner.py:351] 544.71s	1710	{'accuracy': 0.9180555939674377, 'loss': 0.22794972360134125}
I0412 02:12:54.680899 139995207059264 submission_runner.py:351] 573.27s	1800	{'accuracy': 0.9270833730697632, 'loss': 0.2153465300798416}
I0412 02:13:22.853450 139995207059264 submission_runner.py:351] 601.42s	1890	{'accuracy': 0.9354166984558105, 'loss': 0.19217067956924438}
I0412 02:13:51.419062 139995207059264 submission_runner.py:351] 629.61s	1980	{'accuracy': 0.944444477558136, 'loss': 0.17756716907024384}
I0412 02:14:19.787706 139995207059264 submission_runner.py:351] 658.00s	2070	{'accuracy': 0.9298611283302307, 'loss': 0.19513429701328278}
I0412 02:14:48.339252 139995207059264 submission_runner.py:351] 686.52s	2160	{'accuracy': 0.9361111521720886, 'loss': 0.16846859455108643}
I0412 02:15:16.759216 139995207059264 submission_runner.py:351] 714.99s	2250	{'accuracy': 0.9458333849906921, 'loss': 0.13722102344036102}
I0412 02:15:44.248662 139995207059264 submission_runner.py:351] 742.85s	2340	{'accuracy': 0.944444477558136, 'loss': 0.17601361870765686}
I0412 02:16:14.350086 139995207059264 submission_runner.py:351] 770.98s	2430	{'accuracy': 0.9520833492279053, 'loss': 0.10675360262393951}
I0412 02:16:41.745632 139995207059264 submission_runner.py:351] 800.34s	2520	{'accuracy': 0.9583333730697632, 'loss': 0.108678437769413}
I0412 02:17:09.880427 139995207059264 submission_runner.py:351] 827.69s	2610	{'accuracy': 0.9673611521720886, 'loss': 0.08700058609247208}
I0412 02:17:38.280539 139995207059264 submission_runner.py:351] 856.03s	2700	{'accuracy': 0.956944465637207, 'loss': 0.11139263957738876}
I0412 02:18:06.617889 139995207059264 submission_runner.py:351] 884.53s	2790	{'accuracy': 0.956944465637207, 'loss': 0.09498719125986099}
I0412 02:18:35.235215 139995207059264 submission_runner.py:351] 912.93s	2880	{'accuracy': 0.9652777910232544, 'loss': 0.09183531999588013}
I0412 02:19:03.559039 139995207059264 submission_runner.py:351] 941.54s	2970	{'accuracy': 0.9645833373069763, 'loss': 0.08152052015066147}
I0412 02:19:31.729064 139995207059264 submission_runner.py:351] 969.82s	3060	{'accuracy': 0.975694477558136, 'loss': 0.054073333740234375}
I0412 02:20:00.123809 139995207059264 submission_runner.py:351] 997.96s	3150	{'accuracy': 0.9618055820465088, 'loss': 0.0950150117278099}
I0412 02:20:28.312214 139995207059264 submission_runner.py:351] 1026.39s	3240	{'accuracy': 0.9777777791023254, 'loss': 0.05473777651786804}
I0412 02:20:56.952497 139995207059264 submission_runner.py:351] 1054.79s	3330	{'accuracy': 0.9722222685813904, 'loss': 0.06409092992544174}
I0412 02:21:25.577933 139995207059264 submission_runner.py:351] 1083.34s	3420	{'accuracy': 0.9611111283302307, 'loss': 0.08872769773006439}
I0412 02:21:54.188323 139995207059264 submission_runner.py:351] 1111.96s	3510	{'accuracy': 0.9784722328186035, 'loss': 0.048558309674263}
I0412 02:22:22.817220 139995207059264 submission_runner.py:351] 1140.65s	3600	{'accuracy': 0.9729166626930237, 'loss': 0.05414922535419464}
I0412 02:22:52.971938 139995207059264 submission_runner.py:351] 1169.28s	3690	{'accuracy': 0.96875, 'loss': 0.0639997124671936}
I0412 02:23:21.846363 139995207059264 submission_runner.py:351] 1199.36s	3780	{'accuracy': 0.9770833849906921, 'loss': 0.05299264192581177}
I0412 02:23:51.114056 139995207059264 submission_runner.py:351] 1228.35s	3870	{'accuracy': 0.9763889312744141, 'loss': 0.04685298353433609}
I0412 02:24:19.897899 139995207059264 submission_runner.py:351] 1257.64s	3960	{'accuracy': 0.9729166626930237, 'loss': 0.06613098829984665}
I0412 02:24:48.873975 139995207059264 submission_runner.py:351] 1286.59s	4050	{'accuracy': 0.9770833849906921, 'loss': 0.05470886826515198}
I0412 02:25:17.386276 139995207059264 submission_runner.py:351] 1315.44s	4140	{'accuracy': 0.9784722328186035, 'loss': 0.047201432287693024}
I0412 02:25:46.274233 139995207059264 submission_runner.py:351] 1344.02s	4230	{'accuracy': 0.9840278029441833, 'loss': 0.02752182073891163}
I0412 02:26:14.859691 139995207059264 submission_runner.py:351] 1372.92s	4320	{'accuracy': 0.9847222566604614, 'loss': 0.03441304340958595}
I0412 02:26:42.534273 139995207059264 submission_runner.py:351] 1401.03s	4410	{'accuracy': 0.9763889312744141, 'loss': 0.040178488940000534}
I0412 02:27:10.013704 139995207059264 submission_runner.py:351] 1428.52s	4500	{'accuracy': 0.9819444417953491, 'loss': 0.03480854630470276}
I0412 02:27:37.169800 139995207059264 submission_runner.py:351] 1455.96s	4590	{'accuracy': 0.9659722447395325, 'loss': 0.07765675336122513}
I0412 02:28:04.870077 139995207059264 submission_runner.py:351] 1483.41s	4680	{'accuracy': 0.9729166626930237, 'loss': 0.04657038301229477}
I0412 02:28:33.078197 139995207059264 submission_runner.py:351] 1510.93s	4770	{'accuracy': 0.975694477558136, 'loss': 0.044934168457984924}
I0412 02:29:02.178823 139995207059264 submission_runner.py:351] 1540.05s	4860	{'accuracy': 0.975694477558136, 'loss': 0.04811859130859375}
I0412 02:29:31.139360 139995207059264 submission_runner.py:351] 1569.15s	4950	{'accuracy': 0.9798611402511597, 'loss': 0.044009801000356674}
I0412 02:30:00.338322 139995207059264 submission_runner.py:351] 1598.15s	5040	{'accuracy': 0.9812500476837158, 'loss': 0.036270443350076675}
I0412 02:30:29.459494 139995207059264 submission_runner.py:351] 1627.24s	5130	{'accuracy': 0.9791666865348816, 'loss': 0.03945545107126236}
I0412 02:30:58.387097 139995207059264 submission_runner.py:351] 1656.46s	5220	{'accuracy': 0.9847222566604614, 'loss': 0.032142940908670425}
I0412 02:31:27.467253 139995207059264 submission_runner.py:351] 1685.29s	5310	{'accuracy': 0.987500011920929, 'loss': 0.025735188275575638}
I0412 02:31:56.347596 139995207059264 submission_runner.py:351] 1714.46s	5400	{'accuracy': 0.9847222566604614, 'loss': 0.024563249200582504}
I0412 02:32:25.638073 139995207059264 submission_runner.py:351] 1743.49s	5490	{'accuracy': 0.9805555939674377, 'loss': 0.03253907337784767}
I0412 02:32:54.629951 139995207059264 submission_runner.py:351] 1772.65s	5580	{'accuracy': 0.9847222566604614, 'loss': 0.02316577546298504}
I0412 02:33:24.277645 139995207059264 submission_runner.py:351] 1801.99s	5670	{'accuracy': 0.9840278029441833, 'loss': 0.025418732315301895}
I0412 02:33:53.569521 139995207059264 submission_runner.py:351] 1831.48s	5760	{'accuracy': 0.9847222566604614, 'loss': 0.025883622467517853}
I0412 02:34:23.085726 139995207059264 submission_runner.py:351] 1860.79s	5850	{'accuracy': 0.9798611402511597, 'loss': 0.032697644084692}
I0412 02:34:52.379366 139995207059264 submission_runner.py:351] 1890.35s	5940	{'accuracy': 0.9798611402511597, 'loss': 0.029960889369249344}
I0412 02:35:23.271507 139995207059264 submission_runner.py:351] 1919.65s	6030	{'accuracy': 0.9861111640930176, 'loss': 0.016643421724438667}
I0412 02:35:51.723534 139995207059264 submission_runner.py:351] 1949.32s	6120	{'accuracy': 0.9805555939674377, 'loss': 0.030660444870591164}
I0412 02:36:20.430007 139995207059264 submission_runner.py:351] 1978.02s	6210	{'accuracy': 0.9784722328186035, 'loss': 0.04240821301937103}
I0412 02:36:49.075518 139995207059264 submission_runner.py:351] 2006.70s	6300	{'accuracy': 0.9791666865348816, 'loss': 0.032102178782224655}
I0412 02:37:17.674942 139995207059264 submission_runner.py:351] 2035.34s	6390	{'accuracy': 0.988194465637207, 'loss': 0.013184310868382454}
I0412 02:37:46.931589 139995207059264 submission_runner.py:351] 2064.34s	6480	{'accuracy': 0.9847222566604614, 'loss': 0.027484245598316193}
I0412 02:38:16.629155 139995207059264 submission_runner.py:351] 2093.69s	6570	{'accuracy': 0.9888889193534851, 'loss': 0.015133137814700603}
I0412 02:38:46.469106 139995207059264 submission_runner.py:351] 2123.51s	6660	{'accuracy': 0.9833333492279053, 'loss': 0.02338804118335247}
I0412 02:39:16.096356 139995207059264 submission_runner.py:351] 2153.25s	6750	{'accuracy': 0.9888889193534851, 'loss': 0.009015779010951519}
I0412 02:39:45.443325 139995207059264 submission_runner.py:351] 2182.85s	6840	{'accuracy': 0.9833333492279053, 'loss': 0.020433617755770683}
I0412 02:40:14.939297 139995207059264 submission_runner.py:351] 2212.18s	6930	{'accuracy': 0.987500011920929, 'loss': 0.016923055052757263}
I0412 02:40:44.399602 139995207059264 submission_runner.py:351] 2241.67s	7020	{'accuracy': 0.9854167103767395, 'loss': 0.017762664705514908}
I0412 02:41:13.917186 139995207059264 submission_runner.py:351] 2271.15s	7110	{'accuracy': 0.9888889193534851, 'loss': 0.014386807568371296}
I0412 02:41:43.388996 139995207059264 submission_runner.py:351] 2300.65s	7200	{'accuracy': 0.9861111640930176, 'loss': 0.01425230037420988}
I0412 02:42:12.707573 139995207059264 submission_runner.py:351] 2330.21s	7290	{'accuracy': 0.9833333492279053, 'loss': 0.026305336505174637}
I0412 02:42:42.305829 139995207059264 submission_runner.py:351] 2359.57s	7380	{'accuracy': 0.9847222566604614, 'loss': 0.021877268329262733}
I0412 02:43:11.574157 139995207059264 submission_runner.py:351] 2389.15s	7470	{'accuracy': 0.9798611402511597, 'loss': 0.026545101776719093}
I0412 02:43:40.624707 139995207059264 submission_runner.py:351] 2418.32s	7560	{'accuracy': 0.987500011920929, 'loss': 0.012363363057374954}
I0412 02:44:09.743401 139995207059264 submission_runner.py:351] 2447.40s	7650	{'accuracy': 0.9861111640930176, 'loss': 0.019431784749031067}
I0412 02:44:38.959037 139995207059264 submission_runner.py:351] 2476.68s	7740	{'accuracy': 0.988194465637207, 'loss': 0.01923787035048008}
I0412 02:45:08.129978 139995207059264 submission_runner.py:351] 2505.74s	7830	{'accuracy': 0.988194465637207, 'loss': 0.010011429898440838}
I0412 02:45:37.724434 139995207059264 submission_runner.py:351] 2535.04s	7920	{'accuracy': 0.988194465637207, 'loss': 0.010571387596428394}
I0412 02:46:07.566151 139995207059264 submission_runner.py:351] 2564.73s	8010	{'accuracy': 0.9840278029441833, 'loss': 0.028190305456519127}
I0412 02:46:37.300044 139995207059264 submission_runner.py:351] 2594.55s	8100	{'accuracy': 0.9847222566604614, 'loss': 0.01996099390089512}
I0412 02:47:07.028023 139995207059264 submission_runner.py:351] 2624.27s	8190	{'accuracy': 0.9895833730697632, 'loss': 0.00876289326697588}
I0412 02:47:36.640533 139995207059264 submission_runner.py:351] 2654.05s	8280	{'accuracy': 0.9826388955116272, 'loss': 0.028039146214723587}
I0412 02:48:06.169666 139995207059264 submission_runner.py:351] 2683.60s	8370	{'accuracy': 0.9833333492279053, 'loss': 0.023608867079019547}
I0412 02:48:35.456350 139995207059264 submission_runner.py:351] 2713.18s	8460	{'accuracy': 0.9888889193534851, 'loss': 0.0165041945874691}
I0412 02:49:05.306314 139995207059264 submission_runner.py:351] 2742.67s	8550	{'accuracy': 0.9868055582046509, 'loss': 0.011446827091276646}
I0412 02:49:35.793304 139995207059264 submission_runner.py:351] 2772.78s	8640	{'accuracy': 0.987500011920929, 'loss': 0.01451890729367733}
I0412 02:50:06.105188 139995207059264 submission_runner.py:351] 2803.16s	8730	{'accuracy': 0.9833333492279053, 'loss': 0.015950892120599747}
I0412 02:50:36.420587 139995207059264 submission_runner.py:351] 2833.50s	8820	{'accuracy': 0.9895833730697632, 'loss': 0.0062098754569888115}
I0412 02:51:06.542797 139995207059264 submission_runner.py:351] 2863.86s	8910	{'accuracy': 0.987500011920929, 'loss': 0.016901010647416115}
I0412 02:51:36.956640 139995207059264 submission_runner.py:351] 2894.01s	9000	{'accuracy': 0.9895833730697632, 'loss': 0.009803451597690582}
I0412 02:52:06.767073 139995207059264 submission_runner.py:351] 2924.33s	9090	{'accuracy': 0.9888889193534851, 'loss': 0.012113197706639767}
W0412 02:52:06.768806 139995207059264 early_stopping.py:90] Early stop due to exceeding max steps.
I0412 02:52:09.466801 139995207059264 submission_runner.py:448] --- Tuning run 5/5 ---
I0412 02:52:38.884036 139995207059264 submission_runner.py:351] 3.15s	0	{'accuracy': 0.010416666977107525, 'loss': 4.580657482147217}
I0412 02:53:08.323585 139995207059264 submission_runner.py:351] 32.49s	90	{'accuracy': 0.03055555559694767, 'loss': 4.505943298339844}
I0412 02:53:39.334073 139995207059264 submission_runner.py:351] 63.40s	180	{'accuracy': 0.05347222462296486, 'loss': 4.278048038482666}
I0412 02:54:08.819952 139995207059264 submission_runner.py:351] 93.69s	270	{'accuracy': 0.0833333358168602, 'loss': 3.9018561840057373}
I0412 02:54:38.630013 139995207059264 submission_runner.py:351] 123.01s	360	{'accuracy': 0.18194444477558136, 'loss': 3.4607608318328857}
I0412 02:55:10.276052 139995207059264 submission_runner.py:351] 152.93s	450	{'accuracy': 0.24722222983837128, 'loss': 3.049814224243164}
I0412 02:55:39.798191 139995207059264 submission_runner.py:351] 183.95s	540	{'accuracy': 0.35208335518836975, 'loss': 2.5763955116271973}
I0412 02:56:08.553696 139995207059264 submission_runner.py:351] 213.13s	630	{'accuracy': 0.4027777910232544, 'loss': 2.328214645385742}
I0412 02:56:37.385073 139995207059264 submission_runner.py:351] 242.01s	720	{'accuracy': 0.5055555701255798, 'loss': 1.8727973699569702}
I0412 02:57:05.925878 139995207059264 submission_runner.py:351] 270.48s	810	{'accuracy': 0.574999988079071, 'loss': 1.4999183416366577}
I0412 02:57:34.672369 139995207059264 submission_runner.py:351] 299.59s	900	{'accuracy': 0.6465277671813965, 'loss': 1.1984463930130005}
I0412 02:58:03.499881 139995207059264 submission_runner.py:351] 328.27s	990	{'accuracy': 0.699999988079071, 'loss': 1.02988600730896}
I0412 02:58:32.720229 139995207059264 submission_runner.py:351] 357.37s	1080	{'accuracy': 0.7548611164093018, 'loss': 0.8362653851509094}
I0412 02:59:01.602464 139995207059264 submission_runner.py:351] 386.30s	1170	{'accuracy': 0.7840278148651123, 'loss': 0.7490580677986145}
I0412 02:59:30.326310 139995207059264 submission_runner.py:351] 415.22s	1260	{'accuracy': 0.7756944894790649, 'loss': 0.6904698610305786}
I0412 02:59:59.034970 139995207059264 submission_runner.py:351] 443.94s	1350	{'accuracy': 0.8104166984558105, 'loss': 0.5569925308227539}
I0412 03:00:27.912127 139995207059264 submission_runner.py:351] 472.74s	1440	{'accuracy': 0.8013889193534851, 'loss': 0.5855857133865356}
I0412 03:00:57.134517 139995207059264 submission_runner.py:351] 501.73s	1530	{'accuracy': 0.8333333730697632, 'loss': 0.4816787838935852}
I0412 03:01:25.645868 139995207059264 submission_runner.py:351] 530.99s	1620	{'accuracy': 0.8145833611488342, 'loss': 0.5430607795715332}
I0412 03:01:52.995770 139995207059264 submission_runner.py:351] 558.78s	1710	{'accuracy': 0.8562500476837158, 'loss': 0.4352070391178131}
I0412 03:02:20.435450 139995207059264 submission_runner.py:351] 586.09s	1800	{'accuracy': 0.8916667103767395, 'loss': 0.3363388180732727}
I0412 03:02:47.770497 139995207059264 submission_runner.py:351] 613.65s	1890	{'accuracy': 0.8840277791023254, 'loss': 0.3422852158546448}
I0412 03:03:16.696296 139995207059264 submission_runner.py:351] 641.61s	1980	{'accuracy': 0.8722222447395325, 'loss': 0.35085463523864746}
I0412 03:03:45.428854 139995207059264 submission_runner.py:351] 670.47s	2070	{'accuracy': 0.8847222328186035, 'loss': 0.3111703395843506}
I0412 03:04:14.362483 139995207059264 submission_runner.py:351] 699.13s	2160	{'accuracy': 0.894444465637207, 'loss': 0.27908265590667725}
I0412 03:04:43.295739 139995207059264 submission_runner.py:351] 728.10s	2250	{'accuracy': 0.8951389193534851, 'loss': 0.2658212184906006}
I0412 03:05:12.126772 139995207059264 submission_runner.py:351] 757.01s	2340	{'accuracy': 0.9000000357627869, 'loss': 0.2692081332206726}
I0412 03:05:41.065367 139995207059264 submission_runner.py:351] 786.01s	2430	{'accuracy': 0.9347222447395325, 'loss': 0.19252900779247284}
I0412 03:06:09.813110 139995207059264 submission_runner.py:351] 814.87s	2520	{'accuracy': 0.9277778267860413, 'loss': 0.19228769838809967}
I0412 03:06:38.886672 139995207059264 submission_runner.py:351] 843.88s	2610	{'accuracy': 0.9423611164093018, 'loss': 0.16676069796085358}
I0412 03:07:07.960655 139995207059264 submission_runner.py:351] 872.75s	2700	{'accuracy': 0.9340277910232544, 'loss': 0.19774560630321503}
I0412 03:07:37.115154 139995207059264 submission_runner.py:351] 901.92s	2790	{'accuracy': 0.9381944537162781, 'loss': 0.15894989669322968}
I0412 03:08:05.754576 139995207059264 submission_runner.py:351] 930.93s	2880	{'accuracy': 0.9430555701255798, 'loss': 0.1538742482662201}
I0412 03:08:34.311420 139995207059264 submission_runner.py:351] 959.52s	2970	{'accuracy': 0.9555555582046509, 'loss': 0.11634606868028641}
I0412 03:09:02.763002 139995207059264 submission_runner.py:351] 988.04s	3060	{'accuracy': 0.9451389312744141, 'loss': 0.1394178569316864}
I0412 03:09:31.559642 139995207059264 submission_runner.py:351] 1016.50s	3150	{'accuracy': 0.9513888955116272, 'loss': 0.1340312510728836}
I0412 03:09:59.720998 139995207059264 submission_runner.py:351] 1045.16s	3240	{'accuracy': 0.9437500238418579, 'loss': 0.12862637639045715}
I0412 03:10:28.847516 139995207059264 submission_runner.py:351] 1073.63s	3330	{'accuracy': 0.9541667103767395, 'loss': 0.1139555498957634}
I0412 03:10:57.931336 139995207059264 submission_runner.py:351] 1102.81s	3420	{'accuracy': 0.9625000357627869, 'loss': 0.09697534888982773}
I0412 03:11:27.147042 139995207059264 submission_runner.py:351] 1132.03s	3510	{'accuracy': 0.9645833373069763, 'loss': 0.09393483400344849}
I0412 03:11:56.112399 139995207059264 submission_runner.py:351] 1161.10s	3600	{'accuracy': 0.9513888955116272, 'loss': 0.11128764599561691}
I0412 03:12:24.812514 139995207059264 submission_runner.py:351] 1190.05s	3690	{'accuracy': 0.9486111402511597, 'loss': 0.11586317420005798}
I0412 03:12:53.465225 139995207059264 submission_runner.py:351] 1218.76s	3780	{'accuracy': 0.96875, 'loss': 0.07969988882541656}
I0412 03:13:22.365754 139995207059264 submission_runner.py:351] 1247.44s	3870	{'accuracy': 0.9506944417953491, 'loss': 0.11512983590364456}
I0412 03:13:51.446094 139995207059264 submission_runner.py:351] 1276.21s	3960	{'accuracy': 0.9555555582046509, 'loss': 0.1063348799943924}
I0412 03:14:22.274837 139995207059264 submission_runner.py:351] 1305.50s	4050	{'accuracy': 0.9701389074325562, 'loss': 0.07097670435905457}
I0412 03:14:50.808786 139995207059264 submission_runner.py:351] 1335.59s	4140	{'accuracy': 0.9645833373069763, 'loss': 0.0681975930929184}
I0412 03:15:19.178834 139995207059264 submission_runner.py:351] 1364.21s	4230	{'accuracy': 0.9694444537162781, 'loss': 0.08648031949996948}
I0412 03:15:47.313365 139995207059264 submission_runner.py:351] 1392.44s	4320	{'accuracy': 0.9722222685813904, 'loss': 0.061205409467220306}
I0412 03:16:15.734253 139995207059264 submission_runner.py:351] 1420.61s	4410	{'accuracy': 0.9631944894790649, 'loss': 0.08619016408920288}
I0412 03:16:44.521598 139995207059264 submission_runner.py:351] 1449.29s	4500	{'accuracy': 0.9784722328186035, 'loss': 0.048114970326423645}
I0412 03:17:13.042003 139995207059264 submission_runner.py:351] 1478.03s	4590	{'accuracy': 0.9673611521720886, 'loss': 0.10483512282371521}
I0412 03:17:41.159050 139995207059264 submission_runner.py:351] 1506.57s	4680	{'accuracy': 0.9645833373069763, 'loss': 0.08958885818719864}
I0412 03:18:09.384719 139995207059264 submission_runner.py:351] 1534.17s	4770	{'accuracy': 0.9722222685813904, 'loss': 0.06683877855539322}
I0412 03:18:37.805583 139995207059264 submission_runner.py:351] 1562.73s	4860	{'accuracy': 0.9638888835906982, 'loss': 0.07264596968889236}
I0412 03:19:06.379357 139995207059264 submission_runner.py:351] 1591.28s	4950	{'accuracy': 0.9708333611488342, 'loss': 0.05846114829182625}
I0412 03:19:34.589401 139995207059264 submission_runner.py:351] 1619.80s	5040	{'accuracy': 0.944444477558136, 'loss': 0.13973750174045563}
I0412 03:20:03.182609 139995207059264 submission_runner.py:351] 1648.09s	5130	{'accuracy': 0.9708333611488342, 'loss': 0.0672561451792717}
I0412 03:20:31.763712 139995207059264 submission_runner.py:351] 1676.70s	5220	{'accuracy': 0.96875, 'loss': 0.07003269344568253}
I0412 03:21:00.219079 139995207059264 submission_runner.py:351] 1705.26s	5310	{'accuracy': 0.9597222208976746, 'loss': 0.08644115179777145}
I0412 03:21:28.750790 139995207059264 submission_runner.py:351] 1733.81s	5400	{'accuracy': 0.9784722328186035, 'loss': 0.03830192610621452}
I0412 03:21:56.991362 139995207059264 submission_runner.py:351] 1762.28s	5490	{'accuracy': 0.9770833849906921, 'loss': 0.054149333387613297}
I0412 03:22:25.670179 139995207059264 submission_runner.py:351] 1790.61s	5580	{'accuracy': 0.9777777791023254, 'loss': 0.04746028780937195}
I0412 03:22:54.301000 139995207059264 submission_runner.py:351] 1819.31s	5670	{'accuracy': 0.9743055701255798, 'loss': 0.04334857314825058}
I0412 03:23:22.388933 139995207059264 submission_runner.py:351] 1847.72s	5760	{'accuracy': 0.9729166626930237, 'loss': 0.05226190388202667}
I0412 03:23:50.148089 139995207059264 submission_runner.py:351] 1875.59s	5850	{'accuracy': 0.9770833849906921, 'loss': 0.0503721684217453}
I0412 03:24:17.439934 139995207059264 submission_runner.py:351] 1903.23s	5940	{'accuracy': 0.9715278148651123, 'loss': 0.062391143292188644}
I0412 03:24:44.833464 139995207059264 submission_runner.py:351] 1930.64s	6030	{'accuracy': 0.9763889312744141, 'loss': 0.05010097473859787}
I0412 03:25:12.274884 139995207059264 submission_runner.py:351] 1957.95s	6120	{'accuracy': 0.9750000238418579, 'loss': 0.038853731006383896}
I0412 03:25:39.590217 139995207059264 submission_runner.py:351] 1985.44s	6210	{'accuracy': 0.9729166626930237, 'loss': 0.06562472879886627}
I0412 03:26:07.708473 139995207059264 submission_runner.py:351] 2012.95s	6300	{'accuracy': 0.9791666865348816, 'loss': 0.039382390677928925}
I0412 03:26:36.517733 139995207059264 submission_runner.py:351] 2041.45s	6390	{'accuracy': 0.9743055701255798, 'loss': 0.04921732470393181}
I0412 03:27:04.824108 139995207059264 submission_runner.py:351] 2070.16s	6480	{'accuracy': 0.9791666865348816, 'loss': 0.031056879088282585}
I0412 03:27:33.009571 139995207059264 submission_runner.py:351] 2098.35s	6570	{'accuracy': 0.9729166626930237, 'loss': 0.043517954647541046}
I0412 03:28:01.603998 139995207059264 submission_runner.py:351] 2126.75s	6660	{'accuracy': 0.9805555939674377, 'loss': 0.03162737935781479}
I0412 03:28:29.883770 139995207059264 submission_runner.py:351] 2155.29s	6750	{'accuracy': 0.9847222566604614, 'loss': 0.028511768206954002}
I0412 03:28:57.994960 139995207059264 submission_runner.py:351] 2183.49s	6840	{'accuracy': 0.9750000238418579, 'loss': 0.041637200862169266}
I0412 03:29:26.244700 139995207059264 submission_runner.py:351] 2211.76s	6930	{'accuracy': 0.9798611402511597, 'loss': 0.03829539567232132}
I0412 03:29:54.709044 139995207059264 submission_runner.py:351] 2240.19s	7020	{'accuracy': 0.9847222566604614, 'loss': 0.028971021994948387}
I0412 03:30:23.055696 139995207059264 submission_runner.py:351] 2268.46s	7110	{'accuracy': 0.9791666865348816, 'loss': 0.04512161761522293}
I0412 03:30:51.599385 139995207059264 submission_runner.py:351] 2296.85s	7200	{'accuracy': 0.975694477558136, 'loss': 0.04737177491188049}
I0412 03:31:20.261162 139995207059264 submission_runner.py:351] 2325.47s	7290	{'accuracy': 0.9722222685813904, 'loss': 0.05877120792865753}
I0412 03:31:49.125656 139995207059264 submission_runner.py:351] 2354.14s	7380	{'accuracy': 0.9798611402511597, 'loss': 0.030379947274923325}
I0412 03:32:17.819800 139995207059264 submission_runner.py:351] 2383.04s	7470	{'accuracy': 0.9805555939674377, 'loss': 0.024598615244030952}
I0412 03:32:46.186777 139995207059264 submission_runner.py:351] 2411.69s	7560	{'accuracy': 0.9854167103767395, 'loss': 0.02303796075284481}
I0412 03:33:14.595741 139995207059264 submission_runner.py:351] 2440.14s	7650	{'accuracy': 0.9868055582046509, 'loss': 0.02207181788980961}
I0412 03:33:44.850985 139995207059264 submission_runner.py:351] 2468.63s	7740	{'accuracy': 0.9847222566604614, 'loss': 0.0264748502522707}
I0412 03:34:13.092876 139995207059264 submission_runner.py:351] 2498.14s	7830	{'accuracy': 0.9854167103767395, 'loss': 0.018560145050287247}
I0412 03:34:41.367774 139995207059264 submission_runner.py:351] 2526.36s	7920	{'accuracy': 0.9854167103767395, 'loss': 0.026494644582271576}
I0412 03:35:09.730989 139995207059264 submission_runner.py:351] 2554.64s	8010	{'accuracy': 0.9861111640930176, 'loss': 0.02357848733663559}
I0412 03:35:37.694937 139995207059264 submission_runner.py:351] 2582.98s	8100	{'accuracy': 0.9798611402511597, 'loss': 0.03674202039837837}
I0412 03:36:06.042475 139995207059264 submission_runner.py:351] 2611.05s	8190	{'accuracy': 0.9777777791023254, 'loss': 0.03911833092570305}
I0412 03:36:34.324299 139995207059264 submission_runner.py:351] 2639.31s	8280	{'accuracy': 0.9861111640930176, 'loss': 0.02126612886786461}
I0412 03:37:02.379170 139995207059264 submission_runner.py:351] 2667.61s	8370	{'accuracy': 0.9805555939674377, 'loss': 0.022058986127376556}
I0412 03:37:30.464795 139995207059264 submission_runner.py:351] 2695.75s	8460	{'accuracy': 0.9854167103767395, 'loss': 0.01989104598760605}
I0412 03:37:58.562347 139995207059264 submission_runner.py:351] 2723.77s	8550	{'accuracy': 0.9826388955116272, 'loss': 0.02261902578175068}
I0412 03:38:26.457218 139995207059264 submission_runner.py:351] 2751.77s	8640	{'accuracy': 0.9854167103767395, 'loss': 0.018703708425164223}
I0412 03:38:54.335006 139995207059264 submission_runner.py:351] 2779.57s	8730	{'accuracy': 0.9861111640930176, 'loss': 0.018805695697665215}
I0412 03:39:22.801197 139995207059264 submission_runner.py:351] 2807.81s	8820	{'accuracy': 0.9708333611488342, 'loss': 0.06757523119449615}
I0412 03:39:50.956412 139995207059264 submission_runner.py:351] 2836.18s	8910	{'accuracy': 0.9840278029441833, 'loss': 0.02715213969349861}
I0412 03:40:18.664551 139995207059264 submission_runner.py:351] 2864.35s	9000	{'accuracy': 0.9791666865348816, 'loss': 0.03580789640545845}
I0412 03:40:46.930623 139995207059264 submission_runner.py:351] 2891.84s	9090	{'accuracy': 0.9847222566604614, 'loss': 0.026654768735170364}
W0412 03:40:46.932133 139995207059264 early_stopping.py:90] Early stop due to exceeding max steps.
I0412 03:40:48.706851 139995207059264 submission_runner.py:460] ===== Results =====
I0412 03:40:48.707269 139995207059264 submission_runner.py:462] Tuning trial 1/5
I0412 03:40:48.707352 139995207059264 submission_runner.py:463] Hyperparameters: {'learning_rate': 0.001, 'momentum': 0.9}
I0412 03:40:48.707474 139995207059264 submission_runner.py:465] Metrics: (8100, {'accuracy': 0.9895833730697632, 'loss': 0.0058535803109407425})
I0412 03:40:48.707561 139995207059264 submission_runner.py:468] Timing: 903.7326805591583
I0412 03:40:48.707617 139995207059264 submission_runner.py:469] ====================
I0412 03:40:48.707662 139995207059264 submission_runner.py:462] Tuning trial 2/5
I0412 03:40:48.707708 139995207059264 submission_runner.py:463] Hyperparameters: {'learning_rate': 0.001, 'momentum': 0.9}
I0412 03:40:48.707769 139995207059264 submission_runner.py:465] Metrics: (9090, {'accuracy': 0.9826388955116272, 'loss': 0.01917409338057041})
I0412 03:40:48.707827 139995207059264 submission_runner.py:468] Timing: 1000.8368978500366
I0412 03:40:48.707874 139995207059264 submission_runner.py:469] ====================
I0412 03:40:48.707916 139995207059264 submission_runner.py:462] Tuning trial 3/5
I0412 03:40:48.707986 139995207059264 submission_runner.py:463] Hyperparameters: {'learning_rate': 0.001, 'momentum': 0.9}
I0412 03:40:48.708086 139995207059264 submission_runner.py:465] Metrics: (9090, {'accuracy': 0.9868055582046509, 'loss': 0.013708332553505898})
I0412 03:40:48.708186 139995207059264 submission_runner.py:468] Timing: 952.9973211288452
I0412 03:40:48.708254 139995207059264 submission_runner.py:469] ====================
I0412 03:40:48.708298 139995207059264 submission_runner.py:462] Tuning trial 4/5
I0412 03:40:48.708343 139995207059264 submission_runner.py:463] Hyperparameters: {'learning_rate': 0.001, 'momentum': 0.9}
I0412 03:40:48.708396 139995207059264 submission_runner.py:465] Metrics: (9090, {'accuracy': 0.9888889193534851, 'loss': 0.012113197706639767})
I0412 03:40:48.708451 139995207059264 submission_runner.py:468] Timing: 984.562388420105
I0412 03:40:48.708497 139995207059264 submission_runner.py:469] ====================
I0412 03:40:48.708554 139995207059264 submission_runner.py:462] Tuning trial 5/5
I0412 03:40:48.708600 139995207059264 submission_runner.py:463] Hyperparameters: {'learning_rate': 0.001, 'momentum': 0.9}
I0412 03:40:48.708657 139995207059264 submission_runner.py:465] Metrics: (9090, {'accuracy': 0.9847222566604614, 'loss': 0.026654768735170364})
I0412 03:40:48.708709 139995207059264 submission_runner.py:468] Timing: 964.8776881694794
I0412 03:40:48.708755 139995207059264 submission_runner.py:469] ====================
I0412 03:40:50.038348 139995207059264 submission_runner.py:507] Final coil100_jax_dropout score: 903.732681
