W0413 20:02:41.776100 139908209289024 logging_utils.py:329] Unable to record package information. Continuing without it.
I0413 20:02:42.960309 139908209289024 submission_runner.py:455] --- Tuning run 1/5 ---
I0413 20:03:03.300584 139908209289024 submission_runner.py:357] 2.61s	0	{'accuracy': 0.08970000594854355, 'loss': 2.308603048324585}
I0413 20:03:28.757362 139908209289024 submission_runner.py:357] 33.52s	781	{'accuracy': 0.46980002522468567, 'loss': 1.4760112762451172}
I0413 20:03:47.227710 139908209289024 submission_runner.py:357] 51.93s	1562	{'accuracy': 0.563800036907196, 'loss': 1.2346256971359253}
I0413 20:04:04.682846 139908209289024 submission_runner.py:357] 69.60s	2343	{'accuracy': 0.5958000421524048, 'loss': 1.125740647315979}
I0413 20:04:21.760597 139908209289024 submission_runner.py:357] 86.71s	3124	{'accuracy': 0.6385000348091125, 'loss': 1.030874252319336}
I0413 20:04:39.218552 139908209289024 submission_runner.py:357] 103.88s	3905	{'accuracy': 0.6616000533103943, 'loss': 0.9680188894271851}
I0413 20:04:57.203112 139908209289024 submission_runner.py:357] 122.15s	4686	{'accuracy': 0.6738000512123108, 'loss': 0.9396041631698608}
I0413 20:05:15.024454 139908209289024 submission_runner.py:357] 139.96s	5467	{'accuracy': 0.6985000371932983, 'loss': 0.8801102042198181}
I0413 20:05:32.291254 139908209289024 submission_runner.py:357] 157.24s	6248	{'accuracy': 0.7086000442504883, 'loss': 0.8422916531562805}
I0413 20:05:49.462236 139908209289024 submission_runner.py:357] 174.39s	7029	{'accuracy': 0.6978000402450562, 'loss': 0.8876059055328369}
I0413 20:06:07.735602 139908209289024 submission_runner.py:357] 192.40s	7810	{'accuracy': 0.7207000255584717, 'loss': 0.824561357498169}
I0413 20:06:26.156517 139908209289024 submission_runner.py:357] 210.80s	8591	{'accuracy': 0.7271000146865845, 'loss': 0.8415358066558838}
I0413 20:06:44.558734 139908209289024 submission_runner.py:357] 229.46s	9372	{'accuracy': 0.7183000445365906, 'loss': 0.8788141012191772}
I0413 20:07:01.573455 139908209289024 submission_runner.py:357] 246.57s	10153	{'accuracy': 0.7293000221252441, 'loss': 0.8580182194709778}
I0413 20:07:18.966994 139908209289024 submission_runner.py:357] 263.88s	10934	{'accuracy': 0.7305000424385071, 'loss': 0.9008736610412598}
I0413 20:07:36.536105 139908209289024 submission_runner.py:357] 281.51s	11715	{'accuracy': 0.7353000640869141, 'loss': 0.9216060042381287}
I0413 20:07:55.014052 139908209289024 submission_runner.py:357] 299.69s	12496	{'accuracy': 0.7297000288963318, 'loss': 0.9777697920799255}
I0413 20:08:12.329178 139908209289024 submission_runner.py:357] 317.26s	13277	{'accuracy': 0.7273000478744507, 'loss': 1.0947781801223755}
I0413 20:08:30.609058 139908209289024 submission_runner.py:357] 335.43s	14058	{'accuracy': 0.7239000201225281, 'loss': 1.1403388977050781}
I0413 20:08:48.414615 139908209289024 submission_runner.py:357] 353.37s	14839	{'accuracy': 0.7291000485420227, 'loss': 1.2233052253723145}
I0413 20:09:06.066872 139908209289024 submission_runner.py:357] 371.03s	15620	{'accuracy': 0.7266000509262085, 'loss': 1.2489073276519775}
I0413 20:09:23.138910 139908209289024 submission_runner.py:357] 388.09s	16401	{'accuracy': 0.7265000343322754, 'loss': 1.406082272529602}
I0413 20:09:40.554666 139908209289024 submission_runner.py:357] 405.52s	17182	{'accuracy': 0.7224000096321106, 'loss': 1.3599079847335815}
I0413 20:09:58.004751 139908209289024 submission_runner.py:357] 422.63s	17963	{'accuracy': 0.7176000475883484, 'loss': 1.504767656326294}
I0413 20:10:16.025876 139908209289024 submission_runner.py:357] 440.91s	18744	{'accuracy': 0.7202000617980957, 'loss': 1.5337098836898804}
I0413 20:10:34.086730 139908209289024 submission_runner.py:357] 459.00s	19525	{'accuracy': 0.7236000299453735, 'loss': 1.5921876430511475}
I0413 20:10:51.165338 139908209289024 submission_runner.py:357] 476.09s	20306	{'accuracy': 0.7298000454902649, 'loss': 1.6153936386108398}
I0413 20:11:08.791436 139908209289024 submission_runner.py:357] 493.74s	21087	{'accuracy': 0.7354000210762024, 'loss': 1.6064836978912354}
I0413 20:11:27.400871 139908209289024 submission_runner.py:357] 512.12s	21868	{'accuracy': 0.7349000573158264, 'loss': 1.544638752937317}
I0413 20:11:44.630838 139908209289024 submission_runner.py:357] 529.50s	22649	{'accuracy': 0.7378000617027283, 'loss': 1.6862791776657104}
I0413 20:12:02.158358 139908209289024 submission_runner.py:357] 547.05s	23430	{'accuracy': 0.7249000072479248, 'loss': 1.7641961574554443}
I0413 20:12:20.356284 139908209289024 submission_runner.py:357] 565.14s	24211	{'accuracy': 0.7353000640869141, 'loss': 1.745904803276062}
W0413 20:12:20.357774 139908209289024 early_stopping.py:102] Early stop due to no improvement.
I0413 20:12:20.695335 139908209289024 submission_runner.py:455] --- Tuning run 2/5 ---
I0413 20:12:24.157907 139908209289024 submission_runner.py:357] 0.32s	0	{'accuracy': 0.10110000520944595, 'loss': 2.322248935699463}
I0413 20:12:47.639973 139908209289024 submission_runner.py:357] 24.09s	781	{'accuracy': 0.47120001912117004, 'loss': 1.4584157466888428}
I0413 20:13:05.540396 139908209289024 submission_runner.py:357] 41.98s	1562	{'accuracy': 0.5427000522613525, 'loss': 1.2771714925765991}
I0413 20:13:22.924621 139908209289024 submission_runner.py:357] 59.09s	2343	{'accuracy': 0.6003000140190125, 'loss': 1.1420375108718872}
I0413 20:13:40.200237 139908209289024 submission_runner.py:357] 76.57s	3124	{'accuracy': 0.6535000205039978, 'loss': 1.0068638324737549}
I0413 20:13:58.339020 139908209289024 submission_runner.py:357] 94.71s	3905	{'accuracy': 0.6641000509262085, 'loss': 0.9760998487472534}
I0413 20:14:15.952982 139908209289024 submission_runner.py:357] 112.34s	4686	{'accuracy': 0.6909000277519226, 'loss': 0.8993736505508423}
I0413 20:14:33.175070 139908209289024 submission_runner.py:357] 129.60s	5467	{'accuracy': 0.7073000073432922, 'loss': 0.8523870706558228}
I0413 20:14:51.314106 139908209289024 submission_runner.py:357] 147.37s	6248	{'accuracy': 0.7172000408172607, 'loss': 0.8338624238967896}
I0413 20:15:09.809116 139908209289024 submission_runner.py:357] 166.18s	7029	{'accuracy': 0.7120000123977661, 'loss': 0.8587499260902405}
I0413 20:15:28.279521 139908209289024 submission_runner.py:357] 184.64s	7810	{'accuracy': 0.7287000417709351, 'loss': 0.8377760052680969}
I0413 20:15:46.928235 139908209289024 submission_runner.py:357] 203.11s	8591	{'accuracy': 0.7186000347137451, 'loss': 0.8671799302101135}
I0413 20:16:04.185476 139908209289024 submission_runner.py:357] 220.60s	9372	{'accuracy': 0.7345000505447388, 'loss': 0.8366850018501282}
I0413 20:16:22.556755 139908209289024 submission_runner.py:357] 238.97s	10153	{'accuracy': 0.7306000590324402, 'loss': 0.8760916590690613}
I0413 20:16:39.791836 139908209289024 submission_runner.py:357] 256.19s	10934	{'accuracy': 0.7320000529289246, 'loss': 0.8974761366844177}
I0413 20:16:58.368968 139908209289024 submission_runner.py:357] 274.79s	11715	{'accuracy': 0.7328000068664551, 'loss': 0.9378087520599365}
I0413 20:17:18.197309 139908209289024 submission_runner.py:357] 294.45s	12496	{'accuracy': 0.7384000420570374, 'loss': 0.9614775776863098}
I0413 20:17:36.349825 139908209289024 submission_runner.py:357] 312.29s	13277	{'accuracy': 0.7218000292778015, 'loss': 1.0873640775680542}
I0413 20:17:54.898393 139908209289024 submission_runner.py:357] 331.11s	14058	{'accuracy': 0.7332000136375427, 'loss': 1.0903294086456299}
I0413 20:18:13.243023 139908209289024 submission_runner.py:357] 349.67s	14839	{'accuracy': 0.7365000247955322, 'loss': 1.1299022436141968}
I0413 20:18:30.557239 139908209289024 submission_runner.py:357] 366.91s	15620	{'accuracy': 0.7326000332832336, 'loss': 1.2239197492599487}
I0413 20:18:48.982356 139908209289024 submission_runner.py:357] 385.35s	16401	{'accuracy': 0.734000027179718, 'loss': 1.3339533805847168}
I0413 20:19:07.156937 139908209289024 submission_runner.py:357] 403.55s	17182	{'accuracy': 0.7350000143051147, 'loss': 1.3379521369934082}
I0413 20:19:25.148661 139908209289024 submission_runner.py:357] 421.57s	17963	{'accuracy': 0.7387000322341919, 'loss': 1.3849306106567383}
I0413 20:19:43.365303 139908209289024 submission_runner.py:357] 439.73s	18744	{'accuracy': 0.7213000059127808, 'loss': 1.5324739217758179}
I0413 20:20:02.067679 139908209289024 submission_runner.py:357] 458.30s	19525	{'accuracy': 0.7356000542640686, 'loss': 1.4157681465148926}
I0413 20:20:19.740922 139908209289024 submission_runner.py:357] 475.71s	20306	{'accuracy': 0.73580002784729, 'loss': 1.5592621564865112}
I0413 20:20:37.193392 139908209289024 submission_runner.py:357] 493.53s	21087	{'accuracy': 0.7348000407218933, 'loss': 1.6005523204803467}
I0413 20:20:54.562387 139908209289024 submission_runner.py:357] 510.94s	21868	{'accuracy': 0.7407000064849854, 'loss': 1.542378544807434}
I0413 20:21:13.214175 139908209289024 submission_runner.py:357] 529.57s	22649	{'accuracy': 0.7419000267982483, 'loss': 1.5741360187530518}
W0413 20:21:13.215723 139908209289024 early_stopping.py:102] Early stop due to no improvement.
I0413 20:21:13.562060 139908209289024 submission_runner.py:455] --- Tuning run 3/5 ---
I0413 20:21:16.780227 139908209289024 submission_runner.py:357] 0.32s	0	{'accuracy': 0.10000000149011612, 'loss': 2.314748525619507}
I0413 20:21:40.746161 139908209289024 submission_runner.py:357] 24.32s	781	{'accuracy': 0.46540001034736633, 'loss': 1.4776701927185059}
I0413 20:21:58.796017 139908209289024 submission_runner.py:357] 42.22s	1562	{'accuracy': 0.5494000315666199, 'loss': 1.2620928287506104}
I0413 20:22:16.222079 139908209289024 submission_runner.py:357] 59.72s	2343	{'accuracy': 0.5711000561714172, 'loss': 1.2289832830429077}
I0413 20:22:33.765276 139908209289024 submission_runner.py:357] 77.27s	3124	{'accuracy': 0.6203000545501709, 'loss': 1.0928133726119995}
I0413 20:22:51.855011 139908209289024 submission_runner.py:357] 94.94s	3905	{'accuracy': 0.6497000455856323, 'loss': 0.9929576516151428}
I0413 20:23:09.348035 139908209289024 submission_runner.py:357] 112.83s	4686	{'accuracy': 0.6785000562667847, 'loss': 0.922123372554779}
I0413 20:23:26.775510 139908209289024 submission_runner.py:357] 130.25s	5467	{'accuracy': 0.6853000521659851, 'loss': 0.9166927337646484}
I0413 20:23:44.123875 139908209289024 submission_runner.py:357] 147.66s	6248	{'accuracy': 0.7095000147819519, 'loss': 0.8418253064155579}
I0413 20:24:01.347651 139908209289024 submission_runner.py:357] 164.88s	7029	{'accuracy': 0.7140000462532043, 'loss': 0.8586598038673401}
I0413 20:24:18.705056 139908209289024 submission_runner.py:357] 182.21s	7810	{'accuracy': 0.7218000292778015, 'loss': 0.8406723737716675}
I0413 20:24:37.795027 139908209289024 submission_runner.py:357] 201.31s	8591	{'accuracy': 0.7267000079154968, 'loss': 0.8293774724006653}
I0413 20:24:55.013968 139908209289024 submission_runner.py:357] 218.52s	9372	{'accuracy': 0.7290000319480896, 'loss': 0.8422194719314575}
I0413 20:25:12.618038 139908209289024 submission_runner.py:357] 235.74s	10153	{'accuracy': 0.726300060749054, 'loss': 0.8894656896591187}
I0413 20:25:30.937357 139908209289024 submission_runner.py:357] 254.23s	10934	{'accuracy': 0.7275000214576721, 'loss': 0.9063990712165833}
I0413 20:25:48.290898 139908209289024 submission_runner.py:357] 271.79s	11715	{'accuracy': 0.7262000441551208, 'loss': 0.9655880331993103}
I0413 20:26:05.947078 139908209289024 submission_runner.py:357] 289.31s	12496	{'accuracy': 0.7302000522613525, 'loss': 0.9910712242126465}
I0413 20:26:23.369714 139908209289024 submission_runner.py:357] 306.86s	13277	{'accuracy': 0.7282000184059143, 'loss': 1.0708045959472656}
I0413 20:26:40.740978 139908209289024 submission_runner.py:357] 324.21s	14058	{'accuracy': 0.7277000546455383, 'loss': 1.1056342124938965}
I0413 20:26:58.103447 139908209289024 submission_runner.py:357] 341.64s	14839	{'accuracy': 0.7294000387191772, 'loss': 1.1808781623840332}
I0413 20:27:16.673366 139908209289024 submission_runner.py:357] 360.14s	15620	{'accuracy': 0.7306000590324402, 'loss': 1.247951865196228}
I0413 20:27:34.869859 139908209289024 submission_runner.py:357] 378.31s	16401	{'accuracy': 0.7315000295639038, 'loss': 1.3428442478179932}
I0413 20:27:53.732179 139908209289024 submission_runner.py:357] 396.80s	17182	{'accuracy': 0.7297000288963318, 'loss': 1.4181667566299438}
I0413 20:28:11.372436 139908209289024 submission_runner.py:357] 414.85s	17963	{'accuracy': 0.7285000085830688, 'loss': 1.438835859298706}
I0413 20:28:28.895885 139908209289024 submission_runner.py:357] 432.39s	18744	{'accuracy': 0.73170006275177, 'loss': 1.4741674661636353}
I0413 20:28:46.229076 139908209289024 submission_runner.py:357] 449.75s	19525	{'accuracy': 0.721500039100647, 'loss': 1.6091822385787964}
I0413 20:29:03.454402 139908209289024 submission_runner.py:357] 466.98s	20306	{'accuracy': 0.729900062084198, 'loss': 1.4643927812576294}
I0413 20:29:20.640926 139908209289024 submission_runner.py:357] 484.17s	21087	{'accuracy': 0.7326000332832336, 'loss': 1.5817846059799194}
I0413 20:29:37.849756 139908209289024 submission_runner.py:357] 501.40s	21868	{'accuracy': 0.7314000129699707, 'loss': 1.6420820951461792}
I0413 20:29:55.087756 139908209289024 submission_runner.py:357] 518.47s	22649	{'accuracy': 0.7325000166893005, 'loss': 1.7422842979431152}
I0413 20:30:12.460935 139908209289024 submission_runner.py:357] 535.98s	23430	{'accuracy': 0.7296000123023987, 'loss': 1.7315137386322021}
I0413 20:30:30.829490 139908209289024 submission_runner.py:357] 553.81s	24211	{'accuracy': 0.7295000553131104, 'loss': 1.7694154977798462}
I0413 20:30:49.237496 139908209289024 submission_runner.py:357] 572.71s	24992	{'accuracy': 0.7324000597000122, 'loss': 1.8061081171035767}
W0413 20:30:49.238988 139908209289024 early_stopping.py:102] Early stop due to no improvement.
I0413 20:30:49.592817 139908209289024 submission_runner.py:455] --- Tuning run 4/5 ---
I0413 20:30:52.779744 139908209289024 submission_runner.py:357] 0.32s	0	{'accuracy': 0.0982000082731247, 'loss': 2.3157098293304443}
I0413 20:31:15.892064 139908209289024 submission_runner.py:357] 23.41s	781	{'accuracy': 0.45920002460479736, 'loss': 1.4780193567276}
I0413 20:31:33.035166 139908209289024 submission_runner.py:357] 40.56s	1562	{'accuracy': 0.5475000143051147, 'loss': 1.2813706398010254}
I0413 20:31:50.475849 139908209289024 submission_runner.py:357] 58.00s	2343	{'accuracy': 0.6055999994277954, 'loss': 1.1185827255249023}
I0413 20:32:08.578735 139908209289024 submission_runner.py:357] 75.70s	3124	{'accuracy': 0.6281000375747681, 'loss': 1.073290228843689}
I0413 20:32:27.249309 139908209289024 submission_runner.py:357] 94.55s	3905	{'accuracy': 0.6665000319480896, 'loss': 0.9515935182571411}
I0413 20:32:45.562173 139908209289024 submission_runner.py:357] 112.98s	4686	{'accuracy': 0.6869000196456909, 'loss': 0.8941348195075989}
I0413 20:33:04.602095 139908209289024 submission_runner.py:357] 131.67s	5467	{'accuracy': 0.704300045967102, 'loss': 0.8709083199501038}
I0413 20:33:22.994492 139908209289024 submission_runner.py:357] 150.47s	6248	{'accuracy': 0.7163000106811523, 'loss': 0.8312610983848572}
I0413 20:33:41.626667 139908209289024 submission_runner.py:357] 169.09s	7029	{'accuracy': 0.734000027179718, 'loss': 0.793401837348938}
I0413 20:33:58.952689 139908209289024 submission_runner.py:357] 186.45s	7810	{'accuracy': 0.7338000535964966, 'loss': 0.7979485988616943}
I0413 20:34:16.244205 139908209289024 submission_runner.py:357] 203.71s	8591	{'accuracy': 0.734000027179718, 'loss': 0.8134480714797974}
I0413 20:34:33.527656 139908209289024 submission_runner.py:357] 220.99s	9372	{'accuracy': 0.7439000606536865, 'loss': 0.8082705140113831}
I0413 20:34:52.092012 139908209289024 submission_runner.py:357] 239.59s	10153	{'accuracy': 0.7417000532150269, 'loss': 0.841579020023346}
I0413 20:35:10.108766 139908209289024 submission_runner.py:357] 257.58s	10934	{'accuracy': 0.7473000288009644, 'loss': 0.8615701794624329}
I0413 20:35:27.766303 139908209289024 submission_runner.py:357] 274.84s	11715	{'accuracy': 0.7437000274658203, 'loss': 0.8848472237586975}
I0413 20:35:45.790341 139908209289024 submission_runner.py:357] 293.22s	12496	{'accuracy': 0.7473000288009644, 'loss': 0.9229005575180054}
I0413 20:36:03.806801 139908209289024 submission_runner.py:357] 311.06s	13277	{'accuracy': 0.741100013256073, 'loss': 0.9715844392776489}
I0413 20:36:22.487737 139908209289024 submission_runner.py:357] 329.79s	14058	{'accuracy': 0.7434000372886658, 'loss': 1.025774359703064}
I0413 20:36:41.229737 139908209289024 submission_runner.py:357] 348.43s	14839	{'accuracy': 0.7436000108718872, 'loss': 1.1098016500473022}
I0413 20:37:00.001570 139908209289024 submission_runner.py:357] 367.41s	15620	{'accuracy': 0.744700014591217, 'loss': 1.1527137756347656}
I0413 20:37:18.960649 139908209289024 submission_runner.py:357] 386.44s	16401	{'accuracy': 0.7458000183105469, 'loss': 1.24020254611969}
I0413 20:37:36.130244 139908209289024 submission_runner.py:357] 403.65s	17182	{'accuracy': 0.7467000484466553, 'loss': 1.2689781188964844}
I0413 20:37:53.367920 139908209289024 submission_runner.py:357] 420.87s	17963	{'accuracy': 0.7493000626564026, 'loss': 1.325558066368103}
I0413 20:38:10.769097 139908209289024 submission_runner.py:357] 437.89s	18744	{'accuracy': 0.7439000606536865, 'loss': 1.3318088054656982}
I0413 20:38:27.998241 139908209289024 submission_runner.py:357] 455.51s	19525	{'accuracy': 0.7498000264167786, 'loss': 1.4024335145950317}
I0413 20:38:45.156181 139908209289024 submission_runner.py:357] 472.67s	20306	{'accuracy': 0.7496000528335571, 'loss': 1.420738697052002}
I0413 20:39:02.248879 139908209289024 submission_runner.py:357] 489.77s	21087	{'accuracy': 0.7531000375747681, 'loss': 1.4685628414154053}
I0413 20:39:19.344395 139908209289024 submission_runner.py:357] 506.90s	21868	{'accuracy': 0.7523000240325928, 'loss': 1.5622410774230957}
I0413 20:39:37.396508 139908209289024 submission_runner.py:357] 524.90s	22649	{'accuracy': 0.749500036239624, 'loss': 1.5536084175109863}
I0413 20:39:54.860780 139908209289024 submission_runner.py:357] 542.38s	23430	{'accuracy': 0.7502000331878662, 'loss': 1.6068271398544312}
W0413 20:39:54.862301 139908209289024 early_stopping.py:102] Early stop due to no improvement.
I0413 20:39:55.221816 139908209289024 submission_runner.py:455] --- Tuning run 5/5 ---
I0413 20:39:58.383544 139908209289024 submission_runner.py:357] 0.32s	0	{'accuracy': 0.09960000216960907, 'loss': 2.3089754581451416}
I0413 20:40:21.367695 139908209289024 submission_runner.py:357] 23.03s	781	{'accuracy': 0.4561000168323517, 'loss': 1.5028337240219116}
I0413 20:40:40.084865 139908209289024 submission_runner.py:357] 41.52s	1562	{'accuracy': 0.5457000136375427, 'loss': 1.2749524116516113}
I0413 20:40:57.996060 139908209289024 submission_runner.py:357] 59.85s	2343	{'accuracy': 0.5803000330924988, 'loss': 1.1694045066833496}
I0413 20:41:15.843523 139908209289024 submission_runner.py:357] 77.43s	3124	{'accuracy': 0.6267000436782837, 'loss': 1.060871958732605}
I0413 20:41:34.339748 139908209289024 submission_runner.py:357] 96.20s	3905	{'accuracy': 0.6484000086784363, 'loss': 1.0011191368103027}
I0413 20:41:51.649565 139908209289024 submission_runner.py:357] 113.49s	4686	{'accuracy': 0.6739000082015991, 'loss': 0.942908525466919}
I0413 20:42:08.892638 139908209289024 submission_runner.py:357] 130.74s	5467	{'accuracy': 0.6640000343322754, 'loss': 0.9748836159706116}
I0413 20:42:26.611843 139908209289024 submission_runner.py:357] 148.48s	6248	{'accuracy': 0.6830000281333923, 'loss': 0.9288622736930847}
I0413 20:42:43.810666 139908209289024 submission_runner.py:357] 165.65s	7029	{'accuracy': 0.7080000042915344, 'loss': 0.8656439185142517}
I0413 20:43:01.881729 139908209289024 submission_runner.py:357] 183.72s	7810	{'accuracy': 0.7122000455856323, 'loss': 0.876246988773346}
I0413 20:43:19.480280 139908209289024 submission_runner.py:357] 200.91s	8591	{'accuracy': 0.7192000150680542, 'loss': 0.8540026545524597}
I0413 20:43:36.880546 139908209289024 submission_runner.py:357] 218.70s	9372	{'accuracy': 0.7099000215530396, 'loss': 0.9173591136932373}
I0413 20:43:54.534576 139908209289024 submission_runner.py:357] 236.38s	10153	{'accuracy': 0.716200053691864, 'loss': 0.9332265257835388}
I0413 20:44:11.831305 139908209289024 submission_runner.py:357] 253.67s	10934	{'accuracy': 0.7184000611305237, 'loss': 0.9487646818161011}
I0413 20:44:29.821430 139908209289024 submission_runner.py:357] 271.66s	11715	{'accuracy': 0.7230000495910645, 'loss': 0.9861131310462952}
I0413 20:44:47.824731 139908209289024 submission_runner.py:357] 289.66s	12496	{'accuracy': 0.7229000329971313, 'loss': 1.0460658073425293}
I0413 20:45:06.226320 139908209289024 submission_runner.py:357] 308.09s	13277	{'accuracy': 0.713100016117096, 'loss': 1.1365935802459717}
I0413 20:45:24.705289 139908209289024 submission_runner.py:357] 326.33s	14058	{'accuracy': 0.7160000205039978, 'loss': 1.2269887924194336}
I0413 20:45:42.201332 139908209289024 submission_runner.py:357] 343.64s	14839	{'accuracy': 0.7148000597953796, 'loss': 1.272976040840149}
I0413 20:46:00.252510 139908209289024 submission_runner.py:357] 362.09s	15620	{'accuracy': 0.7174000144004822, 'loss': 1.3477075099945068}
I0413 20:46:17.460473 139908209289024 submission_runner.py:357] 379.34s	16401	{'accuracy': 0.7245000600814819, 'loss': 1.442300796508789}
I0413 20:46:34.643630 139908209289024 submission_runner.py:357] 396.51s	17182	{'accuracy': 0.7150000333786011, 'loss': 1.4863256216049194}
I0413 20:46:51.905252 139908209289024 submission_runner.py:357] 413.78s	17963	{'accuracy': 0.7173000574111938, 'loss': 1.5119389295578003}
I0413 20:47:09.018313 139908209289024 submission_runner.py:357] 430.91s	18744	{'accuracy': 0.7228000164031982, 'loss': 1.5583540201187134}
I0413 20:47:26.593914 139908209289024 submission_runner.py:357] 448.49s	19525	{'accuracy': 0.7181000113487244, 'loss': 1.6410537958145142}
I0413 20:47:43.642863 139908209289024 submission_runner.py:357] 465.51s	20306	{'accuracy': 0.7226000428199768, 'loss': 1.6177316904067993}
I0413 20:48:01.601773 139908209289024 submission_runner.py:357] 483.47s	21087	{'accuracy': 0.7252000570297241, 'loss': 1.7316372394561768}
I0413 20:48:19.066540 139908209289024 submission_runner.py:357] 500.51s	21868	{'accuracy': 0.7220000624656677, 'loss': 1.7247592210769653}
I0413 20:48:36.381910 139908209289024 submission_runner.py:357] 518.23s	22649	{'accuracy': 0.7153000235557556, 'loss': 1.8597924709320068}
I0413 20:48:53.970184 139908209289024 submission_runner.py:357] 535.83s	23430	{'accuracy': 0.7249000072479248, 'loss': 1.8339391946792603}
I0413 20:49:11.294430 139908209289024 submission_runner.py:357] 553.14s	24211	{'accuracy': 0.7311000227928162, 'loss': 1.8261442184448242}
I0413 20:49:29.257174 139908209289024 submission_runner.py:357] 571.13s	24992	{'accuracy': 0.726900041103363, 'loss': 1.9618104696273804}
W0413 20:49:29.258365 139908209289024 early_stopping.py:102] Early stop due to no improvement.
I0413 20:49:29.614511 139908209289024 submission_runner.py:467] ===== Results =====
I0413 20:49:29.614869 139908209289024 submission_runner.py:469] Tuning trial 1/5
I0413 20:49:29.614958 139908209289024 submission_runner.py:470] Hyperparameters: {'learning_rate': 0.001, 'momentum': 0.9}
I0413 20:49:29.615080 139908209289024 submission_runner.py:472] Metrics: (24211, {'accuracy': 0.7353000640869141, 'loss': 1.745904803276062})
I0413 20:49:29.615182 139908209289024 submission_runner.py:475] Timing: 449.82166504859924
I0413 20:49:29.615250 139908209289024 submission_runner.py:476] ====================
I0413 20:49:29.615304 139908209289024 submission_runner.py:469] Tuning trial 2/5
I0413 20:49:29.615359 139908209289024 submission_runner.py:470] Hyperparameters: {'learning_rate': 0.001, 'momentum': 0.9}
I0413 20:49:29.615430 139908209289024 submission_runner.py:472] Metrics: (22649, {'accuracy': 0.7419000267982483, 'loss': 1.5741360187530518})
I0413 20:49:29.615502 139908209289024 submission_runner.py:475] Timing: 425.1787168979645
I0413 20:49:29.615558 139908209289024 submission_runner.py:476] ====================
I0413 20:49:29.615610 139908209289024 submission_runner.py:469] Tuning trial 3/5
I0413 20:49:29.615663 139908209289024 submission_runner.py:470] Hyperparameters: {'learning_rate': 0.001, 'momentum': 0.9}
I0413 20:49:29.615731 139908209289024 submission_runner.py:472] Metrics: (24992, {'accuracy': 0.7324000597000122, 'loss': 1.8061081171035767})
I0413 20:49:29.615802 139908209289024 submission_runner.py:475] Timing: 457.95336532592773
I0413 20:49:29.615858 139908209289024 submission_runner.py:476] ====================
I0413 20:49:29.615915 139908209289024 submission_runner.py:469] Tuning trial 4/5
I0413 20:49:29.615969 139908209289024 submission_runner.py:470] Hyperparameters: {'learning_rate': 0.001, 'momentum': 0.9}
I0413 20:49:29.616031 139908209289024 submission_runner.py:472] Metrics: (23430, {'accuracy': 0.7502000331878662, 'loss': 1.6068271398544312})
I0413 20:49:29.616096 139908209289024 submission_runner.py:475] Timing: 434.4903964996338
I0413 20:49:29.616165 139908209289024 submission_runner.py:476] ====================
I0413 20:49:29.616217 139908209289024 submission_runner.py:469] Tuning trial 5/5
I0413 20:49:29.616271 139908209289024 submission_runner.py:470] Hyperparameters: {'learning_rate': 0.001, 'momentum': 0.9}
I0413 20:49:29.616335 139908209289024 submission_runner.py:472] Metrics: (24992, {'accuracy': 0.726900041103363, 'loss': 1.9618104696273804})
I0413 20:49:29.616399 139908209289024 submission_runner.py:475] Timing: 456.6569802761078
I0413 20:49:29.616457 139908209289024 submission_runner.py:476] ====================
I0413 20:49:29.811245 139908209289024 submission_runner.py:514] Final cifar10_jax score: 425.178717
