W0407 15:14:16.077309 140709463107392 logging_utils.py:329] Unable to record package information. Continuing without it.
I0407 15:14:18.807183 140709463107392 submission_runner.py:430] --- Tuning run 1/5 ---
I0407 15:14:47.533265 140709463107392 submission_runner.py:333] 2.85s	0	{'accuracy': 0.10010000318288803, 'loss': 2.303773880004883}
I0407 15:15:06.783949 140709463107392 submission_runner.py:333] 30.21s	781	{'accuracy': 0.343500018119812, 'loss': 1.8430614471435547}
I0407 15:15:20.984328 140709463107392 submission_runner.py:333] 44.54s	1562	{'accuracy': 0.4401000142097473, 'loss': 1.5693507194519043}
I0407 15:15:35.266410 140709463107392 submission_runner.py:333] 58.75s	2343	{'accuracy': 0.490200012922287, 'loss': 1.4282644987106323}
I0407 15:15:49.388900 140709463107392 submission_runner.py:333] 73.01s	3124	{'accuracy': 0.5223000049591064, 'loss': 1.3405828475952148}
I0407 15:16:03.220402 140709463107392 submission_runner.py:333] 86.64s	3905	{'accuracy': 0.5452000498771667, 'loss': 1.2832788228988647}
I0407 15:16:18.620064 140709463107392 submission_runner.py:333] 102.25s	4686	{'accuracy': 0.5746000409126282, 'loss': 1.2063151597976685}
I0407 15:16:31.710114 140709463107392 submission_runner.py:333] 115.35s	5467	{'accuracy': 0.5937000513076782, 'loss': 1.1534762382507324}
I0407 15:16:45.634585 140709463107392 submission_runner.py:333] 129.29s	6248	{'accuracy': 0.610200047492981, 'loss': 1.1082229614257812}
I0407 15:16:59.077065 140709463107392 submission_runner.py:333] 142.73s	7029	{'accuracy': 0.6195000410079956, 'loss': 1.0775576829910278}
I0407 15:17:11.975148 140709463107392 submission_runner.py:333] 155.64s	7810	{'accuracy': 0.6238000392913818, 'loss': 1.074695110321045}
I0407 15:17:26.474277 140709463107392 submission_runner.py:333] 169.64s	8591	{'accuracy': 0.6344000101089478, 'loss': 1.0542378425598145}
I0407 15:17:40.594157 140709463107392 submission_runner.py:333] 184.25s	9372	{'accuracy': 0.6468000411987305, 'loss': 1.0301271677017212}
I0407 15:17:54.879954 140709463107392 submission_runner.py:333] 198.32s	10153	{'accuracy': 0.6486000418663025, 'loss': 1.0347950458526611}
I0407 15:18:08.696618 140709463107392 submission_runner.py:333] 212.27s	10934	{'accuracy': 0.6601000428199768, 'loss': 1.01388418674469}
I0407 15:18:21.855170 140709463107392 submission_runner.py:333] 225.50s	11715	{'accuracy': 0.667900025844574, 'loss': 1.0097050666809082}
I0407 15:18:35.033976 140709463107392 submission_runner.py:333] 238.65s	12496	{'accuracy': 0.6723000407218933, 'loss': 1.042617678642273}
I0407 15:18:48.393237 140709463107392 submission_runner.py:333] 251.71s	13277	{'accuracy': 0.6764000058174133, 'loss': 1.0467779636383057}
I0407 15:19:01.618896 140709463107392 submission_runner.py:333] 265.26s	14058	{'accuracy': 0.6761000156402588, 'loss': 1.0658514499664307}
I0407 15:19:14.709983 140709463107392 submission_runner.py:333] 278.36s	14839	{'accuracy': 0.6703000068664551, 'loss': 1.130749225616455}
I0407 15:19:27.902714 140709463107392 submission_runner.py:333] 291.55s	15620	{'accuracy': 0.6742000579833984, 'loss': 1.1856493949890137}
I0407 15:19:41.000919 140709463107392 submission_runner.py:333] 304.65s	16401	{'accuracy': 0.6729000210762024, 'loss': 1.284254550933838}
W0407 15:19:41.002248 140709463107392 early_stopping.py:102] Early stop due to no improvement.
I0407 15:19:41.680005 140709463107392 submission_runner.py:430] --- Tuning run 2/5 ---
I0407 15:19:43.999557 140709463107392 submission_runner.py:333] 0.22s	0	{'accuracy': 0.07720000296831131, 'loss': 2.304330825805664}
I0407 15:20:03.056619 140709463107392 submission_runner.py:333] 19.04s	781	{'accuracy': 0.3695000112056732, 'loss': 1.7671114206314087}
I0407 15:20:17.772328 140709463107392 submission_runner.py:333] 33.31s	1562	{'accuracy': 0.44140002131462097, 'loss': 1.5718632936477661}
I0407 15:20:32.468776 140709463107392 submission_runner.py:333] 48.36s	2343	{'accuracy': 0.5181000232696533, 'loss': 1.357874870300293}
I0407 15:20:46.336302 140709463107392 submission_runner.py:333] 62.46s	3124	{'accuracy': 0.5485000014305115, 'loss': 1.2652719020843506}
I0407 15:20:59.447040 140709463107392 submission_runner.py:333] 75.58s	3905	{'accuracy': 0.5684000253677368, 'loss': 1.2087724208831787}
I0407 15:21:12.856061 140709463107392 submission_runner.py:333] 88.99s	4686	{'accuracy': 0.5585000514984131, 'loss': 1.2677243947982788}
I0407 15:21:26.767444 140709463107392 submission_runner.py:333] 102.65s	5467	{'accuracy': 0.6236000061035156, 'loss': 1.0627484321594238}
I0407 15:21:40.135385 140709463107392 submission_runner.py:333] 116.26s	6248	{'accuracy': 0.636400043964386, 'loss': 1.0418795347213745}
I0407 15:21:53.100633 140709463107392 submission_runner.py:333] 129.23s	7029	{'accuracy': 0.642300009727478, 'loss': 1.0301181077957153}
I0407 15:22:07.902623 140709463107392 submission_runner.py:333] 143.41s	7810	{'accuracy': 0.657800018787384, 'loss': 0.9850724935531616}
I0407 15:22:22.646601 140709463107392 submission_runner.py:333] 158.48s	8591	{'accuracy': 0.6669000387191772, 'loss': 0.9645624756813049}
I0407 15:22:37.507870 140709463107392 submission_runner.py:333] 173.37s	9372	{'accuracy': 0.6814000606536865, 'loss': 0.9422826766967773}
I0407 15:22:52.116615 140709463107392 submission_runner.py:333] 187.99s	10153	{'accuracy': 0.6895000338554382, 'loss': 0.9065538644790649}
I0407 15:23:06.640889 140709463107392 submission_runner.py:333] 202.54s	10934	{'accuracy': 0.690500020980835, 'loss': 0.9290809035301208}
I0407 15:23:21.205441 140709463107392 submission_runner.py:333] 217.05s	11715	{'accuracy': 0.6970000267028809, 'loss': 0.9373207688331604}
I0407 15:23:34.384385 140709463107392 submission_runner.py:333] 230.50s	12496	{'accuracy': 0.6932000517845154, 'loss': 0.9494403004646301}
I0407 15:23:47.349324 140709463107392 submission_runner.py:333] 243.50s	13277	{'accuracy': 0.6953000426292419, 'loss': 0.962346613407135}
I0407 15:24:00.990452 140709463107392 submission_runner.py:333] 256.88s	14058	{'accuracy': 0.7001000046730042, 'loss': 0.9963431358337402}
I0407 15:24:14.458184 140709463107392 submission_runner.py:333] 270.21s	14839	{'accuracy': 0.6952000260353088, 'loss': 1.0343167781829834}
W0407 15:24:14.459505 140709463107392 early_stopping.py:102] Early stop due to no improvement.
I0407 15:24:15.537225 140709463107392 submission_runner.py:430] --- Tuning run 3/5 ---
I0407 15:24:17.998354 140709463107392 submission_runner.py:333] 0.25s	0	{'accuracy': 0.10860000550746918, 'loss': 2.3017334938049316}
I0407 15:24:36.832219 140709463107392 submission_runner.py:333] 19.06s	781	{'accuracy': 0.3773000240325928, 'loss': 1.7592225074768066}
I0407 15:24:50.002324 140709463107392 submission_runner.py:333] 32.25s	1562	{'accuracy': 0.47210001945495605, 'loss': 1.472148060798645}
I0407 15:25:03.174789 140709463107392 submission_runner.py:333] 45.44s	2343	{'accuracy': 0.5103999972343445, 'loss': 1.3616453409194946}
I0407 15:25:16.415485 140709463107392 submission_runner.py:333] 58.68s	3124	{'accuracy': 0.5445000529289246, 'loss': 1.2667521238327026}
I0407 15:25:30.533964 140709463107392 submission_runner.py:333] 72.51s	3905	{'accuracy': 0.5699000358581543, 'loss': 1.2040510177612305}
I0407 15:25:44.997892 140709463107392 submission_runner.py:333] 87.02s	4686	{'accuracy': 0.6002000570297241, 'loss': 1.1263757944107056}
I0407 15:26:00.472988 140709463107392 submission_runner.py:333] 102.07s	5467	{'accuracy': 0.6149000525474548, 'loss': 1.0746995210647583}
I0407 15:26:15.303284 140709463107392 submission_runner.py:333] 117.19s	6248	{'accuracy': 0.6325000524520874, 'loss': 1.0441409349441528}
I0407 15:26:30.065085 140709463107392 submission_runner.py:333] 132.17s	7029	{'accuracy': 0.6503000259399414, 'loss': 0.9957183003425598}
I0407 15:26:43.313831 140709463107392 submission_runner.py:333] 145.52s	7810	{'accuracy': 0.6616000533103943, 'loss': 0.9650828838348389}
I0407 15:26:56.683831 140709463107392 submission_runner.py:333] 158.73s	8591	{'accuracy': 0.6651000380516052, 'loss': 0.9789496660232544}
I0407 15:27:11.308708 140709463107392 submission_runner.py:333] 173.30s	9372	{'accuracy': 0.6743000149726868, 'loss': 0.9463142156600952}
I0407 15:27:26.106205 140709463107392 submission_runner.py:333] 188.04s	10153	{'accuracy': 0.6778000593185425, 'loss': 0.9438040256500244}
I0407 15:27:39.515209 140709463107392 submission_runner.py:333] 201.76s	10934	{'accuracy': 0.6808000206947327, 'loss': 0.961456298828125}
I0407 15:27:52.681629 140709463107392 submission_runner.py:333] 214.86s	11715	{'accuracy': 0.6838000416755676, 'loss': 0.9522206783294678}
I0407 15:28:06.157158 140709463107392 submission_runner.py:333] 227.98s	12496	{'accuracy': 0.6902000308036804, 'loss': 0.9474806189537048}
I0407 15:28:20.516733 140709463107392 submission_runner.py:333] 242.75s	13277	{'accuracy': 0.6874000430107117, 'loss': 0.9945926070213318}
I0407 15:28:34.519325 140709463107392 submission_runner.py:333] 256.78s	14058	{'accuracy': 0.6884000301361084, 'loss': 1.0602680444717407}
I0407 15:28:47.680567 140709463107392 submission_runner.py:333] 269.95s	14839	{'accuracy': 0.688200056552887, 'loss': 1.0767532587051392}
W0407 15:28:47.681900 140709463107392 early_stopping.py:102] Early stop due to no improvement.
I0407 15:28:48.386119 140709463107392 submission_runner.py:430] --- Tuning run 4/5 ---
I0407 15:28:50.780391 140709463107392 submission_runner.py:333] 0.26s	0	{'accuracy': 0.09840000420808792, 'loss': 2.3063409328460693}
I0407 15:29:09.141102 140709463107392 submission_runner.py:333] 18.57s	781	{'accuracy': 0.3467000126838684, 'loss': 1.8130741119384766}
I0407 15:29:22.118359 140709463107392 submission_runner.py:333] 31.55s	1562	{'accuracy': 0.46670001745224, 'loss': 1.4929713010787964}
I0407 15:29:36.518230 140709463107392 submission_runner.py:333] 45.69s	2343	{'accuracy': 0.5004000067710876, 'loss': 1.391640305519104}
I0407 15:29:50.999068 140709463107392 submission_runner.py:333] 60.19s	3124	{'accuracy': 0.5472000241279602, 'loss': 1.2705574035644531}
I0407 15:30:05.573115 140709463107392 submission_runner.py:333] 74.53s	3905	{'accuracy': 0.5657000541687012, 'loss': 1.2175006866455078}
I0407 15:30:19.034211 140709463107392 submission_runner.py:333] 88.43s	4686	{'accuracy': 0.5924000144004822, 'loss': 1.1451153755187988}
I0407 15:30:33.248731 140709463107392 submission_runner.py:333] 102.43s	5467	{'accuracy': 0.6144000291824341, 'loss': 1.0911864042282104}
I0407 15:30:48.032615 140709463107392 submission_runner.py:333] 117.22s	6248	{'accuracy': 0.6342000365257263, 'loss': 1.0468312501907349}
I0407 15:31:02.654927 140709463107392 submission_runner.py:333] 131.83s	7029	{'accuracy': 0.6340000033378601, 'loss': 1.0563472509384155}
I0407 15:31:17.238954 140709463107392 submission_runner.py:333] 146.41s	7810	{'accuracy': 0.6520000100135803, 'loss': 1.0130923986434937}
I0407 15:31:31.935775 140709463107392 submission_runner.py:333] 161.04s	8591	{'accuracy': 0.6601000428199768, 'loss': 0.9957699775695801}
I0407 15:31:46.420577 140709463107392 submission_runner.py:333] 175.60s	9372	{'accuracy': 0.6706000566482544, 'loss': 0.9637320637702942}
I0407 15:32:01.473516 140709463107392 submission_runner.py:333] 190.19s	10153	{'accuracy': 0.6652000546455383, 'loss': 0.9791314005851746}
I0407 15:32:14.859827 140709463107392 submission_runner.py:333] 204.26s	10934	{'accuracy': 0.6794000267982483, 'loss': 0.9702988862991333}
I0407 15:32:28.323619 140709463107392 submission_runner.py:333] 217.65s	11715	{'accuracy': 0.6843000054359436, 'loss': 0.9749560952186584}
I0407 15:32:43.153431 140709463107392 submission_runner.py:333] 232.26s	12496	{'accuracy': 0.6803000569343567, 'loss': 1.015697956085205}
I0407 15:32:57.960338 140709463107392 submission_runner.py:333] 247.14s	13277	{'accuracy': 0.6830000281333923, 'loss': 1.0246978998184204}
I0407 15:33:12.098879 140709463107392 submission_runner.py:333] 261.26s	14058	{'accuracy': 0.6830000281333923, 'loss': 1.1013027429580688}
W0407 15:33:12.100673 140709463107392 early_stopping.py:102] Early stop due to no improvement.
I0407 15:33:12.670040 140709463107392 submission_runner.py:430] --- Tuning run 5/5 ---
I0407 15:33:15.365075 140709463107392 submission_runner.py:333] 0.29s	0	{'accuracy': 0.10570000857114792, 'loss': 2.310009002685547}
I0407 15:33:35.374167 140709463107392 submission_runner.py:333] 20.50s	781	{'accuracy': 0.3589000105857849, 'loss': 1.7355008125305176}
I0407 15:33:48.457422 140709463107392 submission_runner.py:333] 33.56s	1562	{'accuracy': 0.4887000322341919, 'loss': 1.4338420629501343}
I0407 15:34:01.970736 140709463107392 submission_runner.py:333] 46.64s	2343	{'accuracy': 0.5333999991416931, 'loss': 1.3228044509887695}
I0407 15:34:15.473940 140709463107392 submission_runner.py:333] 60.59s	3124	{'accuracy': 0.5545000433921814, 'loss': 1.2453175783157349}
I0407 15:34:29.930320 140709463107392 submission_runner.py:333] 74.73s	3905	{'accuracy': 0.5936000347137451, 'loss': 1.1502974033355713}
I0407 15:34:44.795935 140709463107392 submission_runner.py:333] 89.64s	4686	{'accuracy': 0.6017000079154968, 'loss': 1.124021053314209}
I0407 15:34:59.505340 140709463107392 submission_runner.py:333] 104.36s	5467	{'accuracy': 0.6271000504493713, 'loss': 1.0619124174118042}
I0407 15:35:14.170466 140709463107392 submission_runner.py:333] 119.02s	6248	{'accuracy': 0.6525000333786011, 'loss': 1.0046260356903076}
I0407 15:35:27.884162 140709463107392 submission_runner.py:333] 133.02s	7029	{'accuracy': 0.6546000242233276, 'loss': 0.9959800243377686}
I0407 15:35:41.001773 140709463107392 submission_runner.py:333] 146.14s	7810	{'accuracy': 0.6754000186920166, 'loss': 0.9399887323379517}
I0407 15:35:53.930496 140709463107392 submission_runner.py:333] 159.06s	8591	{'accuracy': 0.6725000143051147, 'loss': 0.9629175066947937}
I0407 15:36:08.412754 140709463107392 submission_runner.py:333] 172.83s	9372	{'accuracy': 0.6803000569343567, 'loss': 0.9378322958946228}
I0407 15:36:21.897167 140709463107392 submission_runner.py:333] 186.97s	10153	{'accuracy': 0.6907000541687012, 'loss': 0.9213002324104309}
I0407 15:36:35.488612 140709463107392 submission_runner.py:333] 200.44s	10934	{'accuracy': 0.6930000185966492, 'loss': 0.95240718126297}
I0407 15:36:50.149720 140709463107392 submission_runner.py:333] 215.05s	11715	{'accuracy': 0.6967000365257263, 'loss': 0.9322707653045654}
I0407 15:37:03.420520 140709463107392 submission_runner.py:333] 228.55s	12496	{'accuracy': 0.6891000270843506, 'loss': 1.0354514122009277}
I0407 15:37:16.638939 140709463107392 submission_runner.py:333] 241.76s	13277	{'accuracy': 0.7000000476837158, 'loss': 0.969853937625885}
I0407 15:37:29.796140 140709463107392 submission_runner.py:333] 254.91s	14058	{'accuracy': 0.6903000473976135, 'loss': 1.056592583656311}
I0407 15:37:42.985412 140709463107392 submission_runner.py:333] 268.11s	14839	{'accuracy': 0.701200008392334, 'loss': 1.0552294254302979}
W0407 15:37:42.986827 140709463107392 early_stopping.py:102] Early stop due to no improvement.
I0407 15:37:43.726583 140709463107392 submission_runner.py:442] ===== Results =====
I0407 15:37:43.727005 140709463107392 submission_runner.py:444] Tuning trial 1/5
I0407 15:37:43.727091 140709463107392 submission_runner.py:445] Hyperparameters: {'learning_rate': 0.001, 'momentum': 0.9}
I0407 15:37:43.727199 140709463107392 submission_runner.py:447] Metrics: (16401, {'accuracy': 0.6729000210762024, 'loss': 1.284254550933838})
I0407 15:37:43.727270 140709463107392 submission_runner.py:450] Timing: 229.41880297660828
I0407 15:37:43.727326 140709463107392 submission_runner.py:451] ====================
I0407 15:37:43.727370 140709463107392 submission_runner.py:444] Tuning trial 2/5
I0407 15:37:43.727416 140709463107392 submission_runner.py:445] Hyperparameters: {'learning_rate': 0.001, 'momentum': 0.9}
I0407 15:37:43.727475 140709463107392 submission_runner.py:447] Metrics: (14839, {'accuracy': 0.6952000260353088, 'loss': 1.0343167781829834})
I0407 15:37:43.727598 140709463107392 submission_runner.py:450] Timing: 210.44786524772644
I0407 15:37:43.727660 140709463107392 submission_runner.py:451] ====================
I0407 15:37:43.727707 140709463107392 submission_runner.py:444] Tuning trial 3/5
I0407 15:37:43.727756 140709463107392 submission_runner.py:445] Hyperparameters: {'learning_rate': 0.001, 'momentum': 0.9}
I0407 15:37:43.727819 140709463107392 submission_runner.py:447] Metrics: (14839, {'accuracy': 0.688200056552887, 'loss': 1.0767532587051392})
I0407 15:37:43.727890 140709463107392 submission_runner.py:450] Timing: 208.86249160766602
I0407 15:37:43.727941 140709463107392 submission_runner.py:451] ====================
I0407 15:37:43.727986 140709463107392 submission_runner.py:444] Tuning trial 4/5
I0407 15:37:43.728033 140709463107392 submission_runner.py:445] Hyperparameters: {'learning_rate': 0.001, 'momentum': 0.9}
I0407 15:37:43.728092 140709463107392 submission_runner.py:447] Metrics: (14058, {'accuracy': 0.6830000281333923, 'loss': 1.1013027429580688})
I0407 15:37:43.728156 140709463107392 submission_runner.py:450] Timing: 203.87190699577332
I0407 15:37:43.728215 140709463107392 submission_runner.py:451] ====================
I0407 15:37:43.728262 140709463107392 submission_runner.py:444] Tuning trial 5/5
I0407 15:37:43.728309 140709463107392 submission_runner.py:445] Hyperparameters: {'learning_rate': 0.001, 'momentum': 0.9}
I0407 15:37:43.728368 140709463107392 submission_runner.py:447] Metrics: (14839, {'accuracy': 0.701200008392334, 'loss': 1.0552294254302979})
I0407 15:37:43.728425 140709463107392 submission_runner.py:450] Timing: 209.30733442306519
I0407 15:37:43.728474 140709463107392 submission_runner.py:451] ====================
I0407 15:37:44.254082 140709463107392 submission_runner.py:489] Final cifar10_jax score: 203.871907
