W0413 16:22:58.914884 140686342321984 logging_utils.py:329] Unable to record package information. Continuing without it.
I0413 16:23:01.874973 140686342321984 submission_runner.py:455] --- Tuning run 1/5 ---
I0413 16:23:40.256879 140686342321984 submission_runner.py:357] 3.40s	0	{'accuracy': 0.10000000149011612, 'loss': 2.3133809566497803}
I0413 16:24:06.532507 140686342321984 submission_runner.py:357] 39.64s	781	{'accuracy': 0.23430001735687256, 'loss': 2.1502227783203125}
I0413 16:24:25.110491 140686342321984 submission_runner.py:357] 58.00s	1562	{'accuracy': 0.358100026845932, 'loss': 1.7749775648117065}
I0413 16:24:43.863441 140686342321984 submission_runner.py:357] 77.03s	2343	{'accuracy': 0.417900025844574, 'loss': 1.6164427995681763}
I0413 16:25:03.687831 140686342321984 submission_runner.py:357] 96.70s	3124	{'accuracy': 0.46250003576278687, 'loss': 1.4996885061264038}
I0413 16:25:21.899928 140686342321984 submission_runner.py:357] 115.14s	3905	{'accuracy': 0.504800021648407, 'loss': 1.3874861001968384}
I0413 16:25:41.595487 140686342321984 submission_runner.py:357] 134.51s	4686	{'accuracy': 0.5481000542640686, 'loss': 1.274230718612671}
I0413 16:26:01.295055 140686342321984 submission_runner.py:357] 154.57s	5467	{'accuracy': 0.5695000290870667, 'loss': 1.2118959426879883}
I0413 16:26:20.206048 140686342321984 submission_runner.py:357] 173.35s	6248	{'accuracy': 0.6062000393867493, 'loss': 1.115304946899414}
I0413 16:26:39.300239 140686342321984 submission_runner.py:357] 192.45s	7029	{'accuracy': 0.6214000582695007, 'loss': 1.0644842386245728}
I0413 16:26:58.201164 140686342321984 submission_runner.py:357] 211.35s	7810	{'accuracy': 0.6375000476837158, 'loss': 1.0259385108947754}
I0413 16:27:17.264458 140686342321984 submission_runner.py:357] 230.60s	8591	{'accuracy': 0.6600000262260437, 'loss': 0.9813290238380432}
I0413 16:27:34.434374 140686342321984 submission_runner.py:357] 247.56s	9372	{'accuracy': 0.6741000413894653, 'loss': 0.9299942851066589}
I0413 16:27:52.219919 140686342321984 submission_runner.py:357] 265.63s	10153	{'accuracy': 0.674500048160553, 'loss': 0.9367098808288574}
I0413 16:28:10.095124 140686342321984 submission_runner.py:357] 283.32s	10934	{'accuracy': 0.6911000609397888, 'loss': 0.879314124584198}
I0413 16:28:29.350850 140686342321984 submission_runner.py:357] 302.47s	11715	{'accuracy': 0.7065000534057617, 'loss': 0.8542078733444214}
I0413 16:28:48.349417 140686342321984 submission_runner.py:357] 321.49s	12496	{'accuracy': 0.7076000571250916, 'loss': 0.8346148133277893}
I0413 16:29:06.698006 140686342321984 submission_runner.py:357] 339.79s	13277	{'accuracy': 0.7258000373840332, 'loss': 0.8004779815673828}
I0413 16:29:26.495782 140686342321984 submission_runner.py:357] 359.11s	14058	{'accuracy': 0.7308000326156616, 'loss': 0.7890578508377075}
I0413 16:29:45.958756 140686342321984 submission_runner.py:357] 379.16s	14839	{'accuracy': 0.7204000353813171, 'loss': 0.8150556683540344}
I0413 16:30:04.200928 140686342321984 submission_runner.py:357] 397.30s	15620	{'accuracy': 0.7341000437736511, 'loss': 0.7606414556503296}
I0413 16:30:23.110990 140686342321984 submission_runner.py:357] 416.06s	16401	{'accuracy': 0.7373000383377075, 'loss': 0.7453001737594604}
I0413 16:30:42.173753 140686342321984 submission_runner.py:357] 435.27s	17182	{'accuracy': 0.7430000305175781, 'loss': 0.7371135354042053}
I0413 16:31:01.497403 140686342321984 submission_runner.py:357] 454.66s	17963	{'accuracy': 0.7472000122070312, 'loss': 0.72625333070755}
I0413 16:31:20.800592 140686342321984 submission_runner.py:357] 473.84s	18744	{'accuracy': 0.7490000128746033, 'loss': 0.7124550342559814}
I0413 16:31:40.222595 140686342321984 submission_runner.py:357] 492.95s	19525	{'accuracy': 0.7445000410079956, 'loss': 0.7343345284461975}
I0413 16:31:59.153293 140686342321984 submission_runner.py:357] 512.38s	20306	{'accuracy': 0.7564000487327576, 'loss': 0.705250084400177}
I0413 16:32:18.306817 140686342321984 submission_runner.py:357] 531.49s	21087	{'accuracy': 0.7598000168800354, 'loss': 0.690485954284668}
I0413 16:32:37.227227 140686342321984 submission_runner.py:357] 550.46s	21868	{'accuracy': 0.7636000514030457, 'loss': 0.6810876131057739}
I0413 16:32:55.196638 140686342321984 submission_runner.py:357] 568.48s	22649	{'accuracy': 0.7658000588417053, 'loss': 0.6708157658576965}
I0413 16:33:13.498019 140686342321984 submission_runner.py:357] 586.65s	23430	{'accuracy': 0.7694000601768494, 'loss': 0.6651509404182434}
I0413 16:33:32.501320 140686342321984 submission_runner.py:357] 605.66s	24211	{'accuracy': 0.7659000158309937, 'loss': 0.6788028478622437}
I0413 16:33:51.605251 140686342321984 submission_runner.py:357] 624.80s	24992	{'accuracy': 0.7705000638961792, 'loss': 0.6714657545089722}
I0413 16:34:10.389771 140686342321984 submission_runner.py:357] 643.50s	25773	{'accuracy': 0.7738000154495239, 'loss': 0.6506405472755432}
I0413 16:34:30.286854 140686342321984 submission_runner.py:357] 662.86s	26554	{'accuracy': 0.7740000486373901, 'loss': 0.6624667048454285}
I0413 16:34:50.223655 140686342321984 submission_runner.py:357] 683.36s	27335	{'accuracy': 0.7765000462532043, 'loss': 0.6452126502990723}
I0413 16:35:10.855375 140686342321984 submission_runner.py:357] 703.97s	28116	{'accuracy': 0.7704000473022461, 'loss': 0.6650563478469849}
I0413 16:35:29.541800 140686342321984 submission_runner.py:357] 722.70s	28897	{'accuracy': 0.7795000076293945, 'loss': 0.6417418718338013}
I0413 16:35:47.975840 140686342321984 submission_runner.py:357] 741.25s	29678	{'accuracy': 0.7856000661849976, 'loss': 0.627438485622406}
I0413 16:36:06.248393 140686342321984 submission_runner.py:357] 759.54s	30459	{'accuracy': 0.7763000130653381, 'loss': 0.6566137671470642}
I0413 16:36:25.335217 140686342321984 submission_runner.py:357] 778.62s	31240	{'accuracy': 0.7854000329971313, 'loss': 0.6372545957565308}
I0413 16:36:44.310366 140686342321984 submission_runner.py:357] 797.49s	32021	{'accuracy': 0.7812000513076782, 'loss': 0.6354657411575317}
I0413 16:37:04.248002 140686342321984 submission_runner.py:357] 816.96s	32802	{'accuracy': 0.7883000373840332, 'loss': 0.6257902979850769}
I0413 16:37:25.513588 140686342321984 submission_runner.py:357] 838.41s	33583	{'accuracy': 0.7836000323295593, 'loss': 0.6375687122344971}
I0413 16:37:46.965399 140686342321984 submission_runner.py:357] 859.94s	34364	{'accuracy': 0.7889000177383423, 'loss': 0.6368664503097534}
I0413 16:38:05.996199 140686342321984 submission_runner.py:357] 879.29s	35145	{'accuracy': 0.7852000594139099, 'loss': 0.635557234287262}
I0413 16:38:24.852555 140686342321984 submission_runner.py:357] 898.01s	35926	{'accuracy': 0.7865000367164612, 'loss': 0.6380923986434937}
I0413 16:38:43.269519 140686342321984 submission_runner.py:357] 916.54s	36707	{'accuracy': 0.7861000299453735, 'loss': 0.6223881840705872}
I0413 16:39:02.343982 140686342321984 submission_runner.py:357] 935.77s	37488	{'accuracy': 0.7902000546455383, 'loss': 0.6245697140693665}
I0413 16:39:19.518611 140686342321984 submission_runner.py:357] 953.00s	38269	{'accuracy': 0.7914000153541565, 'loss': 0.6300322413444519}
I0413 16:39:38.056649 140686342321984 submission_runner.py:357] 971.31s	39050	{'accuracy': 0.7962000370025635, 'loss': 0.6217982769012451}
I0413 16:39:58.143743 140686342321984 submission_runner.py:357] 990.86s	39831	{'accuracy': 0.7951000332832336, 'loss': 0.6260078549385071}
I0413 16:40:17.410290 140686342321984 submission_runner.py:357] 1010.56s	40612	{'accuracy': 0.7943000197410583, 'loss': 0.6213566064834595}
I0413 16:40:36.856769 140686342321984 submission_runner.py:357] 1030.11s	41393	{'accuracy': 0.7948000431060791, 'loss': 0.6204466819763184}
I0413 16:40:55.497273 140686342321984 submission_runner.py:357] 1048.73s	42174	{'accuracy': 0.7948000431060791, 'loss': 0.6351635456085205}
I0413 16:41:14.487490 140686342321984 submission_runner.py:357] 1067.76s	42955	{'accuracy': 0.7971000671386719, 'loss': 0.6197224855422974}
I0413 16:41:33.655551 140686342321984 submission_runner.py:357] 1086.88s	43736	{'accuracy': 0.7962000370025635, 'loss': 0.6234896779060364}
I0413 16:41:52.967898 140686342321984 submission_runner.py:357] 1106.19s	44517	{'accuracy': 0.7972000241279602, 'loss': 0.6126052737236023}
I0413 16:42:11.966238 140686342321984 submission_runner.py:357] 1125.19s	45298	{'accuracy': 0.7948000431060791, 'loss': 0.6228457093238831}
I0413 16:42:30.707134 140686342321984 submission_runner.py:357] 1143.83s	46079	{'accuracy': 0.7994000315666199, 'loss': 0.6144483089447021}
I0413 16:42:47.995930 140686342321984 submission_runner.py:357] 1160.98s	46860	{'accuracy': 0.797700047492981, 'loss': 0.6228792071342468}
I0413 16:43:05.708050 140686342321984 submission_runner.py:357] 1179.02s	47641	{'accuracy': 0.8001000285148621, 'loss': 0.6196019053459167}
I0413 16:43:26.344446 140686342321984 submission_runner.py:357] 1199.53s	48422	{'accuracy': 0.7989000082015991, 'loss': 0.6152549386024475}
I0413 16:43:45.974870 140686342321984 submission_runner.py:357] 1219.21s	49203	{'accuracy': 0.7996000647544861, 'loss': 0.6504220962524414}
I0413 16:44:04.593191 140686342321984 submission_runner.py:357] 1237.75s	49984	{'accuracy': 0.801800012588501, 'loss': 0.6191273927688599}
I0413 16:44:23.274248 140686342321984 submission_runner.py:357] 1256.45s	50765	{'accuracy': 0.7951000332832336, 'loss': 0.6373589038848877}
I0413 16:44:42.971165 140686342321984 submission_runner.py:357] 1276.25s	51546	{'accuracy': 0.7972000241279602, 'loss': 0.6332967877388}
I0413 16:45:02.039567 140686342321984 submission_runner.py:357] 1295.28s	52327	{'accuracy': 0.8009000420570374, 'loss': 0.644950807094574}
I0413 16:45:21.670484 140686342321984 submission_runner.py:357] 1314.44s	53108	{'accuracy': 0.7997000217437744, 'loss': 0.6484182476997375}
I0413 16:45:41.059703 140686342321984 submission_runner.py:357] 1334.30s	53889	{'accuracy': 0.7962000370025635, 'loss': 0.643274188041687}
I0413 16:46:00.240854 140686342321984 submission_runner.py:357] 1353.32s	54670	{'accuracy': 0.8011000156402588, 'loss': 0.6425605416297913}
I0413 16:46:19.763676 140686342321984 submission_runner.py:357] 1372.82s	55451	{'accuracy': 0.8035000562667847, 'loss': 0.6524901390075684}
I0413 16:46:39.461398 140686342321984 submission_runner.py:357] 1392.81s	56232	{'accuracy': 0.7963000535964966, 'loss': 0.6563652753829956}
I0413 16:46:58.077600 140686342321984 submission_runner.py:357] 1411.59s	57013	{'accuracy': 0.8006000518798828, 'loss': 0.6448904871940613}
I0413 16:47:14.919120 140686342321984 submission_runner.py:357] 1428.43s	57794	{'accuracy': 0.7996000647544861, 'loss': 0.6558242440223694}
I0413 16:47:31.873439 140686342321984 submission_runner.py:357] 1445.36s	58575	{'accuracy': 0.7992000579833984, 'loss': 0.6498537063598633}
I0413 16:47:48.845210 140686342321984 submission_runner.py:357] 1462.35s	59356	{'accuracy': 0.8027000427246094, 'loss': 0.6471887826919556}
I0413 16:48:06.270945 140686342321984 submission_runner.py:357] 1479.24s	60137	{'accuracy': 0.8004000186920166, 'loss': 0.668224036693573}
I0413 16:48:24.106404 140686342321984 submission_runner.py:357] 1497.48s	60918	{'accuracy': 0.8006000518798828, 'loss': 0.6654144525527954}
W0413 16:48:24.107838 140686342321984 early_stopping.py:102] Early stop due to no improvement.
I0413 16:48:24.928936 140686342321984 submission_runner.py:455] --- Tuning run 2/5 ---
I0413 16:48:28.914520 140686342321984 submission_runner.py:357] 0.29s	0	{'accuracy': 0.09460000693798065, 'loss': 2.307208776473999}
I0413 16:48:54.618643 140686342321984 submission_runner.py:357] 26.33s	781	{'accuracy': 0.2240000069141388, 'loss': 2.2371373176574707}
I0413 16:49:13.727643 140686342321984 submission_runner.py:357] 45.35s	1562	{'accuracy': 0.3629000186920166, 'loss': 1.7622108459472656}
I0413 16:49:33.184313 140686342321984 submission_runner.py:357] 64.76s	2343	{'accuracy': 0.4326000213623047, 'loss': 1.5851950645446777}
I0413 16:49:52.294432 140686342321984 submission_runner.py:357] 83.90s	3124	{'accuracy': 0.48670002818107605, 'loss': 1.4526861906051636}
I0413 16:50:10.643944 140686342321984 submission_runner.py:357] 102.45s	3905	{'accuracy': 0.5394999980926514, 'loss': 1.3141359090805054}
I0413 16:50:28.801815 140686342321984 submission_runner.py:357] 120.03s	4686	{'accuracy': 0.5748000144958496, 'loss': 1.2217512130737305}
I0413 16:50:48.038356 140686342321984 submission_runner.py:357] 139.57s	5467	{'accuracy': 0.588200032711029, 'loss': 1.1637163162231445}
I0413 16:51:07.349978 140686342321984 submission_runner.py:357] 158.83s	6248	{'accuracy': 0.6176000237464905, 'loss': 1.0813329219818115}
I0413 16:51:26.698916 140686342321984 submission_runner.py:357] 178.09s	7029	{'accuracy': 0.6372000575065613, 'loss': 1.035226583480835}
I0413 16:51:45.944825 140686342321984 submission_runner.py:357] 197.55s	7810	{'accuracy': 0.651900053024292, 'loss': 0.9998870491981506}
I0413 16:52:05.176479 140686342321984 submission_runner.py:357] 216.58s	8591	{'accuracy': 0.6625000238418579, 'loss': 0.95359867811203}
I0413 16:52:24.712218 140686342321984 submission_runner.py:357] 236.20s	9372	{'accuracy': 0.6807000041007996, 'loss': 0.9007431864738464}
I0413 16:52:45.253077 140686342321984 submission_runner.py:357] 256.70s	10153	{'accuracy': 0.6785000562667847, 'loss': 0.9086909890174866}
I0413 16:53:05.946844 140686342321984 submission_runner.py:357] 277.35s	10934	{'accuracy': 0.7035000324249268, 'loss': 0.8414285778999329}
I0413 16:53:25.561335 140686342321984 submission_runner.py:357] 296.54s	11715	{'accuracy': 0.7101000547409058, 'loss': 0.8281994462013245}
I0413 16:53:44.974796 140686342321984 submission_runner.py:357] 316.53s	12496	{'accuracy': 0.7134000062942505, 'loss': 0.8088858127593994}
I0413 16:54:04.207855 140686342321984 submission_runner.py:357] 335.58s	13277	{'accuracy': 0.7170000076293945, 'loss': 0.8037422895431519}
I0413 16:54:23.920763 140686342321984 submission_runner.py:357] 355.56s	14058	{'accuracy': 0.7303000092506409, 'loss': 0.7734766602516174}
I0413 16:54:42.859047 140686342321984 submission_runner.py:357] 374.37s	14839	{'accuracy': 0.7334000468254089, 'loss': 0.7537940740585327}
I0413 16:55:02.294185 140686342321984 submission_runner.py:357] 393.86s	15620	{'accuracy': 0.7402000427246094, 'loss': 0.7417047023773193}
I0413 16:55:20.656650 140686342321984 submission_runner.py:357] 412.44s	16401	{'accuracy': 0.7494000196456909, 'loss': 0.7209067940711975}
I0413 16:55:38.639125 140686342321984 submission_runner.py:357] 430.10s	17182	{'accuracy': 0.7488000392913818, 'loss': 0.7155412435531616}
I0413 16:55:57.262724 140686342321984 submission_runner.py:357] 449.06s	17963	{'accuracy': 0.7551000118255615, 'loss': 0.6958613395690918}
I0413 16:56:14.616427 140686342321984 submission_runner.py:357] 466.00s	18744	{'accuracy': 0.7547000646591187, 'loss': 0.6961273550987244}
I0413 16:56:32.912148 140686342321984 submission_runner.py:357] 484.68s	19525	{'accuracy': 0.7620000243186951, 'loss': 0.6823844313621521}
I0413 16:56:51.322993 140686342321984 submission_runner.py:357] 503.12s	20306	{'accuracy': 0.7634000182151794, 'loss': 0.6684635877609253}
I0413 16:57:09.004792 140686342321984 submission_runner.py:357] 520.79s	21087	{'accuracy': 0.7630000114440918, 'loss': 0.6760814785957336}
I0413 16:57:26.821055 140686342321984 submission_runner.py:357] 538.54s	21868	{'accuracy': 0.7734000086784363, 'loss': 0.6511009335517883}
I0413 16:57:44.433618 140686342321984 submission_runner.py:357] 556.19s	22649	{'accuracy': 0.7689000368118286, 'loss': 0.665616512298584}
I0413 16:58:02.497521 140686342321984 submission_runner.py:357] 574.20s	23430	{'accuracy': 0.770300030708313, 'loss': 0.6656952500343323}
I0413 16:58:19.575694 140686342321984 submission_runner.py:357] 591.46s	24211	{'accuracy': 0.775600016117096, 'loss': 0.6497870683670044}
I0413 16:58:37.132639 140686342321984 submission_runner.py:357] 608.47s	24992	{'accuracy': 0.7748000621795654, 'loss': 0.6486883759498596}
I0413 16:58:57.183950 140686342321984 submission_runner.py:357] 628.77s	25773	{'accuracy': 0.7770000100135803, 'loss': 0.6442041397094727}
I0413 16:59:16.422918 140686342321984 submission_runner.py:357] 647.97s	26554	{'accuracy': 0.7785000205039978, 'loss': 0.6435791254043579}
I0413 16:59:35.806896 140686342321984 submission_runner.py:357] 667.33s	27335	{'accuracy': 0.7808000445365906, 'loss': 0.6392691731452942}
I0413 16:59:55.187402 140686342321984 submission_runner.py:357] 686.70s	28116	{'accuracy': 0.7847000360488892, 'loss': 0.6281527876853943}
I0413 17:00:14.461848 140686342321984 submission_runner.py:357] 706.06s	28897	{'accuracy': 0.7878000140190125, 'loss': 0.6200509667396545}
I0413 17:00:33.045888 140686342321984 submission_runner.py:357] 724.82s	29678	{'accuracy': 0.7853000164031982, 'loss': 0.6274028420448303}
I0413 17:00:51.989124 140686342321984 submission_runner.py:357] 743.65s	30459	{'accuracy': 0.7872000336647034, 'loss': 0.6150354146957397}
I0413 17:01:10.717296 140686342321984 submission_runner.py:357] 762.53s	31240	{'accuracy': 0.7852000594139099, 'loss': 0.6285377144813538}
I0413 17:01:28.632055 140686342321984 submission_runner.py:357] 779.85s	32021	{'accuracy': 0.7856000661849976, 'loss': 0.6202651262283325}
I0413 17:01:47.426716 140686342321984 submission_runner.py:357] 799.00s	32802	{'accuracy': 0.796500027179718, 'loss': 0.6069003343582153}
I0413 17:02:07.977711 140686342321984 submission_runner.py:357] 819.37s	33583	{'accuracy': 0.7940000295639038, 'loss': 0.6093348860740662}
I0413 17:02:27.210066 140686342321984 submission_runner.py:357] 838.86s	34364	{'accuracy': 0.7937000393867493, 'loss': 0.6090598702430725}
I0413 17:02:46.693337 140686342321984 submission_runner.py:357] 858.35s	35145	{'accuracy': 0.7982000112533569, 'loss': 0.5883728861808777}
I0413 17:03:05.834939 140686342321984 submission_runner.py:357] 877.50s	35926	{'accuracy': 0.7976000308990479, 'loss': 0.6088812351226807}
I0413 17:03:23.821948 140686342321984 submission_runner.py:357] 895.45s	36707	{'accuracy': 0.7951000332832336, 'loss': 0.6169602870941162}
I0413 17:03:42.456390 140686342321984 submission_runner.py:357] 914.04s	37488	{'accuracy': 0.79420006275177, 'loss': 0.6026709675788879}
I0413 17:04:00.968134 140686342321984 submission_runner.py:357] 932.28s	38269	{'accuracy': 0.7904000282287598, 'loss': 0.6152687072753906}
I0413 17:04:20.353095 140686342321984 submission_runner.py:357] 951.92s	39050	{'accuracy': 0.7986000180244446, 'loss': 0.5975431203842163}
I0413 17:04:39.776626 140686342321984 submission_runner.py:357] 971.50s	39831	{'accuracy': 0.7976000308990479, 'loss': 0.6062981486320496}
I0413 17:04:59.481233 140686342321984 submission_runner.py:357] 991.07s	40612	{'accuracy': 0.7919000387191772, 'loss': 0.617781937122345}
I0413 17:05:17.771755 140686342321984 submission_runner.py:357] 1009.54s	41393	{'accuracy': 0.7971000671386719, 'loss': 0.597959041595459}
I0413 17:05:35.523188 140686342321984 submission_runner.py:357] 1027.29s	42174	{'accuracy': 0.796500027179718, 'loss': 0.634395956993103}
I0413 17:05:54.266348 140686342321984 submission_runner.py:357] 1045.76s	42955	{'accuracy': 0.7938000559806824, 'loss': 0.6297217011451721}
I0413 17:06:13.509004 140686342321984 submission_runner.py:357] 1065.06s	43736	{'accuracy': 0.8027000427246094, 'loss': 0.6062233448028564}
I0413 17:06:33.194374 140686342321984 submission_runner.py:357] 1084.81s	44517	{'accuracy': 0.8055000305175781, 'loss': 0.5912513732910156}
I0413 17:06:52.517223 140686342321984 submission_runner.py:357] 1103.80s	45298	{'accuracy': 0.7974000573158264, 'loss': 0.6186645030975342}
I0413 17:07:10.968134 140686342321984 submission_runner.py:357] 1122.68s	46079	{'accuracy': 0.8028000593185425, 'loss': 0.6207453012466431}
I0413 17:07:29.315068 140686342321984 submission_runner.py:357] 1141.05s	46860	{'accuracy': 0.800000011920929, 'loss': 0.6055238842964172}
I0413 17:07:48.986907 140686342321984 submission_runner.py:357] 1160.39s	47641	{'accuracy': 0.7976000308990479, 'loss': 0.6317352056503296}
I0413 17:08:09.739359 140686342321984 submission_runner.py:357] 1181.17s	48422	{'accuracy': 0.8096000552177429, 'loss': 0.588661789894104}
I0413 17:08:29.769510 140686342321984 submission_runner.py:357] 1201.40s	49203	{'accuracy': 0.80840003490448, 'loss': 0.5887778401374817}
I0413 17:08:49.440835 140686342321984 submission_runner.py:357] 1221.08s	49984	{'accuracy': 0.8061000108718872, 'loss': 0.6025370359420776}
I0413 17:09:08.783704 140686342321984 submission_runner.py:357] 1240.27s	50765	{'accuracy': 0.8056000471115112, 'loss': 0.6071121096611023}
I0413 17:09:27.297765 140686342321984 submission_runner.py:357] 1258.84s	51546	{'accuracy': 0.8061000108718872, 'loss': 0.6080837845802307}
W0413 17:09:27.299273 140686342321984 early_stopping.py:102] Early stop due to no improvement.
I0413 17:09:28.105387 140686342321984 submission_runner.py:455] --- Tuning run 3/5 ---
I0413 17:09:32.366730 140686342321984 submission_runner.py:357] 0.34s	0	{'accuracy': 0.10590000450611115, 'loss': 2.309108018875122}
I0413 17:09:58.846638 140686342321984 submission_runner.py:357] 27.30s	781	{'accuracy': 0.25110000371932983, 'loss': 2.121358871459961}
I0413 17:10:18.295291 140686342321984 submission_runner.py:357] 46.65s	1562	{'accuracy': 0.3604000210762024, 'loss': 1.7530179023742676}
I0413 17:10:36.969053 140686342321984 submission_runner.py:357] 65.35s	2343	{'accuracy': 0.42740002274513245, 'loss': 1.6003458499908447}
I0413 17:10:56.104338 140686342321984 submission_runner.py:357] 84.31s	3124	{'accuracy': 0.4691000282764435, 'loss': 1.4793843030929565}
I0413 17:11:16.374493 140686342321984 submission_runner.py:357] 104.71s	3905	{'accuracy': 0.5131000280380249, 'loss': 1.3622775077819824}
I0413 17:11:35.260377 140686342321984 submission_runner.py:357] 123.73s	4686	{'accuracy': 0.5473000407218933, 'loss': 1.2783375978469849}
I0413 17:11:53.793052 140686342321984 submission_runner.py:357] 142.20s	5467	{'accuracy': 0.5707000494003296, 'loss': 1.2134267091751099}
I0413 17:12:13.216670 140686342321984 submission_runner.py:357] 161.09s	6248	{'accuracy': 0.6025000214576721, 'loss': 1.1262015104293823}
I0413 17:12:32.421844 140686342321984 submission_runner.py:357] 180.74s	7029	{'accuracy': 0.6237000226974487, 'loss': 1.065974473953247}
I0413 17:12:51.389530 140686342321984 submission_runner.py:357] 199.63s	7810	{'accuracy': 0.6379000544548035, 'loss': 1.0239146947860718}
I0413 17:13:10.776601 140686342321984 submission_runner.py:357] 219.17s	8591	{'accuracy': 0.6563000082969666, 'loss': 0.9784179329872131}
I0413 17:13:29.734570 140686342321984 submission_runner.py:357] 238.04s	9372	{'accuracy': 0.6676000356674194, 'loss': 0.9438583254814148}
I0413 17:13:48.510819 140686342321984 submission_runner.py:357] 256.86s	10153	{'accuracy': 0.6854000091552734, 'loss': 0.9038117527961731}
I0413 17:14:08.176877 140686342321984 submission_runner.py:357] 276.38s	10934	{'accuracy': 0.6904000043869019, 'loss': 0.8758111596107483}
I0413 17:14:27.400515 140686342321984 submission_runner.py:357] 295.65s	11715	{'accuracy': 0.7006000280380249, 'loss': 0.8595131039619446}
I0413 17:14:45.124267 140686342321984 submission_runner.py:357] 313.74s	12496	{'accuracy': 0.7079000473022461, 'loss': 0.8266518712043762}
I0413 17:15:02.663348 140686342321984 submission_runner.py:357] 330.85s	13277	{'accuracy': 0.7187000513076782, 'loss': 0.8204696774482727}
I0413 17:15:19.982100 140686342321984 submission_runner.py:357] 348.61s	14058	{'accuracy': 0.7218000292778015, 'loss': 0.8000453114509583}
I0413 17:15:37.437393 140686342321984 submission_runner.py:357] 366.03s	14839	{'accuracy': 0.7298000454902649, 'loss': 0.7667409777641296}
I0413 17:15:55.037009 140686342321984 submission_runner.py:357] 383.56s	15620	{'accuracy': 0.738800048828125, 'loss': 0.7491682767868042}
I0413 17:16:13.660210 140686342321984 submission_runner.py:357] 402.02s	16401	{'accuracy': 0.7434000372886658, 'loss': 0.7371851205825806}
I0413 17:16:32.622962 140686342321984 submission_runner.py:357] 421.20s	17182	{'accuracy': 0.7425000071525574, 'loss': 0.7308841943740845}
I0413 17:16:51.885246 140686342321984 submission_runner.py:357] 440.24s	17963	{'accuracy': 0.7470000386238098, 'loss': 0.7196602821350098}
I0413 17:17:11.685691 140686342321984 submission_runner.py:357] 459.85s	18744	{'accuracy': 0.754300057888031, 'loss': 0.7049286365509033}
I0413 17:17:31.523294 140686342321984 submission_runner.py:357] 479.78s	19525	{'accuracy': 0.7567000389099121, 'loss': 0.6936390399932861}
I0413 17:17:50.499242 140686342321984 submission_runner.py:357] 498.33s	20306	{'accuracy': 0.7592000365257263, 'loss': 0.6896924376487732}
I0413 17:18:09.570334 140686342321984 submission_runner.py:357] 517.91s	21087	{'accuracy': 0.760200023651123, 'loss': 0.6904309391975403}
I0413 17:18:29.030311 140686342321984 submission_runner.py:357] 537.39s	21868	{'accuracy': 0.7605000138282776, 'loss': 0.6801719069480896}
I0413 17:18:48.785315 140686342321984 submission_runner.py:357] 557.35s	22649	{'accuracy': 0.768500030040741, 'loss': 0.6672489643096924}
I0413 17:19:06.494552 140686342321984 submission_runner.py:357] 575.12s	23430	{'accuracy': 0.7680000066757202, 'loss': 0.6635270118713379}
I0413 17:19:25.159098 140686342321984 submission_runner.py:357] 593.51s	24211	{'accuracy': 0.7714000344276428, 'loss': 0.6628140807151794}
I0413 17:19:44.838481 140686342321984 submission_runner.py:357] 613.28s	24992	{'accuracy': 0.7734000086784363, 'loss': 0.6428574323654175}
I0413 17:20:04.797186 140686342321984 submission_runner.py:357] 633.17s	25773	{'accuracy': 0.7804000377655029, 'loss': 0.6427024602890015}
I0413 17:20:25.419743 140686342321984 submission_runner.py:357] 653.18s	26554	{'accuracy': 0.7746000289916992, 'loss': 0.6472277641296387}
I0413 17:20:44.012755 140686342321984 submission_runner.py:357] 672.57s	27335	{'accuracy': 0.773900032043457, 'loss': 0.6455862522125244}
I0413 17:21:01.381887 140686342321984 submission_runner.py:357] 690.05s	28116	{'accuracy': 0.7809000611305237, 'loss': 0.6415202021598816}
I0413 17:21:19.183255 140686342321984 submission_runner.py:357] 707.53s	28897	{'accuracy': 0.7807000279426575, 'loss': 0.6467421054840088}
I0413 17:21:38.667636 140686342321984 submission_runner.py:357] 727.05s	29678	{'accuracy': 0.7854000329971313, 'loss': 0.6267939209938049}
I0413 17:21:56.799145 140686342321984 submission_runner.py:357] 745.42s	30459	{'accuracy': 0.7851000428199768, 'loss': 0.6252025961875916}
I0413 17:22:16.043848 140686342321984 submission_runner.py:357] 764.41s	31240	{'accuracy': 0.7845000624656677, 'loss': 0.6216686367988586}
I0413 17:22:36.472475 140686342321984 submission_runner.py:357] 784.78s	32021	{'accuracy': 0.788800060749054, 'loss': 0.6149468421936035}
I0413 17:22:56.495078 140686342321984 submission_runner.py:357] 804.90s	32802	{'accuracy': 0.7901000380516052, 'loss': 0.6079257130622864}
I0413 17:23:16.838115 140686342321984 submission_runner.py:357] 824.51s	33583	{'accuracy': 0.7946000099182129, 'loss': 0.6052693724632263}
I0413 17:23:37.237311 140686342321984 submission_runner.py:357] 845.45s	34364	{'accuracy': 0.7908000349998474, 'loss': 0.6183157563209534}
I0413 17:23:56.398202 140686342321984 submission_runner.py:357] 864.79s	35145	{'accuracy': 0.7967000603675842, 'loss': 0.6078270673751831}
I0413 17:24:15.316213 140686342321984 submission_runner.py:357] 883.70s	35926	{'accuracy': 0.7952000498771667, 'loss': 0.6131910681724548}
I0413 17:24:34.555856 140686342321984 submission_runner.py:357] 902.92s	36707	{'accuracy': 0.7931000590324402, 'loss': 0.6039670705795288}
I0413 17:24:53.697910 140686342321984 submission_runner.py:357] 922.08s	37488	{'accuracy': 0.7970000505447388, 'loss': 0.5996207594871521}
I0413 17:25:12.369477 140686342321984 submission_runner.py:357] 940.88s	38269	{'accuracy': 0.7936000227928162, 'loss': 0.6190045475959778}
I0413 17:25:31.241900 140686342321984 submission_runner.py:357] 959.62s	39050	{'accuracy': 0.7963000535964966, 'loss': 0.6068812012672424}
I0413 17:25:49.882897 140686342321984 submission_runner.py:357] 978.16s	39831	{'accuracy': 0.7937000393867493, 'loss': 0.6253915429115295}
I0413 17:26:09.429827 140686342321984 submission_runner.py:357] 997.26s	40612	{'accuracy': 0.7921000123023987, 'loss': 0.6234959363937378}
I0413 17:26:30.101127 140686342321984 submission_runner.py:357] 1018.17s	41393	{'accuracy': 0.7973000407218933, 'loss': 0.609513521194458}
I0413 17:26:49.962330 140686342321984 submission_runner.py:357] 1038.41s	42174	{'accuracy': 0.7974000573158264, 'loss': 0.6104062795639038}
I0413 17:27:08.947913 140686342321984 submission_runner.py:357] 1057.29s	42955	{'accuracy': 0.7970000505447388, 'loss': 0.613441526889801}
I0413 17:27:28.152837 140686342321984 submission_runner.py:357] 1076.63s	43736	{'accuracy': 0.7999000549316406, 'loss': 0.5990719199180603}
I0413 17:27:46.743862 140686342321984 submission_runner.py:357] 1095.30s	44517	{'accuracy': 0.7951000332832336, 'loss': 0.6215634942054749}
I0413 17:28:06.304985 140686342321984 submission_runner.py:357] 1114.46s	45298	{'accuracy': 0.8016000390052795, 'loss': 0.6025581955909729}
I0413 17:28:25.121487 140686342321984 submission_runner.py:357] 1133.38s	46079	{'accuracy': 0.8076000213623047, 'loss': 0.5932067036628723}
I0413 17:28:44.660934 140686342321984 submission_runner.py:357] 1152.49s	46860	{'accuracy': 0.8028000593185425, 'loss': 0.60533607006073}
I0413 17:29:03.228386 140686342321984 submission_runner.py:357] 1171.79s	47641	{'accuracy': 0.8042000532150269, 'loss': 0.5979482531547546}
I0413 17:29:21.337820 140686342321984 submission_runner.py:357] 1189.81s	48422	{'accuracy': 0.8025000095367432, 'loss': 0.6087457537651062}
I0413 17:29:40.943434 140686342321984 submission_runner.py:357] 1209.31s	49203	{'accuracy': 0.8010000586509705, 'loss': 0.623687744140625}
I0413 17:29:59.591377 140686342321984 submission_runner.py:357] 1228.21s	49984	{'accuracy': 0.7994000315666199, 'loss': 0.6397373080253601}
I0413 17:30:18.056753 140686342321984 submission_runner.py:357] 1246.36s	50765	{'accuracy': 0.8070000410079956, 'loss': 0.6101239323616028}
I0413 17:30:37.456899 140686342321984 submission_runner.py:357] 1265.82s	51546	{'accuracy': 0.8022000193595886, 'loss': 0.6328862309455872}
I0413 17:30:56.074932 140686342321984 submission_runner.py:357] 1284.49s	52327	{'accuracy': 0.8083000183105469, 'loss': 0.6065501570701599}
I0413 17:31:14.532991 140686342321984 submission_runner.py:357] 1302.91s	53108	{'accuracy': 0.8063000440597534, 'loss': 0.6005682945251465}
I0413 17:31:33.929118 140686342321984 submission_runner.py:357] 1321.75s	53889	{'accuracy': 0.8056000471115112, 'loss': 0.6024239659309387}
I0413 17:31:53.027242 140686342321984 submission_runner.py:357] 1341.38s	54670	{'accuracy': 0.8057000637054443, 'loss': 0.6099883317947388}
I0413 17:32:11.875076 140686342321984 submission_runner.py:357] 1360.27s	55451	{'accuracy': 0.8040000200271606, 'loss': 0.6148465871810913}
I0413 17:32:31.404197 140686342321984 submission_runner.py:357] 1379.81s	56232	{'accuracy': 0.8083000183105469, 'loss': 0.613298237323761}
I0413 17:32:52.038462 140686342321984 submission_runner.py:357] 1400.30s	57013	{'accuracy': 0.8043000102043152, 'loss': 0.6186039447784424}
I0413 17:33:11.389835 140686342321984 submission_runner.py:357] 1419.77s	57794	{'accuracy': 0.8063000440597534, 'loss': 0.6199508309364319}
I0413 17:33:30.630116 140686342321984 submission_runner.py:357] 1438.92s	58575	{'accuracy': 0.8038000464439392, 'loss': 0.6273410320281982}
I0413 17:33:49.117518 140686342321984 submission_runner.py:357] 1457.54s	59356	{'accuracy': 0.8041000366210938, 'loss': 0.6236048936843872}
I0413 17:34:07.724659 140686342321984 submission_runner.py:357] 1475.88s	60137	{'accuracy': 0.8082000613212585, 'loss': 0.6087712049484253}
I0413 17:34:26.727742 140686342321984 submission_runner.py:357] 1494.98s	60918	{'accuracy': 0.8077000379562378, 'loss': 0.6368381381034851}
I0413 17:34:46.262387 140686342321984 submission_runner.py:357] 1514.56s	61699	{'accuracy': 0.8075000643730164, 'loss': 0.6242402791976929}
I0413 17:35:05.643484 140686342321984 submission_runner.py:357] 1533.96s	62480	{'accuracy': 0.8047000169754028, 'loss': 0.636260449886322}
W0413 17:35:05.645015 140686342321984 early_stopping.py:102] Early stop due to no improvement.
I0413 17:35:06.474438 140686342321984 submission_runner.py:455] --- Tuning run 4/5 ---
I0413 17:35:10.243333 140686342321984 submission_runner.py:357] 0.34s	0	{'accuracy': 0.10010000318288803, 'loss': 2.307187557220459}
I0413 17:35:36.398327 140686342321984 submission_runner.py:357] 26.36s	781	{'accuracy': 0.2045000046491623, 'loss': 2.231679677963257}
I0413 17:35:55.395857 140686342321984 submission_runner.py:357] 45.32s	1562	{'accuracy': 0.34040001034736633, 'loss': 1.8080490827560425}
I0413 17:36:13.384760 140686342321984 submission_runner.py:357] 63.38s	2343	{'accuracy': 0.4171000123023987, 'loss': 1.6098295450210571}
I0413 17:36:33.350616 140686342321984 submission_runner.py:357] 82.98s	3124	{'accuracy': 0.45980003476142883, 'loss': 1.492256760597229}
I0413 17:36:53.097954 140686342321984 submission_runner.py:357] 102.90s	3905	{'accuracy': 0.5273000001907349, 'loss': 1.3171805143356323}
I0413 17:37:13.276499 140686342321984 submission_runner.py:357] 123.06s	4686	{'accuracy': 0.5645000338554382, 'loss': 1.2360039949417114}
I0413 17:37:33.132596 140686342321984 submission_runner.py:357] 143.07s	5467	{'accuracy': 0.5865000486373901, 'loss': 1.1817245483398438}
I0413 17:37:53.632949 140686342321984 submission_runner.py:357] 163.51s	6248	{'accuracy': 0.6093000173568726, 'loss': 1.1059203147888184}
I0413 17:38:14.097951 140686342321984 submission_runner.py:357] 184.02s	7029	{'accuracy': 0.6292000412940979, 'loss': 1.051001787185669}
I0413 17:38:34.463340 140686342321984 submission_runner.py:357] 204.43s	7810	{'accuracy': 0.6442000269889832, 'loss': 1.012380599975586}
I0413 17:38:53.995108 140686342321984 submission_runner.py:357] 223.76s	8591	{'accuracy': 0.6677000522613525, 'loss': 0.9504358768463135}
I0413 17:39:13.498718 140686342321984 submission_runner.py:357] 243.48s	9372	{'accuracy': 0.660800039768219, 'loss': 0.9669249653816223}
I0413 17:39:32.952875 140686342321984 submission_runner.py:357] 262.34s	10153	{'accuracy': 0.6892000436782837, 'loss': 0.8912080526351929}
I0413 17:39:52.972023 140686342321984 submission_runner.py:357] 282.84s	10934	{'accuracy': 0.6864000558853149, 'loss': 0.8961289525032043}
I0413 17:40:13.214343 140686342321984 submission_runner.py:357] 303.10s	11715	{'accuracy': 0.7064000368118286, 'loss': 0.8389691114425659}
I0413 17:40:33.556060 140686342321984 submission_runner.py:357] 323.46s	12496	{'accuracy': 0.7051000595092773, 'loss': 0.8469957709312439}
I0413 17:40:53.263312 140686342321984 submission_runner.py:357] 343.48s	13277	{'accuracy': 0.7201000452041626, 'loss': 0.8005927801132202}
I0413 17:41:12.763860 140686342321984 submission_runner.py:357] 362.74s	14058	{'accuracy': 0.7266000509262085, 'loss': 0.779865562915802}
I0413 17:41:32.397616 140686342321984 submission_runner.py:357] 382.26s	14839	{'accuracy': 0.7253000140190125, 'loss': 0.7857550382614136}
I0413 17:41:51.472764 140686342321984 submission_runner.py:357] 401.34s	15620	{'accuracy': 0.7253000140190125, 'loss': 0.7760084271430969}
I0413 17:42:10.985764 140686342321984 submission_runner.py:357] 420.83s	16401	{'accuracy': 0.741100013256073, 'loss': 0.7423528432846069}
I0413 17:42:30.699769 140686342321984 submission_runner.py:357] 440.09s	17182	{'accuracy': 0.7423000335693359, 'loss': 0.7376778721809387}
I0413 17:42:50.289416 140686342321984 submission_runner.py:357] 460.41s	17963	{'accuracy': 0.7529000639915466, 'loss': 0.7128608822822571}
I0413 17:43:09.556494 140686342321984 submission_runner.py:357] 479.44s	18744	{'accuracy': 0.7536000609397888, 'loss': 0.7083017826080322}
I0413 17:43:29.716192 140686342321984 submission_runner.py:357] 499.65s	19525	{'accuracy': 0.7503000497817993, 'loss': 0.7216792106628418}
I0413 17:43:49.402077 140686342321984 submission_runner.py:357] 519.38s	20306	{'accuracy': 0.7533000111579895, 'loss': 0.7182682752609253}
I0413 17:44:08.559034 140686342321984 submission_runner.py:357] 538.55s	21087	{'accuracy': 0.7608000636100769, 'loss': 0.6867097020149231}
I0413 17:44:27.675303 140686342321984 submission_runner.py:357] 557.69s	21868	{'accuracy': 0.7648000121116638, 'loss': 0.6826210021972656}
I0413 17:44:46.725950 140686342321984 submission_runner.py:357] 576.75s	22649	{'accuracy': 0.7553000450134277, 'loss': 0.7025778293609619}
I0413 17:45:05.982668 140686342321984 submission_runner.py:357] 595.51s	23430	{'accuracy': 0.7676000595092773, 'loss': 0.6712143421173096}
I0413 17:45:26.084615 140686342321984 submission_runner.py:357] 615.95s	24211	{'accuracy': 0.7623000144958496, 'loss': 0.6889505982398987}
I0413 17:45:45.322597 140686342321984 submission_runner.py:357] 635.49s	24992	{'accuracy': 0.772100031375885, 'loss': 0.6636888980865479}
I0413 17:46:02.766741 140686342321984 submission_runner.py:357] 653.00s	25773	{'accuracy': 0.7740000486373901, 'loss': 0.6666297912597656}
I0413 17:46:22.337678 140686342321984 submission_runner.py:357] 672.23s	26554	{'accuracy': 0.7807000279426575, 'loss': 0.6364067196846008}
I0413 17:46:40.831941 140686342321984 submission_runner.py:357] 691.04s	27335	{'accuracy': 0.7782000303268433, 'loss': 0.6443102955818176}
I0413 17:47:00.105548 140686342321984 submission_runner.py:357] 709.87s	28116	{'accuracy': 0.77920001745224, 'loss': 0.6429423093795776}
I0413 17:47:18.615652 140686342321984 submission_runner.py:357] 728.75s	28897	{'accuracy': 0.7745000123977661, 'loss': 0.6570698618888855}
I0413 17:47:36.881883 140686342321984 submission_runner.py:357] 746.89s	29678	{'accuracy': 0.7832000255584717, 'loss': 0.6420523524284363}
I0413 17:47:56.569718 140686342321984 submission_runner.py:357] 765.75s	30459	{'accuracy': 0.7848000526428223, 'loss': 0.6209579110145569}
I0413 17:48:16.981399 140686342321984 submission_runner.py:357] 786.71s	31240	{'accuracy': 0.7830000519752502, 'loss': 0.6299713850021362}
I0413 17:48:36.786871 140686342321984 submission_runner.py:357] 806.79s	32021	{'accuracy': 0.785800039768219, 'loss': 0.6254727244377136}
I0413 17:48:56.360364 140686342321984 submission_runner.py:357] 826.38s	32802	{'accuracy': 0.7922000288963318, 'loss': 0.6160135865211487}
I0413 17:49:15.708534 140686342321984 submission_runner.py:357] 845.84s	33583	{'accuracy': 0.788800060749054, 'loss': 0.6307565569877625}
I0413 17:49:33.841133 140686342321984 submission_runner.py:357] 864.01s	34364	{'accuracy': 0.7910000085830688, 'loss': 0.6176331639289856}
I0413 17:49:51.256348 140686342321984 submission_runner.py:357] 881.45s	35145	{'accuracy': 0.788800060749054, 'loss': 0.6358071565628052}
I0413 17:50:09.229575 140686342321984 submission_runner.py:357] 899.33s	35926	{'accuracy': 0.7945000529289246, 'loss': 0.6079566478729248}
I0413 17:50:27.572715 140686342321984 submission_runner.py:357] 917.08s	36707	{'accuracy': 0.7917000651359558, 'loss': 0.6347993612289429}
I0413 17:50:47.046266 140686342321984 submission_runner.py:357] 936.86s	37488	{'accuracy': 0.7927000522613525, 'loss': 0.6102167963981628}
I0413 17:51:07.416376 140686342321984 submission_runner.py:357] 957.17s	38269	{'accuracy': 0.7920000553131104, 'loss': 0.6231048107147217}
I0413 17:51:27.552597 140686342321984 submission_runner.py:357] 977.34s	39050	{'accuracy': 0.79420006275177, 'loss': 0.6272653341293335}
I0413 17:51:47.086526 140686342321984 submission_runner.py:357] 997.07s	39831	{'accuracy': 0.7936000227928162, 'loss': 0.6183981895446777}
I0413 17:52:06.608251 140686342321984 submission_runner.py:357] 1016.46s	40612	{'accuracy': 0.7953000664710999, 'loss': 0.6141578555107117}
I0413 17:52:25.571495 140686342321984 submission_runner.py:357] 1035.34s	41393	{'accuracy': 0.7914000153541565, 'loss': 0.6555827260017395}
I0413 17:52:44.667459 140686342321984 submission_runner.py:357] 1054.56s	42174	{'accuracy': 0.7963000535964966, 'loss': 0.6157940030097961}
I0413 17:53:02.955203 140686342321984 submission_runner.py:357] 1072.86s	42955	{'accuracy': 0.7915000319480896, 'loss': 0.6440901756286621}
I0413 17:53:21.696954 140686342321984 submission_runner.py:357] 1091.12s	43736	{'accuracy': 0.7969000339508057, 'loss': 0.6190137267112732}
I0413 17:53:41.532963 140686342321984 submission_runner.py:357] 1111.63s	44517	{'accuracy': 0.7986000180244446, 'loss': 0.621430516242981}
I0413 17:53:59.570864 140686342321984 submission_runner.py:357] 1129.66s	45298	{'accuracy': 0.8012000322341919, 'loss': 0.6149333119392395}
I0413 17:54:18.960735 140686342321984 submission_runner.py:357] 1148.98s	46079	{'accuracy': 0.7999000549316406, 'loss': 0.6271127462387085}
I0413 17:54:38.090965 140686342321984 submission_runner.py:357] 1168.24s	46860	{'accuracy': 0.8010000586509705, 'loss': 0.6020680069923401}
I0413 17:54:56.618465 140686342321984 submission_runner.py:357] 1186.46s	47641	{'accuracy': 0.8006000518798828, 'loss': 0.6166854500770569}
I0413 17:55:15.443200 140686342321984 submission_runner.py:357] 1205.52s	48422	{'accuracy': 0.8009000420570374, 'loss': 0.6299706101417542}
I0413 17:55:34.298109 140686342321984 submission_runner.py:357] 1224.13s	49203	{'accuracy': 0.8010000586509705, 'loss': 0.6173340082168579}
I0413 17:55:53.030843 140686342321984 submission_runner.py:357] 1243.02s	49984	{'accuracy': 0.8022000193595886, 'loss': 0.6105340123176575}
I0413 17:56:11.192710 140686342321984 submission_runner.py:357] 1260.72s	50765	{'accuracy': 0.7930000424385071, 'loss': 0.6606094241142273}
I0413 17:56:31.035103 140686342321984 submission_runner.py:357] 1280.83s	51546	{'accuracy': 0.8022000193595886, 'loss': 0.610824465751648}
I0413 17:56:50.760734 140686342321984 submission_runner.py:357] 1300.75s	52327	{'accuracy': 0.7981000542640686, 'loss': 0.6381338238716125}
I0413 17:57:10.823468 140686342321984 submission_runner.py:357] 1320.74s	53108	{'accuracy': 0.7969000339508057, 'loss': 0.6513901948928833}
I0413 17:57:29.402796 140686342321984 submission_runner.py:357] 1339.43s	53889	{'accuracy': 0.8028000593185425, 'loss': 0.6229952573776245}
I0413 17:57:46.958846 140686342321984 submission_runner.py:357] 1357.16s	54670	{'accuracy': 0.803600013256073, 'loss': 0.6392147541046143}
I0413 17:58:03.950733 140686342321984 submission_runner.py:357] 1374.13s	55451	{'accuracy': 0.8019000291824341, 'loss': 0.6264041066169739}
I0413 17:58:22.385018 140686342321984 submission_runner.py:357] 1392.24s	56232	{'accuracy': 0.8046000599861145, 'loss': 0.6141771078109741}
I0413 17:58:42.895614 140686342321984 submission_runner.py:357] 1412.27s	57013	{'accuracy': 0.8068000674247742, 'loss': 0.6229069828987122}
I0413 17:59:02.356415 140686342321984 submission_runner.py:357] 1432.39s	57794	{'accuracy': 0.8023000359535217, 'loss': 0.6466009020805359}
I0413 17:59:21.870278 140686342321984 submission_runner.py:357] 1452.02s	58575	{'accuracy': 0.8006000518798828, 'loss': 0.63991779088974}
I0413 17:59:40.124683 140686342321984 submission_runner.py:357] 1470.14s	59356	{'accuracy': 0.8040000200271606, 'loss': 0.6474752426147461}
I0413 17:59:58.189737 140686342321984 submission_runner.py:357] 1488.35s	60137	{'accuracy': 0.8035000562667847, 'loss': 0.6553374528884888}
I0413 18:00:16.519176 140686342321984 submission_runner.py:357] 1506.36s	60918	{'accuracy': 0.8048000335693359, 'loss': 0.6530535221099854}
I0413 18:00:37.055340 140686342321984 submission_runner.py:357] 1526.73s	61699	{'accuracy': 0.8063000440597534, 'loss': 0.6683962345123291}
I0413 18:00:56.020249 140686342321984 submission_runner.py:357] 1545.92s	62480	{'accuracy': 0.8032000660896301, 'loss': 0.6560295224189758}
I0413 18:01:15.004487 140686342321984 submission_runner.py:357] 1564.87s	63261	{'accuracy': 0.8062000274658203, 'loss': 0.65571528673172}
W0413 18:01:15.006071 140686342321984 early_stopping.py:102] Early stop due to no improvement.
I0413 18:01:15.815359 140686342321984 submission_runner.py:455] --- Tuning run 5/5 ---
I0413 18:01:20.085852 140686342321984 submission_runner.py:357] 0.34s	0	{'accuracy': 0.10330000519752502, 'loss': 2.3033902645111084}
I0413 18:01:47.182452 140686342321984 submission_runner.py:357] 27.69s	781	{'accuracy': 0.19830000400543213, 'loss': 2.247511386871338}
I0413 18:02:07.772887 140686342321984 submission_runner.py:357] 48.26s	1562	{'accuracy': 0.3360000252723694, 'loss': 1.8245469331741333}
I0413 18:02:27.531994 140686342321984 submission_runner.py:357] 68.11s	2343	{'accuracy': 0.39730000495910645, 'loss': 1.6680805683135986}
I0413 18:02:46.568953 140686342321984 submission_runner.py:357] 87.22s	3124	{'accuracy': 0.4333000183105469, 'loss': 1.566871166229248}
I0413 18:03:05.947107 140686342321984 submission_runner.py:357] 106.50s	3905	{'accuracy': 0.5034000277519226, 'loss': 1.395133376121521}
I0413 18:03:26.451849 140686342321984 submission_runner.py:357] 126.71s	4686	{'accuracy': 0.5340999960899353, 'loss': 1.315972924232483}
I0413 18:03:46.403716 140686342321984 submission_runner.py:357] 147.30s	5467	{'accuracy': 0.5802000164985657, 'loss': 1.2125828266143799}
I0413 18:04:03.516627 140686342321984 submission_runner.py:357] 164.43s	6248	{'accuracy': 0.5804000496864319, 'loss': 1.1767810583114624}
I0413 18:04:22.795436 140686342321984 submission_runner.py:357] 183.03s	7029	{'accuracy': 0.6189000010490417, 'loss': 1.0755535364151}
I0413 18:04:41.127102 140686342321984 submission_runner.py:357] 201.81s	7810	{'accuracy': 0.6381000280380249, 'loss': 1.0327606201171875}
I0413 18:05:00.218199 140686342321984 submission_runner.py:357] 220.81s	8591	{'accuracy': 0.65420001745224, 'loss': 0.9924371838569641}
I0413 18:05:19.503469 140686342321984 submission_runner.py:357] 240.11s	9372	{'accuracy': 0.6556000113487244, 'loss': 0.972550630569458}
I0413 18:05:38.683959 140686342321984 submission_runner.py:357] 259.35s	10153	{'accuracy': 0.6759000420570374, 'loss': 0.9201794266700745}
I0413 18:05:57.455796 140686342321984 submission_runner.py:357] 278.05s	10934	{'accuracy': 0.6953000426292419, 'loss': 0.8744261264801025}
I0413 18:06:15.960580 140686342321984 submission_runner.py:357] 296.57s	11715	{'accuracy': 0.706000030040741, 'loss': 0.855173647403717}
I0413 18:06:36.292631 140686342321984 submission_runner.py:357] 316.83s	12496	{'accuracy': 0.7104000449180603, 'loss': 0.8296815752983093}
I0413 18:06:56.157325 140686342321984 submission_runner.py:357] 336.37s	13277	{'accuracy': 0.7053000330924988, 'loss': 0.8397098779678345}
I0413 18:07:15.013861 140686342321984 submission_runner.py:357] 355.63s	14058	{'accuracy': 0.7219000458717346, 'loss': 0.7899484038352966}
I0413 18:07:34.438362 140686342321984 submission_runner.py:357] 375.05s	14839	{'accuracy': 0.7265000343322754, 'loss': 0.7819803953170776}
I0413 18:07:53.800859 140686342321984 submission_runner.py:357] 394.40s	15620	{'accuracy': 0.7196000218391418, 'loss': 0.7950934171676636}
I0413 18:08:11.511503 140686342321984 submission_runner.py:357] 412.41s	16401	{'accuracy': 0.7442000508308411, 'loss': 0.7393484711647034}
I0413 18:08:29.016883 140686342321984 submission_runner.py:357] 429.80s	17182	{'accuracy': 0.7404000163078308, 'loss': 0.7380201816558838}
I0413 18:08:46.091398 140686342321984 submission_runner.py:357] 446.99s	17963	{'accuracy': 0.7487000226974487, 'loss': 0.7234655022621155}
I0413 18:09:02.932496 140686342321984 submission_runner.py:357] 463.88s	18744	{'accuracy': 0.7553000450134277, 'loss': 0.7045961022377014}
I0413 18:09:20.045402 140686342321984 submission_runner.py:357] 480.90s	19525	{'accuracy': 0.7556000351905823, 'loss': 0.7003017663955688}
I0413 18:09:38.438596 140686342321984 submission_runner.py:357] 498.78s	20306	{'accuracy': 0.7634000182151794, 'loss': 0.6819870471954346}
I0413 18:09:57.211296 140686342321984 submission_runner.py:357] 518.03s	21087	{'accuracy': 0.7499000430107117, 'loss': 0.7135035395622253}
I0413 18:10:14.402078 140686342321984 submission_runner.py:357] 535.36s	21868	{'accuracy': 0.7640000581741333, 'loss': 0.6803303360939026}
I0413 18:10:31.972713 140686342321984 submission_runner.py:357] 552.85s	22649	{'accuracy': 0.7638000249862671, 'loss': 0.6824601888656616}
I0413 18:10:49.538455 140686342321984 submission_runner.py:357] 570.25s	23430	{'accuracy': 0.7698000073432922, 'loss': 0.6705935001373291}
I0413 18:11:07.365407 140686342321984 submission_runner.py:357] 588.30s	24211	{'accuracy': 0.7711000442504883, 'loss': 0.6609410047531128}
I0413 18:11:24.882338 140686342321984 submission_runner.py:357] 605.72s	24992	{'accuracy': 0.7741000652313232, 'loss': 0.6516157388687134}
I0413 18:11:41.701650 140686342321984 submission_runner.py:357] 622.61s	25773	{'accuracy': 0.7698000073432922, 'loss': 0.6646119952201843}
I0413 18:12:00.044937 140686342321984 submission_runner.py:357] 640.63s	26554	{'accuracy': 0.7758000493049622, 'loss': 0.641604483127594}
I0413 18:12:20.442742 140686342321984 submission_runner.py:357] 660.64s	27335	{'accuracy': 0.7779000401496887, 'loss': 0.651249349117279}
I0413 18:12:40.944704 140686342321984 submission_runner.py:357] 681.69s	28116	{'accuracy': 0.7775000333786011, 'loss': 0.6605119705200195}
I0413 18:13:00.341318 140686342321984 submission_runner.py:357] 700.89s	28897	{'accuracy': 0.7856000661849976, 'loss': 0.6289042234420776}
I0413 18:13:19.060040 140686342321984 submission_runner.py:357] 719.77s	29678	{'accuracy': 0.7863000631332397, 'loss': 0.626616895198822}
I0413 18:13:39.408469 140686342321984 submission_runner.py:357] 739.97s	30459	{'accuracy': 0.7860000133514404, 'loss': 0.6260974407196045}
I0413 18:13:58.385912 140686342321984 submission_runner.py:357] 759.13s	31240	{'accuracy': 0.7875000238418579, 'loss': 0.6164365410804749}
I0413 18:14:16.897298 140686342321984 submission_runner.py:357] 777.48s	32021	{'accuracy': 0.7898000478744507, 'loss': 0.616650402545929}
I0413 18:14:36.029982 140686342321984 submission_runner.py:357] 796.58s	32802	{'accuracy': 0.7832000255584717, 'loss': 0.6347762942314148}
I0413 18:14:55.628669 140686342321984 submission_runner.py:357] 815.66s	33583	{'accuracy': 0.7882000207901001, 'loss': 0.643199622631073}
I0413 18:15:15.169233 140686342321984 submission_runner.py:357] 835.76s	34364	{'accuracy': 0.7913000583648682, 'loss': 0.6219396591186523}
I0413 18:15:35.655179 140686342321984 submission_runner.py:357] 856.15s	35145	{'accuracy': 0.7892000079154968, 'loss': 0.6157108545303345}
I0413 18:15:55.986141 140686342321984 submission_runner.py:357] 876.61s	35926	{'accuracy': 0.7890000343322754, 'loss': 0.6059771776199341}
I0413 18:16:15.796260 140686342321984 submission_runner.py:357] 896.51s	36707	{'accuracy': 0.7881000638008118, 'loss': 0.6177595853805542}
I0413 18:16:34.307243 140686342321984 submission_runner.py:357] 915.13s	37488	{'accuracy': 0.79420006275177, 'loss': 0.5980689525604248}
I0413 18:16:52.280273 140686342321984 submission_runner.py:357] 933.08s	38269	{'accuracy': 0.7953000664710999, 'loss': 0.6137940287590027}
I0413 18:17:10.002786 140686342321984 submission_runner.py:357] 950.87s	39050	{'accuracy': 0.7973000407218933, 'loss': 0.6012328267097473}
I0413 18:17:28.195156 140686342321984 submission_runner.py:357] 968.87s	39831	{'accuracy': 0.7962000370025635, 'loss': 0.607192873954773}
I0413 18:17:46.854305 140686342321984 submission_runner.py:357] 987.04s	40612	{'accuracy': 0.8029000163078308, 'loss': 0.5988149642944336}
I0413 18:18:05.421260 140686342321984 submission_runner.py:357] 1006.15s	41393	{'accuracy': 0.7978000640869141, 'loss': 0.6038588285446167}
I0413 18:18:24.500712 140686342321984 submission_runner.py:357] 1025.13s	42174	{'accuracy': 0.7994000315666199, 'loss': 0.5995361804962158}
I0413 18:18:43.691608 140686342321984 submission_runner.py:357] 1044.16s	42955	{'accuracy': 0.7954000234603882, 'loss': 0.6094202399253845}
I0413 18:19:03.103894 140686342321984 submission_runner.py:357] 1063.67s	43736	{'accuracy': 0.79830002784729, 'loss': 0.5982024073600769}
I0413 18:19:22.307960 140686342321984 submission_runner.py:357] 1082.85s	44517	{'accuracy': 0.7955000400543213, 'loss': 0.6127145886421204}
I0413 18:19:42.414880 140686342321984 submission_runner.py:357] 1103.11s	45298	{'accuracy': 0.8003000617027283, 'loss': 0.6097971200942993}
I0413 18:20:01.452959 140686342321984 submission_runner.py:357] 1122.09s	46079	{'accuracy': 0.794700026512146, 'loss': 0.6182371377944946}
I0413 18:20:20.533100 140686342321984 submission_runner.py:357] 1140.69s	46860	{'accuracy': 0.7984000444412231, 'loss': 0.6126799583435059}
I0413 18:20:40.245105 140686342321984 submission_runner.py:357] 1160.71s	47641	{'accuracy': 0.7968000173568726, 'loss': 0.6065800786018372}
I0413 18:20:59.629907 140686342321984 submission_runner.py:357] 1180.26s	48422	{'accuracy': 0.8027000427246094, 'loss': 0.5995424389839172}
I0413 18:21:18.875667 140686342321984 submission_runner.py:357] 1199.66s	49203	{'accuracy': 0.801300048828125, 'loss': 0.6058855652809143}
I0413 18:21:38.771133 140686342321984 submission_runner.py:357] 1219.49s	49984	{'accuracy': 0.7979000210762024, 'loss': 0.6340113878250122}
I0413 18:21:58.972834 140686342321984 submission_runner.py:357] 1239.65s	50765	{'accuracy': 0.8039000630378723, 'loss': 0.5926756858825684}
I0413 18:22:18.448226 140686342321984 submission_runner.py:357] 1259.04s	51546	{'accuracy': 0.8039000630378723, 'loss': 0.6131837368011475}
I0413 18:22:37.040478 140686342321984 submission_runner.py:357] 1277.68s	52327	{'accuracy': 0.8045000433921814, 'loss': 0.6073341965675354}
I0413 18:22:55.434823 140686342321984 submission_runner.py:357] 1296.04s	53108	{'accuracy': 0.8046000599861145, 'loss': 0.604488730430603}
I0413 18:23:14.581519 140686342321984 submission_runner.py:357] 1314.67s	53889	{'accuracy': 0.8071000576019287, 'loss': 0.591920018196106}
I0413 18:23:33.624582 140686342321984 submission_runner.py:357] 1334.27s	54670	{'accuracy': 0.8043000102043152, 'loss': 0.6170219779014587}
I0413 18:23:52.370691 140686342321984 submission_runner.py:357] 1353.04s	55451	{'accuracy': 0.8078000545501709, 'loss': 0.5950251221656799}
I0413 18:24:11.321576 140686342321984 submission_runner.py:357] 1371.95s	56232	{'accuracy': 0.8026000261306763, 'loss': 0.6414437294006348}
I0413 18:24:30.543471 140686342321984 submission_runner.py:357] 1391.11s	57013	{'accuracy': 0.8056000471115112, 'loss': 0.6102151870727539}
I0413 18:24:49.301089 140686342321984 submission_runner.py:357] 1409.98s	57794	{'accuracy': 0.8062000274658203, 'loss': 0.6091961860656738}
I0413 18:25:09.327842 140686342321984 submission_runner.py:357] 1429.83s	58575	{'accuracy': 0.8069000244140625, 'loss': 0.624022901058197}
I0413 18:25:28.359154 140686342321984 submission_runner.py:357] 1448.92s	59356	{'accuracy': 0.8059000372886658, 'loss': 0.6165355443954468}
I0413 18:25:47.051394 140686342321984 submission_runner.py:357] 1467.24s	60137	{'accuracy': 0.8083000183105469, 'loss': 0.6146937608718872}
I0413 18:26:06.039979 140686342321984 submission_runner.py:357] 1486.65s	60918	{'accuracy': 0.805400013923645, 'loss': 0.6207492351531982}
I0413 18:26:25.234512 140686342321984 submission_runner.py:357] 1505.88s	61699	{'accuracy': 0.8065000176429749, 'loss': 0.6188144087791443}
I0413 18:26:44.935285 140686342321984 submission_runner.py:357] 1525.57s	62480	{'accuracy': 0.8083000183105469, 'loss': 0.6107250452041626}
I0413 18:27:03.964151 140686342321984 submission_runner.py:357] 1544.62s	63261	{'accuracy': 0.8045000433921814, 'loss': 0.6324228644371033}
I0413 18:27:23.484860 140686342321984 submission_runner.py:357] 1564.00s	64042	{'accuracy': 0.8047000169754028, 'loss': 0.6419790387153625}
I0413 18:27:42.062723 140686342321984 submission_runner.py:357] 1582.76s	64823	{'accuracy': 0.8096000552177429, 'loss': 0.6137844324111938}
I0413 18:28:00.607323 140686342321984 submission_runner.py:357] 1601.22s	65604	{'accuracy': 0.8092000484466553, 'loss': 0.6166749000549316}
I0413 18:28:20.515385 140686342321984 submission_runner.py:357] 1621.06s	66385	{'accuracy': 0.8061000108718872, 'loss': 0.6434761881828308}
I0413 18:28:40.462165 140686342321984 submission_runner.py:357] 1640.46s	67166	{'accuracy': 0.8095000386238098, 'loss': 0.6378735899925232}
I0413 18:28:59.460618 140686342321984 submission_runner.py:357] 1660.04s	67947	{'accuracy': 0.8053000569343567, 'loss': 0.6446249485015869}
I0413 18:29:18.901772 140686342321984 submission_runner.py:357] 1679.50s	68728	{'accuracy': 0.8074000477790833, 'loss': 0.6431381106376648}
I0413 18:29:38.497790 140686342321984 submission_runner.py:357] 1699.08s	69509	{'accuracy': 0.8113000392913818, 'loss': 0.6335315108299255}
I0413 18:29:57.621437 140686342321984 submission_runner.py:357] 1718.36s	70290	{'accuracy': 0.810200035572052, 'loss': 0.6541092991828918}
W0413 18:29:57.623182 140686342321984 early_stopping.py:102] Early stop due to no improvement.
I0413 18:29:58.424534 140686342321984 submission_runner.py:467] ===== Results =====
I0413 18:29:58.424937 140686342321984 submission_runner.py:469] Tuning trial 1/5
I0413 18:29:58.425032 140686342321984 submission_runner.py:470] Hyperparameters: {'learning_rate': 0.001, 'momentum': 0.9}
I0413 18:29:58.425147 140686342321984 submission_runner.py:472] Metrics: (60918, {'accuracy': 0.8006000518798828, 'loss': 0.6654144525527954})
I0413 18:29:58.425225 140686342321984 submission_runner.py:475] Timing: 1145.581337928772
I0413 18:29:58.425285 140686342321984 submission_runner.py:476] ====================
I0413 18:29:58.425335 140686342321984 submission_runner.py:469] Tuning trial 2/5
I0413 18:29:58.425386 140686342321984 submission_runner.py:470] Hyperparameters: {'learning_rate': 0.001, 'momentum': 0.9}
I0413 18:29:58.425463 140686342321984 submission_runner.py:472] Metrics: (51546, {'accuracy': 0.8061000108718872, 'loss': 0.6080837845802307})
I0413 18:29:58.425530 140686342321984 submission_runner.py:475] Timing: 971.1349997520447
I0413 18:29:58.425600 140686342321984 submission_runner.py:476] ====================
I0413 18:29:58.425649 140686342321984 submission_runner.py:469] Tuning trial 3/5
I0413 18:29:58.425698 140686342321984 submission_runner.py:470] Hyperparameters: {'learning_rate': 0.001, 'momentum': 0.9}
I0413 18:29:58.425763 140686342321984 submission_runner.py:472] Metrics: (62480, {'accuracy': 0.8047000169754028, 'loss': 0.636260449886322})
I0413 18:29:58.425827 140686342321984 submission_runner.py:475] Timing: 1181.5269877910614
I0413 18:29:58.425878 140686342321984 submission_runner.py:476] ====================
I0413 18:29:58.425926 140686342321984 submission_runner.py:469] Tuning trial 4/5
I0413 18:29:58.425975 140686342321984 submission_runner.py:470] Hyperparameters: {'learning_rate': 0.001, 'momentum': 0.9}
I0413 18:29:58.426032 140686342321984 submission_runner.py:472] Metrics: (63261, {'accuracy': 0.8062000274658203, 'loss': 0.65571528673172})
I0413 18:29:58.426097 140686342321984 submission_runner.py:475] Timing: 1201.49444937706
I0413 18:29:58.426154 140686342321984 submission_runner.py:476] ====================
I0413 18:29:58.426203 140686342321984 submission_runner.py:469] Tuning trial 5/5
I0413 18:29:58.426252 140686342321984 submission_runner.py:470] Hyperparameters: {'learning_rate': 0.001, 'momentum': 0.9}
I0413 18:29:58.426312 140686342321984 submission_runner.py:472] Metrics: (70290, {'accuracy': 0.810200035572052, 'loss': 0.6541092991828918})
I0413 18:29:58.426370 140686342321984 submission_runner.py:475] Timing: 1319.465927362442
I0413 18:29:58.426421 140686342321984 submission_runner.py:476] ====================
I0413 18:29:59.041671 140686342321984 submission_runner.py:514] Final cifar10_jax_dropout score: 971.135000
