W0413 21:43:34.620790 140367905576768 logging_utils.py:329] Unable to record package information. Continuing without it.
I0413 21:43:37.667199 140367905576768 submission_runner.py:455] --- Tuning run 1/5 ---
I0413 21:44:22.726038 140367905576768 submission_runner.py:357] 3.47s	0	{'accuracy': 0.09770000725984573, 'loss': 2.307379961013794}
I0413 21:44:47.941969 140367905576768 submission_runner.py:357] 40.51s	781	{'accuracy': 0.3888000249862671, 'loss': 1.682834506034851}
I0413 21:45:07.922374 140367905576768 submission_runner.py:357] 60.32s	1562	{'accuracy': 0.4473000168800354, 'loss': 1.504494547843933}
I0413 21:45:27.977823 140367905576768 submission_runner.py:357] 80.45s	2343	{'accuracy': 0.5093000531196594, 'loss': 1.3549164533615112}
I0413 21:45:47.742430 140367905576768 submission_runner.py:357] 100.40s	3124	{'accuracy': 0.5374000072479248, 'loss': 1.293785810470581}
I0413 21:46:07.399172 140367905576768 submission_runner.py:357] 120.08s	3905	{'accuracy': 0.5681000351905823, 'loss': 1.198696494102478}
I0413 21:46:27.370941 140367905576768 submission_runner.py:357] 139.83s	4686	{'accuracy': 0.581000030040741, 'loss': 1.1495022773742676}
I0413 21:46:47.534484 140367905576768 submission_runner.py:357] 160.21s	5467	{'accuracy': 0.6171000003814697, 'loss': 1.0763219594955444}
I0413 21:47:07.515308 140367905576768 submission_runner.py:357] 180.17s	6248	{'accuracy': 0.6409000158309937, 'loss': 1.0060398578643799}
I0413 21:47:27.628247 140367905576768 submission_runner.py:357] 200.17s	7029	{'accuracy': 0.6583000421524048, 'loss': 0.9611133337020874}
I0413 21:47:47.463463 140367905576768 submission_runner.py:357] 220.15s	7810	{'accuracy': 0.6698000431060791, 'loss': 0.9169840216636658}
I0413 21:48:07.390276 140367905576768 submission_runner.py:357] 240.08s	8591	{'accuracy': 0.672700047492981, 'loss': 0.9335761070251465}
I0413 21:48:27.403147 140367905576768 submission_runner.py:357] 259.80s	9372	{'accuracy': 0.7054000496864319, 'loss': 0.8365214467048645}
I0413 21:48:47.358139 140367905576768 submission_runner.py:357] 280.03s	10153	{'accuracy': 0.7201000452041626, 'loss': 0.7950737476348877}
I0413 21:49:07.055339 140367905576768 submission_runner.py:357] 299.74s	10934	{'accuracy': 0.7247000336647034, 'loss': 0.7841041088104248}
I0413 21:49:26.803006 140367905576768 submission_runner.py:357] 319.49s	11715	{'accuracy': 0.7282000184059143, 'loss': 0.7811404466629028}
I0413 21:49:46.482949 140367905576768 submission_runner.py:357] 339.21s	12496	{'accuracy': 0.7386000156402588, 'loss': 0.7460163831710815}
I0413 21:50:06.189106 140367905576768 submission_runner.py:357] 358.89s	13277	{'accuracy': 0.7467000484466553, 'loss': 0.7326588034629822}
I0413 21:50:26.370869 140367905576768 submission_runner.py:357] 378.60s	14058	{'accuracy': 0.7460000514984131, 'loss': 0.7224681973457336}
I0413 21:50:46.552549 140367905576768 submission_runner.py:357] 399.16s	14839	{'accuracy': 0.7534000277519226, 'loss': 0.7059912085533142}
I0413 21:51:06.678713 140367905576768 submission_runner.py:357] 419.21s	15620	{'accuracy': 0.7603000402450562, 'loss': 0.6826525926589966}
I0413 21:51:26.569810 140367905576768 submission_runner.py:357] 439.23s	16401	{'accuracy': 0.7594000101089478, 'loss': 0.680488109588623}
I0413 21:51:46.457291 140367905576768 submission_runner.py:357] 459.07s	17182	{'accuracy': 0.7692000269889832, 'loss': 0.6571961045265198}
I0413 21:52:06.224514 140367905576768 submission_runner.py:357] 478.88s	17963	{'accuracy': 0.7731000185012817, 'loss': 0.6557172536849976}
I0413 21:52:26.113401 140367905576768 submission_runner.py:357] 498.74s	18744	{'accuracy': 0.7711000442504883, 'loss': 0.6517952680587769}
I0413 21:52:46.399078 140367905576768 submission_runner.py:357] 518.63s	19525	{'accuracy': 0.7783000469207764, 'loss': 0.6370062828063965}
I0413 21:53:06.594831 140367905576768 submission_runner.py:357] 539.20s	20306	{'accuracy': 0.7816000580787659, 'loss': 0.6249316930770874}
I0413 21:53:26.723565 140367905576768 submission_runner.py:357] 559.40s	21087	{'accuracy': 0.7839000225067139, 'loss': 0.6198887825012207}
I0413 21:53:46.862594 140367905576768 submission_runner.py:357] 579.50s	21868	{'accuracy': 0.7864000201225281, 'loss': 0.6180822849273682}
I0413 21:54:06.897199 140367905576768 submission_runner.py:357] 599.55s	22649	{'accuracy': 0.7934000492095947, 'loss': 0.602368950843811}
I0413 21:54:26.869307 140367905576768 submission_runner.py:357] 619.55s	23430	{'accuracy': 0.7901000380516052, 'loss': 0.5943555235862732}
I0413 21:54:46.880463 140367905576768 submission_runner.py:357] 639.54s	24211	{'accuracy': 0.7933000326156616, 'loss': 0.5937762260437012}
I0413 21:55:06.719680 140367905576768 submission_runner.py:357] 659.39s	24992	{'accuracy': 0.7908000349998474, 'loss': 0.603710949420929}
I0413 21:55:26.613090 140367905576768 submission_runner.py:357] 679.28s	25773	{'accuracy': 0.8002000451087952, 'loss': 0.5715288519859314}
I0413 21:55:46.899033 140367905576768 submission_runner.py:357] 699.14s	26554	{'accuracy': 0.8043000102043152, 'loss': 0.5631392002105713}
I0413 21:56:07.170217 140367905576768 submission_runner.py:357] 719.79s	27335	{'accuracy': 0.8088000416755676, 'loss': 0.5591919422149658}
I0413 21:56:27.341782 140367905576768 submission_runner.py:357] 739.99s	28116	{'accuracy': 0.8042000532150269, 'loss': 0.5602197647094727}
I0413 21:56:47.475233 140367905576768 submission_runner.py:357] 760.14s	28897	{'accuracy': 0.8078000545501709, 'loss': 0.5521356463432312}
I0413 21:57:07.523616 140367905576768 submission_runner.py:357] 780.16s	29678	{'accuracy': 0.805400013923645, 'loss': 0.5554880499839783}
I0413 21:57:27.509781 140367905576768 submission_runner.py:357] 800.19s	30459	{'accuracy': 0.8093000650405884, 'loss': 0.5369125008583069}
I0413 21:57:47.309232 140367905576768 submission_runner.py:357] 820.02s	31240	{'accuracy': 0.8078000545501709, 'loss': 0.5478818416595459}
I0413 21:58:07.154599 140367905576768 submission_runner.py:357] 839.83s	32021	{'accuracy': 0.8144000172615051, 'loss': 0.5359504222869873}
I0413 21:58:27.424371 140367905576768 submission_runner.py:357] 859.69s	32802	{'accuracy': 0.8122000098228455, 'loss': 0.5362884998321533}
I0413 21:58:47.565273 140367905576768 submission_runner.py:357] 880.20s	33583	{'accuracy': 0.8193000555038452, 'loss': 0.5175386667251587}
I0413 21:59:07.744717 140367905576768 submission_runner.py:357] 900.37s	34364	{'accuracy': 0.8183000683784485, 'loss': 0.5330105423927307}
I0413 21:59:27.813248 140367905576768 submission_runner.py:357] 920.47s	35145	{'accuracy': 0.8199000358581543, 'loss': 0.5130954384803772}
I0413 21:59:47.813063 140367905576768 submission_runner.py:357] 940.44s	35926	{'accuracy': 0.8153000473976135, 'loss': 0.5299385786056519}
I0413 22:00:07.733045 140367905576768 submission_runner.py:357] 960.39s	36707	{'accuracy': 0.8237000107765198, 'loss': 0.5216485261917114}
I0413 22:00:27.612452 140367905576768 submission_runner.py:357] 980.25s	37488	{'accuracy': 0.8250000476837158, 'loss': 0.5108546018600464}
I0413 22:00:47.470607 140367905576768 submission_runner.py:357] 1000.13s	38269	{'accuracy': 0.8283000588417053, 'loss': 0.5036066174507141}
I0413 22:01:07.402029 140367905576768 submission_runner.py:357] 1020.08s	39050	{'accuracy': 0.8281000256538391, 'loss': 0.5065873265266418}
I0413 22:01:27.643811 140367905576768 submission_runner.py:357] 1039.89s	39831	{'accuracy': 0.826900064945221, 'loss': 0.507829487323761}
I0413 22:01:47.964607 140367905576768 submission_runner.py:357] 1060.56s	40612	{'accuracy': 0.8294000625610352, 'loss': 0.501231849193573}
I0413 22:02:08.094042 140367905576768 submission_runner.py:357] 1080.75s	41393	{'accuracy': 0.8334000110626221, 'loss': 0.4935539662837982}
I0413 22:02:28.211817 140367905576768 submission_runner.py:357] 1100.84s	42174	{'accuracy': 0.8282000422477722, 'loss': 0.5056586861610413}
I0413 22:02:48.242960 140367905576768 submission_runner.py:357] 1120.92s	42955	{'accuracy': 0.831000030040741, 'loss': 0.4944828450679779}
I0413 22:03:08.247558 140367905576768 submission_runner.py:357] 1140.91s	43736	{'accuracy': 0.8332000374794006, 'loss': 0.48439085483551025}
I0413 22:03:28.129261 140367905576768 submission_runner.py:357] 1160.81s	44517	{'accuracy': 0.8372000455856323, 'loss': 0.47497493028640747}
I0413 22:03:47.966340 140367905576768 submission_runner.py:357] 1180.61s	45298	{'accuracy': 0.8332000374794006, 'loss': 0.4801829755306244}
I0413 22:04:08.218099 140367905576768 submission_runner.py:357] 1200.47s	46079	{'accuracy': 0.8349000215530396, 'loss': 0.4911509156227112}
I0413 22:04:28.496836 140367905576768 submission_runner.py:357] 1221.12s	46860	{'accuracy': 0.8425000309944153, 'loss': 0.4670795202255249}
I0413 22:04:48.673648 140367905576768 submission_runner.py:357] 1241.32s	47641	{'accuracy': 0.8337000608444214, 'loss': 0.4894144833087921}
I0413 22:05:08.856585 140367905576768 submission_runner.py:357] 1261.49s	48422	{'accuracy': 0.8405000567436218, 'loss': 0.47635045647621155}
I0413 22:05:29.009730 140367905576768 submission_runner.py:357] 1281.62s	49203	{'accuracy': 0.8350000381469727, 'loss': 0.47380056977272034}
I0413 22:05:49.292458 140367905576768 submission_runner.py:357] 1301.92s	49984	{'accuracy': 0.8374000191688538, 'loss': 0.4761514365673065}
I0413 22:06:09.479675 140367905576768 submission_runner.py:357] 1322.11s	50765	{'accuracy': 0.8377000689506531, 'loss': 0.4777818024158478}
I0413 22:06:29.544293 140367905576768 submission_runner.py:357] 1342.20s	51546	{'accuracy': 0.8426000475883484, 'loss': 0.4641612470149994}
I0413 22:06:49.667889 140367905576768 submission_runner.py:357] 1362.30s	52327	{'accuracy': 0.8439000248908997, 'loss': 0.46095240116119385}
I0413 22:07:10.139276 140367905576768 submission_runner.py:357] 1382.27s	53108	{'accuracy': 0.8387000560760498, 'loss': 0.46761685609817505}
I0413 22:07:30.545884 140367905576768 submission_runner.py:357] 1403.11s	53889	{'accuracy': 0.8428000211715698, 'loss': 0.47413238883018494}
I0413 22:07:51.097395 140367905576768 submission_runner.py:357] 1423.69s	54670	{'accuracy': 0.8392000198364258, 'loss': 0.4751955270767212}
I0413 22:08:11.397690 140367905576768 submission_runner.py:357] 1444.00s	55451	{'accuracy': 0.8390000462532043, 'loss': 0.47315865755081177}
I0413 22:08:31.505687 140367905576768 submission_runner.py:357] 1464.13s	56232	{'accuracy': 0.8458000421524048, 'loss': 0.46381875872612}
I0413 22:08:51.593155 140367905576768 submission_runner.py:357] 1484.22s	57013	{'accuracy': 0.8442000150680542, 'loss': 0.4627426564693451}
I0413 22:09:11.760791 140367905576768 submission_runner.py:357] 1504.40s	57794	{'accuracy': 0.8443000316619873, 'loss': 0.4609859585762024}
I0413 22:09:31.926769 140367905576768 submission_runner.py:357] 1524.57s	58575	{'accuracy': 0.844700038433075, 'loss': 0.4658476412296295}
I0413 22:09:52.505926 140367905576768 submission_runner.py:357] 1544.67s	59356	{'accuracy': 0.8443000316619873, 'loss': 0.4625348448753357}
I0413 22:10:13.094848 140367905576768 submission_runner.py:357] 1565.66s	60137	{'accuracy': 0.844700038433075, 'loss': 0.45161038637161255}
I0413 22:10:33.431023 140367905576768 submission_runner.py:357] 1586.04s	60918	{'accuracy': 0.8481000661849976, 'loss': 0.455419659614563}
I0413 22:10:53.869451 140367905576768 submission_runner.py:357] 1606.38s	61699	{'accuracy': 0.8466000556945801, 'loss': 0.45902150869369507}
I0413 22:11:14.165919 140367905576768 submission_runner.py:357] 1626.76s	62480	{'accuracy': 0.844700038433075, 'loss': 0.4753846824169159}
I0413 22:11:34.441673 140367905576768 submission_runner.py:357] 1647.09s	63261	{'accuracy': 0.8463000655174255, 'loss': 0.4583294093608856}
I0413 22:11:54.575212 140367905576768 submission_runner.py:357] 1667.21s	64042	{'accuracy': 0.8500000238418579, 'loss': 0.43746164441108704}
I0413 22:12:14.628803 140367905576768 submission_runner.py:357] 1687.25s	64823	{'accuracy': 0.8504000306129456, 'loss': 0.4474847912788391}
I0413 22:12:34.625906 140367905576768 submission_runner.py:357] 1707.27s	65604	{'accuracy': 0.8477000594139099, 'loss': 0.45259976387023926}
I0413 22:12:55.168090 140367905576768 submission_runner.py:357] 1727.33s	66385	{'accuracy': 0.8498000502586365, 'loss': 0.44913825392723083}
I0413 22:13:15.620570 140367905576768 submission_runner.py:357] 1748.20s	67166	{'accuracy': 0.8598000407218933, 'loss': 0.4333532452583313}
I0413 22:13:35.984180 140367905576768 submission_runner.py:357] 1768.59s	67947	{'accuracy': 0.8559000492095947, 'loss': 0.43056026101112366}
I0413 22:13:56.306183 140367905576768 submission_runner.py:357] 1788.90s	68728	{'accuracy': 0.847100019454956, 'loss': 0.4559386074542999}
I0413 22:14:16.418476 140367905576768 submission_runner.py:357] 1809.04s	69509	{'accuracy': 0.8509000539779663, 'loss': 0.43901553750038147}
I0413 22:14:36.620561 140367905576768 submission_runner.py:357] 1829.23s	70290	{'accuracy': 0.8525000214576721, 'loss': 0.43320220708847046}
I0413 22:14:56.860670 140367905576768 submission_runner.py:357] 1849.49s	71071	{'accuracy': 0.8544000387191772, 'loss': 0.43426311016082764}
I0413 22:15:16.846293 140367905576768 submission_runner.py:357] 1869.51s	71852	{'accuracy': 0.8523000478744507, 'loss': 0.4340894818305969}
I0413 22:15:37.285283 140367905576768 submission_runner.py:357] 1889.49s	72633	{'accuracy': 0.8592000603675842, 'loss': 0.42516398429870605}
I0413 22:15:57.751482 140367905576768 submission_runner.py:357] 1910.33s	73414	{'accuracy': 0.8548000454902649, 'loss': 0.439251184463501}
I0413 22:16:18.056177 140367905576768 submission_runner.py:357] 1930.64s	74195	{'accuracy': 0.8575000166893005, 'loss': 0.43366193771362305}
I0413 22:16:38.290604 140367905576768 submission_runner.py:357] 1950.89s	74976	{'accuracy': 0.8521000146865845, 'loss': 0.44582483172416687}
I0413 22:16:58.577203 140367905576768 submission_runner.py:357] 1971.22s	75757	{'accuracy': 0.8592000603675842, 'loss': 0.4205348491668701}
I0413 22:17:18.616652 140367905576768 submission_runner.py:357] 1991.29s	76538	{'accuracy': 0.8553000688552856, 'loss': 0.43711721897125244}
I0413 22:17:38.706257 140367905576768 submission_runner.py:357] 2011.37s	77319	{'accuracy': 0.8566000461578369, 'loss': 0.4287703335285187}
I0413 22:17:58.763713 140367905576768 submission_runner.py:357] 2031.32s	78100	{'accuracy': 0.8537000417709351, 'loss': 0.42831748723983765}
I0413 22:18:18.751648 140367905576768 submission_runner.py:357] 2051.40s	78881	{'accuracy': 0.8587000370025635, 'loss': 0.41529661417007446}
W0413 22:18:18.753567 140367905576768 early_stopping.py:90] Early stop due to exceeding max steps.
I0413 22:18:19.528423 140367905576768 submission_runner.py:455] --- Tuning run 2/5 ---
I0413 22:18:24.111579 140367905576768 submission_runner.py:357] 0.30s	0	{'accuracy': 0.10790000855922699, 'loss': 2.310667037963867}
I0413 22:18:49.714087 140367905576768 submission_runner.py:357] 26.33s	781	{'accuracy': 0.3831000328063965, 'loss': 1.7255069017410278}
I0413 22:19:09.907253 140367905576768 submission_runner.py:357] 46.53s	1562	{'accuracy': 0.45920002460479736, 'loss': 1.4895695447921753}
I0413 22:19:29.975321 140367905576768 submission_runner.py:357] 66.60s	2343	{'accuracy': 0.5085999965667725, 'loss': 1.343584656715393}
I0413 22:19:50.015434 140367905576768 submission_runner.py:357] 86.65s	3124	{'accuracy': 0.5470000505447388, 'loss': 1.2509490251541138}
I0413 22:20:10.028903 140367905576768 submission_runner.py:357] 106.67s	3905	{'accuracy': 0.5890000462532043, 'loss': 1.1477110385894775}
I0413 22:20:30.003780 140367905576768 submission_runner.py:357] 126.69s	4686	{'accuracy': 0.6032000184059143, 'loss': 1.1145472526550293}
I0413 22:20:49.832606 140367905576768 submission_runner.py:357] 146.51s	5467	{'accuracy': 0.6360000371932983, 'loss': 1.0175682306289673}
I0413 22:21:10.113894 140367905576768 submission_runner.py:357] 166.32s	6248	{'accuracy': 0.6582000255584717, 'loss': 0.9621134996414185}
I0413 22:21:30.400764 140367905576768 submission_runner.py:357] 187.01s	7029	{'accuracy': 0.6623000502586365, 'loss': 0.9417560696601868}
I0413 22:21:50.591192 140367905576768 submission_runner.py:357] 207.23s	7810	{'accuracy': 0.6820000410079956, 'loss': 0.8946990370750427}
I0413 22:22:10.839912 140367905576768 submission_runner.py:357] 227.45s	8591	{'accuracy': 0.7010000348091125, 'loss': 0.8537718057632446}
I0413 22:22:30.969610 140367905576768 submission_runner.py:357] 247.62s	9372	{'accuracy': 0.7104000449180603, 'loss': 0.8290687799453735}
I0413 22:22:51.009371 140367905576768 submission_runner.py:357] 267.64s	10153	{'accuracy': 0.7270000576972961, 'loss': 0.7951609492301941}
I0413 22:23:11.030475 140367905576768 submission_runner.py:357] 287.73s	10934	{'accuracy': 0.7306000590324402, 'loss': 0.7723497152328491}
I0413 22:23:30.824261 140367905576768 submission_runner.py:357] 307.51s	11715	{'accuracy': 0.7371000647544861, 'loss': 0.7443280816078186}
I0413 22:23:50.596211 140367905576768 submission_runner.py:357] 327.29s	12496	{'accuracy': 0.7435000538825989, 'loss': 0.7420522570610046}
I0413 22:24:10.939517 140367905576768 submission_runner.py:357] 347.08s	13277	{'accuracy': 0.7491000294685364, 'loss': 0.7131388783454895}
I0413 22:24:31.187378 140367905576768 submission_runner.py:357] 367.79s	14058	{'accuracy': 0.7587000131607056, 'loss': 0.6982805728912354}
I0413 22:24:51.349952 140367905576768 submission_runner.py:357] 387.96s	14839	{'accuracy': 0.753000020980835, 'loss': 0.6963011026382446}
I0413 22:25:11.554476 140367905576768 submission_runner.py:357] 408.19s	15620	{'accuracy': 0.7600000500679016, 'loss': 0.6836374402046204}
I0413 22:25:31.630214 140367905576768 submission_runner.py:357] 428.27s	16401	{'accuracy': 0.7657000422477722, 'loss': 0.665302574634552}
I0413 22:25:51.593959 140367905576768 submission_runner.py:357] 448.26s	17182	{'accuracy': 0.7707000374794006, 'loss': 0.6644357442855835}
I0413 22:26:11.536039 140367905576768 submission_runner.py:357] 468.20s	17963	{'accuracy': 0.7722000479698181, 'loss': 0.6419447660446167}
I0413 22:26:31.408157 140367905576768 submission_runner.py:357] 488.09s	18744	{'accuracy': 0.7783000469207764, 'loss': 0.6334617137908936}
I0413 22:26:51.719427 140367905576768 submission_runner.py:357] 507.92s	19525	{'accuracy': 0.7765000462532043, 'loss': 0.6337233781814575}
I0413 22:27:12.094650 140367905576768 submission_runner.py:357] 528.66s	20306	{'accuracy': 0.785800039768219, 'loss': 0.6131565570831299}
I0413 22:27:32.350866 140367905576768 submission_runner.py:357] 548.97s	21087	{'accuracy': 0.7852000594139099, 'loss': 0.6183443665504456}
I0413 22:27:52.530701 140367905576768 submission_runner.py:357] 569.16s	21868	{'accuracy': 0.7922000288963318, 'loss': 0.5945314764976501}
I0413 22:28:12.558282 140367905576768 submission_runner.py:357] 589.19s	22649	{'accuracy': 0.7931000590324402, 'loss': 0.5914234519004822}
I0413 22:28:32.629627 140367905576768 submission_runner.py:357] 609.25s	23430	{'accuracy': 0.791100025177002, 'loss': 0.5927780270576477}
I0413 22:28:52.750846 140367905576768 submission_runner.py:357] 629.39s	24211	{'accuracy': 0.7985000610351562, 'loss': 0.5837529301643372}
I0413 22:29:12.668599 140367905576768 submission_runner.py:357] 649.34s	24992	{'accuracy': 0.7901000380516052, 'loss': 0.6063960790634155}
I0413 22:29:32.370640 140367905576768 submission_runner.py:357] 669.07s	25773	{'accuracy': 0.8055000305175781, 'loss': 0.5617572665214539}
I0413 22:29:52.710942 140367905576768 submission_runner.py:357] 688.88s	26554	{'accuracy': 0.8086000680923462, 'loss': 0.5557736754417419}
I0413 22:30:12.989812 140367905576768 submission_runner.py:357] 709.57s	27335	{'accuracy': 0.8065000176429749, 'loss': 0.5649173259735107}
I0413 22:30:33.194468 140367905576768 submission_runner.py:357] 729.83s	28116	{'accuracy': 0.8115000128746033, 'loss': 0.5496776103973389}
I0413 22:30:53.281293 140367905576768 submission_runner.py:357] 749.89s	28897	{'accuracy': 0.8038000464439392, 'loss': 0.5736172199249268}
I0413 22:31:13.352679 140367905576768 submission_runner.py:357] 769.98s	29678	{'accuracy': 0.8122000098228455, 'loss': 0.5434765815734863}
I0413 22:31:33.222878 140367905576768 submission_runner.py:357] 789.88s	30459	{'accuracy': 0.8169000148773193, 'loss': 0.533198893070221}
I0413 22:31:53.070161 140367905576768 submission_runner.py:357] 809.78s	31240	{'accuracy': 0.8068000674247742, 'loss': 0.5578877329826355}
I0413 22:32:12.884898 140367905576768 submission_runner.py:357] 829.59s	32021	{'accuracy': 0.8151000142097473, 'loss': 0.5343585014343262}
I0413 22:32:33.180000 140367905576768 submission_runner.py:357] 849.38s	32802	{'accuracy': 0.8159000277519226, 'loss': 0.5335909724235535}
I0413 22:32:53.408220 140367905576768 submission_runner.py:357] 870.01s	33583	{'accuracy': 0.8192000389099121, 'loss': 0.5243616104125977}
I0413 22:33:13.665929 140367905576768 submission_runner.py:357] 890.27s	34364	{'accuracy': 0.8184000253677368, 'loss': 0.5309192538261414}
I0413 22:33:34.303332 140367905576768 submission_runner.py:357] 910.88s	35145	{'accuracy': 0.8205000162124634, 'loss': 0.5236714482307434}
I0413 22:33:54.358458 140367905576768 submission_runner.py:357] 930.98s	35926	{'accuracy': 0.8202000260353088, 'loss': 0.5294431447982788}
I0413 22:34:14.315152 140367905576768 submission_runner.py:357] 950.98s	36707	{'accuracy': 0.8195000290870667, 'loss': 0.5246322751045227}
I0413 22:34:34.314148 140367905576768 submission_runner.py:357] 970.97s	37488	{'accuracy': 0.8251000642776489, 'loss': 0.5164528489112854}
I0413 22:34:54.200067 140367905576768 submission_runner.py:357] 990.87s	38269	{'accuracy': 0.8241000175476074, 'loss': 0.5127606987953186}
I0413 22:35:14.027761 140367905576768 submission_runner.py:357] 1010.71s	39050	{'accuracy': 0.8271000385284424, 'loss': 0.5048604607582092}
I0413 22:35:34.298695 140367905576768 submission_runner.py:357] 1030.48s	39831	{'accuracy': 0.8265000581741333, 'loss': 0.5028802752494812}
I0413 22:35:54.627355 140367905576768 submission_runner.py:357] 1051.23s	40612	{'accuracy': 0.8302000164985657, 'loss': 0.4974823594093323}
I0413 22:36:14.869732 140367905576768 submission_runner.py:357] 1071.49s	41393	{'accuracy': 0.8284000158309937, 'loss': 0.5024922490119934}
I0413 22:36:35.332489 140367905576768 submission_runner.py:357] 1091.96s	42174	{'accuracy': 0.8297000527381897, 'loss': 0.49389949440956116}
I0413 22:36:55.598351 140367905576768 submission_runner.py:357] 1112.24s	42955	{'accuracy': 0.8360000252723694, 'loss': 0.4816773533821106}
I0413 22:37:15.630330 140367905576768 submission_runner.py:357] 1132.30s	43736	{'accuracy': 0.8313000202178955, 'loss': 0.4913458228111267}
I0413 22:37:35.692160 140367905576768 submission_runner.py:357] 1152.33s	44517	{'accuracy': 0.8327000141143799, 'loss': 0.4938320517539978}
I0413 22:37:55.944034 140367905576768 submission_runner.py:357] 1172.61s	45298	{'accuracy': 0.832800030708313, 'loss': 0.4966074824333191}
I0413 22:38:16.217247 140367905576768 submission_runner.py:357] 1192.42s	46079	{'accuracy': 0.8411000370979309, 'loss': 0.4709348976612091}
I0413 22:38:36.515755 140367905576768 submission_runner.py:357] 1213.11s	46860	{'accuracy': 0.8355000615119934, 'loss': 0.4771389365196228}
I0413 22:38:56.741586 140367905576768 submission_runner.py:357] 1233.35s	47641	{'accuracy': 0.8362000584602356, 'loss': 0.4858383536338806}
I0413 22:39:17.069487 140367905576768 submission_runner.py:357] 1253.73s	48422	{'accuracy': 0.832800030708313, 'loss': 0.4838697612285614}
I0413 22:39:37.553807 140367905576768 submission_runner.py:357] 1274.21s	49203	{'accuracy': 0.8416000604629517, 'loss': 0.4735012352466583}
I0413 22:39:57.497306 140367905576768 submission_runner.py:357] 1294.17s	49984	{'accuracy': 0.8386000394821167, 'loss': 0.47491711378097534}
I0413 22:40:17.494831 140367905576768 submission_runner.py:357] 1314.18s	50765	{'accuracy': 0.8349000215530396, 'loss': 0.4999432861804962}
I0413 22:40:37.361729 140367905576768 submission_runner.py:357] 1334.02s	51546	{'accuracy': 0.8414000272750854, 'loss': 0.4596605598926544}
I0413 22:40:57.205482 140367905576768 submission_runner.py:357] 1353.89s	52327	{'accuracy': 0.8385000228881836, 'loss': 0.47743815183639526}
I0413 22:41:17.564771 140367905576768 submission_runner.py:357] 1373.73s	53108	{'accuracy': 0.843000054359436, 'loss': 0.473850816488266}
I0413 22:41:37.986717 140367905576768 submission_runner.py:357] 1394.53s	53889	{'accuracy': 0.8422000408172607, 'loss': 0.46929895877838135}
I0413 22:41:58.196125 140367905576768 submission_runner.py:357] 1414.80s	54670	{'accuracy': 0.8467000126838684, 'loss': 0.4739057719707489}
I0413 22:42:18.313660 140367905576768 submission_runner.py:357] 1434.95s	55451	{'accuracy': 0.8406000137329102, 'loss': 0.4675484001636505}
I0413 22:42:38.651525 140367905576768 submission_runner.py:357] 1455.29s	56232	{'accuracy': 0.8427000641822815, 'loss': 0.4502556324005127}
I0413 22:42:58.731144 140367905576768 submission_runner.py:357] 1475.35s	57013	{'accuracy': 0.8490000367164612, 'loss': 0.45119112730026245}
I0413 22:43:18.686134 140367905576768 submission_runner.py:357] 1495.36s	57794	{'accuracy': 0.8410000205039978, 'loss': 0.4686538279056549}
I0413 22:43:38.499069 140367905576768 submission_runner.py:357] 1515.19s	58575	{'accuracy': 0.8468000292778015, 'loss': 0.4630601704120636}
I0413 22:43:58.842702 140367905576768 submission_runner.py:357] 1535.02s	59356	{'accuracy': 0.8464000225067139, 'loss': 0.45150548219680786}
I0413 22:44:19.145282 140367905576768 submission_runner.py:357] 1555.73s	60137	{'accuracy': 0.84170001745224, 'loss': 0.4708387553691864}
I0413 22:44:39.419110 140367905576768 submission_runner.py:357] 1576.03s	60918	{'accuracy': 0.8484000563621521, 'loss': 0.44562122225761414}
I0413 22:44:59.614749 140367905576768 submission_runner.py:357] 1596.25s	61699	{'accuracy': 0.8530000448226929, 'loss': 0.44344639778137207}
I0413 22:45:20.058520 140367905576768 submission_runner.py:357] 1616.65s	62480	{'accuracy': 0.8499000668525696, 'loss': 0.44102349877357483}
I0413 22:45:40.382431 140367905576768 submission_runner.py:357] 1637.03s	63261	{'accuracy': 0.8460000157356262, 'loss': 0.46023303270339966}
I0413 22:46:00.233965 140367905576768 submission_runner.py:357] 1656.93s	64042	{'accuracy': 0.8496000170707703, 'loss': 0.4479561150074005}
I0413 22:46:20.086748 140367905576768 submission_runner.py:357] 1676.75s	64823	{'accuracy': 0.851900041103363, 'loss': 0.45671746134757996}
I0413 22:46:39.869332 140367905576768 submission_runner.py:357] 1696.53s	65604	{'accuracy': 0.8495000600814819, 'loss': 0.4503573477268219}
I0413 22:46:59.985553 140367905576768 submission_runner.py:357] 1716.19s	66385	{'accuracy': 0.8539000153541565, 'loss': 0.4388074278831482}
I0413 22:47:20.309878 140367905576768 submission_runner.py:357] 1736.90s	67166	{'accuracy': 0.8504000306129456, 'loss': 0.45090940594673157}
I0413 22:47:40.576263 140367905576768 submission_runner.py:357] 1757.17s	67947	{'accuracy': 0.8511000275611877, 'loss': 0.44557297229766846}
I0413 22:48:00.707403 140367905576768 submission_runner.py:357] 1777.33s	68728	{'accuracy': 0.8520000576972961, 'loss': 0.43964898586273193}
I0413 22:48:20.775198 140367905576768 submission_runner.py:357] 1797.44s	69509	{'accuracy': 0.8495000600814819, 'loss': 0.46639543771743774}
I0413 22:48:42.362365 140367905576768 submission_runner.py:357] 1818.68s	70290	{'accuracy': 0.8565000295639038, 'loss': 0.4347212016582489}
I0413 22:49:03.828112 140367905576768 submission_runner.py:357] 1840.25s	71071	{'accuracy': 0.8546000123023987, 'loss': 0.43888381123542786}
I0413 22:49:26.921825 140367905576768 submission_runner.py:357] 1863.32s	71852	{'accuracy': 0.851300060749054, 'loss': 0.45567476749420166}
I0413 22:49:49.062807 140367905576768 submission_runner.py:357] 1885.03s	72633	{'accuracy': 0.8545000553131104, 'loss': 0.4383937120437622}
I0413 22:50:11.387678 140367905576768 submission_runner.py:357] 1907.59s	73414	{'accuracy': 0.8539000153541565, 'loss': 0.431695818901062}
I0413 22:50:33.773705 140367905576768 submission_runner.py:357] 1930.06s	74195	{'accuracy': 0.8522000312805176, 'loss': 0.44480597972869873}
I0413 22:50:55.215521 140367905576768 submission_runner.py:357] 1951.70s	74976	{'accuracy': 0.8529000282287598, 'loss': 0.4458422064781189}
I0413 22:51:16.980488 140367905576768 submission_runner.py:357] 1973.34s	75757	{'accuracy': 0.8592000603675842, 'loss': 0.4303983747959137}
I0413 22:51:38.910108 140367905576768 submission_runner.py:357] 1995.19s	76538	{'accuracy': 0.8563000559806824, 'loss': 0.4288767874240875}
I0413 22:52:00.413724 140367905576768 submission_runner.py:357] 2016.87s	77319	{'accuracy': 0.855400025844574, 'loss': 0.43098291754722595}
I0413 22:52:21.474816 140367905576768 submission_runner.py:357] 2037.98s	78100	{'accuracy': 0.853100061416626, 'loss': 0.44670602679252625}
I0413 22:52:42.137341 140367905576768 submission_runner.py:357] 2058.69s	78881	{'accuracy': 0.8593000173568726, 'loss': 0.4329648017883301}
W0413 22:52:42.139394 140367905576768 early_stopping.py:90] Early stop due to exceeding max steps.
I0413 22:52:42.920419 140367905576768 submission_runner.py:455] --- Tuning run 3/5 ---
I0413 22:52:47.669280 140367905576768 submission_runner.py:357] 0.31s	0	{'accuracy': 0.10770000517368317, 'loss': 2.3080263137817383}
I0413 22:53:13.532789 140367905576768 submission_runner.py:357] 26.71s	781	{'accuracy': 0.381600022315979, 'loss': 1.6982206106185913}
I0413 22:53:34.759290 140367905576768 submission_runner.py:357] 47.65s	1562	{'accuracy': 0.44270002841949463, 'loss': 1.510554313659668}
I0413 22:53:56.646148 140367905576768 submission_runner.py:357] 69.57s	2343	{'accuracy': 0.4970000088214874, 'loss': 1.3780131340026855}
I0413 22:54:17.012668 140367905576768 submission_runner.py:357] 90.17s	3124	{'accuracy': 0.5223000049591064, 'loss': 1.3151559829711914}
I0413 22:54:39.199754 140367905576768 submission_runner.py:357] 112.12s	3905	{'accuracy': 0.5565000176429749, 'loss': 1.2258782386779785}
I0413 22:55:01.459995 140367905576768 submission_runner.py:357] 134.29s	4686	{'accuracy': 0.5786000490188599, 'loss': 1.1726751327514648}
I0413 22:55:23.406865 140367905576768 submission_runner.py:357] 156.34s	5467	{'accuracy': 0.6139000058174133, 'loss': 1.0926313400268555}
I0413 22:55:45.458092 140367905576768 submission_runner.py:357] 177.74s	6248	{'accuracy': 0.6297000050544739, 'loss': 1.0419129133224487}
I0413 22:56:08.106830 140367905576768 submission_runner.py:357] 200.98s	7029	{'accuracy': 0.6611000299453735, 'loss': 0.9692407846450806}
I0413 22:56:30.421812 140367905576768 submission_runner.py:357] 223.38s	7810	{'accuracy': 0.6634000539779663, 'loss': 0.9374474883079529}
I0413 22:56:52.547342 140367905576768 submission_runner.py:357] 245.41s	8591	{'accuracy': 0.6741000413894653, 'loss': 0.9242944717407227}
I0413 22:57:14.222474 140367905576768 submission_runner.py:357] 267.18s	9372	{'accuracy': 0.7018000483512878, 'loss': 0.8483428359031677}
I0413 22:57:35.929954 140367905576768 submission_runner.py:357] 288.89s	10153	{'accuracy': 0.7082000374794006, 'loss': 0.8329582214355469}
I0413 22:57:56.833224 140367905576768 submission_runner.py:357] 309.85s	10934	{'accuracy': 0.7199000120162964, 'loss': 0.7970960140228271}
I0413 22:58:18.432129 140367905576768 submission_runner.py:357] 331.45s	11715	{'accuracy': 0.7351000308990479, 'loss': 0.7672271132469177}
I0413 22:58:39.930767 140367905576768 submission_runner.py:357] 352.93s	12496	{'accuracy': 0.742400050163269, 'loss': 0.7442337274551392}
I0413 22:59:02.502224 140367905576768 submission_runner.py:357] 374.69s	13277	{'accuracy': 0.7413000464439392, 'loss': 0.7360175251960754}
I0413 22:59:23.105624 140367905576768 submission_runner.py:357] 396.20s	14058	{'accuracy': 0.7534000277519226, 'loss': 0.7106518149375916}
I0413 22:59:45.780898 140367905576768 submission_runner.py:357] 418.61s	14839	{'accuracy': 0.7567000389099121, 'loss': 0.6991156339645386}
I0413 23:00:08.122467 140367905576768 submission_runner.py:357] 441.16s	15620	{'accuracy': 0.7609000205993652, 'loss': 0.6881903409957886}
I0413 23:00:29.459961 140367905576768 submission_runner.py:357] 462.58s	16401	{'accuracy': 0.7707000374794006, 'loss': 0.6597379446029663}
I0413 23:00:50.835409 140367905576768 submission_runner.py:357] 483.83s	17182	{'accuracy': 0.7663000226020813, 'loss': 0.6690999269485474}
I0413 23:01:12.469512 140367905576768 submission_runner.py:357] 505.50s	17963	{'accuracy': 0.7737000584602356, 'loss': 0.644341766834259}
I0413 23:01:33.951782 140367905576768 submission_runner.py:357] 526.94s	18744	{'accuracy': 0.7778000235557556, 'loss': 0.637173593044281}
I0413 23:01:56.122753 140367905576768 submission_runner.py:357] 548.49s	19525	{'accuracy': 0.7832000255584717, 'loss': 0.6283463835716248}
I0413 23:02:17.991771 140367905576768 submission_runner.py:357] 570.88s	20306	{'accuracy': 0.7809000611305237, 'loss': 0.6317101120948792}
I0413 23:02:39.981518 140367905576768 submission_runner.py:357] 592.90s	21087	{'accuracy': 0.7899000644683838, 'loss': 0.6074263453483582}
I0413 23:03:01.097510 140367905576768 submission_runner.py:357] 614.08s	21868	{'accuracy': 0.7907000184059143, 'loss': 0.6060413122177124}
I0413 23:03:21.467564 140367905576768 submission_runner.py:357] 634.61s	22649	{'accuracy': 0.7941000461578369, 'loss': 0.5955909490585327}
I0413 23:03:41.833385 140367905576768 submission_runner.py:357] 654.94s	23430	{'accuracy': 0.796000063419342, 'loss': 0.5953261852264404}
I0413 23:04:03.431934 140367905576768 submission_runner.py:357] 676.43s	24211	{'accuracy': 0.7970000505447388, 'loss': 0.5847902894020081}
I0413 23:04:24.851323 140367905576768 submission_runner.py:357] 697.84s	24992	{'accuracy': 0.7994000315666199, 'loss': 0.586919903755188}
I0413 23:04:46.366625 140367905576768 submission_runner.py:357] 719.32s	25773	{'accuracy': 0.8059000372886658, 'loss': 0.5747449398040771}
I0413 23:05:08.356364 140367905576768 submission_runner.py:357] 740.81s	26554	{'accuracy': 0.7966000437736511, 'loss': 0.5865795016288757}
I0413 23:05:30.314293 140367905576768 submission_runner.py:357] 763.19s	27335	{'accuracy': 0.8029000163078308, 'loss': 0.5556643605232239}
I0413 23:05:52.630873 140367905576768 submission_runner.py:357] 785.43s	28116	{'accuracy': 0.8081000447273254, 'loss': 0.5556086897850037}
I0413 23:06:15.218446 140367905576768 submission_runner.py:357] 808.17s	28897	{'accuracy': 0.8108000159263611, 'loss': 0.542044460773468}
I0413 23:06:37.258443 140367905576768 submission_runner.py:357] 830.20s	29678	{'accuracy': 0.8119000196456909, 'loss': 0.5355930924415588}
I0413 23:06:58.886486 140367905576768 submission_runner.py:357] 851.84s	30459	{'accuracy': 0.8142000436782837, 'loss': 0.5345821380615234}
I0413 23:07:20.398603 140367905576768 submission_runner.py:357] 873.42s	31240	{'accuracy': 0.8149000406265259, 'loss': 0.5356411337852478}
I0413 23:07:42.184735 140367905576768 submission_runner.py:357] 895.10s	32021	{'accuracy': 0.8245000243186951, 'loss': 0.5187285542488098}
I0413 23:08:04.053194 140367905576768 submission_runner.py:357] 916.58s	32802	{'accuracy': 0.8183000683784485, 'loss': 0.5254516005516052}
I0413 23:08:25.941638 140367905576768 submission_runner.py:357] 938.82s	33583	{'accuracy': 0.8205000162124634, 'loss': 0.5252109169960022}
I0413 23:08:47.645731 140367905576768 submission_runner.py:357] 960.79s	34364	{'accuracy': 0.8147000670433044, 'loss': 0.5304256081581116}
I0413 23:09:09.722014 140367905576768 submission_runner.py:357] 982.62s	35145	{'accuracy': 0.8212000131607056, 'loss': 0.5116482377052307}
I0413 23:09:31.532739 140367905576768 submission_runner.py:357] 1004.56s	35926	{'accuracy': 0.823900043964386, 'loss': 0.5061051249504089}
I0413 23:09:53.320658 140367905576768 submission_runner.py:357] 1026.26s	36707	{'accuracy': 0.8278000354766846, 'loss': 0.5012756586074829}
I0413 23:10:15.242014 140367905576768 submission_runner.py:357] 1048.19s	37488	{'accuracy': 0.829200029373169, 'loss': 0.4965983033180237}
I0413 23:10:36.670245 140367905576768 submission_runner.py:357] 1069.65s	38269	{'accuracy': 0.8286000490188599, 'loss': 0.504409909248352}
I0413 23:10:58.396442 140367905576768 submission_runner.py:357] 1091.43s	39050	{'accuracy': 0.8193000555038452, 'loss': 0.5232580900192261}
I0413 23:11:20.615260 140367905576768 submission_runner.py:357] 1113.13s	39831	{'accuracy': 0.822700023651123, 'loss': 0.5105423331260681}
I0413 23:11:42.818254 140367905576768 submission_runner.py:357] 1135.74s	40612	{'accuracy': 0.8350000381469727, 'loss': 0.4857731759548187}
I0413 23:12:04.771834 140367905576768 submission_runner.py:357] 1157.72s	41393	{'accuracy': 0.8350000381469727, 'loss': 0.4904761016368866}
I0413 23:12:26.591671 140367905576768 submission_runner.py:357] 1179.54s	42174	{'accuracy': 0.8332000374794006, 'loss': 0.48278355598449707}
I0413 23:12:46.868482 140367905576768 submission_runner.py:357] 1200.11s	42955	{'accuracy': 0.8380000591278076, 'loss': 0.48212525248527527}
I0413 23:13:07.399339 140367905576768 submission_runner.py:357] 1220.40s	43736	{'accuracy': 0.8340000510215759, 'loss': 0.49014812707901}
I0413 23:13:28.928280 140367905576768 submission_runner.py:357] 1241.88s	44517	{'accuracy': 0.8355000615119934, 'loss': 0.4736490845680237}
I0413 23:13:50.310240 140367905576768 submission_runner.py:357] 1263.34s	45298	{'accuracy': 0.8321000337600708, 'loss': 0.48524805903434753}
I0413 23:14:12.283113 140367905576768 submission_runner.py:357] 1284.80s	46079	{'accuracy': 0.8315000534057617, 'loss': 0.4905088245868683}
I0413 23:14:34.217681 140367905576768 submission_runner.py:357] 1307.13s	46860	{'accuracy': 0.8360000252723694, 'loss': 0.48356834053993225}
I0413 23:14:56.068963 140367905576768 submission_runner.py:357] 1329.02s	47641	{'accuracy': 0.8329000473022461, 'loss': 0.48988214135169983}
I0413 23:15:17.959128 140367905576768 submission_runner.py:357] 1350.91s	48422	{'accuracy': 0.8410000205039978, 'loss': 0.46982038021087646}
I0413 23:15:39.720721 140367905576768 submission_runner.py:357] 1372.70s	49203	{'accuracy': 0.8289000391960144, 'loss': 0.49619826674461365}
I0413 23:16:01.308073 140367905576768 submission_runner.py:357] 1394.29s	49984	{'accuracy': 0.8401000499725342, 'loss': 0.4739473760128021}
I0413 23:16:22.907442 140367905576768 submission_runner.py:357] 1415.88s	50765	{'accuracy': 0.8458000421524048, 'loss': 0.4574073851108551}
I0413 23:16:44.283711 140367905576768 submission_runner.py:357] 1437.29s	51546	{'accuracy': 0.8389000296592712, 'loss': 0.47104713320732117}
I0413 23:17:05.572233 140367905576768 submission_runner.py:357] 1458.61s	52327	{'accuracy': 0.8370000123977661, 'loss': 0.47890108823776245}
I0413 23:17:27.454225 140367905576768 submission_runner.py:357] 1479.92s	53108	{'accuracy': 0.8432000279426575, 'loss': 0.46640923619270325}
I0413 23:17:49.420465 140367905576768 submission_runner.py:357] 1502.32s	53889	{'accuracy': 0.8458000421524048, 'loss': 0.45226818323135376}
I0413 23:18:11.316497 140367905576768 submission_runner.py:357] 1524.19s	54670	{'accuracy': 0.8418000340461731, 'loss': 0.467428058385849}
I0413 23:18:33.212564 140367905576768 submission_runner.py:357] 1546.16s	55451	{'accuracy': 0.8512000441551208, 'loss': 0.4454914629459381}
I0413 23:18:54.864103 140367905576768 submission_runner.py:357] 1567.82s	56232	{'accuracy': 0.8449000120162964, 'loss': 0.45472249388694763}
I0413 23:19:16.479484 140367905576768 submission_runner.py:357] 1589.49s	57013	{'accuracy': 0.851300060749054, 'loss': 0.44403645396232605}
I0413 23:19:37.997242 140367905576768 submission_runner.py:357] 1611.01s	57794	{'accuracy': 0.8497000336647034, 'loss': 0.4458788335323334}
I0413 23:19:59.628591 140367905576768 submission_runner.py:357] 1632.61s	58575	{'accuracy': 0.8441000580787659, 'loss': 0.46383795142173767}
I0413 23:20:21.686936 140367905576768 submission_runner.py:357] 1654.14s	59356	{'accuracy': 0.8455000519752502, 'loss': 0.44949331879615784}
I0413 23:20:43.798448 140367905576768 submission_runner.py:357] 1676.67s	60137	{'accuracy': 0.8480000495910645, 'loss': 0.45533767342567444}
I0413 23:21:05.808057 140367905576768 submission_runner.py:357] 1698.73s	60918	{'accuracy': 0.8493000268936157, 'loss': 0.4467427432537079}
I0413 23:21:27.915965 140367905576768 submission_runner.py:357] 1720.84s	61699	{'accuracy': 0.8403000235557556, 'loss': 0.47672462463378906}
I0413 23:21:49.708524 140367905576768 submission_runner.py:357] 1742.57s	62480	{'accuracy': 0.8500000238418579, 'loss': 0.4500650465488434}
I0413 23:22:11.699211 140367905576768 submission_runner.py:357] 1764.55s	63261	{'accuracy': 0.8532000184059143, 'loss': 0.4456039369106293}
I0413 23:22:34.285516 140367905576768 submission_runner.py:357] 1787.10s	64042	{'accuracy': 0.8555000424385071, 'loss': 0.43492355942726135}
I0413 23:22:55.776532 140367905576768 submission_runner.py:357] 1808.70s	64823	{'accuracy': 0.8522000312805176, 'loss': 0.4481232762336731}
I0413 23:23:17.350239 140367905576768 submission_runner.py:357] 1830.20s	65604	{'accuracy': 0.8478000164031982, 'loss': 0.44160255789756775}
I0413 23:23:39.361698 140367905576768 submission_runner.py:357] 1851.70s	66385	{'accuracy': 0.853600025177002, 'loss': 0.4269861876964569}
I0413 23:24:01.360220 140367905576768 submission_runner.py:357] 1874.20s	67166	{'accuracy': 0.8548000454902649, 'loss': 0.4361366331577301}
I0413 23:24:24.192769 140367905576768 submission_runner.py:357] 1897.04s	67947	{'accuracy': 0.8521000146865845, 'loss': 0.43404391407966614}
I0413 23:24:46.009483 140367905576768 submission_runner.py:357] 1918.92s	68728	{'accuracy': 0.857200026512146, 'loss': 0.43977126479148865}
I0413 23:25:06.932839 140367905576768 submission_runner.py:357] 1939.72s	69509	{'accuracy': 0.8594000339508057, 'loss': 0.42884108424186707}
I0413 23:25:28.836950 140367905576768 submission_runner.py:357] 1961.72s	70290	{'accuracy': 0.8540000319480896, 'loss': 0.4336429834365845}
I0413 23:25:50.241052 140367905576768 submission_runner.py:357] 1983.19s	71071	{'accuracy': 0.8533000349998474, 'loss': 0.4386754035949707}
I0413 23:26:12.162201 140367905576768 submission_runner.py:357] 2004.95s	71852	{'accuracy': 0.8570000529289246, 'loss': 0.4273887872695923}
I0413 23:26:34.755590 140367905576768 submission_runner.py:357] 2027.16s	72633	{'accuracy': 0.8545000553131104, 'loss': 0.4382418096065521}
I0413 23:26:55.554394 140367905576768 submission_runner.py:357] 2048.38s	73414	{'accuracy': 0.8598000407218933, 'loss': 0.4214136004447937}
I0413 23:27:18.364811 140367905576768 submission_runner.py:357] 2071.38s	74195	{'accuracy': 0.8512000441551208, 'loss': 0.4468092620372772}
I0413 23:27:41.164885 140367905576768 submission_runner.py:357] 2093.65s	74976	{'accuracy': 0.859000027179718, 'loss': 0.4309419095516205}
I0413 23:28:03.873919 140367905576768 submission_runner.py:357] 2116.29s	75757	{'accuracy': 0.8553000688552856, 'loss': 0.43259742856025696}
I0413 23:28:25.733994 140367905576768 submission_runner.py:357] 2138.65s	76538	{'accuracy': 0.8626000285148621, 'loss': 0.41824454069137573}
I0413 23:28:47.197704 140367905576768 submission_runner.py:357] 2160.16s	77319	{'accuracy': 0.86080002784729, 'loss': 0.42153987288475037}
I0413 23:29:08.623071 140367905576768 submission_runner.py:357] 2181.58s	78100	{'accuracy': 0.858500063419342, 'loss': 0.4213314652442932}
I0413 23:29:30.220503 140367905576768 submission_runner.py:357] 2203.17s	78881	{'accuracy': 0.8631000518798828, 'loss': 0.42090359330177307}
W0413 23:29:30.222033 140367905576768 early_stopping.py:90] Early stop due to exceeding max steps.
I0413 23:29:30.917089 140367905576768 submission_runner.py:455] --- Tuning run 4/5 ---
I0413 23:29:35.881241 140367905576768 submission_runner.py:357] 0.33s	0	{'accuracy': 0.0966000035405159, 'loss': 2.307332992553711}
I0413 23:30:03.801454 140367905576768 submission_runner.py:357] 28.62s	781	{'accuracy': 0.36730000376701355, 'loss': 1.7295606136322021}
I0413 23:30:26.084407 140367905576768 submission_runner.py:357] 50.92s	1562	{'accuracy': 0.43700000643730164, 'loss': 1.5324140787124634}
I0413 23:30:47.283633 140367905576768 submission_runner.py:357] 72.32s	2343	{'accuracy': 0.4782000184059143, 'loss': 1.420839548110962}
I0413 23:31:08.966853 140367905576768 submission_runner.py:357] 93.91s	3124	{'accuracy': 0.5215000510215759, 'loss': 1.3115243911743164}
I0413 23:31:30.623186 140367905576768 submission_runner.py:357] 115.54s	3905	{'accuracy': 0.5651000142097473, 'loss': 1.2067588567733765}
I0413 23:31:52.113319 140367905576768 submission_runner.py:357] 136.96s	4686	{'accuracy': 0.579200029373169, 'loss': 1.1636958122253418}
I0413 23:32:13.434952 140367905576768 submission_runner.py:357] 158.39s	5467	{'accuracy': 0.6066000461578369, 'loss': 1.0949592590332031}
I0413 23:32:35.410981 140367905576768 submission_runner.py:357] 179.88s	6248	{'accuracy': 0.6372000575065613, 'loss': 1.0268735885620117}
I0413 23:32:57.989733 140367905576768 submission_runner.py:357] 202.68s	7029	{'accuracy': 0.64000004529953, 'loss': 0.9972141981124878}
I0413 23:33:20.315896 140367905576768 submission_runner.py:357] 225.15s	7810	{'accuracy': 0.6586000323295593, 'loss': 0.964187741279602}
I0413 23:33:42.730263 140367905576768 submission_runner.py:357] 247.45s	8591	{'accuracy': 0.6705000400543213, 'loss': 0.9294828772544861}
I0413 23:34:05.103251 140367905576768 submission_runner.py:357] 270.06s	9372	{'accuracy': 0.6883000135421753, 'loss': 0.8710121512413025}
I0413 23:34:27.134450 140367905576768 submission_runner.py:357] 291.83s	10153	{'accuracy': 0.6924000382423401, 'loss': 0.8670616745948792}
I0413 23:34:49.030102 140367905576768 submission_runner.py:357] 313.85s	10934	{'accuracy': 0.7052000164985657, 'loss': 0.8285318613052368}
I0413 23:35:10.977385 140367905576768 submission_runner.py:357] 335.75s	11715	{'accuracy': 0.7261000275611877, 'loss': 0.7920008897781372}
I0413 23:35:32.993915 140367905576768 submission_runner.py:357] 357.84s	12496	{'accuracy': 0.7349000573158264, 'loss': 0.7557864785194397}
I0413 23:35:55.553257 140367905576768 submission_runner.py:357] 379.82s	13277	{'accuracy': 0.728600025177002, 'loss': 0.7604284286499023}
I0413 23:36:17.876397 140367905576768 submission_runner.py:357] 402.66s	14058	{'accuracy': 0.7414000630378723, 'loss': 0.741984486579895}
I0413 23:36:40.707013 140367905576768 submission_runner.py:357] 425.37s	14839	{'accuracy': 0.7460000514984131, 'loss': 0.7238065004348755}
I0413 23:37:02.943368 140367905576768 submission_runner.py:357] 447.82s	15620	{'accuracy': 0.7493000626564026, 'loss': 0.7115989327430725}
I0413 23:37:24.778047 140367905576768 submission_runner.py:357] 469.51s	16401	{'accuracy': 0.756100058555603, 'loss': 0.7117434144020081}
I0413 23:37:46.405658 140367905576768 submission_runner.py:357] 491.24s	17182	{'accuracy': 0.758400022983551, 'loss': 0.6779575347900391}
I0413 23:38:07.897832 140367905576768 submission_runner.py:357] 512.78s	17963	{'accuracy': 0.7627000212669373, 'loss': 0.6807600855827332}
I0413 23:38:29.412676 140367905576768 submission_runner.py:357] 534.29s	18744	{'accuracy': 0.7702000141143799, 'loss': 0.657985508441925}
I0413 23:38:51.252793 140367905576768 submission_runner.py:357] 555.66s	19525	{'accuracy': 0.7765000462532043, 'loss': 0.6489996910095215}
I0413 23:39:13.077340 140367905576768 submission_runner.py:357] 577.97s	20306	{'accuracy': 0.7818000316619873, 'loss': 0.6309679746627808}
I0413 23:39:35.316794 140367905576768 submission_runner.py:357] 600.26s	21087	{'accuracy': 0.7777000665664673, 'loss': 0.6283373236656189}
I0413 23:39:57.200208 140367905576768 submission_runner.py:357] 622.15s	21868	{'accuracy': 0.784000039100647, 'loss': 0.6287919282913208}
I0413 23:40:18.811010 140367905576768 submission_runner.py:357] 643.72s	22649	{'accuracy': 0.7814000248908997, 'loss': 0.6160683631896973}
I0413 23:40:41.719965 140367905576768 submission_runner.py:357] 666.74s	23430	{'accuracy': 0.7908000349998474, 'loss': 0.6170336604118347}
I0413 23:41:03.497158 140367905576768 submission_runner.py:357] 688.47s	24211	{'accuracy': 0.7859000563621521, 'loss': 0.6179283261299133}
I0413 23:41:25.096377 140367905576768 submission_runner.py:357] 710.04s	24992	{'accuracy': 0.7893000245094299, 'loss': 0.6156964302062988}
I0413 23:41:46.859687 140367905576768 submission_runner.py:357] 731.83s	25773	{'accuracy': 0.8012000322341919, 'loss': 0.5716292858123779}
I0413 23:42:09.528170 140367905576768 submission_runner.py:357] 753.99s	26554	{'accuracy': 0.8022000193595886, 'loss': 0.57933509349823}
I0413 23:42:31.552645 140367905576768 submission_runner.py:357] 776.31s	27335	{'accuracy': 0.7956000566482544, 'loss': 0.5856590867042542}
I0413 23:42:53.744117 140367905576768 submission_runner.py:357] 798.57s	28116	{'accuracy': 0.8059000372886658, 'loss': 0.5612027049064636}
I0413 23:43:15.762333 140367905576768 submission_runner.py:357] 820.76s	28897	{'accuracy': 0.8004000186920166, 'loss': 0.580776572227478}
I0413 23:43:37.540268 140367905576768 submission_runner.py:357] 842.51s	29678	{'accuracy': 0.8095000386238098, 'loss': 0.5555413365364075}
I0413 23:43:59.591396 140367905576768 submission_runner.py:357] 864.59s	30459	{'accuracy': 0.8090000152587891, 'loss': 0.5578274130821228}
I0413 23:44:21.059066 140367905576768 submission_runner.py:357] 886.03s	31240	{'accuracy': 0.8148000240325928, 'loss': 0.541823148727417}
I0413 23:44:43.432136 140367905576768 submission_runner.py:357] 908.30s	32021	{'accuracy': 0.8161000609397888, 'loss': 0.530681848526001}
I0413 23:45:05.890086 140367905576768 submission_runner.py:357] 930.37s	32802	{'accuracy': 0.8085000514984131, 'loss': 0.5447058081626892}
I0413 23:45:28.697997 140367905576768 submission_runner.py:357] 953.57s	33583	{'accuracy': 0.8163000345230103, 'loss': 0.531366229057312}
I0413 23:45:50.843695 140367905576768 submission_runner.py:357] 975.79s	34364	{'accuracy': 0.8141000270843506, 'loss': 0.5431625247001648}
I0413 23:46:12.588562 140367905576768 submission_runner.py:357] 997.52s	35145	{'accuracy': 0.8236000537872314, 'loss': 0.5245339870452881}
I0413 23:46:35.272162 140367905576768 submission_runner.py:357] 1020.03s	35926	{'accuracy': 0.822100043296814, 'loss': 0.5166294574737549}
I0413 23:46:56.830633 140367905576768 submission_runner.py:357] 1041.81s	36707	{'accuracy': 0.8252000212669373, 'loss': 0.5134532451629639}
I0413 23:47:18.136400 140367905576768 submission_runner.py:357] 1063.15s	37488	{'accuracy': 0.8223000168800354, 'loss': 0.5190432071685791}
I0413 23:47:39.793235 140367905576768 submission_runner.py:357] 1084.78s	38269	{'accuracy': 0.8258000612258911, 'loss': 0.5131534934043884}
I0413 23:48:01.058646 140367905576768 submission_runner.py:357] 1106.12s	39050	{'accuracy': 0.8251000642776489, 'loss': 0.5120716691017151}
I0413 23:48:23.145409 140367905576768 submission_runner.py:357] 1127.59s	39831	{'accuracy': 0.8232000470161438, 'loss': 0.5147654414176941}
I0413 23:48:45.207419 140367905576768 submission_runner.py:357] 1150.10s	40612	{'accuracy': 0.8278000354766846, 'loss': 0.5032652020454407}
I0413 23:49:07.421499 140367905576768 submission_runner.py:357] 1172.35s	41393	{'accuracy': 0.8285000324249268, 'loss': 0.497385174036026}
I0413 23:49:29.532897 140367905576768 submission_runner.py:357] 1194.34s	42174	{'accuracy': 0.8306000232696533, 'loss': 0.4903583228588104}
I0413 23:49:51.635220 140367905576768 submission_runner.py:357] 1216.67s	42955	{'accuracy': 0.829300045967102, 'loss': 0.5040572285652161}
I0413 23:50:13.742506 140367905576768 submission_runner.py:357] 1238.68s	43736	{'accuracy': 0.8267000317573547, 'loss': 0.504532516002655}
I0413 23:50:35.754928 140367905576768 submission_runner.py:357] 1260.77s	44517	{'accuracy': 0.8297000527381897, 'loss': 0.48972752690315247}
I0413 23:50:57.421942 140367905576768 submission_runner.py:357] 1282.44s	45298	{'accuracy': 0.8363000154495239, 'loss': 0.4844419062137604}
I0413 23:51:19.441387 140367905576768 submission_runner.py:357] 1303.87s	46079	{'accuracy': 0.8322000503540039, 'loss': 0.4914171099662781}
I0413 23:51:41.751242 140367905576768 submission_runner.py:357] 1326.62s	46860	{'accuracy': 0.8366000652313232, 'loss': 0.47878068685531616}
I0413 23:52:03.543292 140367905576768 submission_runner.py:357] 1348.49s	47641	{'accuracy': 0.8315000534057617, 'loss': 0.4981950521469116}
I0413 23:52:25.467094 140367905576768 submission_runner.py:357] 1370.44s	48422	{'accuracy': 0.8404000401496887, 'loss': 0.46869826316833496}
I0413 23:52:47.683566 140367905576768 submission_runner.py:357] 1392.62s	49203	{'accuracy': 0.8398000597953796, 'loss': 0.4681731164455414}
I0413 23:53:09.898574 140367905576768 submission_runner.py:357] 1414.72s	49984	{'accuracy': 0.8343000411987305, 'loss': 0.48665398359298706}
I0413 23:53:32.088747 140367905576768 submission_runner.py:357] 1437.10s	50765	{'accuracy': 0.838100016117096, 'loss': 0.48366886377334595}
I0413 23:53:54.129607 140367905576768 submission_runner.py:357] 1459.21s	51546	{'accuracy': 0.8405000567436218, 'loss': 0.4700372815132141}
I0413 23:54:14.843093 140367905576768 submission_runner.py:357] 1479.83s	52327	{'accuracy': 0.8386000394821167, 'loss': 0.47461554408073425}
I0413 23:54:36.916662 140367905576768 submission_runner.py:357] 1501.58s	53108	{'accuracy': 0.8416000604629517, 'loss': 0.46657794713974}
I0413 23:54:58.539484 140367905576768 submission_runner.py:357] 1523.64s	53889	{'accuracy': 0.8431000113487244, 'loss': 0.46691104769706726}
I0413 23:55:19.963344 140367905576768 submission_runner.py:357] 1544.99s	54670	{'accuracy': 0.8409000635147095, 'loss': 0.4718172550201416}
I0413 23:55:41.104677 140367905576768 submission_runner.py:357] 1566.15s	55451	{'accuracy': 0.8461000323295593, 'loss': 0.4539881944656372}
I0413 23:56:01.961892 140367905576768 submission_runner.py:357] 1587.05s	56232	{'accuracy': 0.8419000506401062, 'loss': 0.47143521904945374}
I0413 23:56:23.093687 140367905576768 submission_runner.py:357] 1608.27s	57013	{'accuracy': 0.8470000624656677, 'loss': 0.449578195810318}
I0413 23:56:44.817537 140367905576768 submission_runner.py:357] 1629.80s	57794	{'accuracy': 0.8494000434875488, 'loss': 0.45873668789863586}
I0413 23:57:06.173488 140367905576768 submission_runner.py:357] 1651.21s	58575	{'accuracy': 0.8490000367164612, 'loss': 0.45887765288352966}
I0413 23:57:28.168256 140367905576768 submission_runner.py:357] 1672.42s	59356	{'accuracy': 0.8494000434875488, 'loss': 0.4535035490989685}
I0413 23:57:50.968473 140367905576768 submission_runner.py:357] 1695.95s	60137	{'accuracy': 0.8448000550270081, 'loss': 0.4553796052932739}
I0413 23:58:13.134523 140367905576768 submission_runner.py:357] 1718.04s	60918	{'accuracy': 0.8510000109672546, 'loss': 0.44607672095298767}
I0413 23:58:35.793225 140367905576768 submission_runner.py:357] 1740.73s	61699	{'accuracy': 0.8452000617980957, 'loss': 0.4580692946910858}
I0413 23:58:57.743324 140367905576768 submission_runner.py:357] 1762.70s	62480	{'accuracy': 0.8498000502586365, 'loss': 0.4426693618297577}
I0413 23:59:19.459239 140367905576768 submission_runner.py:357] 1784.46s	63261	{'accuracy': 0.8530000448226929, 'loss': 0.44134387373924255}
I0413 23:59:41.516490 140367905576768 submission_runner.py:357] 1806.50s	64042	{'accuracy': 0.8492000699043274, 'loss': 0.44238772988319397}
I0414 00:00:03.512739 140367905576768 submission_runner.py:357] 1828.49s	64823	{'accuracy': 0.8469000458717346, 'loss': 0.4552145302295685}
I0414 00:00:24.813102 140367905576768 submission_runner.py:357] 1849.75s	65604	{'accuracy': 0.850100040435791, 'loss': 0.44086217880249023}
I0414 00:00:45.647927 140367905576768 submission_runner.py:357] 1870.06s	66385	{'accuracy': 0.8508000373840332, 'loss': 0.4433278441429138}
I0414 00:01:07.685630 140367905576768 submission_runner.py:357] 1892.61s	67166	{'accuracy': 0.8482000231742859, 'loss': 0.45037251710891724}
I0414 00:01:29.564969 140367905576768 submission_runner.py:357] 1914.47s	67947	{'accuracy': 0.848300039768219, 'loss': 0.4552469849586487}
I0414 00:01:51.341482 140367905576768 submission_runner.py:357] 1936.20s	68728	{'accuracy': 0.8541000485420227, 'loss': 0.4315256178379059}
I0414 00:02:13.222790 140367905576768 submission_runner.py:357] 1958.20s	69509	{'accuracy': 0.8532000184059143, 'loss': 0.43374744057655334}
I0414 00:02:35.597074 140367905576768 submission_runner.py:357] 1980.62s	70290	{'accuracy': 0.8529000282287598, 'loss': 0.45315250754356384}
I0414 00:02:57.481636 140367905576768 submission_runner.py:357] 2002.60s	71071	{'accuracy': 0.8575000166893005, 'loss': 0.4258996844291687}
I0414 00:03:18.440042 140367905576768 submission_runner.py:357] 2023.58s	71852	{'accuracy': 0.8551000356674194, 'loss': 0.438059538602829}
I0414 00:03:40.852528 140367905576768 submission_runner.py:357] 2045.25s	72633	{'accuracy': 0.8548000454902649, 'loss': 0.4415775239467621}
I0414 00:04:03.994245 140367905576768 submission_runner.py:357] 2068.87s	73414	{'accuracy': 0.8619000315666199, 'loss': 0.42851707339286804}
I0414 00:04:25.915143 140367905576768 submission_runner.py:357] 2090.80s	74195	{'accuracy': 0.8573000431060791, 'loss': 0.4382316470146179}
I0414 00:04:47.708024 140367905576768 submission_runner.py:357] 2112.67s	74976	{'accuracy': 0.8544000387191772, 'loss': 0.4333151578903198}
I0414 00:05:09.076314 140367905576768 submission_runner.py:357] 2134.09s	75757	{'accuracy': 0.8579000234603882, 'loss': 0.42446789145469666}
I0414 00:05:31.257539 140367905576768 submission_runner.py:357] 2156.24s	76538	{'accuracy': 0.8579000234603882, 'loss': 0.4311024248600006}
I0414 00:05:53.406012 140367905576768 submission_runner.py:357] 2178.46s	77319	{'accuracy': 0.8504000306129456, 'loss': 0.4527674913406372}
I0414 00:06:14.318710 140367905576768 submission_runner.py:357] 2199.54s	78100	{'accuracy': 0.8595000505447388, 'loss': 0.4326876103878021}
I0414 00:06:35.977098 140367905576768 submission_runner.py:357] 2220.94s	78881	{'accuracy': 0.8597000241279602, 'loss': 0.43430083990097046}
W0414 00:06:35.978680 140367905576768 early_stopping.py:90] Early stop due to exceeding max steps.
I0414 00:06:36.683667 140367905576768 submission_runner.py:455] --- Tuning run 5/5 ---
I0414 00:06:41.782238 140367905576768 submission_runner.py:357] 0.33s	0	{'accuracy': 0.0942000076174736, 'loss': 2.3100602626800537}
I0414 00:07:10.173071 140367905576768 submission_runner.py:357] 29.27s	781	{'accuracy': 0.38590002059936523, 'loss': 1.6858336925506592}
I0414 00:07:32.101724 140367905576768 submission_runner.py:357] 51.54s	1562	{'accuracy': 0.45600003004074097, 'loss': 1.4668753147125244}
I0414 00:07:54.417356 140367905576768 submission_runner.py:357] 73.66s	2343	{'accuracy': 0.49970000982284546, 'loss': 1.360476016998291}
I0414 00:08:16.649957 140367905576768 submission_runner.py:357] 95.85s	3124	{'accuracy': 0.5409000515937805, 'loss': 1.2680772542953491}
I0414 00:08:37.838314 140367905576768 submission_runner.py:357] 117.03s	3905	{'accuracy': 0.5735000371932983, 'loss': 1.1766833066940308}
I0414 00:08:59.878327 140367905576768 submission_runner.py:357] 138.96s	4686	{'accuracy': 0.6009000539779663, 'loss': 1.1130549907684326}
I0414 00:09:21.917615 140367905576768 submission_runner.py:357] 161.16s	5467	{'accuracy': 0.6178000569343567, 'loss': 1.066374659538269}
I0414 00:09:44.241867 140367905576768 submission_runner.py:357] 182.92s	6248	{'accuracy': 0.6366000175476074, 'loss': 1.0156980752944946}
I0414 00:10:06.620893 140367905576768 submission_runner.py:357] 205.72s	7029	{'accuracy': 0.6371000409126282, 'loss': 1.0157443284988403}
I0414 00:10:28.882856 140367905576768 submission_runner.py:357] 228.08s	7810	{'accuracy': 0.6692000031471252, 'loss': 0.9225468039512634}
I0414 00:10:51.102223 140367905576768 submission_runner.py:357] 250.33s	8591	{'accuracy': 0.6827000379562378, 'loss': 0.8967899680137634}
I0414 00:11:12.936685 140367905576768 submission_runner.py:357] 272.32s	9372	{'accuracy': 0.7018000483512878, 'loss': 0.8418486714363098}
I0414 00:11:35.406313 140367905576768 submission_runner.py:357] 294.62s	10153	{'accuracy': 0.7069000601768494, 'loss': 0.8393602967262268}
I0414 00:11:57.647420 140367905576768 submission_runner.py:357] 316.86s	10934	{'accuracy': 0.7175000309944153, 'loss': 0.8034849762916565}
I0414 00:12:19.100714 140367905576768 submission_runner.py:357] 338.55s	11715	{'accuracy': 0.729900062084198, 'loss': 0.7634353637695312}
I0414 00:12:39.299241 140367905576768 submission_runner.py:357] 358.81s	12496	{'accuracy': 0.732200026512146, 'loss': 0.7546083927154541}
I0414 00:13:00.687016 140367905576768 submission_runner.py:357] 379.40s	13277	{'accuracy': 0.7409000396728516, 'loss': 0.7378578186035156}
I0414 00:13:22.571904 140367905576768 submission_runner.py:357] 401.84s	14058	{'accuracy': 0.7442000508308411, 'loss': 0.7203670740127563}
I0414 00:13:45.024226 140367905576768 submission_runner.py:357] 424.16s	14839	{'accuracy': 0.7567000389099121, 'loss': 0.6931362748146057}
I0414 00:14:06.996934 140367905576768 submission_runner.py:357] 446.15s	15620	{'accuracy': 0.7604000568389893, 'loss': 0.6824222207069397}
I0414 00:14:29.261296 140367905576768 submission_runner.py:357] 468.39s	16401	{'accuracy': 0.7678000330924988, 'loss': 0.6689591407775879}
I0414 00:14:51.758609 140367905576768 submission_runner.py:357] 490.98s	17182	{'accuracy': 0.7627000212669373, 'loss': 0.6695594787597656}
I0414 00:15:13.927655 140367905576768 submission_runner.py:357] 513.21s	17963	{'accuracy': 0.770300030708313, 'loss': 0.6555607914924622}
I0414 00:15:35.713161 140367905576768 submission_runner.py:357] 534.94s	18744	{'accuracy': 0.7890000343322754, 'loss': 0.6229475140571594}
I0414 00:15:57.837676 140367905576768 submission_runner.py:357] 556.43s	19525	{'accuracy': 0.7800000309944153, 'loss': 0.6263926029205322}
I0414 00:16:21.239824 140367905576768 submission_runner.py:357] 580.27s	20306	{'accuracy': 0.7808000445365906, 'loss': 0.6298426985740662}
I0414 00:16:44.378258 140367905576768 submission_runner.py:357] 603.40s	21087	{'accuracy': 0.7778000235557556, 'loss': 0.6292960047721863}
I0414 00:17:06.274597 140367905576768 submission_runner.py:357] 625.39s	21868	{'accuracy': 0.7874000668525696, 'loss': 0.6049009561538696}
I0414 00:17:28.740194 140367905576768 submission_runner.py:357] 647.88s	22649	{'accuracy': 0.7938000559806824, 'loss': 0.5920570492744446}
I0414 00:17:51.148197 140367905576768 submission_runner.py:357] 670.35s	23430	{'accuracy': 0.7900000214576721, 'loss': 0.5971717238426208}
I0414 00:18:12.725256 140367905576768 submission_runner.py:357] 692.22s	24211	{'accuracy': 0.7972000241279602, 'loss': 0.5800164937973022}
I0414 00:18:32.748295 140367905576768 submission_runner.py:357] 712.20s	24992	{'accuracy': 0.7950000166893005, 'loss': 0.5864905714988708}
I0414 00:18:54.163818 140367905576768 submission_runner.py:357] 733.43s	25773	{'accuracy': 0.7966000437736511, 'loss': 0.5821288824081421}
I0414 00:19:16.749231 140367905576768 submission_runner.py:357] 755.45s	26554	{'accuracy': 0.8090000152587891, 'loss': 0.551623523235321}
I0414 00:19:39.151929 140367905576768 submission_runner.py:357] 778.27s	27335	{'accuracy': 0.8026000261306763, 'loss': 0.5592465996742249}
I0414 00:20:01.815173 140367905576768 submission_runner.py:357] 800.96s	28116	{'accuracy': 0.8081000447273254, 'loss': 0.5446399450302124}
I0414 00:20:24.419507 140367905576768 submission_runner.py:357] 823.57s	28897	{'accuracy': 0.8127000331878662, 'loss': 0.543013870716095}
I0414 00:20:47.083605 140367905576768 submission_runner.py:357] 846.27s	29678	{'accuracy': 0.8147000670433044, 'loss': 0.5347433686256409}
I0414 00:21:09.563698 140367905576768 submission_runner.py:357] 868.73s	30459	{'accuracy': 0.815000057220459, 'loss': 0.5389426350593567}
I0414 00:21:31.843732 140367905576768 submission_runner.py:357] 891.10s	31240	{'accuracy': 0.818600058555603, 'loss': 0.537337064743042}
I0414 00:21:54.060649 140367905576768 submission_runner.py:357] 913.34s	32021	{'accuracy': 0.8169000148773193, 'loss': 0.5360423922538757}
I0414 00:22:16.544901 140367905576768 submission_runner.py:357] 935.18s	32802	{'accuracy': 0.8160000443458557, 'loss': 0.5244361162185669}
I0414 00:22:38.647667 140367905576768 submission_runner.py:357] 957.72s	33583	{'accuracy': 0.815500020980835, 'loss': 0.5323469042778015}
I0414 00:23:00.358710 140367905576768 submission_runner.py:357] 979.74s	34364	{'accuracy': 0.8207000494003296, 'loss': 0.5083022713661194}
I0414 00:23:21.408802 140367905576768 submission_runner.py:357] 1000.55s	35145	{'accuracy': 0.8296000361442566, 'loss': 0.5104360580444336}
I0414 00:23:43.470855 140367905576768 submission_runner.py:357] 1022.60s	35926	{'accuracy': 0.8235000371932983, 'loss': 0.5067790150642395}
I0414 00:24:05.865455 140367905576768 submission_runner.py:357] 1045.07s	36707	{'accuracy': 0.8236000537872314, 'loss': 0.5091263055801392}
I0414 00:24:28.071647 140367905576768 submission_runner.py:357] 1067.31s	37488	{'accuracy': 0.8289000391960144, 'loss': 0.4940822422504425}
I0414 00:24:50.019683 140367905576768 submission_runner.py:357] 1089.30s	38269	{'accuracy': 0.8256000280380249, 'loss': 0.4983954429626465}
I0414 00:25:11.315679 140367905576768 submission_runner.py:357] 1110.74s	39050	{'accuracy': 0.8309000134468079, 'loss': 0.49956780672073364}
I0414 00:25:31.943183 140367905576768 submission_runner.py:357] 1130.90s	39831	{'accuracy': 0.8340000510215759, 'loss': 0.4906747341156006}
I0414 00:25:53.574462 140367905576768 submission_runner.py:357] 1152.58s	40612	{'accuracy': 0.8297000527381897, 'loss': 0.49631622433662415}
I0414 00:26:15.703865 140367905576768 submission_runner.py:357] 1174.76s	41393	{'accuracy': 0.8353000283241272, 'loss': 0.485895037651062}
I0414 00:26:37.893972 140367905576768 submission_runner.py:357] 1197.00s	42174	{'accuracy': 0.8280000686645508, 'loss': 0.4944532811641693}
I0414 00:27:00.104663 140367905576768 submission_runner.py:357] 1219.19s	42955	{'accuracy': 0.8315000534057617, 'loss': 0.4966306984424591}
I0414 00:27:22.171659 140367905576768 submission_runner.py:357] 1241.30s	43736	{'accuracy': 0.8320000171661377, 'loss': 0.4860326945781708}
I0414 00:27:44.517559 140367905576768 submission_runner.py:357] 1263.64s	44517	{'accuracy': 0.8387000560760498, 'loss': 0.4692290723323822}
I0414 00:28:06.361632 140367905576768 submission_runner.py:357] 1285.70s	45298	{'accuracy': 0.8306000232696533, 'loss': 0.49640870094299316}
I0414 00:28:27.828298 140367905576768 submission_runner.py:357] 1306.65s	46079	{'accuracy': 0.8400000333786011, 'loss': 0.47151893377304077}
I0414 00:28:49.686951 140367905576768 submission_runner.py:357] 1328.90s	46860	{'accuracy': 0.8374000191688538, 'loss': 0.4714912474155426}
I0414 00:29:11.522526 140367905576768 submission_runner.py:357] 1350.80s	47641	{'accuracy': 0.8426000475883484, 'loss': 0.46489381790161133}
I0414 00:29:33.373951 140367905576768 submission_runner.py:357] 1372.50s	48422	{'accuracy': 0.8378000259399414, 'loss': 0.4756249189376831}
I0414 00:29:55.562811 140367905576768 submission_runner.py:357] 1394.76s	49203	{'accuracy': 0.8418000340461731, 'loss': 0.46283313632011414}
I0414 00:30:17.202956 140367905576768 submission_runner.py:357] 1416.45s	49984	{'accuracy': 0.8415000438690186, 'loss': 0.46019119024276733}
I0414 00:30:38.846811 140367905576768 submission_runner.py:357] 1437.98s	50765	{'accuracy': 0.844700038433075, 'loss': 0.46164557337760925}
I0414 00:30:59.968269 140367905576768 submission_runner.py:357] 1459.23s	51546	{'accuracy': 0.8388000130653381, 'loss': 0.47605037689208984}
I0414 00:31:22.429266 140367905576768 submission_runner.py:357] 1481.53s	52327	{'accuracy': 0.8477000594139099, 'loss': 0.44344934821128845}
I0414 00:31:44.016977 140367905576768 submission_runner.py:357] 1502.57s	53108	{'accuracy': 0.8457000255584717, 'loss': 0.45710036158561707}
I0414 00:32:06.153598 140367905576768 submission_runner.py:357] 1525.17s	53889	{'accuracy': 0.8425000309944153, 'loss': 0.46203288435935974}
I0414 00:32:29.281369 140367905576768 submission_runner.py:357] 1548.58s	54670	{'accuracy': 0.8395000696182251, 'loss': 0.4754067659378052}
I0414 00:32:49.661172 140367905576768 submission_runner.py:357] 1569.04s	55451	{'accuracy': 0.8413000106811523, 'loss': 0.4498309791088104}
I0414 00:33:10.011116 140367905576768 submission_runner.py:357] 1589.29s	56232	{'accuracy': 0.8437000513076782, 'loss': 0.4590303897857666}
I0414 00:33:32.012517 140367905576768 submission_runner.py:357] 1611.19s	57013	{'accuracy': 0.8486000299453735, 'loss': 0.4493104815483093}
I0414 00:33:54.270979 140367905576768 submission_runner.py:357] 1633.30s	57794	{'accuracy': 0.8508000373840332, 'loss': 0.4437863528728485}
I0414 00:34:16.409242 140367905576768 submission_runner.py:357] 1655.54s	58575	{'accuracy': 0.8506000638008118, 'loss': 0.43499210476875305}
I0414 00:34:38.308738 140367905576768 submission_runner.py:357] 1677.14s	59356	{'accuracy': 0.8444000482559204, 'loss': 0.46208029985427856}
I0414 00:34:59.189402 140367905576768 submission_runner.py:357] 1698.41s	60137	{'accuracy': 0.8504000306129456, 'loss': 0.45034441351890564}
I0414 00:35:19.861130 140367905576768 submission_runner.py:357] 1719.23s	60918	{'accuracy': 0.853100061416626, 'loss': 0.44205549359321594}
I0414 00:35:41.078006 140367905576768 submission_runner.py:357] 1740.23s	61699	{'accuracy': 0.8469000458717346, 'loss': 0.460123211145401}
I0414 00:36:04.042173 140367905576768 submission_runner.py:357] 1763.04s	62480	{'accuracy': 0.8532000184059143, 'loss': 0.4421437084674835}
I0414 00:36:26.509498 140367905576768 submission_runner.py:357] 1785.63s	63261	{'accuracy': 0.8506000638008118, 'loss': 0.4364631175994873}
I0414 00:36:48.353624 140367905576768 submission_runner.py:357] 1807.38s	64042	{'accuracy': 0.8521000146865845, 'loss': 0.4430823028087616}
I0414 00:37:10.064568 140367905576768 submission_runner.py:357] 1829.18s	64823	{'accuracy': 0.8461000323295593, 'loss': 0.4651639759540558}
I0414 00:37:32.032450 140367905576768 submission_runner.py:357] 1851.01s	65604	{'accuracy': 0.8505000472068787, 'loss': 0.4568328261375427}
I0414 00:37:54.190178 140367905576768 submission_runner.py:357] 1872.84s	66385	{'accuracy': 0.8540000319480896, 'loss': 0.44311466813087463}
I0414 00:38:16.879249 140367905576768 submission_runner.py:357] 1895.94s	67166	{'accuracy': 0.8488000631332397, 'loss': 0.4546854794025421}
I0414 00:38:39.514935 140367905576768 submission_runner.py:357] 1918.64s	67947	{'accuracy': 0.8532000184059143, 'loss': 0.44827625155448914}
I0414 00:39:02.062665 140367905576768 submission_runner.py:357] 1941.20s	68728	{'accuracy': 0.8488000631332397, 'loss': 0.4498056471347809}
I0414 00:39:24.733848 140367905576768 submission_runner.py:357] 1963.78s	69509	{'accuracy': 0.8603000640869141, 'loss': 0.42311418056488037}
I0414 00:39:47.166022 140367905576768 submission_runner.py:357] 1986.29s	70290	{'accuracy': 0.8516000509262085, 'loss': 0.44923996925354004}
I0414 00:40:09.010887 140367905576768 submission_runner.py:357] 2008.01s	71071	{'accuracy': 0.8541000485420227, 'loss': 0.4397662281990051}
I0414 00:40:31.061496 140367905576768 submission_runner.py:357] 2030.15s	71852	{'accuracy': 0.8577000498771667, 'loss': 0.4320313632488251}
I0414 00:40:53.504930 140367905576768 submission_runner.py:357] 2052.20s	72633	{'accuracy': 0.8523000478744507, 'loss': 0.4499082863330841}
I0414 00:41:15.456312 140367905576768 submission_runner.py:357] 2074.66s	73414	{'accuracy': 0.8592000603675842, 'loss': 0.42439132928848267}
I0414 00:41:36.781648 140367905576768 submission_runner.py:357] 2096.04s	74195	{'accuracy': 0.8627000451087952, 'loss': 0.41563287377357483}
I0414 00:41:58.694667 140367905576768 submission_runner.py:357] 2117.92s	74976	{'accuracy': 0.8566000461578369, 'loss': 0.4475206136703491}
I0414 00:42:20.382976 140367905576768 submission_runner.py:357] 2139.57s	75757	{'accuracy': 0.860200047492981, 'loss': 0.4290831387042999}
I0414 00:42:42.259001 140367905576768 submission_runner.py:357] 2161.45s	76538	{'accuracy': 0.857200026512146, 'loss': 0.43442732095718384}
I0414 00:43:03.740151 140367905576768 submission_runner.py:357] 2182.91s	77319	{'accuracy': 0.8576000332832336, 'loss': 0.43457555770874023}
I0414 00:43:25.529008 140367905576768 submission_runner.py:357] 2204.67s	78100	{'accuracy': 0.8646000623703003, 'loss': 0.41693419218063354}
I0414 00:43:47.268193 140367905576768 submission_runner.py:357] 2226.51s	78881	{'accuracy': 0.8558000326156616, 'loss': 0.4383951723575592}
W0414 00:43:47.269928 140367905576768 early_stopping.py:90] Early stop due to exceeding max steps.
I0414 00:43:47.965896 140367905576768 submission_runner.py:467] ===== Results =====
I0414 00:43:47.966302 140367905576768 submission_runner.py:469] Tuning trial 1/5
I0414 00:43:47.966392 140367905576768 submission_runner.py:470] Hyperparameters: {'learning_rate': 0.001, 'momentum': 0.9}
I0414 00:43:47.966506 140367905576768 submission_runner.py:472] Metrics: (78881, {'accuracy': 0.8587000370025635, 'loss': 0.41529661417007446})
I0414 00:43:47.966602 140367905576768 submission_runner.py:475] Timing: 1592.566543340683
I0414 00:43:47.966665 140367905576768 submission_runner.py:476] ====================
I0414 00:43:47.966715 140367905576768 submission_runner.py:469] Tuning trial 2/5
I0414 00:43:47.966767 140367905576768 submission_runner.py:470] Hyperparameters: {'learning_rate': 0.001, 'momentum': 0.9}
I0414 00:43:47.966834 140367905576768 submission_runner.py:472] Metrics: (78881, {'accuracy': 0.8593000173568726, 'loss': 0.4329648017883301})
I0414 00:43:47.966902 140367905576768 submission_runner.py:475] Timing: 1605.3429729938507
I0414 00:43:47.966954 140367905576768 submission_runner.py:476] ====================
I0414 00:43:47.967002 140367905576768 submission_runner.py:469] Tuning trial 3/5
I0414 00:43:47.967053 140367905576768 submission_runner.py:470] Hyperparameters: {'learning_rate': 0.001, 'momentum': 0.9}
I0414 00:43:47.967116 140367905576768 submission_runner.py:472] Metrics: (78881, {'accuracy': 0.8631000518798828, 'loss': 0.42090359330177307})
I0414 00:43:47.967180 140367905576768 submission_runner.py:475] Timing: 1719.8146259784698
I0414 00:43:47.967231 140367905576768 submission_runner.py:476] ====================
I0414 00:43:47.967289 140367905576768 submission_runner.py:469] Tuning trial 4/5
I0414 00:43:47.967338 140367905576768 submission_runner.py:470] Hyperparameters: {'learning_rate': 0.001, 'momentum': 0.9}
I0414 00:43:47.967398 140367905576768 submission_runner.py:472] Metrics: (78881, {'accuracy': 0.8597000241279602, 'loss': 0.43430083990097046})
I0414 00:43:47.967461 140367905576768 submission_runner.py:475] Timing: 1736.317466020584
I0414 00:43:47.967512 140367905576768 submission_runner.py:476] ====================
I0414 00:43:47.967572 140367905576768 submission_runner.py:469] Tuning trial 5/5
I0414 00:43:47.967622 140367905576768 submission_runner.py:470] Hyperparameters: {'learning_rate': 0.001, 'momentum': 0.9}
I0414 00:43:47.967683 140367905576768 submission_runner.py:472] Metrics: (78881, {'accuracy': 0.8558000326156616, 'loss': 0.4383951723575592})
I0414 00:43:47.967741 140367905576768 submission_runner.py:475] Timing: 1741.3515300750732
I0414 00:43:47.967792 140367905576768 submission_runner.py:476] ====================
I0414 00:43:48.531516 140367905576768 submission_runner.py:514] Final cifar10_jax_dropout score: 1592.566543
