W0413 14:24:16.567342 139775438620480 logging_utils.py:329] Unable to record package information. Continuing without it.
I0413 14:24:17.796658 139775438620480 submission_runner.py:455] --- Tuning run 1/5 ---
I0413 14:24:48.883786 139775438620480 submission_runner.py:357] 2.88s	0	{'accuracy': 0.09700000286102295, 'loss': 2.311391830444336}
I0413 14:25:17.025089 139775438620480 submission_runner.py:357] 39.53s	781	{'accuracy': 0.3011000156402588, 'loss': 1.9399840831756592}
I0413 14:25:37.353995 139775438620480 submission_runner.py:357] 59.85s	1562	{'accuracy': 0.43620002269744873, 'loss': 1.5908857583999634}
I0413 14:25:57.485259 139775438620480 submission_runner.py:357] 80.41s	2343	{'accuracy': 0.504800021648407, 'loss': 1.3904169797897339}
I0413 14:26:17.968554 139775438620480 submission_runner.py:357] 100.64s	3124	{'accuracy': 0.5732000470161438, 'loss': 1.2210586071014404}
I0413 14:26:37.104281 139775438620480 submission_runner.py:357] 119.96s	3905	{'accuracy': 0.6128000020980835, 'loss': 1.1376229524612427}
I0413 14:26:56.961272 139775438620480 submission_runner.py:357] 139.34s	4686	{'accuracy': 0.622700035572052, 'loss': 1.112249732017517}
I0413 14:27:16.625723 139775438620480 submission_runner.py:357] 159.53s	5467	{'accuracy': 0.6624000072479248, 'loss': 0.986278772354126}
I0413 14:27:37.422215 139775438620480 submission_runner.py:357] 180.06s	6248	{'accuracy': 0.6695000529289246, 'loss': 0.9834368824958801}
I0413 14:27:56.819186 139775438620480 submission_runner.py:357] 199.45s	7029	{'accuracy': 0.6969000101089478, 'loss': 0.8871992826461792}
I0413 14:28:17.288396 139775438620480 submission_runner.py:357] 220.01s	7810	{'accuracy': 0.7006000280380249, 'loss': 0.8880515098571777}
I0413 14:28:36.887743 139775438620480 submission_runner.py:357] 239.57s	8591	{'accuracy': 0.7105000615119934, 'loss': 0.8492946624755859}
I0413 14:28:56.737884 139775438620480 submission_runner.py:357] 259.18s	9372	{'accuracy': 0.7171000242233276, 'loss': 0.8348799347877502}
I0413 14:29:16.408697 139775438620480 submission_runner.py:357] 279.15s	10153	{'accuracy': 0.722100019454956, 'loss': 0.8248264789581299}
I0413 14:29:36.718954 139775438620480 submission_runner.py:357] 299.23s	10934	{'accuracy': 0.7212000489234924, 'loss': 0.8219267725944519}
I0413 14:29:56.697392 139775438620480 submission_runner.py:357] 319.47s	11715	{'accuracy': 0.7273000478744507, 'loss': 0.8196213245391846}
I0413 14:30:17.682407 139775438620480 submission_runner.py:357] 340.32s	12496	{'accuracy': 0.7380000352859497, 'loss': 0.802402913570404}
I0413 14:30:37.836471 139775438620480 submission_runner.py:357] 360.60s	13277	{'accuracy': 0.7329000234603882, 'loss': 0.8126333355903625}
I0413 14:30:58.385484 139775438620480 submission_runner.py:357] 380.60s	14058	{'accuracy': 0.7451000213623047, 'loss': 0.8043588995933533}
I0413 14:31:18.805054 139775438620480 submission_runner.py:357] 401.60s	14839	{'accuracy': 0.7380000352859497, 'loss': 0.8136653900146484}
I0413 14:31:38.875899 139775438620480 submission_runner.py:357] 421.65s	15620	{'accuracy': 0.7412000298500061, 'loss': 0.8058963418006897}
I0413 14:31:59.380236 139775438620480 submission_runner.py:357] 441.87s	16401	{'accuracy': 0.7451000213623047, 'loss': 0.8106645345687866}
I0413 14:32:19.623806 139775438620480 submission_runner.py:357] 462.40s	17182	{'accuracy': 0.7466000318527222, 'loss': 0.8362773060798645}
I0413 14:32:40.093886 139775438620480 submission_runner.py:357] 482.77s	17963	{'accuracy': 0.7338000535964966, 'loss': 0.914518415927887}
I0413 14:32:59.237148 139775438620480 submission_runner.py:357] 502.02s	18744	{'accuracy': 0.7483000159263611, 'loss': 0.8608264327049255}
I0413 14:33:19.812584 139775438620480 submission_runner.py:357] 522.31s	19525	{'accuracy': 0.7475000619888306, 'loss': 0.8712607622146606}
I0413 14:33:40.374716 139775438620480 submission_runner.py:357] 542.55s	20306	{'accuracy': 0.7426000237464905, 'loss': 0.9041065573692322}
I0413 14:34:00.422611 139775438620480 submission_runner.py:357] 563.17s	21087	{'accuracy': 0.7410000562667847, 'loss': 0.964863121509552}
I0413 14:34:21.171891 139775438620480 submission_runner.py:357] 583.83s	21868	{'accuracy': 0.7458000183105469, 'loss': 0.9661557078361511}
I0413 14:34:41.325377 139775438620480 submission_runner.py:357] 604.20s	22649	{'accuracy': 0.733500063419342, 'loss': 1.043679118156433}
I0413 14:35:00.667646 139775438620480 submission_runner.py:357] 623.54s	23430	{'accuracy': 0.7496000528335571, 'loss': 1.0072739124298096}
I0413 14:35:21.676090 139775438620480 submission_runner.py:357] 644.48s	24211	{'accuracy': 0.7446000576019287, 'loss': 1.0409191846847534}
I0413 14:35:41.856405 139775438620480 submission_runner.py:357] 664.56s	24992	{'accuracy': 0.7473000288009644, 'loss': 1.047623634338379}
I0413 14:36:01.571831 139775438620480 submission_runner.py:357] 684.43s	25773	{'accuracy': 0.7423000335693359, 'loss': 1.1344956159591675}
I0413 14:36:21.956629 139775438620480 submission_runner.py:357] 704.41s	26554	{'accuracy': 0.7390000224113464, 'loss': 1.137657880783081}
I0413 14:36:41.958310 139775438620480 submission_runner.py:357] 724.83s	27335	{'accuracy': 0.7376000285148621, 'loss': 1.1994316577911377}
I0413 14:37:02.219173 139775438620480 submission_runner.py:357] 745.02s	28116	{'accuracy': 0.7412000298500061, 'loss': 1.246578574180603}
I0413 14:37:22.693409 139775438620480 submission_runner.py:357] 765.50s	28897	{'accuracy': 0.7418000102043152, 'loss': 1.2286258935928345}
W0413 14:37:22.694941 139775438620480 early_stopping.py:102] Early stop due to no improvement.
I0413 14:37:23.339862 139775438620480 submission_runner.py:455] --- Tuning run 2/5 ---
I0413 14:37:27.296985 139775438620480 submission_runner.py:357] 0.33s	0	{'accuracy': 0.0999000072479248, 'loss': 2.306684732437134}
I0413 14:37:54.153938 139775438620480 submission_runner.py:357] 27.16s	781	{'accuracy': 0.304500013589859, 'loss': 1.9096094369888306}
I0413 14:38:14.092002 139775438620480 submission_runner.py:357] 46.95s	1562	{'accuracy': 0.40320003032684326, 'loss': 1.6760114431381226}
I0413 14:38:33.872409 139775438620480 submission_runner.py:357] 66.76s	2343	{'accuracy': 0.4856000244617462, 'loss': 1.4499260187149048}
I0413 14:38:54.087153 139775438620480 submission_runner.py:357] 86.96s	3124	{'accuracy': 0.539900004863739, 'loss': 1.295092225074768}
I0413 14:39:14.577386 139775438620480 submission_runner.py:357] 106.86s	3905	{'accuracy': 0.5861999988555908, 'loss': 1.180548906326294}
I0413 14:39:35.461236 139775438620480 submission_runner.py:357] 128.37s	4686	{'accuracy': 0.6222000122070312, 'loss': 1.0831407308578491}
I0413 14:39:56.227472 139775438620480 submission_runner.py:357] 149.18s	5467	{'accuracy': 0.6543000340461731, 'loss': 0.9891489744186401}
I0413 14:40:17.293236 139775438620480 submission_runner.py:357] 170.17s	6248	{'accuracy': 0.6640000343322754, 'loss': 0.9718195796012878}
I0413 14:40:37.749520 139775438620480 submission_runner.py:357] 190.68s	7029	{'accuracy': 0.6775000095367432, 'loss': 0.9328170418739319}
I0413 14:40:57.996481 139775438620480 submission_runner.py:357] 210.87s	7810	{'accuracy': 0.7039000391960144, 'loss': 0.8590987920761108}
I0413 14:41:18.767286 139775438620480 submission_runner.py:357] 231.61s	8591	{'accuracy': 0.6987000107765198, 'loss': 0.8619387149810791}
I0413 14:41:39.453587 139775438620480 submission_runner.py:357] 252.31s	9372	{'accuracy': 0.7055000066757202, 'loss': 0.8642057180404663}
I0413 14:42:00.131043 139775438620480 submission_runner.py:357] 273.11s	10153	{'accuracy': 0.7174000144004822, 'loss': 0.8240583539009094}
I0413 14:42:21.283884 139775438620480 submission_runner.py:357] 293.78s	10934	{'accuracy': 0.7199000120162964, 'loss': 0.8190616369247437}
I0413 14:42:42.432303 139775438620480 submission_runner.py:357] 315.40s	11715	{'accuracy': 0.7339000105857849, 'loss': 0.7907332181930542}
I0413 14:43:03.063480 139775438620480 submission_runner.py:357] 335.94s	12496	{'accuracy': 0.7310000061988831, 'loss': 0.800385057926178}
I0413 14:43:24.810880 139775438620480 submission_runner.py:357] 357.66s	13277	{'accuracy': 0.7400000095367432, 'loss': 0.7870637774467468}
I0413 14:43:45.607791 139775438620480 submission_runner.py:357] 378.61s	14058	{'accuracy': 0.7360000610351562, 'loss': 0.8115925788879395}
I0413 14:44:05.634056 139775438620480 submission_runner.py:357] 398.61s	14839	{'accuracy': 0.7409000396728516, 'loss': 0.8145642876625061}
I0413 14:44:25.965080 139775438620480 submission_runner.py:357] 418.92s	15620	{'accuracy': 0.7354000210762024, 'loss': 0.8332992792129517}
I0413 14:44:46.687449 139775438620480 submission_runner.py:357] 439.62s	16401	{'accuracy': 0.7380000352859497, 'loss': 0.8217923045158386}
I0413 14:45:07.946506 139775438620480 submission_runner.py:357] 460.49s	17182	{'accuracy': 0.7391000390052795, 'loss': 0.8431509137153625}
I0413 14:45:28.529055 139775438620480 submission_runner.py:357] 481.35s	17963	{'accuracy': 0.7402000427246094, 'loss': 0.8917977213859558}
I0413 14:45:49.438949 139775438620480 submission_runner.py:357] 502.44s	18744	{'accuracy': 0.7427000403404236, 'loss': 0.8602617383003235}
I0413 14:46:10.014405 139775438620480 submission_runner.py:357] 522.92s	19525	{'accuracy': 0.7390000224113464, 'loss': 0.9008262157440186}
I0413 14:46:30.675190 139775438620480 submission_runner.py:357] 543.68s	20306	{'accuracy': 0.7372000217437744, 'loss': 0.9476613998413086}
I0413 14:46:50.696755 139775438620480 submission_runner.py:357] 563.53s	21087	{'accuracy': 0.7357000112533569, 'loss': 0.9972290396690369}
I0413 14:47:11.864217 139775438620480 submission_runner.py:357] 584.88s	21868	{'accuracy': 0.7435000538825989, 'loss': 0.9849332571029663}
I0413 14:47:32.503052 139775438620480 submission_runner.py:357] 605.52s	22649	{'accuracy': 0.7359000444412231, 'loss': 1.0406649112701416}
I0413 14:47:53.082360 139775438620480 submission_runner.py:357] 626.12s	23430	{'accuracy': 0.7283000349998474, 'loss': 1.1471185684204102}
I0413 14:48:13.605713 139775438620480 submission_runner.py:357] 645.92s	24211	{'accuracy': 0.7426000237464905, 'loss': 1.1065350770950317}
I0413 14:48:34.584333 139775438620480 submission_runner.py:357] 667.43s	24992	{'accuracy': 0.7417000532150269, 'loss': 1.1341649293899536}
I0413 14:48:55.690339 139775438620480 submission_runner.py:357] 688.50s	25773	{'accuracy': 0.7412000298500061, 'loss': 1.1634535789489746}
I0413 14:49:18.371403 139775438620480 submission_runner.py:357] 710.99s	26554	{'accuracy': 0.7355000376701355, 'loss': 1.2567461729049683}
I0413 14:49:38.650063 139775438620480 submission_runner.py:357] 731.51s	27335	{'accuracy': 0.7389000058174133, 'loss': 1.2748039960861206}
I0413 14:49:59.543978 139775438620480 submission_runner.py:357] 752.55s	28116	{'accuracy': 0.7372000217437744, 'loss': 1.2616069316864014}
I0413 14:50:20.406171 139775438620480 submission_runner.py:357] 773.44s	28897	{'accuracy': 0.7373000383377075, 'loss': 1.392179012298584}
I0413 14:50:40.582486 139775438620480 submission_runner.py:357] 793.58s	29678	{'accuracy': 0.7415000200271606, 'loss': 1.313921332359314}
W0413 14:50:40.583448 139775438620480 early_stopping.py:102] Early stop due to no improvement.
I0413 14:50:41.237013 139775438620480 submission_runner.py:455] --- Tuning run 3/5 ---
I0413 14:50:45.310525 139775438620480 submission_runner.py:357] 0.32s	0	{'accuracy': 0.10000000149011612, 'loss': 2.3237082958221436}
I0413 14:51:12.684373 139775438620480 submission_runner.py:357] 27.16s	781	{'accuracy': 0.3281000256538391, 'loss': 1.8794893026351929}
I0413 14:51:32.586518 139775438620480 submission_runner.py:357] 47.60s	1562	{'accuracy': 0.430400013923645, 'loss': 1.5946201086044312}
I0413 14:51:53.274075 139775438620480 submission_runner.py:357] 68.20s	2343	{'accuracy': 0.5070000290870667, 'loss': 1.3880680799484253}
I0413 14:52:14.023675 139775438620480 submission_runner.py:357] 89.06s	3124	{'accuracy': 0.5627000331878662, 'loss': 1.245144248008728}
I0413 14:52:34.230101 139775438620480 submission_runner.py:357] 109.20s	3905	{'accuracy': 0.6012000441551208, 'loss': 1.1582902669906616}
I0413 14:52:54.462663 139775438620480 submission_runner.py:357] 129.32s	4686	{'accuracy': 0.6264000535011292, 'loss': 1.0958424806594849}
I0413 14:53:15.248100 139775438620480 submission_runner.py:357] 150.24s	5467	{'accuracy': 0.656000018119812, 'loss': 1.0036969184875488}
I0413 14:53:35.752438 139775438620480 submission_runner.py:357] 170.67s	6248	{'accuracy': 0.6717000603675842, 'loss': 0.9567770957946777}
I0413 14:53:56.938521 139775438620480 submission_runner.py:357] 191.35s	7029	{'accuracy': 0.6910000443458557, 'loss': 0.9117743372917175}
I0413 14:54:17.427119 139775438620480 submission_runner.py:357] 212.44s	7810	{'accuracy': 0.6928000450134277, 'loss': 0.9016940593719482}
I0413 14:54:38.216398 139775438620480 submission_runner.py:357] 233.18s	8591	{'accuracy': 0.713100016117096, 'loss': 0.8510308861732483}
I0413 14:54:59.018824 139775438620480 submission_runner.py:357] 253.95s	9372	{'accuracy': 0.7029000520706177, 'loss': 0.8657051920890808}
I0413 14:55:19.322900 139775438620480 submission_runner.py:357] 274.16s	10153	{'accuracy': 0.7200000286102295, 'loss': 0.8289563655853271}
I0413 14:55:40.266182 139775438620480 submission_runner.py:357] 295.11s	10934	{'accuracy': 0.7268000245094299, 'loss': 0.8125582337379456}
I0413 14:56:01.351892 139775438620480 submission_runner.py:357] 316.26s	11715	{'accuracy': 0.7195000052452087, 'loss': 0.8311430811882019}
I0413 14:56:22.163299 139775438620480 submission_runner.py:357] 337.02s	12496	{'accuracy': 0.7303000092506409, 'loss': 0.8012998700141907}
I0413 14:56:42.345268 139775438620480 submission_runner.py:357] 357.23s	13277	{'accuracy': 0.737500011920929, 'loss': 0.8052569031715393}
I0413 14:57:02.803166 139775438620480 submission_runner.py:357] 377.19s	14058	{'accuracy': 0.7297000288963318, 'loss': 0.8267056941986084}
I0413 14:57:23.863457 139775438620480 submission_runner.py:357] 398.72s	14839	{'accuracy': 0.728100061416626, 'loss': 0.8525137901306152}
I0413 14:57:43.673957 139775438620480 submission_runner.py:357] 418.68s	15620	{'accuracy': 0.737500011920929, 'loss': 0.8405779004096985}
I0413 14:58:03.728965 139775438620480 submission_runner.py:357] 438.65s	16401	{'accuracy': 0.742400050163269, 'loss': 0.8284487724304199}
I0413 14:58:24.275413 139775438620480 submission_runner.py:357] 459.17s	17182	{'accuracy': 0.7431000471115112, 'loss': 0.8472027778625488}
I0413 14:58:44.375280 139775438620480 submission_runner.py:357] 479.33s	17963	{'accuracy': 0.7408000230789185, 'loss': 0.8435949683189392}
I0413 14:59:04.417963 139775438620480 submission_runner.py:357] 499.20s	18744	{'accuracy': 0.7414000630378723, 'loss': 0.8564717173576355}
I0413 14:59:24.268350 139775438620480 submission_runner.py:357] 519.09s	19525	{'accuracy': 0.7450000643730164, 'loss': 0.8617540597915649}
I0413 14:59:44.254780 139775438620480 submission_runner.py:357] 539.26s	20306	{'accuracy': 0.737000048160553, 'loss': 0.9287466406822205}
I0413 15:00:04.775462 139775438620480 submission_runner.py:357] 559.23s	21087	{'accuracy': 0.734000027179718, 'loss': 0.9479057788848877}
I0413 15:00:25.386295 139775438620480 submission_runner.py:357] 580.30s	21868	{'accuracy': 0.7436000108718872, 'loss': 0.9492697715759277}
I0413 15:00:45.455898 139775438620480 submission_runner.py:357] 600.32s	22649	{'accuracy': 0.7396000623703003, 'loss': 1.0183366537094116}
I0413 15:01:06.031640 139775438620480 submission_runner.py:357] 621.01s	23430	{'accuracy': 0.7420000433921814, 'loss': 1.0133200883865356}
I0413 15:01:26.504607 139775438620480 submission_runner.py:357] 641.36s	24211	{'accuracy': 0.7379000186920166, 'loss': 1.0410072803497314}
I0413 15:01:47.327572 139775438620480 submission_runner.py:357] 662.21s	24992	{'accuracy': 0.7425000071525574, 'loss': 1.0585256814956665}
I0413 15:02:07.817927 139775438620480 submission_runner.py:357] 682.48s	25773	{'accuracy': 0.734000027179718, 'loss': 1.1454615592956543}
I0413 15:02:29.431348 139775438620480 submission_runner.py:357] 704.23s	26554	{'accuracy': 0.7321000099182129, 'loss': 1.126386046409607}
I0413 15:02:50.202019 139775438620480 submission_runner.py:357] 724.71s	27335	{'accuracy': 0.7422000169754028, 'loss': 1.1848523616790771}
I0413 15:03:11.156715 139775438620480 submission_runner.py:357] 746.05s	28116	{'accuracy': 0.7390000224113464, 'loss': 1.1662535667419434}
I0413 15:03:31.443510 139775438620480 submission_runner.py:357] 766.32s	28897	{'accuracy': 0.7405000329017639, 'loss': 1.3158631324768066}
W0413 15:03:31.444680 139775438620480 early_stopping.py:102] Early stop due to no improvement.
I0413 15:03:32.055723 139775438620480 submission_runner.py:455] --- Tuning run 4/5 ---
I0413 15:03:36.195209 139775438620480 submission_runner.py:357] 0.38s	0	{'accuracy': 0.1007000058889389, 'loss': 2.304201602935791}
I0413 15:04:02.845081 139775438620480 submission_runner.py:357] 27.03s	781	{'accuracy': 0.3247000277042389, 'loss': 1.8549623489379883}
I0413 15:04:23.190633 139775438620480 submission_runner.py:357] 47.41s	1562	{'accuracy': 0.4547000229358673, 'loss': 1.5338778495788574}
I0413 15:04:43.178772 139775438620480 submission_runner.py:357] 67.25s	2343	{'accuracy': 0.5333999991416931, 'loss': 1.3206449747085571}
I0413 15:05:03.020985 139775438620480 submission_runner.py:357] 87.20s	3124	{'accuracy': 0.5767000317573547, 'loss': 1.2126939296722412}
I0413 15:05:23.226430 139775438620480 submission_runner.py:357] 107.40s	3905	{'accuracy': 0.6167000532150269, 'loss': 1.0878055095672607}
I0413 15:05:43.191544 139775438620480 submission_runner.py:357] 126.81s	4686	{'accuracy': 0.6532000303268433, 'loss': 1.0133099555969238}
I0413 15:06:03.531937 139775438620480 submission_runner.py:357] 147.52s	5467	{'accuracy': 0.6712000370025635, 'loss': 0.9580204486846924}
I0413 15:06:24.534767 139775438620480 submission_runner.py:357] 168.51s	6248	{'accuracy': 0.6935000419616699, 'loss': 0.8987107872962952}
I0413 15:06:45.401461 139775438620480 submission_runner.py:357] 189.45s	7029	{'accuracy': 0.7024000287055969, 'loss': 0.8621602058410645}
I0413 15:07:05.860789 139775438620480 submission_runner.py:357] 209.82s	7810	{'accuracy': 0.718500018119812, 'loss': 0.8300419449806213}
I0413 15:07:26.798465 139775438620480 submission_runner.py:357] 230.74s	8591	{'accuracy': 0.721500039100647, 'loss': 0.8130390048027039}
I0413 15:07:47.079336 139775438620480 submission_runner.py:357] 251.15s	9372	{'accuracy': 0.7237000465393066, 'loss': 0.8157681226730347}
I0413 15:08:07.678774 139775438620480 submission_runner.py:357] 271.59s	10153	{'accuracy': 0.7383000254631042, 'loss': 0.7881972193717957}
I0413 15:08:28.180973 139775438620480 submission_runner.py:357] 292.27s	10934	{'accuracy': 0.7378000617027283, 'loss': 0.7813580632209778}
I0413 15:08:49.095372 139775438620480 submission_runner.py:357] 312.65s	11715	{'accuracy': 0.7431000471115112, 'loss': 0.7753555178642273}
I0413 15:09:09.843863 139775438620480 submission_runner.py:357] 333.91s	12496	{'accuracy': 0.7443000078201294, 'loss': 0.7851464748382568}
I0413 15:09:30.200206 139775438620480 submission_runner.py:357] 354.46s	13277	{'accuracy': 0.7462000250816345, 'loss': 0.7826599478721619}
I0413 15:09:51.175171 139775438620480 submission_runner.py:357] 375.17s	14058	{'accuracy': 0.74590003490448, 'loss': 0.7910459637641907}
I0413 15:10:11.085293 139775438620480 submission_runner.py:357] 395.25s	14839	{'accuracy': 0.750700056552887, 'loss': 0.7902851700782776}
I0413 15:10:31.757369 139775438620480 submission_runner.py:357] 415.91s	15620	{'accuracy': 0.7421000599861145, 'loss': 0.8289139866828918}
I0413 15:10:52.054615 139775438620480 submission_runner.py:357] 436.11s	16401	{'accuracy': 0.7407000064849854, 'loss': 0.8822420239448547}
I0413 15:11:12.990089 139775438620480 submission_runner.py:357] 456.65s	17182	{'accuracy': 0.7482000589370728, 'loss': 0.878914475440979}
I0413 15:11:33.273619 139775438620480 submission_runner.py:357] 476.95s	17963	{'accuracy': 0.742400050163269, 'loss': 0.90244460105896}
I0413 15:11:54.379356 139775438620480 submission_runner.py:357] 498.42s	18744	{'accuracy': 0.7466000318527222, 'loss': 0.9280414581298828}
I0413 15:12:15.279373 139775438620480 submission_runner.py:357] 519.28s	19525	{'accuracy': 0.7440000176429749, 'loss': 0.9801006317138672}
I0413 15:12:34.860561 139775438620480 submission_runner.py:357] 538.93s	20306	{'accuracy': 0.7466000318527222, 'loss': 0.9597251415252686}
I0413 15:12:55.250041 139775438620480 submission_runner.py:357] 559.37s	21087	{'accuracy': 0.7415000200271606, 'loss': 1.0536285638809204}
I0413 15:13:15.901749 139775438620480 submission_runner.py:357] 579.90s	21868	{'accuracy': 0.7416000366210938, 'loss': 1.0600212812423706}
I0413 15:13:36.449648 139775438620480 submission_runner.py:357] 600.55s	22649	{'accuracy': 0.7426000237464905, 'loss': 1.0998082160949707}
I0413 15:13:56.491912 139775438620480 submission_runner.py:357] 620.57s	23430	{'accuracy': 0.7445000410079956, 'loss': 1.1477634906768799}
I0413 15:14:17.076552 139775438620480 submission_runner.py:357] 641.27s	24211	{'accuracy': 0.7436000108718872, 'loss': 1.2727880477905273}
I0413 15:14:37.522678 139775438620480 submission_runner.py:357] 661.14s	24992	{'accuracy': 0.7404000163078308, 'loss': 1.2454328536987305}
I0413 15:14:57.998674 139775438620480 submission_runner.py:357] 681.95s	25773	{'accuracy': 0.7486000061035156, 'loss': 1.2534915208816528}
I0413 15:15:18.890027 139775438620480 submission_runner.py:357] 702.89s	26554	{'accuracy': 0.7461000084877014, 'loss': 1.2895981073379517}
I0413 15:15:39.367651 139775438620480 submission_runner.py:357] 723.37s	27335	{'accuracy': 0.7408000230789185, 'loss': 1.371765375137329}
I0413 15:15:59.521750 139775438620480 submission_runner.py:357] 743.58s	28116	{'accuracy': 0.7408000230789185, 'loss': 1.4312419891357422}
W0413 15:15:59.532861 139775438620480 early_stopping.py:102] Early stop due to no improvement.
I0413 15:16:00.191111 139775438620480 submission_runner.py:455] --- Tuning run 5/5 ---
I0413 15:16:04.366604 139775438620480 submission_runner.py:357] 0.38s	0	{'accuracy': 0.1031000018119812, 'loss': 2.3136472702026367}
I0413 15:16:32.489304 139775438620480 submission_runner.py:357] 28.49s	781	{'accuracy': 0.32680001854896545, 'loss': 1.8906227350234985}
I0413 15:16:54.146257 139775438620480 submission_runner.py:357] 50.05s	1562	{'accuracy': 0.40470001101493835, 'loss': 1.6433755159378052}
I0413 15:17:15.087299 139775438620480 submission_runner.py:357] 70.95s	2343	{'accuracy': 0.4871000349521637, 'loss': 1.4580813646316528}
I0413 15:17:36.382893 139775438620480 submission_runner.py:357] 91.75s	3124	{'accuracy': 0.5497000217437744, 'loss': 1.284454107284546}
I0413 15:17:57.776041 139775438620480 submission_runner.py:357] 113.59s	3905	{'accuracy': 0.5660000443458557, 'loss': 1.2375211715698242}
I0413 15:18:19.320535 139775438620480 submission_runner.py:357] 135.13s	4686	{'accuracy': 0.6073000431060791, 'loss': 1.1134984493255615}
I0413 15:18:40.686080 139775438620480 submission_runner.py:357] 156.47s	5467	{'accuracy': 0.6522000432014465, 'loss': 1.016998529434204}
I0413 15:19:02.588238 139775438620480 submission_runner.py:357] 178.14s	6248	{'accuracy': 0.6692000031471252, 'loss': 0.9601557850837708}
I0413 15:19:24.353289 139775438620480 submission_runner.py:357] 200.16s	7029	{'accuracy': 0.6856000423431396, 'loss': 0.9093382358551025}
I0413 15:19:45.367666 139775438620480 submission_runner.py:357] 221.29s	7810	{'accuracy': 0.6913000345230103, 'loss': 0.9030320048332214}
I0413 15:20:06.292251 139775438620480 submission_runner.py:357] 242.02s	8591	{'accuracy': 0.7073000073432922, 'loss': 0.8561887145042419}
I0413 15:20:27.819546 139775438620480 submission_runner.py:357] 263.21s	9372	{'accuracy': 0.700700044631958, 'loss': 0.8903762102127075}
I0413 15:20:49.002233 139775438620480 submission_runner.py:357] 284.78s	10153	{'accuracy': 0.7143000364303589, 'loss': 0.8251810669898987}
I0413 15:21:10.361011 139775438620480 submission_runner.py:357] 306.03s	10934	{'accuracy': 0.7257000207901001, 'loss': 0.8107343912124634}
I0413 15:21:31.699462 139775438620480 submission_runner.py:357] 327.50s	11715	{'accuracy': 0.71260005235672, 'loss': 0.8429592251777649}
I0413 15:21:52.724899 139775438620480 submission_runner.py:357] 348.69s	12496	{'accuracy': 0.7367000579833984, 'loss': 0.7858160734176636}
I0413 15:22:13.781964 139775438620480 submission_runner.py:357] 369.66s	13277	{'accuracy': 0.7252000570297241, 'loss': 0.828166127204895}
I0413 15:22:34.951704 139775438620480 submission_runner.py:357] 390.97s	14058	{'accuracy': 0.7395000457763672, 'loss': 0.7973321676254272}
I0413 15:22:55.831104 139775438620480 submission_runner.py:357] 411.75s	14839	{'accuracy': 0.7392000555992126, 'loss': 0.7868001461029053}
I0413 15:23:17.280440 139775438620480 submission_runner.py:357] 433.22s	15620	{'accuracy': 0.7412000298500061, 'loss': 0.7963069677352905}
I0413 15:23:39.053950 139775438620480 submission_runner.py:357] 454.37s	16401	{'accuracy': 0.7432000637054443, 'loss': 0.8100380301475525}
I0413 15:24:00.257589 139775438620480 submission_runner.py:357] 476.17s	17182	{'accuracy': 0.7456000447273254, 'loss': 0.7903321385383606}
I0413 15:24:21.365507 139775438620480 submission_runner.py:357] 497.15s	17963	{'accuracy': 0.7448000311851501, 'loss': 0.8192167282104492}
I0413 15:24:42.611332 139775438620480 submission_runner.py:357] 518.43s	18744	{'accuracy': 0.7461000084877014, 'loss': 0.8375713229179382}
I0413 15:25:03.648736 139775438620480 submission_runner.py:357] 539.50s	19525	{'accuracy': 0.7439000606536865, 'loss': 0.8178136348724365}
I0413 15:25:25.656956 139775438620480 submission_runner.py:357] 561.39s	20306	{'accuracy': 0.7377000451087952, 'loss': 0.8838443756103516}
I0413 15:25:46.778275 139775438620480 submission_runner.py:357] 582.62s	21087	{'accuracy': 0.7458000183105469, 'loss': 0.885860800743103}
I0413 15:26:07.670268 139775438620480 submission_runner.py:357] 603.47s	21868	{'accuracy': 0.7434000372886658, 'loss': 0.8966068625450134}
I0413 15:26:28.481329 139775438620480 submission_runner.py:357] 624.41s	22649	{'accuracy': 0.7465000152587891, 'loss': 0.9201169610023499}
I0413 15:26:49.649755 139775438620480 submission_runner.py:357] 645.03s	23430	{'accuracy': 0.7436000108718872, 'loss': 0.9340492486953735}
I0413 15:27:11.326846 139775438620480 submission_runner.py:357] 666.96s	24211	{'accuracy': 0.7443000078201294, 'loss': 0.9709805250167847}
I0413 15:27:33.155458 139775438620480 submission_runner.py:357] 688.95s	24992	{'accuracy': 0.7437000274658203, 'loss': 1.0321400165557861}
I0413 15:27:54.674185 139775438620480 submission_runner.py:357] 710.55s	25773	{'accuracy': 0.7465000152587891, 'loss': 1.013853907585144}
I0413 15:28:16.333961 139775438620480 submission_runner.py:357] 732.24s	26554	{'accuracy': 0.7408000230789185, 'loss': 1.0406004190444946}
I0413 15:28:38.177748 139775438620480 submission_runner.py:357] 753.99s	27335	{'accuracy': 0.7413000464439392, 'loss': 1.0476737022399902}
I0413 15:28:59.066078 139775438620480 submission_runner.py:357] 774.88s	28116	{'accuracy': 0.7439000606536865, 'loss': 1.1186308860778809}
I0413 15:29:19.985419 139775438620480 submission_runner.py:357] 795.89s	28897	{'accuracy': 0.7462000250816345, 'loss': 1.0629711151123047}
W0413 15:29:19.987162 139775438620480 early_stopping.py:102] Early stop due to no improvement.
I0413 15:29:20.680588 139775438620480 submission_runner.py:467] ===== Results =====
I0413 15:29:20.680975 139775438620480 submission_runner.py:469] Tuning trial 1/5
I0413 15:29:20.681066 139775438620480 submission_runner.py:470] Hyperparameters: {'learning_rate': 0.001, 'momentum': 0.9}
I0413 15:29:20.681207 139775438620480 submission_runner.py:472] Metrics: (28897, {'accuracy': 0.7418000102043152, 'loss': 1.2286258935928345})
I0413 15:29:20.681296 139775438620480 submission_runner.py:475] Timing: 588.5259568691254
I0413 15:29:20.681362 139775438620480 submission_runner.py:476] ====================
I0413 15:29:20.681415 139775438620480 submission_runner.py:469] Tuning trial 2/5
I0413 15:29:20.681470 139775438620480 submission_runner.py:470] Hyperparameters: {'learning_rate': 0.001, 'momentum': 0.9}
I0413 15:29:20.681541 139775438620480 submission_runner.py:472] Metrics: (29678, {'accuracy': 0.7415000200271606, 'loss': 1.313921332359314})
I0413 15:29:20.681613 139775438620480 submission_runner.py:475] Timing: 616.2252733707428
I0413 15:29:20.681670 139775438620480 submission_runner.py:476] ====================
I0413 15:29:20.681722 139775438620480 submission_runner.py:469] Tuning trial 3/5
I0413 15:29:20.681777 139775438620480 submission_runner.py:470] Hyperparameters: {'learning_rate': 0.001, 'momentum': 0.9}
I0413 15:29:20.681842 139775438620480 submission_runner.py:472] Metrics: (28897, {'accuracy': 0.7405000329017639, 'loss': 1.3158631324768066})
I0413 15:29:20.681917 139775438620480 submission_runner.py:475] Timing: 593.1514451503754
I0413 15:29:20.681973 139775438620480 submission_runner.py:476] ====================
I0413 15:29:20.682025 139775438620480 submission_runner.py:469] Tuning trial 4/5
I0413 15:29:20.682079 139775438620480 submission_runner.py:470] Hyperparameters: {'learning_rate': 0.001, 'momentum': 0.9}
I0413 15:29:20.682161 139775438620480 submission_runner.py:472] Metrics: (28116, {'accuracy': 0.7408000230789185, 'loss': 1.4312419891357422})
I0413 15:29:20.682234 139775438620480 submission_runner.py:475] Timing: 575.2889821529388
I0413 15:29:20.682289 139775438620480 submission_runner.py:476] ====================
I0413 15:29:20.682340 139775438620480 submission_runner.py:469] Tuning trial 5/5
I0413 15:29:20.682393 139775438620480 submission_runner.py:470] Hyperparameters: {'learning_rate': 0.001, 'momentum': 0.9}
I0413 15:29:20.682458 139775438620480 submission_runner.py:472] Metrics: (28897, {'accuracy': 0.7462000250816345, 'loss': 1.0629711151123047})
I0413 15:29:20.682522 139775438620480 submission_runner.py:475] Timing: 617.246524810791
I0413 15:29:20.682577 139775438620480 submission_runner.py:476] ====================
I0413 15:29:21.122049 139775438620480 submission_runner.py:514] Final cifar10_jax score: 575.288982
