W0413 15:30:19.523923 140631697663808 logging_utils.py:329] Unable to record package information. Continuing without it.
I0413 15:30:20.766577 140631697663808 submission_runner.py:455] --- Tuning run 1/5 ---
I0413 15:30:57.741381 140631697663808 submission_runner.py:357] 2.83s	0	{'accuracy': 0.10000000149011612, 'loss': 2.3351218700408936}
I0413 15:31:29.845341 140631697663808 submission_runner.py:357] 43.58s	781	{'accuracy': 0.320000022649765, 'loss': 1.8923118114471436}
I0413 15:31:55.678335 140631697663808 submission_runner.py:357] 69.28s	1562	{'accuracy': 0.41370001435279846, 'loss': 1.648730993270874}
I0413 15:32:21.895402 140631697663808 submission_runner.py:357] 95.71s	2343	{'accuracy': 0.4692000150680542, 'loss': 1.4765971899032593}
I0413 15:32:47.463419 140631697663808 submission_runner.py:357] 121.17s	3124	{'accuracy': 0.5110000371932983, 'loss': 1.399712085723877}
I0413 15:33:13.612081 140631697663808 submission_runner.py:357] 147.16s	3905	{'accuracy': 0.5753000378608704, 'loss': 1.222746729850769}
I0413 15:33:39.184251 140631697663808 submission_runner.py:357] 172.91s	4686	{'accuracy': 0.6078000068664551, 'loss': 1.149166226387024}
I0413 15:34:05.090499 140631697663808 submission_runner.py:357] 198.53s	5467	{'accuracy': 0.6332000494003296, 'loss': 1.0732074975967407}
I0413 15:34:31.526282 140631697663808 submission_runner.py:357] 225.30s	6248	{'accuracy': 0.6413000226020813, 'loss': 1.0575830936431885}
I0413 15:34:57.697676 140631697663808 submission_runner.py:357] 251.46s	7029	{'accuracy': 0.6607000231742859, 'loss': 0.9754370450973511}
I0413 15:35:23.902671 140631697663808 submission_runner.py:357] 277.72s	7810	{'accuracy': 0.6670000553131104, 'loss': 0.9539304375648499}
I0413 15:35:50.077250 140631697663808 submission_runner.py:357] 303.56s	8591	{'accuracy': 0.6689000129699707, 'loss': 0.9531310796737671}
I0413 15:36:16.522756 140631697663808 submission_runner.py:357] 329.99s	9372	{'accuracy': 0.6992000341415405, 'loss': 0.8694746494293213}
I0413 15:36:42.576864 140631697663808 submission_runner.py:357] 355.88s	10153	{'accuracy': 0.694100022315979, 'loss': 0.8829655647277832}
I0413 15:37:08.856462 140631697663808 submission_runner.py:357] 382.34s	10934	{'accuracy': 0.7098000049591064, 'loss': 0.8369924426078796}
I0413 15:37:35.121627 140631697663808 submission_runner.py:357] 408.83s	11715	{'accuracy': 0.7115000486373901, 'loss': 0.8192590475082397}
I0413 15:38:00.973669 140631697663808 submission_runner.py:357] 434.79s	12496	{'accuracy': 0.7210000157356262, 'loss': 0.798751950263977}
I0413 15:38:26.996510 140631697663808 submission_runner.py:357] 460.72s	13277	{'accuracy': 0.729200005531311, 'loss': 0.7780469059944153}
I0413 15:38:53.309186 140631697663808 submission_runner.py:357] 486.95s	14058	{'accuracy': 0.7364000082015991, 'loss': 0.7721560597419739}
I0413 15:39:19.782040 140631697663808 submission_runner.py:357] 513.00s	14839	{'accuracy': 0.7345000505447388, 'loss': 0.7746666669845581}
I0413 15:39:46.519923 140631697663808 submission_runner.py:357] 540.21s	15620	{'accuracy': 0.744700014591217, 'loss': 0.7339986562728882}
I0413 15:40:13.246910 140631697663808 submission_runner.py:357] 566.85s	16401	{'accuracy': 0.7456000447273254, 'loss': 0.7238569259643555}
I0413 15:40:39.441681 140631697663808 submission_runner.py:357] 593.18s	17182	{'accuracy': 0.7534000277519226, 'loss': 0.7133939266204834}
I0413 15:41:05.545956 140631697663808 submission_runner.py:357] 619.19s	17963	{'accuracy': 0.7587000131607056, 'loss': 0.695811927318573}
I0413 15:41:31.491869 140631697663808 submission_runner.py:357] 645.24s	18744	{'accuracy': 0.7606000304222107, 'loss': 0.685239851474762}
I0413 15:41:57.665064 140631697663808 submission_runner.py:357] 671.18s	19525	{'accuracy': 0.7568000555038452, 'loss': 0.7048029899597168}
I0413 15:42:23.923294 140631697663808 submission_runner.py:357] 697.54s	20306	{'accuracy': 0.7581000328063965, 'loss': 0.6861818432807922}
I0413 15:42:50.167703 140631697663808 submission_runner.py:357] 723.42s	21087	{'accuracy': 0.7617000341415405, 'loss': 0.6874949932098389}
I0413 15:43:16.826423 140631697663808 submission_runner.py:357] 750.48s	21868	{'accuracy': 0.7657000422477722, 'loss': 0.6790478825569153}
I0413 15:43:42.766645 140631697663808 submission_runner.py:357] 776.46s	22649	{'accuracy': 0.7748000621795654, 'loss': 0.6579679846763611}
I0413 15:44:09.017825 140631697663808 submission_runner.py:357] 802.52s	23430	{'accuracy': 0.7648000121116638, 'loss': 0.6801298260688782}
I0413 15:44:35.351597 140631697663808 submission_runner.py:357] 828.91s	24211	{'accuracy': 0.7686000466346741, 'loss': 0.6690049171447754}
I0413 15:45:01.317946 140631697663808 submission_runner.py:357] 854.90s	24992	{'accuracy': 0.7798000574111938, 'loss': 0.6564633846282959}
I0413 15:45:27.758211 140631697663808 submission_runner.py:357] 881.47s	25773	{'accuracy': 0.7738000154495239, 'loss': 0.6616143584251404}
I0413 15:45:53.702592 140631697663808 submission_runner.py:357] 907.35s	26554	{'accuracy': 0.7704000473022461, 'loss': 0.6651629209518433}
I0413 15:46:20.782284 140631697663808 submission_runner.py:357] 933.99s	27335	{'accuracy': 0.7724000215530396, 'loss': 0.6718836426734924}
I0413 15:46:47.281270 140631697663808 submission_runner.py:357] 960.84s	28116	{'accuracy': 0.7786000370979309, 'loss': 0.6632815599441528}
I0413 15:47:14.001363 140631697663808 submission_runner.py:357] 987.69s	28897	{'accuracy': 0.7754000425338745, 'loss': 0.6496782898902893}
I0413 15:47:40.174168 140631697663808 submission_runner.py:357] 1013.96s	29678	{'accuracy': 0.7812000513076782, 'loss': 0.647488534450531}
I0413 15:48:06.309026 140631697663808 submission_runner.py:357] 1039.98s	30459	{'accuracy': 0.77920001745224, 'loss': 0.6377449035644531}
I0413 15:48:32.640635 140631697663808 submission_runner.py:357] 1066.27s	31240	{'accuracy': 0.7778000235557556, 'loss': 0.6523444652557373}
I0413 15:48:59.060880 140631697663808 submission_runner.py:357] 1092.57s	32021	{'accuracy': 0.7853000164031982, 'loss': 0.6285929083824158}
I0413 15:49:25.467988 140631697663808 submission_runner.py:357] 1119.22s	32802	{'accuracy': 0.7864000201225281, 'loss': 0.6508343815803528}
I0413 15:49:51.181078 140631697663808 submission_runner.py:357] 1145.03s	33583	{'accuracy': 0.7849000096321106, 'loss': 0.6329229474067688}
I0413 15:50:17.630009 140631697663808 submission_runner.py:357] 1170.88s	34364	{'accuracy': 0.7852000594139099, 'loss': 0.638544499874115}
I0413 15:50:43.747180 140631697663808 submission_runner.py:357] 1197.44s	35145	{'accuracy': 0.7855000495910645, 'loss': 0.6580513715744019}
I0413 15:51:10.280998 140631697663808 submission_runner.py:357] 1223.79s	35926	{'accuracy': 0.7923000454902649, 'loss': 0.6085682511329651}
I0413 15:51:36.571771 140631697663808 submission_runner.py:357] 1250.39s	36707	{'accuracy': 0.7934000492095947, 'loss': 0.6202573180198669}
I0413 15:52:02.900916 140631697663808 submission_runner.py:357] 1276.63s	37488	{'accuracy': 0.7886000275611877, 'loss': 0.6373859643936157}
I0413 15:52:29.175398 140631697663808 submission_runner.py:357] 1302.90s	38269	{'accuracy': 0.7887000441551208, 'loss': 0.6257594227790833}
I0413 15:52:55.225049 140631697663808 submission_runner.py:357] 1328.96s	39050	{'accuracy': 0.794700026512146, 'loss': 0.6334669589996338}
I0413 15:53:21.101606 140631697663808 submission_runner.py:357] 1354.92s	39831	{'accuracy': 0.7959000468254089, 'loss': 0.6237939596176147}
I0413 15:53:46.292823 140631697663808 submission_runner.py:357] 1380.16s	40612	{'accuracy': 0.799500048160553, 'loss': 0.6112910509109497}
I0413 15:54:13.133727 140631697663808 submission_runner.py:357] 1406.35s	41393	{'accuracy': 0.8009000420570374, 'loss': 0.6185721158981323}
I0413 15:54:38.945101 140631697663808 submission_runner.py:357] 1432.66s	42174	{'accuracy': 0.7996000647544861, 'loss': 0.6105789542198181}
I0413 15:55:05.482888 140631697663808 submission_runner.py:357] 1459.28s	42955	{'accuracy': 0.7986000180244446, 'loss': 0.6138553023338318}
I0413 15:55:31.699843 140631697663808 submission_runner.py:357] 1485.41s	43736	{'accuracy': 0.7970000505447388, 'loss': 0.6323696374893188}
I0413 15:55:58.242578 140631697663808 submission_runner.py:357] 1511.99s	44517	{'accuracy': 0.7973000407218933, 'loss': 0.6066862344741821}
I0413 15:56:25.013805 140631697663808 submission_runner.py:357] 1538.79s	45298	{'accuracy': 0.7979000210762024, 'loss': 0.6323241591453552}
I0413 15:56:51.136625 140631697663808 submission_runner.py:357] 1564.85s	46079	{'accuracy': 0.7990000247955322, 'loss': 0.6191503405570984}
I0413 15:57:17.573704 140631697663808 submission_runner.py:357] 1591.44s	46860	{'accuracy': 0.800000011920929, 'loss': 0.6307786107063293}
I0413 15:57:44.538764 140631697663808 submission_runner.py:357] 1617.66s	47641	{'accuracy': 0.800000011920929, 'loss': 0.6270374059677124}
I0413 15:58:11.460385 140631697663808 submission_runner.py:357] 1644.76s	48422	{'accuracy': 0.800000011920929, 'loss': 0.6338474154472351}
I0413 15:58:37.716690 140631697663808 submission_runner.py:357] 1671.40s	49203	{'accuracy': 0.8017000555992126, 'loss': 0.6360098719596863}
I0413 15:59:04.549361 140631697663808 submission_runner.py:357] 1698.30s	49984	{'accuracy': 0.79830002784729, 'loss': 0.6349697113037109}
I0413 15:59:30.962468 140631697663808 submission_runner.py:357] 1724.64s	50765	{'accuracy': 0.7994000315666199, 'loss': 0.6425837874412537}
I0413 15:59:57.325572 140631697663808 submission_runner.py:357] 1751.03s	51546	{'accuracy': 0.8008000254631042, 'loss': 0.6298406720161438}
I0413 16:00:23.672282 140631697663808 submission_runner.py:357] 1777.45s	52327	{'accuracy': 0.8001000285148621, 'loss': 0.6494666337966919}
I0413 16:00:50.138454 140631697663808 submission_runner.py:357] 1803.90s	53108	{'accuracy': 0.8014000654220581, 'loss': 0.6467960476875305}
I0413 16:01:16.599941 140631697663808 submission_runner.py:357] 1830.32s	53889	{'accuracy': 0.797700047492981, 'loss': 0.6849800944328308}
I0413 16:01:42.927696 140631697663808 submission_runner.py:357] 1856.22s	54670	{'accuracy': 0.8094000220298767, 'loss': 0.6063359379768372}
I0413 16:02:11.890739 140631697663808 submission_runner.py:357] 1885.37s	55451	{'accuracy': 0.8003000617027283, 'loss': 0.6365851759910583}
I0413 16:02:41.917879 140631697663808 submission_runner.py:357] 1915.53s	56232	{'accuracy': 0.8055000305175781, 'loss': 0.6191223859786987}
I0413 16:03:08.367581 140631697663808 submission_runner.py:357] 1942.02s	57013	{'accuracy': 0.8046000599861145, 'loss': 0.6513901948928833}
I0413 16:03:34.901093 140631697663808 submission_runner.py:357] 1968.57s	57794	{'accuracy': 0.8042000532150269, 'loss': 0.6556198000907898}
I0413 16:04:00.707265 140631697663808 submission_runner.py:357] 1994.58s	58575	{'accuracy': 0.8076000213623047, 'loss': 0.6412908434867859}
I0413 16:04:27.467098 140631697663808 submission_runner.py:357] 2021.15s	59356	{'accuracy': 0.8113000392913818, 'loss': 0.6289589405059814}
I0413 16:04:53.434195 140631697663808 submission_runner.py:357] 2047.30s	60137	{'accuracy': 0.804900050163269, 'loss': 0.6401618719100952}
I0413 16:05:19.472438 140631697663808 submission_runner.py:357] 2073.26s	60918	{'accuracy': 0.8139000535011292, 'loss': 0.640372097492218}
I0413 16:05:45.886938 140631697663808 submission_runner.py:357] 2099.20s	61699	{'accuracy': 0.8077000379562378, 'loss': 0.6569246053695679}
I0413 16:06:12.549251 140631697663808 submission_runner.py:357] 2126.14s	62480	{'accuracy': 0.8065000176429749, 'loss': 0.6500355005264282}
I0413 16:06:39.042265 140631697663808 submission_runner.py:357] 2152.71s	63261	{'accuracy': 0.8081000447273254, 'loss': 0.6430186033248901}
I0413 16:07:05.763753 140631697663808 submission_runner.py:357] 2179.41s	64042	{'accuracy': 0.8027000427246094, 'loss': 0.6641541719436646}
I0413 16:07:32.213043 140631697663808 submission_runner.py:357] 2205.94s	64823	{'accuracy': 0.8099000453948975, 'loss': 0.6732271909713745}
I0413 16:07:58.442597 140631697663808 submission_runner.py:357] 2232.16s	65604	{'accuracy': 0.8078000545501709, 'loss': 0.654809832572937}
I0413 16:08:25.417523 140631697663808 submission_runner.py:357] 2259.22s	66385	{'accuracy': 0.8061000108718872, 'loss': 0.6755324602127075}
I0413 16:08:51.419891 140631697663808 submission_runner.py:357] 2285.08s	67166	{'accuracy': 0.8051000237464905, 'loss': 0.6840094923973083}
I0413 16:09:18.406793 140631697663808 submission_runner.py:357] 2311.65s	67947	{'accuracy': 0.8064000606536865, 'loss': 0.6567080616950989}
I0413 16:09:44.631052 140631697663808 submission_runner.py:357] 2338.25s	68728	{'accuracy': 0.8088000416755676, 'loss': 0.6600018739700317}
I0413 16:10:11.465069 140631697663808 submission_runner.py:357] 2365.02s	69509	{'accuracy': 0.8073000311851501, 'loss': 0.6766864061355591}
I0413 16:10:37.640611 140631697663808 submission_runner.py:357] 2391.34s	70290	{'accuracy': 0.8053000569343567, 'loss': 0.701409637928009}
I0413 16:11:03.757332 140631697663808 submission_runner.py:357] 2417.62s	71071	{'accuracy': 0.8034000396728516, 'loss': 0.6728197336196899}
W0413 16:11:03.759153 140631697663808 early_stopping.py:102] Early stop due to no improvement.
I0413 16:11:04.285527 140631697663808 submission_runner.py:455] --- Tuning run 2/5 ---
I0413 16:11:10.010919 140631697663808 submission_runner.py:357] 0.40s	0	{'accuracy': 0.10340000689029694, 'loss': 2.320129871368408}
I0413 16:11:42.287738 140631697663808 submission_runner.py:357] 32.73s	781	{'accuracy': 0.33820000290870667, 'loss': 1.8270800113677979}
I0413 16:12:08.935769 140631697663808 submission_runner.py:357] 59.33s	1562	{'accuracy': 0.42980003356933594, 'loss': 1.5772923231124878}
I0413 16:12:35.136508 140631697663808 submission_runner.py:357] 85.72s	2343	{'accuracy': 0.48980003595352173, 'loss': 1.4285911321640015}
I0413 16:13:01.555116 140631697663808 submission_runner.py:357] 111.41s	3124	{'accuracy': 0.5453000068664551, 'loss': 1.285613775253296}
I0413 16:13:28.631922 140631697663808 submission_runner.py:357] 138.92s	3905	{'accuracy': 0.5736000537872314, 'loss': 1.2101136445999146}
I0413 16:13:54.751838 140631697663808 submission_runner.py:357] 165.16s	4686	{'accuracy': 0.6126000285148621, 'loss': 1.1039159297943115}
I0413 16:14:21.102178 140631697663808 submission_runner.py:357] 191.51s	5467	{'accuracy': 0.6317000389099121, 'loss': 1.0743070840835571}
I0413 16:14:47.502217 140631697663808 submission_runner.py:357] 217.98s	6248	{'accuracy': 0.6535000205039978, 'loss': 0.9847668409347534}
I0413 16:15:13.848199 140631697663808 submission_runner.py:357] 244.19s	7029	{'accuracy': 0.6737000346183777, 'loss': 0.9375578761100769}
I0413 16:15:40.219104 140631697663808 submission_runner.py:357] 270.60s	7810	{'accuracy': 0.6912000179290771, 'loss': 0.9001730680465698}
I0413 16:16:06.557714 140631697663808 submission_runner.py:357] 296.76s	8591	{'accuracy': 0.6930000185966492, 'loss': 0.8874740600585938}
I0413 16:16:33.374886 140631697663808 submission_runner.py:357] 323.29s	9372	{'accuracy': 0.6935000419616699, 'loss': 0.8791587352752686}
I0413 16:16:59.947557 140631697663808 submission_runner.py:357] 350.21s	10153	{'accuracy': 0.7062000632286072, 'loss': 0.8534049987792969}
I0413 16:17:27.002266 140631697663808 submission_runner.py:357] 377.46s	10934	{'accuracy': 0.7257000207901001, 'loss': 0.7959375977516174}
I0413 16:17:53.560875 140631697663808 submission_runner.py:357] 403.95s	11715	{'accuracy': 0.7341000437736511, 'loss': 0.7701756954193115}
I0413 16:18:21.106925 140631697663808 submission_runner.py:357] 431.47s	12496	{'accuracy': 0.734000027179718, 'loss': 0.774960994720459}
I0413 16:18:47.195192 140631697663808 submission_runner.py:357] 457.60s	13277	{'accuracy': 0.7362000346183777, 'loss': 0.763087809085846}
I0413 16:19:13.946614 140631697663808 submission_runner.py:357] 484.32s	14058	{'accuracy': 0.7427000403404236, 'loss': 0.7368372082710266}
I0413 16:19:39.897248 140631697663808 submission_runner.py:357] 510.37s	14839	{'accuracy': 0.7408000230789185, 'loss': 0.7434120774269104}
I0413 16:20:05.869904 140631697663808 submission_runner.py:357] 536.34s	15620	{'accuracy': 0.7524000406265259, 'loss': 0.7266238331794739}
I0413 16:20:32.417065 140631697663808 submission_runner.py:357] 562.57s	16401	{'accuracy': 0.7544000148773193, 'loss': 0.7052501440048218}
I0413 16:20:58.860558 140631697663808 submission_runner.py:357] 589.21s	17182	{'accuracy': 0.7544000148773193, 'loss': 0.7128018736839294}
I0413 16:21:25.866394 140631697663808 submission_runner.py:357] 616.30s	17963	{'accuracy': 0.7599000334739685, 'loss': 0.6954376101493835}
I0413 16:21:52.073389 140631697663808 submission_runner.py:357] 642.50s	18744	{'accuracy': 0.7558000087738037, 'loss': 0.7164204716682434}
I0413 16:22:18.500736 140631697663808 submission_runner.py:357] 668.99s	19525	{'accuracy': 0.766200065612793, 'loss': 0.7011109590530396}
I0413 16:22:44.628593 140631697663808 submission_runner.py:357] 695.08s	20306	{'accuracy': 0.7661000490188599, 'loss': 0.6913430690765381}
I0413 16:23:10.676388 140631697663808 submission_runner.py:357] 721.26s	21087	{'accuracy': 0.7726000547409058, 'loss': 0.664168119430542}
I0413 16:23:36.552405 140631697663808 submission_runner.py:357] 747.04s	21868	{'accuracy': 0.7737000584602356, 'loss': 0.6563078761100769}
I0413 16:24:02.776735 140631697663808 submission_runner.py:357] 773.14s	22649	{'accuracy': 0.7766000628471375, 'loss': 0.670671284198761}
I0413 16:24:29.664174 140631697663808 submission_runner.py:357] 799.64s	23430	{'accuracy': 0.777400016784668, 'loss': 0.66355961561203}
I0413 16:24:56.091025 140631697663808 submission_runner.py:357] 826.53s	24211	{'accuracy': 0.7809000611305237, 'loss': 0.6548250317573547}
I0413 16:25:23.069911 140631697663808 submission_runner.py:357] 853.55s	24992	{'accuracy': 0.7854000329971313, 'loss': 0.6354316473007202}
I0413 16:25:49.325556 140631697663808 submission_runner.py:357] 879.89s	25773	{'accuracy': 0.7823000550270081, 'loss': 0.651088535785675}
I0413 16:26:15.993107 140631697663808 submission_runner.py:357] 906.40s	26554	{'accuracy': 0.7742000222206116, 'loss': 0.6674543023109436}
I0413 16:26:41.884956 140631697663808 submission_runner.py:357] 932.35s	27335	{'accuracy': 0.7803000211715698, 'loss': 0.6557045578956604}
I0413 16:27:08.350042 140631697663808 submission_runner.py:357] 958.63s	28116	{'accuracy': 0.7874000668525696, 'loss': 0.638088047504425}
I0413 16:27:34.925347 140631697663808 submission_runner.py:357] 985.36s	28897	{'accuracy': 0.7901000380516052, 'loss': 0.6254336833953857}
I0413 16:28:02.767387 140631697663808 submission_runner.py:357] 1012.53s	29678	{'accuracy': 0.7857000231742859, 'loss': 0.6479551196098328}
I0413 16:28:29.114866 140631697663808 submission_runner.py:357] 1039.49s	30459	{'accuracy': 0.791100025177002, 'loss': 0.6095395088195801}
I0413 16:28:57.467504 140631697663808 submission_runner.py:357] 1067.82s	31240	{'accuracy': 0.7955000400543213, 'loss': 0.6146493554115295}
I0413 16:29:25.414364 140631697663808 submission_runner.py:357] 1095.78s	32021	{'accuracy': 0.7885000109672546, 'loss': 0.6504766941070557}
I0413 16:29:55.335787 140631697663808 submission_runner.py:357] 1125.73s	32802	{'accuracy': 0.7925000190734863, 'loss': 0.6228492259979248}
I0413 16:30:23.986237 140631697663808 submission_runner.py:357] 1154.41s	33583	{'accuracy': 0.7920000553131104, 'loss': 0.6252623200416565}
I0413 16:30:50.415212 140631697663808 submission_runner.py:357] 1181.18s	34364	{'accuracy': 0.7975000143051147, 'loss': 0.6116828322410583}
I0413 16:31:13.677203 140631697663808 submission_runner.py:357] 1204.44s	35145	{'accuracy': 0.7986000180244446, 'loss': 0.6223676204681396}
I0413 16:31:36.942726 140631697663808 submission_runner.py:357] 1227.72s	35926	{'accuracy': 0.801800012588501, 'loss': 0.6159660816192627}
I0413 16:32:00.814626 140631697663808 submission_runner.py:357] 1250.93s	36707	{'accuracy': 0.8001000285148621, 'loss': 0.5966241359710693}
I0413 16:32:24.519599 140631697663808 submission_runner.py:357] 1275.21s	37488	{'accuracy': 0.8015000224113464, 'loss': 0.598587155342102}
I0413 16:32:48.278764 140631697663808 submission_runner.py:357] 1298.93s	38269	{'accuracy': 0.8044000267982483, 'loss': 0.6114575266838074}
I0413 16:33:11.814072 140631697663808 submission_runner.py:357] 1322.56s	39050	{'accuracy': 0.7972000241279602, 'loss': 0.6233752965927124}
I0413 16:33:35.826974 140631697663808 submission_runner.py:357] 1346.50s	39831	{'accuracy': 0.7971000671386719, 'loss': 0.6096204519271851}
I0413 16:33:59.777585 140631697663808 submission_runner.py:357] 1370.51s	40612	{'accuracy': 0.8016000390052795, 'loss': 0.6267060041427612}
I0413 16:34:25.347965 140631697663808 submission_runner.py:357] 1396.00s	41393	{'accuracy': 0.8063000440597534, 'loss': 0.6036064624786377}
I0413 16:34:49.222846 140631697663808 submission_runner.py:357] 1419.96s	42174	{'accuracy': 0.8064000606536865, 'loss': 0.5999149680137634}
I0413 16:35:13.152712 140631697663808 submission_runner.py:357] 1443.85s	42955	{'accuracy': 0.8024000525474548, 'loss': 0.5985221862792969}
I0413 16:35:37.436258 140631697663808 submission_runner.py:357] 1467.61s	43736	{'accuracy': 0.8022000193595886, 'loss': 0.6103665232658386}
I0413 16:36:01.631075 140631697663808 submission_runner.py:357] 1492.31s	44517	{'accuracy': 0.8092000484466553, 'loss': 0.6035890579223633}
I0413 16:36:25.597461 140631697663808 submission_runner.py:357] 1516.29s	45298	{'accuracy': 0.8055000305175781, 'loss': 0.6172894239425659}
I0413 16:36:50.702303 140631697663808 submission_runner.py:357] 1541.43s	46079	{'accuracy': 0.8077000379562378, 'loss': 0.6236897706985474}
I0413 16:37:14.644220 140631697663808 submission_runner.py:357] 1565.38s	46860	{'accuracy': 0.80840003490448, 'loss': 0.6177889704704285}
I0413 16:37:38.368756 140631697663808 submission_runner.py:357] 1589.14s	47641	{'accuracy': 0.8119000196456909, 'loss': 0.6118305325508118}
I0413 16:38:02.636501 140631697663808 submission_runner.py:357] 1613.24s	48422	{'accuracy': 0.8046000599861145, 'loss': 0.6256703734397888}
I0413 16:38:26.739513 140631697663808 submission_runner.py:357] 1637.27s	49203	{'accuracy': 0.7981000542640686, 'loss': 0.642569363117218}
I0413 16:38:51.353415 140631697663808 submission_runner.py:357] 1661.42s	49984	{'accuracy': 0.8073000311851501, 'loss': 0.6275590658187866}
I0413 16:39:15.402352 140631697663808 submission_runner.py:357] 1685.95s	50765	{'accuracy': 0.8112000226974487, 'loss': 0.6248055696487427}
I0413 16:39:39.401379 140631697663808 submission_runner.py:357] 1709.90s	51546	{'accuracy': 0.8104000091552734, 'loss': 0.6107575297355652}
I0413 16:40:04.312798 140631697663808 submission_runner.py:357] 1734.99s	52327	{'accuracy': 0.805400013923645, 'loss': 0.6313008069992065}
I0413 16:40:27.730829 140631697663808 submission_runner.py:357] 1758.48s	53108	{'accuracy': 0.8098000288009644, 'loss': 0.6180355548858643}
W0413 16:40:27.731992 140631697663808 early_stopping.py:102] Early stop due to no improvement.
I0413 16:40:28.213114 140631697663808 submission_runner.py:455] --- Tuning run 3/5 ---
I0413 16:40:33.297119 140631697663808 submission_runner.py:357] 0.36s	0	{'accuracy': 0.09870000183582306, 'loss': 2.308225154876709}
I0413 16:41:02.088890 140631697663808 submission_runner.py:357] 29.11s	781	{'accuracy': 0.3108000159263611, 'loss': 1.8942477703094482}
I0413 16:41:25.233779 140631697663808 submission_runner.py:357] 52.17s	1562	{'accuracy': 0.42820000648498535, 'loss': 1.6107890605926514}
I0413 16:41:49.612480 140631697663808 submission_runner.py:357] 76.31s	2343	{'accuracy': 0.4788000285625458, 'loss': 1.4772366285324097}
I0413 16:42:13.234421 140631697663808 submission_runner.py:357] 99.67s	3124	{'accuracy': 0.5576000213623047, 'loss': 1.2623459100723267}
I0413 16:42:37.246224 140631697663808 submission_runner.py:357] 123.92s	3905	{'accuracy': 0.5716000199317932, 'loss': 1.1947016716003418}
I0413 16:43:01.084962 140631697663808 submission_runner.py:357] 147.82s	4686	{'accuracy': 0.6159000396728516, 'loss': 1.1021192073822021}
I0413 16:43:24.969600 140631697663808 submission_runner.py:357] 171.71s	5467	{'accuracy': 0.6516000032424927, 'loss': 1.0078989267349243}
I0413 16:43:49.818015 140631697663808 submission_runner.py:357] 196.56s	6248	{'accuracy': 0.6549000144004822, 'loss': 0.9990453720092773}
I0413 16:44:14.270028 140631697663808 submission_runner.py:357] 221.06s	7029	{'accuracy': 0.6704000234603882, 'loss': 0.9444646239280701}
I0413 16:44:37.922279 140631697663808 submission_runner.py:357] 244.67s	7810	{'accuracy': 0.6931000351905823, 'loss': 0.8816508054733276}
I0413 16:45:02.764605 140631697663808 submission_runner.py:357] 269.47s	8591	{'accuracy': 0.6984000205993652, 'loss': 0.8669549226760864}
I0413 16:45:27.977248 140631697663808 submission_runner.py:357] 294.66s	9372	{'accuracy': 0.711400032043457, 'loss': 0.8326341509819031}
I0413 16:45:52.950342 140631697663808 submission_runner.py:357] 319.33s	10153	{'accuracy': 0.718000054359436, 'loss': 0.8103399276733398}
I0413 16:46:18.322017 140631697663808 submission_runner.py:357] 344.97s	10934	{'accuracy': 0.7316000461578369, 'loss': 0.7814018726348877}
I0413 16:46:43.389557 140631697663808 submission_runner.py:357] 370.06s	11715	{'accuracy': 0.7298000454902649, 'loss': 0.774901807308197}
I0413 16:47:08.684662 140631697663808 submission_runner.py:357] 395.04s	12496	{'accuracy': 0.7360000610351562, 'loss': 0.7692165374755859}
I0413 16:47:33.705816 140631697663808 submission_runner.py:357] 420.57s	13277	{'accuracy': 0.7435000538825989, 'loss': 0.7336609959602356}
I0413 16:47:57.259579 140631697663808 submission_runner.py:357] 444.10s	14058	{'accuracy': 0.7474000453948975, 'loss': 0.7277048230171204}
I0413 16:48:20.856807 140631697663808 submission_runner.py:357] 467.78s	14839	{'accuracy': 0.7485000491142273, 'loss': 0.7310502529144287}
I0413 16:48:45.388192 140631697663808 submission_runner.py:357] 492.09s	15620	{'accuracy': 0.7449000477790833, 'loss': 0.7388719320297241}
I0413 16:49:09.774167 140631697663808 submission_runner.py:357] 516.24s	16401	{'accuracy': 0.7586000561714172, 'loss': 0.6998878717422485}
I0413 16:49:33.914382 140631697663808 submission_runner.py:357] 540.74s	17182	{'accuracy': 0.7591000199317932, 'loss': 0.7084086537361145}
I0413 16:49:57.733996 140631697663808 submission_runner.py:357] 564.49s	17963	{'accuracy': 0.7594000101089478, 'loss': 0.7020469307899475}
I0413 16:50:21.511486 140631697663808 submission_runner.py:357] 588.41s	18744	{'accuracy': 0.7479000091552734, 'loss': 0.7229135036468506}
I0413 16:50:45.708287 140631697663808 submission_runner.py:357] 612.63s	19525	{'accuracy': 0.7669000625610352, 'loss': 0.6871486306190491}
I0413 16:51:09.152287 140631697663808 submission_runner.py:357] 636.04s	20306	{'accuracy': 0.763700008392334, 'loss': 0.690044105052948}
I0413 16:51:32.745743 140631697663808 submission_runner.py:357] 659.54s	21087	{'accuracy': 0.7711000442504883, 'loss': 0.6681813597679138}
I0413 16:51:56.257149 140631697663808 submission_runner.py:357] 683.05s	21868	{'accuracy': 0.7710000276565552, 'loss': 0.6605513691902161}
I0413 16:52:19.920812 140631697663808 submission_runner.py:357] 706.61s	22649	{'accuracy': 0.770300030708313, 'loss': 0.6586781144142151}
I0413 16:52:44.162942 140631697663808 submission_runner.py:357] 730.30s	23430	{'accuracy': 0.775700032711029, 'loss': 0.651836633682251}
I0413 16:53:09.716202 140631697663808 submission_runner.py:357] 756.11s	24211	{'accuracy': 0.7665000557899475, 'loss': 0.6693151593208313}
I0413 16:53:34.777334 140631697663808 submission_runner.py:357] 781.61s	24992	{'accuracy': 0.7761000394821167, 'loss': 0.6497976183891296}
I0413 16:53:59.799614 140631697663808 submission_runner.py:357] 806.43s	25773	{'accuracy': 0.7710000276565552, 'loss': 0.6762463450431824}
I0413 16:54:24.581614 140631697663808 submission_runner.py:357] 831.48s	26554	{'accuracy': 0.784600019454956, 'loss': 0.6409521102905273}
I0413 16:54:47.969938 140631697663808 submission_runner.py:357] 854.91s	27335	{'accuracy': 0.7870000600814819, 'loss': 0.6374139189720154}
I0413 16:55:11.303505 140631697663808 submission_runner.py:357] 878.25s	28116	{'accuracy': 0.7833000421524048, 'loss': 0.6550984978675842}
I0413 16:55:34.603118 140631697663808 submission_runner.py:357] 901.53s	28897	{'accuracy': 0.7873000502586365, 'loss': 0.6414651870727539}
I0413 16:55:57.948337 140631697663808 submission_runner.py:357] 924.82s	29678	{'accuracy': 0.7814000248908997, 'loss': 0.6627570390701294}
I0413 16:56:23.820702 140631697663808 submission_runner.py:357] 950.03s	30459	{'accuracy': 0.782200038433075, 'loss': 0.6684733033180237}
I0413 16:56:48.950494 140631697663808 submission_runner.py:357] 975.62s	31240	{'accuracy': 0.7844000458717346, 'loss': 0.6516256332397461}
I0413 16:57:14.560724 140631697663808 submission_runner.py:357] 1001.15s	32021	{'accuracy': 0.7889000177383423, 'loss': 0.6450546383857727}
I0413 16:57:39.488616 140631697663808 submission_runner.py:357] 1026.25s	32802	{'accuracy': 0.792400062084198, 'loss': 0.6449878215789795}
I0413 16:58:03.088278 140631697663808 submission_runner.py:357] 1050.00s	33583	{'accuracy': 0.7966000437736511, 'loss': 0.6235504150390625}
I0413 16:58:26.678803 140631697663808 submission_runner.py:357] 1073.61s	34364	{'accuracy': 0.7931000590324402, 'loss': 0.6504245400428772}
I0413 16:58:51.440948 140631697663808 submission_runner.py:357] 1098.16s	35145	{'accuracy': 0.7914000153541565, 'loss': 0.6416797041893005}
I0413 16:59:16.411387 140631697663808 submission_runner.py:357] 1123.22s	35926	{'accuracy': 0.7907000184059143, 'loss': 0.6553916335105896}
I0413 16:59:40.270886 140631697663808 submission_runner.py:357] 1146.66s	36707	{'accuracy': 0.7969000339508057, 'loss': 0.6293447613716125}
I0413 17:00:04.044120 140631697663808 submission_runner.py:357] 1170.92s	37488	{'accuracy': 0.7899000644683838, 'loss': 0.621198832988739}
I0413 17:00:29.376164 140631697663808 submission_runner.py:357] 1196.12s	38269	{'accuracy': 0.8037000298500061, 'loss': 0.6172396540641785}
I0413 17:00:54.413199 140631697663808 submission_runner.py:357] 1221.10s	39050	{'accuracy': 0.7950000166893005, 'loss': 0.6310830116271973}
I0413 17:01:18.537555 140631697663808 submission_runner.py:357] 1245.44s	39831	{'accuracy': 0.7931000590324402, 'loss': 0.6406091451644897}
I0413 17:01:41.948919 140631697663808 submission_runner.py:357] 1268.87s	40612	{'accuracy': 0.7953000664710999, 'loss': 0.6354189515113831}
I0413 17:02:06.391149 140631697663808 submission_runner.py:357] 1292.97s	41393	{'accuracy': 0.7887000441551208, 'loss': 0.6807767748832703}
I0413 17:02:29.866221 140631697663808 submission_runner.py:357] 1316.79s	42174	{'accuracy': 0.7996000647544861, 'loss': 0.6394301056861877}
I0413 17:02:53.337500 140631697663808 submission_runner.py:357] 1340.18s	42955	{'accuracy': 0.7948000431060791, 'loss': 0.6535742282867432}
I0413 17:03:17.164496 140631697663808 submission_runner.py:357] 1363.51s	43736	{'accuracy': 0.8020000457763672, 'loss': 0.618759036064148}
I0413 17:03:41.049801 140631697663808 submission_runner.py:357] 1387.93s	44517	{'accuracy': 0.7959000468254089, 'loss': 0.6497851610183716}
I0413 17:04:05.322902 140631697663808 submission_runner.py:357] 1411.95s	45298	{'accuracy': 0.7994000315666199, 'loss': 0.6549422144889832}
I0413 17:04:30.663938 140631697663808 submission_runner.py:357] 1437.38s	46079	{'accuracy': 0.7951000332832336, 'loss': 0.6634774804115295}
I0413 17:04:54.666291 140631697663808 submission_runner.py:357] 1461.35s	46860	{'accuracy': 0.7988000512123108, 'loss': 0.6425522565841675}
I0413 17:05:19.996739 140631697663808 submission_runner.py:357] 1486.72s	47641	{'accuracy': 0.8001000285148621, 'loss': 0.6627296209335327}
I0413 17:05:44.858402 140631697663808 submission_runner.py:357] 1511.57s	48422	{'accuracy': 0.7849000096321106, 'loss': 0.676457941532135}
I0413 17:06:08.937367 140631697663808 submission_runner.py:357] 1535.84s	49203	{'accuracy': 0.7973000407218933, 'loss': 0.6580628752708435}
I0413 17:06:32.686775 140631697663808 submission_runner.py:357] 1559.27s	49984	{'accuracy': 0.8034000396728516, 'loss': 0.6456140279769897}
I0413 17:06:56.842170 140631697663808 submission_runner.py:357] 1583.28s	50765	{'accuracy': 0.7999000549316406, 'loss': 0.659849226474762}
I0413 17:07:20.581523 140631697663808 submission_runner.py:357] 1607.46s	51546	{'accuracy': 0.8019000291824341, 'loss': 0.6578357815742493}
I0413 17:07:45.292429 140631697663808 submission_runner.py:357] 1632.00s	52327	{'accuracy': 0.7969000339508057, 'loss': 0.6747551560401917}
I0413 17:08:10.495951 140631697663808 submission_runner.py:357] 1657.15s	53108	{'accuracy': 0.800000011920929, 'loss': 0.6838557720184326}
I0413 17:08:34.224922 140631697663808 submission_runner.py:357] 1681.01s	53889	{'accuracy': 0.7941000461578369, 'loss': 0.6936215758323669}
I0413 17:08:58.360851 140631697663808 submission_runner.py:357] 1705.07s	54670	{'accuracy': 0.7938000559806824, 'loss': 0.6912398934364319}
W0413 17:08:58.361993 140631697663808 early_stopping.py:102] Early stop due to no improvement.
I0413 17:08:58.845036 140631697663808 submission_runner.py:455] --- Tuning run 4/5 ---
I0413 17:09:04.043755 140631697663808 submission_runner.py:357] 0.36s	0	{'accuracy': 0.09590000659227371, 'loss': 2.3141465187072754}
I0413 17:09:33.197940 140631697663808 submission_runner.py:357] 29.27s	781	{'accuracy': 0.26840001344680786, 'loss': 2.0007071495056152}
I0413 17:09:58.319383 140631697663808 submission_runner.py:357] 53.90s	1562	{'accuracy': 0.4082000255584717, 'loss': 1.6906216144561768}
I0413 17:10:22.251576 140631697663808 submission_runner.py:357] 78.47s	2343	{'accuracy': 0.48030000925064087, 'loss': 1.470291256904602}
I0413 17:10:46.043167 140631697663808 submission_runner.py:357] 102.25s	3124	{'accuracy': 0.5425000190734863, 'loss': 1.3052178621292114}
I0413 17:11:11.410034 140631697663808 submission_runner.py:357] 127.23s	3905	{'accuracy': 0.58160001039505, 'loss': 1.1955887079238892}
I0413 17:11:35.670149 140631697663808 submission_runner.py:357] 151.72s	4686	{'accuracy': 0.603600025177002, 'loss': 1.1455985307693481}
I0413 17:11:59.272408 140631697663808 submission_runner.py:357] 175.54s	5467	{'accuracy': 0.613800048828125, 'loss': 1.1019363403320312}
I0413 17:12:22.835291 140631697663808 submission_runner.py:357] 199.06s	6248	{'accuracy': 0.6563000082969666, 'loss': 0.9909824728965759}
I0413 17:12:46.380313 140631697663808 submission_runner.py:357] 222.49s	7029	{'accuracy': 0.6772000193595886, 'loss': 0.9419574737548828}
I0413 17:13:10.134634 140631697663808 submission_runner.py:357] 245.98s	7810	{'accuracy': 0.6855000257492065, 'loss': 0.90455561876297}
I0413 17:13:34.614189 140631697663808 submission_runner.py:357] 269.91s	8591	{'accuracy': 0.6966000199317932, 'loss': 0.8943861722946167}
I0413 17:13:59.523946 140631697663808 submission_runner.py:357] 295.66s	9372	{'accuracy': 0.6978000402450562, 'loss': 0.8766769766807556}
I0413 17:14:23.511181 140631697663808 submission_runner.py:357] 319.49s	10153	{'accuracy': 0.7109000086784363, 'loss': 0.8337352871894836}
I0413 17:14:48.520189 140631697663808 submission_runner.py:357] 344.55s	10934	{'accuracy': 0.7172000408172607, 'loss': 0.8215073347091675}
I0413 17:15:13.909759 140631697663808 submission_runner.py:357] 369.90s	11715	{'accuracy': 0.7242000102996826, 'loss': 0.806723952293396}
I0413 17:15:38.791059 140631697663808 submission_runner.py:357] 394.84s	12496	{'accuracy': 0.7231000065803528, 'loss': 0.7905151844024658}
I0413 17:16:03.627063 140631697663808 submission_runner.py:357] 419.72s	13277	{'accuracy': 0.7391000390052795, 'loss': 0.743925929069519}
I0413 17:16:28.811711 140631697663808 submission_runner.py:357] 444.88s	14058	{'accuracy': 0.7381000518798828, 'loss': 0.7596368789672852}
I0413 17:16:53.552056 140631697663808 submission_runner.py:357] 469.65s	14839	{'accuracy': 0.7469000220298767, 'loss': 0.7230175137519836}
I0413 17:17:19.328168 140631697663808 submission_runner.py:357] 494.78s	15620	{'accuracy': 0.7516000270843506, 'loss': 0.7081838250160217}
I0413 17:17:42.994014 140631697663808 submission_runner.py:357] 519.22s	16401	{'accuracy': 0.7415000200271606, 'loss': 0.7362881302833557}
I0413 17:18:07.431014 140631697663808 submission_runner.py:357] 543.24s	17182	{'accuracy': 0.7547000646591187, 'loss': 0.7173191905021667}
I0413 17:18:31.683301 140631697663808 submission_runner.py:357] 567.68s	17963	{'accuracy': 0.761400043964386, 'loss': 0.6867832541465759}
I0413 17:18:56.406511 140631697663808 submission_runner.py:357] 592.45s	18744	{'accuracy': 0.7676000595092773, 'loss': 0.6768377423286438}
I0413 17:19:20.010955 140631697663808 submission_runner.py:357] 616.20s	19525	{'accuracy': 0.7686000466346741, 'loss': 0.6930141448974609}
I0413 17:19:43.433583 140631697663808 submission_runner.py:357] 639.70s	20306	{'accuracy': 0.7646000385284424, 'loss': 0.6872120499610901}
I0413 17:20:07.474828 140631697663808 submission_runner.py:357] 663.47s	21087	{'accuracy': 0.7643000483512878, 'loss': 0.6802196502685547}
I0413 17:20:32.771648 140631697663808 submission_runner.py:357] 688.19s	21868	{'accuracy': 0.7735000252723694, 'loss': 0.6578365564346313}
I0413 17:20:57.951777 140631697663808 submission_runner.py:357] 713.95s	22649	{'accuracy': 0.7741000652313232, 'loss': 0.6563442945480347}
I0413 17:21:23.504582 140631697663808 submission_runner.py:357] 739.57s	23430	{'accuracy': 0.778700053691864, 'loss': 0.6439803242683411}
I0413 17:21:47.191513 140631697663808 submission_runner.py:357] 763.45s	24211	{'accuracy': 0.7790000438690186, 'loss': 0.6431169509887695}
I0413 17:22:10.608277 140631697663808 submission_runner.py:357] 786.90s	24992	{'accuracy': 0.7844000458717346, 'loss': 0.6292517185211182}
I0413 17:22:34.284546 140631697663808 submission_runner.py:357] 810.36s	25773	{'accuracy': 0.7812000513076782, 'loss': 0.6398059725761414}
I0413 17:22:59.643217 140631697663808 submission_runner.py:357] 835.85s	26554	{'accuracy': 0.7931000590324402, 'loss': 0.6113743185997009}
I0413 17:23:24.836303 140631697663808 submission_runner.py:357] 860.85s	27335	{'accuracy': 0.7881000638008118, 'loss': 0.6285315155982971}
I0413 17:23:49.375954 140631697663808 submission_runner.py:357] 885.34s	28116	{'accuracy': 0.7762000560760498, 'loss': 0.661221444606781}
I0413 17:24:13.261048 140631697663808 submission_runner.py:357] 908.93s	28897	{'accuracy': 0.7900000214576721, 'loss': 0.6217026710510254}
I0413 17:24:37.177062 140631697663808 submission_runner.py:357] 933.36s	29678	{'accuracy': 0.7839000225067139, 'loss': 0.6222360730171204}
I0413 17:25:00.941881 140631697663808 submission_runner.py:357] 957.15s	30459	{'accuracy': 0.7966000437736511, 'loss': 0.6051933169364929}
I0413 17:25:24.621627 140631697663808 submission_runner.py:357] 980.89s	31240	{'accuracy': 0.7895000576972961, 'loss': 0.6288536787033081}
I0413 17:25:48.226946 140631697663808 submission_runner.py:357] 1004.49s	32021	{'accuracy': 0.7932000160217285, 'loss': 0.611537516117096}
I0413 17:26:13.524771 140631697663808 submission_runner.py:357] 1029.46s	32802	{'accuracy': 0.7918000221252441, 'loss': 0.6452268362045288}
I0413 17:26:37.186506 140631697663808 submission_runner.py:357] 1053.48s	33583	{'accuracy': 0.7980000376701355, 'loss': 0.6199531555175781}
I0413 17:27:00.438383 140631697663808 submission_runner.py:357] 1076.73s	34364	{'accuracy': 0.794700026512146, 'loss': 0.604669988155365}
I0413 17:27:23.606711 140631697663808 submission_runner.py:357] 1099.90s	35145	{'accuracy': 0.7893000245094299, 'loss': 0.634266197681427}
I0413 17:27:47.188368 140631697663808 submission_runner.py:357] 1123.05s	35926	{'accuracy': 0.7928000092506409, 'loss': 0.6158469915390015}
I0413 17:28:10.816974 140631697663808 submission_runner.py:357] 1147.06s	36707	{'accuracy': 0.7946000099182129, 'loss': 0.6205742955207825}
I0413 17:28:35.338977 140631697663808 submission_runner.py:357] 1171.37s	37488	{'accuracy': 0.7945000529289246, 'loss': 0.611773669719696}
I0413 17:29:00.431551 140631697663808 submission_runner.py:357] 1196.44s	38269	{'accuracy': 0.7956000566482544, 'loss': 0.630744218826294}
I0413 17:29:25.909279 140631697663808 submission_runner.py:357] 1221.95s	39050	{'accuracy': 0.7981000542640686, 'loss': 0.6046102046966553}
I0413 17:29:50.854533 140631697663808 submission_runner.py:357] 1246.90s	39831	{'accuracy': 0.8002000451087952, 'loss': 0.6072980165481567}
I0413 17:30:14.861303 140631697663808 submission_runner.py:357] 1271.13s	40612	{'accuracy': 0.8047000169754028, 'loss': 0.6009868383407593}
I0413 17:30:38.198021 140631697663808 submission_runner.py:357] 1294.48s	41393	{'accuracy': 0.8002000451087952, 'loss': 0.6112308502197266}
I0413 17:31:01.964703 140631697663808 submission_runner.py:357] 1317.81s	42174	{'accuracy': 0.8065000176429749, 'loss': 0.589053750038147}
I0413 17:31:25.692954 140631697663808 submission_runner.py:357] 1341.92s	42955	{'accuracy': 0.8057000637054443, 'loss': 0.5806827545166016}
I0413 17:31:49.818781 140631697663808 submission_runner.py:357] 1365.88s	43736	{'accuracy': 0.7991000413894653, 'loss': 0.6100553274154663}
I0413 17:32:13.769340 140631697663808 submission_runner.py:357] 1389.81s	44517	{'accuracy': 0.8065000176429749, 'loss': 0.5950407385826111}
I0413 17:32:37.882852 140631697663808 submission_runner.py:357] 1413.90s	45298	{'accuracy': 0.80840003490448, 'loss': 0.5878243446350098}
I0413 17:33:02.182663 140631697663808 submission_runner.py:357] 1438.25s	46079	{'accuracy': 0.801800012588501, 'loss': 0.6181938052177429}
I0413 17:33:27.339174 140631697663808 submission_runner.py:357] 1463.44s	46860	{'accuracy': 0.8045000433921814, 'loss': 0.6127858757972717}
I0413 17:33:52.035458 140631697663808 submission_runner.py:357] 1488.15s	47641	{'accuracy': 0.8024000525474548, 'loss': 0.6190583109855652}
I0413 17:34:17.235023 140631697663808 submission_runner.py:357] 1513.33s	48422	{'accuracy': 0.8055000305175781, 'loss': 0.6306719779968262}
I0413 17:34:41.205618 140631697663808 submission_runner.py:357] 1536.95s	49203	{'accuracy': 0.8051000237464905, 'loss': 0.5981193780899048}
I0413 17:35:05.180666 140631697663808 submission_runner.py:357] 1561.36s	49984	{'accuracy': 0.8044000267982483, 'loss': 0.6225079298019409}
I0413 17:35:29.015501 140631697663808 submission_runner.py:357] 1585.13s	50765	{'accuracy': 0.8100000619888306, 'loss': 0.6021066904067993}
I0413 17:35:54.265012 140631697663808 submission_runner.py:357] 1610.33s	51546	{'accuracy': 0.8038000464439392, 'loss': 0.6208106875419617}
I0413 17:36:19.677280 140631697663808 submission_runner.py:357] 1635.78s	52327	{'accuracy': 0.8070000410079956, 'loss': 0.6097387075424194}
I0413 17:36:43.660409 140631697663808 submission_runner.py:357] 1659.93s	53108	{'accuracy': 0.8091000318527222, 'loss': 0.6133221983909607}
I0413 17:37:08.147370 140631697663808 submission_runner.py:357] 1683.97s	53889	{'accuracy': 0.8093000650405884, 'loss': 0.61360102891922}
I0413 17:37:31.640530 140631697663808 submission_runner.py:357] 1707.93s	54670	{'accuracy': 0.8094000220298767, 'loss': 0.6075025200843811}
I0413 17:37:56.120158 140631697663808 submission_runner.py:357] 1732.09s	55451	{'accuracy': 0.8098000288009644, 'loss': 0.6179534196853638}
I0413 17:38:21.267955 140631697663808 submission_runner.py:357] 1757.01s	56232	{'accuracy': 0.8060000538825989, 'loss': 0.6270646452903748}
I0413 17:38:45.135905 140631697663808 submission_runner.py:357] 1781.35s	57013	{'accuracy': 0.8067000508308411, 'loss': 0.6304435133934021}
I0413 17:39:09.719253 140631697663808 submission_runner.py:357] 1805.55s	57794	{'accuracy': 0.8092000484466553, 'loss': 0.6259458065032959}
I0413 17:39:34.845413 140631697663808 submission_runner.py:357] 1830.94s	58575	{'accuracy': 0.8068000674247742, 'loss': 0.6245964169502258}
I0413 17:39:59.826442 140631697663808 submission_runner.py:357] 1855.88s	59356	{'accuracy': 0.8081000447273254, 'loss': 0.6455008387565613}
W0413 17:39:59.827815 140631697663808 early_stopping.py:102] Early stop due to no improvement.
I0413 17:40:00.343055 140631697663808 submission_runner.py:455] --- Tuning run 5/5 ---
I0413 17:40:05.522534 140631697663808 submission_runner.py:357] 0.37s	0	{'accuracy': 0.10220000147819519, 'loss': 2.304783344268799}
I0413 17:40:34.447941 140631697663808 submission_runner.py:357] 29.27s	781	{'accuracy': 0.28690001368522644, 'loss': 1.9445749521255493}
I0413 17:40:57.765061 140631697663808 submission_runner.py:357] 52.45s	1562	{'accuracy': 0.4214000105857849, 'loss': 1.6025320291519165}
I0413 17:41:21.488813 140631697663808 submission_runner.py:357] 75.70s	2343	{'accuracy': 0.5067999958992004, 'loss': 1.3867038488388062}
I0413 17:41:45.299222 140631697663808 submission_runner.py:357] 99.99s	3124	{'accuracy': 0.5459000468254089, 'loss': 1.2853529453277588}
I0413 17:42:10.047926 140631697663808 submission_runner.py:357] 124.38s	3905	{'accuracy': 0.5926000475883484, 'loss': 1.1753324270248413}
I0413 17:42:34.319550 140631697663808 submission_runner.py:357] 148.89s	4686	{'accuracy': 0.6292000412940979, 'loss': 1.0619596242904663}
I0413 17:42:59.212804 140631697663808 submission_runner.py:357] 173.78s	5467	{'accuracy': 0.6516000032424927, 'loss': 1.0010548830032349}
I0413 17:43:22.743731 140631697663808 submission_runner.py:357] 197.41s	6248	{'accuracy': 0.6686000227928162, 'loss': 0.9524509310722351}
I0413 17:43:46.380736 140631697663808 submission_runner.py:357] 221.03s	7029	{'accuracy': 0.688800036907196, 'loss': 0.9002832174301147}
I0413 17:44:09.944860 140631697663808 submission_runner.py:357] 244.62s	7810	{'accuracy': 0.7006000280380249, 'loss': 0.8694586157798767}
I0413 17:44:33.347292 140631697663808 submission_runner.py:357] 268.05s	8591	{'accuracy': 0.7080000042915344, 'loss': 0.8369328379631042}
I0413 17:44:57.282718 140631697663808 submission_runner.py:357] 291.51s	9372	{'accuracy': 0.7059000134468079, 'loss': 0.8416728973388672}
I0413 17:45:21.119078 140631697663808 submission_runner.py:357] 315.72s	10153	{'accuracy': 0.7228000164031982, 'loss': 0.8059091567993164}
I0413 17:45:44.867353 140631697663808 submission_runner.py:357] 339.57s	10934	{'accuracy': 0.7347000241279602, 'loss': 0.7621353268623352}
I0413 17:46:08.551975 140631697663808 submission_runner.py:357] 363.29s	11715	{'accuracy': 0.7336000204086304, 'loss': 0.7745435237884521}
I0413 17:46:32.284642 140631697663808 submission_runner.py:357] 386.84s	12496	{'accuracy': 0.7368000149726868, 'loss': 0.7484155893325806}
I0413 17:46:57.116170 140631697663808 submission_runner.py:357] 411.70s	13277	{'accuracy': 0.7418000102043152, 'loss': 0.7540959119796753}
I0413 17:47:20.543755 140631697663808 submission_runner.py:357] 435.31s	14058	{'accuracy': 0.7474000453948975, 'loss': 0.7317310571670532}
I0413 17:47:44.276937 140631697663808 submission_runner.py:357] 458.86s	14839	{'accuracy': 0.7575000524520874, 'loss': 0.7062333822250366}
I0413 17:48:08.203333 140631697663808 submission_runner.py:357] 483.01s	15620	{'accuracy': 0.7634000182151794, 'loss': 0.6926937699317932}
I0413 17:48:32.141737 140631697663808 submission_runner.py:357] 506.31s	16401	{'accuracy': 0.7402000427246094, 'loss': 0.746614396572113}
I0413 17:48:56.187561 140631697663808 submission_runner.py:357] 530.64s	17182	{'accuracy': 0.7623000144958496, 'loss': 0.6825721859931946}
I0413 17:49:21.640193 140631697663808 submission_runner.py:357] 556.33s	17963	{'accuracy': 0.7633000612258911, 'loss': 0.6942179799079895}
I0413 17:49:45.317389 140631697663808 submission_runner.py:357] 580.04s	18744	{'accuracy': 0.7693000435829163, 'loss': 0.6619004011154175}
I0413 17:50:08.974692 140631697663808 submission_runner.py:357] 603.73s	19525	{'accuracy': 0.766700029373169, 'loss': 0.6853658556938171}
I0413 17:50:33.640281 140631697663808 submission_runner.py:357] 628.18s	20306	{'accuracy': 0.7750000357627869, 'loss': 0.6520063877105713}
I0413 17:50:57.460805 140631697663808 submission_runner.py:357] 652.22s	21087	{'accuracy': 0.7709000110626221, 'loss': 0.6652994751930237}
I0413 17:51:22.685379 140631697663808 submission_runner.py:357] 677.23s	21868	{'accuracy': 0.7750000357627869, 'loss': 0.6580214500427246}
I0413 17:51:47.023921 140631697663808 submission_runner.py:357] 701.27s	22649	{'accuracy': 0.7633000612258911, 'loss': 0.6851228475570679}
I0413 17:52:10.859318 140631697663808 submission_runner.py:357] 725.55s	23430	{'accuracy': 0.7764000296592712, 'loss': 0.6557607054710388}
I0413 17:52:35.639280 140631697663808 submission_runner.py:357] 750.33s	24211	{'accuracy': 0.778700053691864, 'loss': 0.6458168625831604}
I0413 17:53:00.153475 140631697663808 submission_runner.py:357] 774.86s	24992	{'accuracy': 0.7809000611305237, 'loss': 0.6274124979972839}
I0413 17:53:23.870038 140631697663808 submission_runner.py:357] 798.61s	25773	{'accuracy': 0.7850000262260437, 'loss': 0.626796543598175}
I0413 17:53:47.568355 140631697663808 submission_runner.py:357] 822.24s	26554	{'accuracy': 0.7835000157356262, 'loss': 0.6577296853065491}
I0413 17:54:10.908039 140631697663808 submission_runner.py:357] 845.71s	27335	{'accuracy': 0.7890000343322754, 'loss': 0.6217354536056519}
I0413 17:54:34.630249 140631697663808 submission_runner.py:357] 869.24s	28116	{'accuracy': 0.7874000668525696, 'loss': 0.6293469667434692}
I0413 17:54:59.360921 140631697663808 submission_runner.py:357] 893.85s	28897	{'accuracy': 0.7867000102996826, 'loss': 0.631477952003479}
I0413 17:55:23.224003 140631697663808 submission_runner.py:357] 917.31s	29678	{'accuracy': 0.7854000329971313, 'loss': 0.6355307698249817}
I0413 17:55:46.953372 140631697663808 submission_runner.py:357] 941.65s	30459	{'accuracy': 0.7979000210762024, 'loss': 0.5968424081802368}
I0413 17:56:10.641356 140631697663808 submission_runner.py:357] 965.37s	31240	{'accuracy': 0.7851000428199768, 'loss': 0.6514052748680115}
I0413 17:56:34.240239 140631697663808 submission_runner.py:357] 989.00s	32021	{'accuracy': 0.7999000549316406, 'loss': 0.6023259162902832}
I0413 17:56:57.784520 140631697663808 submission_runner.py:357] 1012.55s	32802	{'accuracy': 0.7946000099182129, 'loss': 0.6145972013473511}
I0413 17:57:21.388103 140631697663808 submission_runner.py:357] 1036.14s	33583	{'accuracy': 0.794700026512146, 'loss': 0.6335576176643372}
I0413 17:57:44.865422 140631697663808 submission_runner.py:357] 1059.63s	34364	{'accuracy': 0.7961000204086304, 'loss': 0.6254149079322815}
I0413 17:58:09.581704 140631697663808 submission_runner.py:357] 1083.93s	35145	{'accuracy': 0.7882000207901001, 'loss': 0.646245539188385}
I0413 17:58:33.086426 140631697663808 submission_runner.py:357] 1107.81s	35926	{'accuracy': 0.7871000170707703, 'loss': 0.6546525955200195}
I0413 17:58:57.377150 140631697663808 submission_runner.py:357] 1131.47s	36707	{'accuracy': 0.7956000566482544, 'loss': 0.6225777864456177}
I0413 17:59:23.034401 140631697663808 submission_runner.py:357] 1157.52s	37488	{'accuracy': 0.7941000461578369, 'loss': 0.6135669350624084}
I0413 17:59:47.357626 140631697663808 submission_runner.py:357] 1181.86s	38269	{'accuracy': 0.7963000535964966, 'loss': 0.6242320537567139}
I0413 18:00:11.527830 140631697663808 submission_runner.py:357] 1206.17s	39050	{'accuracy': 0.7984000444412231, 'loss': 0.6117019057273865}
I0413 18:00:35.948724 140631697663808 submission_runner.py:357] 1230.67s	39831	{'accuracy': 0.7957000136375427, 'loss': 0.6336063146591187}
I0413 18:01:00.055724 140631697663808 submission_runner.py:357] 1254.84s	40612	{'accuracy': 0.7972000241279602, 'loss': 0.645686686038971}
I0413 18:01:23.386291 140631697663808 submission_runner.py:357] 1278.12s	41393	{'accuracy': 0.805400013923645, 'loss': 0.6157099604606628}
I0413 18:01:46.740613 140631697663808 submission_runner.py:357] 1301.41s	42174	{'accuracy': 0.7999000549316406, 'loss': 0.6454344987869263}
I0413 18:02:11.119228 140631697663808 submission_runner.py:357] 1325.14s	42955	{'accuracy': 0.8015000224113464, 'loss': 0.6274038553237915}
I0413 18:02:36.134540 140631697663808 submission_runner.py:357] 1350.81s	43736	{'accuracy': 0.8010000586509705, 'loss': 0.6430796980857849}
I0413 18:02:59.990844 140631697663808 submission_runner.py:357] 1374.69s	44517	{'accuracy': 0.7996000647544861, 'loss': 0.645302951335907}
I0413 18:03:24.068669 140631697663808 submission_runner.py:357] 1398.81s	45298	{'accuracy': 0.8074000477790833, 'loss': 0.6348680257797241}
I0413 18:03:47.880957 140631697663808 submission_runner.py:357] 1422.64s	46079	{'accuracy': 0.7959000468254089, 'loss': 0.6498895883560181}
I0413 18:04:12.974020 140631697663808 submission_runner.py:357] 1447.65s	46860	{'accuracy': 0.8011000156402588, 'loss': 0.6641610860824585}
W0413 18:04:12.975427 140631697663808 early_stopping.py:102] Early stop due to no improvement.
I0413 18:04:13.465472 140631697663808 submission_runner.py:467] ===== Results =====
I0413 18:04:13.465855 140631697663808 submission_runner.py:469] Tuning trial 1/5
I0413 18:04:13.465948 140631697663808 submission_runner.py:470] Hyperparameters: {'learning_rate': 0.001, 'momentum': 0.9}
I0413 18:04:13.466069 140631697663808 submission_runner.py:472] Metrics: (71071, {'accuracy': 0.8034000396728516, 'loss': 0.6728197336196899})
I0413 18:04:13.466170 140631697663808 submission_runner.py:475] Timing: 1880.7635066509247
I0413 18:04:13.466239 140631697663808 submission_runner.py:476] ====================
I0413 18:04:13.466295 140631697663808 submission_runner.py:469] Tuning trial 2/5
I0413 18:04:13.466351 140631697663808 submission_runner.py:470] Hyperparameters: {'learning_rate': 0.001, 'momentum': 0.9}
I0413 18:04:13.466423 140631697663808 submission_runner.py:472] Metrics: (53108, {'accuracy': 0.8098000288009644, 'loss': 0.6180355548858643})
I0413 18:04:13.466503 140631697663808 submission_runner.py:475] Timing: 1376.7293515205383
I0413 18:04:13.466561 140631697663808 submission_runner.py:476] ====================
I0413 18:04:13.466614 140631697663808 submission_runner.py:469] Tuning trial 3/5
I0413 18:04:13.466670 140631697663808 submission_runner.py:470] Hyperparameters: {'learning_rate': 0.001, 'momentum': 0.9}
I0413 18:04:13.466740 140631697663808 submission_runner.py:472] Metrics: (54670, {'accuracy': 0.7938000559806824, 'loss': 0.6912398934364319})
I0413 18:04:13.466808 140631697663808 submission_runner.py:475] Timing: 1326.3330109119415
I0413 18:04:13.466866 140631697663808 submission_runner.py:476] ====================
I0413 18:04:13.466919 140631697663808 submission_runner.py:469] Tuning trial 4/5
I0413 18:04:13.466973 140631697663808 submission_runner.py:470] Hyperparameters: {'learning_rate': 0.001, 'momentum': 0.9}
I0413 18:04:13.467038 140631697663808 submission_runner.py:472] Metrics: (59356, {'accuracy': 0.8081000447273254, 'loss': 0.6455008387565613})
I0413 18:04:13.467106 140631697663808 submission_runner.py:475] Timing: 1442.6612584590912
I0413 18:04:13.467185 140631697663808 submission_runner.py:476] ====================
I0413 18:04:13.467239 140631697663808 submission_runner.py:469] Tuning trial 5/5
I0413 18:04:13.467294 140631697663808 submission_runner.py:470] Hyperparameters: {'learning_rate': 0.001, 'momentum': 0.9}
I0413 18:04:13.467362 140631697663808 submission_runner.py:472] Metrics: (46860, {'accuracy': 0.8011000156402588, 'loss': 0.6641610860824585})
I0413 18:04:13.467425 140631697663808 submission_runner.py:475] Timing: 1125.8725938796997
I0413 18:04:13.467482 140631697663808 submission_runner.py:476] ====================
I0413 18:04:13.738061 140631697663808 submission_runner.py:514] Final cifar10_jax score: 1125.872594
