W0413 18:05:11.859599 140143617193792 logging_utils.py:329] Unable to record package information. Continuing without it.
I0413 18:05:12.999716 140143617193792 submission_runner.py:455] --- Tuning run 1/5 ---
I0413 18:05:43.607100 140143617193792 submission_runner.py:357] 2.65s	0	{'accuracy': 0.10300000756978989, 'loss': 2.3011789321899414}
I0413 18:06:11.972266 140143617193792 submission_runner.py:357] 37.51s	781	{'accuracy': 0.45020002126693726, 'loss': 1.5319255590438843}
I0413 18:06:34.754565 140143617193792 submission_runner.py:357] 59.87s	1562	{'accuracy': 0.5246000289916992, 'loss': 1.3216980695724487}
I0413 18:06:57.314412 140143617193792 submission_runner.py:357] 82.54s	2343	{'accuracy': 0.5697000026702881, 'loss': 1.2232426404953003}
I0413 18:07:19.649519 140143617193792 submission_runner.py:357] 105.13s	3124	{'accuracy': 0.6289000511169434, 'loss': 1.0520038604736328}
I0413 18:07:41.883522 140143617193792 submission_runner.py:357] 127.38s	3905	{'accuracy': 0.65420001745224, 'loss': 0.9885302186012268}
I0413 18:08:04.075503 140143617193792 submission_runner.py:357] 149.57s	4686	{'accuracy': 0.6759000420570374, 'loss': 0.9105072617530823}
I0413 18:08:26.608789 140143617193792 submission_runner.py:357] 171.82s	5467	{'accuracy': 0.6981000304222107, 'loss': 0.8611002564430237}
I0413 18:08:49.072734 140143617193792 submission_runner.py:357] 194.58s	6248	{'accuracy': 0.7064000368118286, 'loss': 0.8496437668800354}
I0413 18:09:11.436507 140143617193792 submission_runner.py:357] 216.87s	7029	{'accuracy': 0.7190000414848328, 'loss': 0.8090314865112305}
I0413 18:09:35.129082 140143617193792 submission_runner.py:357] 240.54s	7810	{'accuracy': 0.718500018119812, 'loss': 0.8032535314559937}
I0413 18:09:57.440514 140143617193792 submission_runner.py:357] 262.94s	8591	{'accuracy': 0.7413000464439392, 'loss': 0.7514749765396118}
I0413 18:10:20.465371 140143617193792 submission_runner.py:357] 285.57s	9372	{'accuracy': 0.744100034236908, 'loss': 0.7463836073875427}
I0413 18:10:42.872898 140143617193792 submission_runner.py:357] 308.45s	10153	{'accuracy': 0.7418000102043152, 'loss': 0.7327268123626709}
I0413 18:11:05.494904 140143617193792 submission_runner.py:357] 330.72s	10934	{'accuracy': 0.7588000297546387, 'loss': 0.7087916135787964}
I0413 18:11:27.846922 140143617193792 submission_runner.py:357] 353.32s	11715	{'accuracy': 0.7708000540733337, 'loss': 0.6738504767417908}
I0413 18:11:50.337008 140143617193792 submission_runner.py:357] 375.85s	12496	{'accuracy': 0.7663000226020813, 'loss': 0.6848686933517456}
I0413 18:12:12.501616 140143617193792 submission_runner.py:357] 398.01s	13277	{'accuracy': 0.7734000086784363, 'loss': 0.6477536559104919}
I0413 18:12:35.942505 140143617193792 submission_runner.py:357] 421.03s	14058	{'accuracy': 0.7804000377655029, 'loss': 0.6346473693847656}
I0413 18:12:58.501808 140143617193792 submission_runner.py:357] 443.94s	14839	{'accuracy': 0.7830000519752502, 'loss': 0.6309101581573486}
I0413 18:13:21.040398 140143617193792 submission_runner.py:357] 466.54s	15620	{'accuracy': 0.7891000509262085, 'loss': 0.6284577250480652}
I0413 18:13:44.089421 140143617193792 submission_runner.py:357] 489.41s	16401	{'accuracy': 0.7925000190734863, 'loss': 0.6116672158241272}
I0413 18:14:06.437906 140143617193792 submission_runner.py:357] 511.96s	17182	{'accuracy': 0.7967000603675842, 'loss': 0.5971156358718872}
I0413 18:14:28.774892 140143617193792 submission_runner.py:357] 534.27s	17963	{'accuracy': 0.7971000671386719, 'loss': 0.599226713180542}
I0413 18:14:51.234087 140143617193792 submission_runner.py:357] 556.69s	18744	{'accuracy': 0.7988000512123108, 'loss': 0.5940486788749695}
I0413 18:15:13.697027 140143617193792 submission_runner.py:357] 579.12s	19525	{'accuracy': 0.8030000329017639, 'loss': 0.5811638236045837}
I0413 18:15:36.345948 140143617193792 submission_runner.py:357] 601.49s	20306	{'accuracy': 0.7933000326156616, 'loss': 0.6103823184967041}
I0413 18:15:59.290056 140143617193792 submission_runner.py:357] 624.53s	21087	{'accuracy': 0.8027000427246094, 'loss': 0.5986484885215759}
I0413 18:16:22.026458 140143617193792 submission_runner.py:357] 647.37s	21868	{'accuracy': 0.8077000379562378, 'loss': 0.5872977375984192}
I0413 18:16:44.610109 140143617193792 submission_runner.py:357] 670.07s	22649	{'accuracy': 0.8082000613212585, 'loss': 0.5753392577171326}
I0413 18:17:07.571840 140143617193792 submission_runner.py:357] 692.67s	23430	{'accuracy': 0.8060000538825989, 'loss': 0.5901041030883789}
I0413 18:17:30.116720 140143617193792 submission_runner.py:357] 715.50s	24211	{'accuracy': 0.8158000111579895, 'loss': 0.5579396486282349}
I0413 18:17:52.912102 140143617193792 submission_runner.py:357] 738.05s	24992	{'accuracy': 0.8117000460624695, 'loss': 0.5730843544006348}
I0413 18:18:15.517438 140143617193792 submission_runner.py:357] 760.97s	25773	{'accuracy': 0.8160000443458557, 'loss': 0.5566354990005493}
I0413 18:18:38.164674 140143617193792 submission_runner.py:357] 783.48s	26554	{'accuracy': 0.8156000375747681, 'loss': 0.5575842261314392}
I0413 18:19:01.050826 140143617193792 submission_runner.py:357] 805.93s	27335	{'accuracy': 0.8128000497817993, 'loss': 0.5707737803459167}
I0413 18:19:23.737425 140143617193792 submission_runner.py:357] 829.17s	28116	{'accuracy': 0.8137000203132629, 'loss': 0.5884612202644348}
I0413 18:19:47.587363 140143617193792 submission_runner.py:357] 853.05s	28897	{'accuracy': 0.8135000467300415, 'loss': 0.5740596652030945}
I0413 18:20:11.757100 140143617193792 submission_runner.py:357] 876.82s	29678	{'accuracy': 0.8068000674247742, 'loss': 0.6104319095611572}
I0413 18:20:34.411889 140143617193792 submission_runner.py:357] 899.86s	30459	{'accuracy': 0.8164000511169434, 'loss': 0.5616852045059204}
I0413 18:20:57.025818 140143617193792 submission_runner.py:357] 922.44s	31240	{'accuracy': 0.8073000311851501, 'loss': 0.6286116242408752}
I0413 18:21:19.558554 140143617193792 submission_runner.py:357] 944.93s	32021	{'accuracy': 0.8148000240325928, 'loss': 0.5930691361427307}
I0413 18:21:42.033229 140143617193792 submission_runner.py:357] 967.40s	32802	{'accuracy': 0.8210000395774841, 'loss': 0.5665172338485718}
I0413 18:22:04.471401 140143617193792 submission_runner.py:357] 989.98s	33583	{'accuracy': 0.8156000375747681, 'loss': 0.6106665134429932}
I0413 18:22:27.783715 140143617193792 submission_runner.py:357] 1012.73s	34364	{'accuracy': 0.8169000148773193, 'loss': 0.5837212204933167}
I0413 18:22:50.639960 140143617193792 submission_runner.py:357] 1036.08s	35145	{'accuracy': 0.8188000321388245, 'loss': 0.5778486728668213}
I0413 18:23:14.332000 140143617193792 submission_runner.py:357] 1059.81s	35926	{'accuracy': 0.8207000494003296, 'loss': 0.575468897819519}
I0413 18:23:36.835187 140143617193792 submission_runner.py:357] 1082.37s	36707	{'accuracy': 0.8159000277519226, 'loss': 0.6048480868339539}
I0413 18:23:59.305082 140143617193792 submission_runner.py:357] 1104.81s	37488	{'accuracy': 0.8259000182151794, 'loss': 0.588400661945343}
I0413 18:24:21.832347 140143617193792 submission_runner.py:357] 1127.30s	38269	{'accuracy': 0.8211000561714172, 'loss': 0.6165940165519714}
I0413 18:24:44.304799 140143617193792 submission_runner.py:357] 1149.79s	39050	{'accuracy': 0.8232000470161438, 'loss': 0.5961859822273254}
I0413 18:25:07.655215 140143617193792 submission_runner.py:357] 1173.20s	39831	{'accuracy': 0.8194000124931335, 'loss': 0.6152727603912354}
I0413 18:25:30.402686 140143617193792 submission_runner.py:357] 1195.50s	40612	{'accuracy': 0.8213000297546387, 'loss': 0.6272960305213928}
I0413 18:25:52.895581 140143617193792 submission_runner.py:357] 1218.36s	41393	{'accuracy': 0.8224000334739685, 'loss': 0.6092490553855896}
I0413 18:26:16.556865 140143617193792 submission_runner.py:357] 1242.02s	42174	{'accuracy': 0.8296000361442566, 'loss': 0.5952080488204956}
W0413 18:26:16.558061 140143617193792 early_stopping.py:102] Early stop due to no improvement.
I0413 18:26:16.923485 140143617193792 submission_runner.py:455] --- Tuning run 2/5 ---
I0413 18:26:21.525849 140143617193792 submission_runner.py:357] 0.34s	0	{'accuracy': 0.09940000623464584, 'loss': 2.3198390007019043}
I0413 18:26:49.610074 140143617193792 submission_runner.py:357] 28.43s	781	{'accuracy': 0.4309000074863434, 'loss': 1.5725177526474}
I0413 18:27:12.654065 140143617193792 submission_runner.py:357] 51.41s	1562	{'accuracy': 0.5153000354766846, 'loss': 1.35072660446167}
I0413 18:27:35.129337 140143617193792 submission_runner.py:357] 73.82s	2343	{'accuracy': 0.5764000415802002, 'loss': 1.1958339214324951}
I0413 18:27:57.552566 140143617193792 submission_runner.py:357] 96.36s	3124	{'accuracy': 0.6154000163078308, 'loss': 1.0890189409255981}
I0413 18:28:20.045900 140143617193792 submission_runner.py:357] 118.76s	3905	{'accuracy': 0.6338000297546387, 'loss': 1.0523536205291748}
I0413 18:28:42.855581 140143617193792 submission_runner.py:357] 141.25s	4686	{'accuracy': 0.6675000190734863, 'loss': 0.9701202511787415}
I0413 18:29:06.383268 140143617193792 submission_runner.py:357] 164.80s	5467	{'accuracy': 0.6978000402450562, 'loss': 0.8684219121932983}
I0413 18:29:29.015444 140143617193792 submission_runner.py:357] 187.73s	6248	{'accuracy': 0.7053000330924988, 'loss': 0.8536543250083923}
I0413 18:29:51.512827 140143617193792 submission_runner.py:357] 210.30s	7029	{'accuracy': 0.7250000238418579, 'loss': 0.794346809387207}
I0413 18:30:14.014193 140143617193792 submission_runner.py:357] 232.83s	7810	{'accuracy': 0.7262000441551208, 'loss': 0.7854939699172974}
I0413 18:30:36.471917 140143617193792 submission_runner.py:357] 255.19s	8591	{'accuracy': 0.7435000538825989, 'loss': 0.7310929894447327}
I0413 18:30:58.893673 140143617193792 submission_runner.py:357] 277.71s	9372	{'accuracy': 0.7518000602722168, 'loss': 0.7200718522071838}
I0413 18:31:21.274831 140143617193792 submission_runner.py:357] 300.03s	10153	{'accuracy': 0.7613000273704529, 'loss': 0.6901131868362427}
I0413 18:31:44.296890 140143617193792 submission_runner.py:357] 322.49s	10934	{'accuracy': 0.7611000537872314, 'loss': 0.6835522651672363}
I0413 18:32:07.050108 140143617193792 submission_runner.py:357] 345.83s	11715	{'accuracy': 0.7628000378608704, 'loss': 0.6818241477012634}
I0413 18:32:29.937566 140143617193792 submission_runner.py:357] 368.72s	12496	{'accuracy': 0.7799000144004822, 'loss': 0.6519243121147156}
I0413 18:32:52.308894 140143617193792 submission_runner.py:357] 391.11s	13277	{'accuracy': 0.763200044631958, 'loss': 0.6732081174850464}
I0413 18:33:14.622570 140143617193792 submission_runner.py:357] 413.43s	14058	{'accuracy': 0.7871000170707703, 'loss': 0.6166524887084961}
I0413 18:33:36.982728 140143617193792 submission_runner.py:357] 435.82s	14839	{'accuracy': 0.7862000465393066, 'loss': 0.6330270767211914}
I0413 18:33:59.320410 140143617193792 submission_runner.py:357] 458.13s	15620	{'accuracy': 0.7922000288963318, 'loss': 0.6051121950149536}
I0413 18:34:21.692427 140143617193792 submission_runner.py:357] 480.47s	16401	{'accuracy': 0.7931000590324402, 'loss': 0.6030091047286987}
I0413 18:34:44.807919 140143617193792 submission_runner.py:357] 503.54s	17182	{'accuracy': 0.7931000590324402, 'loss': 0.6148757934570312}
I0413 18:35:07.593749 140143617193792 submission_runner.py:357] 525.96s	17963	{'accuracy': 0.7926000356674194, 'loss': 0.6142617464065552}
I0413 18:35:30.522118 140143617193792 submission_runner.py:357] 549.28s	18744	{'accuracy': 0.7862000465393066, 'loss': 0.6329203248023987}
I0413 18:35:53.270284 140143617193792 submission_runner.py:357] 572.03s	19525	{'accuracy': 0.7994000315666199, 'loss': 0.5934531092643738}
I0413 18:36:15.868866 140143617193792 submission_runner.py:357] 594.64s	20306	{'accuracy': 0.8028000593185425, 'loss': 0.5899947285652161}
I0413 18:36:38.521458 140143617193792 submission_runner.py:357] 617.23s	21087	{'accuracy': 0.8089000582695007, 'loss': 0.5870109796524048}
I0413 18:37:01.953230 140143617193792 submission_runner.py:357] 640.72s	21868	{'accuracy': 0.8087000250816345, 'loss': 0.583358883857727}
I0413 18:37:24.289871 140143617193792 submission_runner.py:357] 663.07s	22649	{'accuracy': 0.8030000329017639, 'loss': 0.6009501218795776}
I0413 18:37:46.880786 140143617193792 submission_runner.py:357] 685.70s	23430	{'accuracy': 0.8110000491142273, 'loss': 0.5728727579116821}
I0413 18:38:17.264824 140143617193792 submission_runner.py:357] 713.32s	24211	{'accuracy': 0.8104000091552734, 'loss': 0.5763421058654785}
I0413 18:38:43.568864 140143617193792 submission_runner.py:357] 741.88s	24992	{'accuracy': 0.8078000545501709, 'loss': 0.5777814984321594}
I0413 18:39:06.154065 140143617193792 submission_runner.py:357] 764.92s	25773	{'accuracy': 0.8199000358581543, 'loss': 0.5642374753952026}
I0413 18:39:28.887894 140143617193792 submission_runner.py:357] 787.57s	26554	{'accuracy': 0.8147000670433044, 'loss': 0.5716283321380615}
I0413 18:39:51.370246 140143617193792 submission_runner.py:357] 810.19s	27335	{'accuracy': 0.8158000111579895, 'loss': 0.5681033730506897}
I0413 18:40:13.786856 140143617193792 submission_runner.py:357] 832.54s	28116	{'accuracy': 0.8126000165939331, 'loss': 0.5713692307472229}
I0413 18:40:36.255758 140143617193792 submission_runner.py:357] 855.05s	28897	{'accuracy': 0.8136000633239746, 'loss': 0.5920672416687012}
I0413 18:40:58.780805 140143617193792 submission_runner.py:357] 877.51s	29678	{'accuracy': 0.8166000247001648, 'loss': 0.5735700726509094}
I0413 18:41:21.270104 140143617193792 submission_runner.py:357] 899.91s	30459	{'accuracy': 0.8203000426292419, 'loss': 0.5636013746261597}
I0413 18:41:44.274761 140143617193792 submission_runner.py:357] 922.62s	31240	{'accuracy': 0.8156000375747681, 'loss': 0.5717355608940125}
I0413 18:42:07.297170 140143617193792 submission_runner.py:357] 945.70s	32021	{'accuracy': 0.817300021648407, 'loss': 0.5791197419166565}
I0413 18:42:30.003372 140143617193792 submission_runner.py:357] 968.59s	32802	{'accuracy': 0.8116000294685364, 'loss': 0.5960831642150879}
I0413 18:42:52.635653 140143617193792 submission_runner.py:357] 991.40s	33583	{'accuracy': 0.8233000636100769, 'loss': 0.5513622164726257}
I0413 18:43:15.729219 140143617193792 submission_runner.py:357] 1014.48s	34364	{'accuracy': 0.8218000531196594, 'loss': 0.5780302286148071}
I0413 18:43:38.357397 140143617193792 submission_runner.py:357] 1037.04s	35145	{'accuracy': 0.8238000273704529, 'loss': 0.5766977667808533}
I0413 18:44:00.975424 140143617193792 submission_runner.py:357] 1059.58s	35926	{'accuracy': 0.8240000605583191, 'loss': 0.557359516620636}
I0413 18:44:24.201571 140143617193792 submission_runner.py:357] 1082.97s	36707	{'accuracy': 0.8265000581741333, 'loss': 0.5576949119567871}
I0413 18:44:46.673301 140143617193792 submission_runner.py:357] 1105.46s	37488	{'accuracy': 0.8201000094413757, 'loss': 0.5802346467971802}
I0413 18:45:09.563322 140143617193792 submission_runner.py:357] 1127.92s	38269	{'accuracy': 0.8218000531196594, 'loss': 0.5863673090934753}
I0413 18:45:32.315636 140143617193792 submission_runner.py:357] 1151.04s	39050	{'accuracy': 0.8274000287055969, 'loss': 0.5694864392280579}
I0413 18:45:56.048363 140143617193792 submission_runner.py:357] 1174.78s	39831	{'accuracy': 0.8276000618934631, 'loss': 0.5800862312316895}
I0413 18:46:18.778443 140143617193792 submission_runner.py:357] 1197.54s	40612	{'accuracy': 0.8245000243186951, 'loss': 0.5843209028244019}
I0413 18:46:41.544222 140143617193792 submission_runner.py:357] 1220.30s	41393	{'accuracy': 0.8300000429153442, 'loss': 0.5778199434280396}
I0413 18:47:04.126482 140143617193792 submission_runner.py:357] 1242.90s	42174	{'accuracy': 0.8272000551223755, 'loss': 0.5861974954605103}
I0413 18:47:26.538970 140143617193792 submission_runner.py:357] 1265.34s	42955	{'accuracy': 0.8266000151634216, 'loss': 0.5874712467193604}
I0413 18:47:49.039818 140143617193792 submission_runner.py:357] 1287.81s	43736	{'accuracy': 0.8248000144958496, 'loss': 0.6022838354110718}
I0413 18:48:12.430701 140143617193792 submission_runner.py:357] 1310.78s	44517	{'accuracy': 0.8252000212669373, 'loss': 0.6126977801322937}
I0413 18:48:35.160039 140143617193792 submission_runner.py:357] 1333.89s	45298	{'accuracy': 0.8223000168800354, 'loss': 0.6063859462738037}
I0413 18:48:58.065163 140143617193792 submission_runner.py:357] 1356.85s	46079	{'accuracy': 0.8281000256538391, 'loss': 0.5976524949073792}
I0413 18:49:20.469959 140143617193792 submission_runner.py:357] 1379.28s	46860	{'accuracy': 0.8294000625610352, 'loss': 0.5998898148536682}
I0413 18:49:42.942236 140143617193792 submission_runner.py:357] 1401.73s	47641	{'accuracy': 0.8303000330924988, 'loss': 0.6104885935783386}
I0413 18:50:05.299887 140143617193792 submission_runner.py:357] 1424.10s	48422	{'accuracy': 0.829300045967102, 'loss': 0.6296470761299133}
I0413 18:50:28.027966 140143617193792 submission_runner.py:357] 1446.53s	49203	{'accuracy': 0.8300000429153442, 'loss': 0.6306310892105103}
I0413 18:50:50.430352 140143617193792 submission_runner.py:357] 1469.10s	49984	{'accuracy': 0.828700065612793, 'loss': 0.6440824270248413}
W0413 18:50:50.431436 140143617193792 early_stopping.py:102] Early stop due to no improvement.
I0413 18:50:50.810343 140143617193792 submission_runner.py:455] --- Tuning run 3/5 ---
I0413 18:50:55.393559 140143617193792 submission_runner.py:357] 0.33s	0	{'accuracy': 0.1039000079035759, 'loss': 2.3048973083496094}
I0413 18:51:23.806673 140143617193792 submission_runner.py:357] 28.17s	781	{'accuracy': 0.42090001702308655, 'loss': 1.5791758298873901}
I0413 18:51:47.106773 140143617193792 submission_runner.py:357] 51.85s	1562	{'accuracy': 0.5220000147819519, 'loss': 1.3243467807769775}
I0413 18:52:10.764827 140143617193792 submission_runner.py:357] 75.62s	2343	{'accuracy': 0.5821000337600708, 'loss': 1.1751633882522583}
I0413 18:52:33.403887 140143617193792 submission_runner.py:357] 98.28s	3124	{'accuracy': 0.6141000390052795, 'loss': 1.0690702199935913}
I0413 18:52:56.040785 140143617193792 submission_runner.py:357] 120.92s	3905	{'accuracy': 0.6498000025749207, 'loss': 1.0027259588241577}
I0413 18:53:18.774655 140143617193792 submission_runner.py:357] 143.67s	4686	{'accuracy': 0.6793000102043152, 'loss': 0.9153189063072205}
I0413 18:53:41.829583 140143617193792 submission_runner.py:357] 166.69s	5467	{'accuracy': 0.7068000435829163, 'loss': 0.8565301895141602}
I0413 18:54:04.427319 140143617193792 submission_runner.py:357] 189.29s	6248	{'accuracy': 0.7186000347137451, 'loss': 0.8138909339904785}
I0413 18:54:27.595516 140143617193792 submission_runner.py:357] 211.96s	7029	{'accuracy': 0.7329000234603882, 'loss': 0.7687224745750427}
I0413 18:54:50.493496 140143617193792 submission_runner.py:357] 235.35s	7810	{'accuracy': 0.7408000230789185, 'loss': 0.7477455735206604}
I0413 18:55:13.524571 140143617193792 submission_runner.py:357] 258.36s	8591	{'accuracy': 0.7431000471115112, 'loss': 0.7303830981254578}
I0413 18:55:37.261595 140143617193792 submission_runner.py:357] 282.00s	9372	{'accuracy': 0.7616000175476074, 'loss': 0.6968153715133667}
I0413 18:56:00.949908 140143617193792 submission_runner.py:357] 305.66s	10153	{'accuracy': 0.7531000375747681, 'loss': 0.7028826475143433}
I0413 18:56:23.623986 140143617193792 submission_runner.py:357] 328.49s	10934	{'accuracy': 0.7701000571250916, 'loss': 0.6646453142166138}
I0413 18:56:46.460850 140143617193792 submission_runner.py:357] 351.31s	11715	{'accuracy': 0.766200065612793, 'loss': 0.676932156085968}
I0413 18:57:09.613855 140143617193792 submission_runner.py:357] 374.37s	12496	{'accuracy': 0.7759000658988953, 'loss': 0.6506882905960083}
I0413 18:57:32.326174 140143617193792 submission_runner.py:357] 397.18s	13277	{'accuracy': 0.7725000381469727, 'loss': 0.6610834002494812}
I0413 18:57:55.492904 140143617193792 submission_runner.py:357] 419.90s	14058	{'accuracy': 0.784600019454956, 'loss': 0.6281237006187439}
I0413 18:58:18.798052 140143617193792 submission_runner.py:357] 443.61s	14839	{'accuracy': 0.7807000279426575, 'loss': 0.6418434381484985}
I0413 18:58:41.683722 140143617193792 submission_runner.py:357] 466.53s	15620	{'accuracy': 0.7964000105857849, 'loss': 0.596208393573761}
I0413 18:59:05.723817 140143617193792 submission_runner.py:357] 490.55s	16401	{'accuracy': 0.796000063419342, 'loss': 0.6032571792602539}
I0413 18:59:29.020183 140143617193792 submission_runner.py:357] 513.71s	17182	{'accuracy': 0.7935000658035278, 'loss': 0.6166367530822754}
I0413 18:59:52.401602 140143617193792 submission_runner.py:357] 537.00s	17963	{'accuracy': 0.7981000542640686, 'loss': 0.5968080163002014}
I0413 19:00:15.298929 140143617193792 submission_runner.py:357] 560.15s	18744	{'accuracy': 0.789400041103363, 'loss': 0.6281249523162842}
I0413 19:00:38.346003 140143617193792 submission_runner.py:357] 582.98s	19525	{'accuracy': 0.7919000387191772, 'loss': 0.6125532984733582}
I0413 19:01:01.033225 140143617193792 submission_runner.py:357] 605.88s	20306	{'accuracy': 0.8023000359535217, 'loss': 0.5879985094070435}
I0413 19:01:24.005222 140143617193792 submission_runner.py:357] 628.41s	21087	{'accuracy': 0.7978000640869141, 'loss': 0.6040687561035156}
I0413 19:01:46.959124 140143617193792 submission_runner.py:357] 651.74s	21868	{'accuracy': 0.8035000562667847, 'loss': 0.5949339866638184}
I0413 19:02:09.972329 140143617193792 submission_runner.py:357] 674.79s	22649	{'accuracy': 0.8062000274658203, 'loss': 0.5864223837852478}
I0413 19:02:34.191711 140143617193792 submission_runner.py:357] 698.98s	23430	{'accuracy': 0.8160000443458557, 'loss': 0.5539810657501221}
I0413 19:02:57.119214 140143617193792 submission_runner.py:357] 721.96s	24211	{'accuracy': 0.8147000670433044, 'loss': 0.5503674149513245}
I0413 19:03:19.911956 140143617193792 submission_runner.py:357] 744.78s	24992	{'accuracy': 0.8115000128746033, 'loss': 0.5669525861740112}
I0413 19:03:42.702061 140143617193792 submission_runner.py:357] 767.57s	25773	{'accuracy': 0.8149000406265259, 'loss': 0.5603682994842529}
I0413 19:04:06.014389 140143617193792 submission_runner.py:357] 790.50s	26554	{'accuracy': 0.816800057888031, 'loss': 0.5476187467575073}
I0413 19:04:29.160665 140143617193792 submission_runner.py:357] 813.55s	27335	{'accuracy': 0.8224000334739685, 'loss': 0.5432445406913757}
I0413 19:04:53.362216 140143617193792 submission_runner.py:357] 838.10s	28116	{'accuracy': 0.8143000602722168, 'loss': 0.5702828168869019}
I0413 19:05:16.653759 140143617193792 submission_runner.py:357] 861.44s	28897	{'accuracy': 0.8164000511169434, 'loss': 0.5700239539146423}
I0413 19:05:39.643246 140143617193792 submission_runner.py:357] 884.46s	29678	{'accuracy': 0.8163000345230103, 'loss': 0.5633341073989868}
I0413 19:06:02.651024 140143617193792 submission_runner.py:357] 907.47s	30459	{'accuracy': 0.8198000192642212, 'loss': 0.5554358959197998}
I0413 19:06:25.566831 140143617193792 submission_runner.py:357] 930.40s	31240	{'accuracy': 0.8198000192642212, 'loss': 0.5761770009994507}
I0413 19:06:48.445634 140143617193792 submission_runner.py:357] 953.29s	32021	{'accuracy': 0.8153000473976135, 'loss': 0.5898051261901855}
I0413 19:07:12.004730 140143617193792 submission_runner.py:357] 976.87s	32802	{'accuracy': 0.822700023651123, 'loss': 0.5532853007316589}
I0413 19:07:34.827202 140143617193792 submission_runner.py:357] 999.62s	33583	{'accuracy': 0.8219000101089478, 'loss': 0.5740009546279907}
I0413 19:07:58.137412 140143617193792 submission_runner.py:357] 1022.55s	34364	{'accuracy': 0.8126000165939331, 'loss': 0.6081981658935547}
I0413 19:08:21.217263 140143617193792 submission_runner.py:357] 1046.00s	35145	{'accuracy': 0.8268000483512878, 'loss': 0.5744628310203552}
I0413 19:08:44.222549 140143617193792 submission_runner.py:357] 1069.03s	35926	{'accuracy': 0.8289000391960144, 'loss': 0.5427432060241699}
I0413 19:09:07.310669 140143617193792 submission_runner.py:357] 1092.12s	36707	{'accuracy': 0.8213000297546387, 'loss': 0.5809711813926697}
I0413 19:09:30.160195 140143617193792 submission_runner.py:357] 1115.00s	37488	{'accuracy': 0.8329000473022461, 'loss': 0.5520203113555908}
I0413 19:09:53.300564 140143617193792 submission_runner.py:357] 1138.13s	38269	{'accuracy': 0.8256000280380249, 'loss': 0.5631299018859863}
I0413 19:10:17.054236 140143617193792 submission_runner.py:357] 1161.90s	39050	{'accuracy': 0.8295000195503235, 'loss': 0.5678558945655823}
I0413 19:10:39.980062 140143617193792 submission_runner.py:357] 1184.75s	39831	{'accuracy': 0.8299000263214111, 'loss': 0.5584917664527893}
I0413 19:11:03.181081 140143617193792 submission_runner.py:357] 1207.81s	40612	{'accuracy': 0.8264000415802002, 'loss': 0.5801562070846558}
I0413 19:11:26.660965 140143617193792 submission_runner.py:357] 1230.77s	41393	{'accuracy': 0.8270000219345093, 'loss': 0.6153069138526917}
I0413 19:11:49.969888 140143617193792 submission_runner.py:357] 1254.62s	42174	{'accuracy': 0.8356000185012817, 'loss': 0.5630520582199097}
I0413 19:12:13.139199 140143617193792 submission_runner.py:357] 1277.91s	42955	{'accuracy': 0.832300066947937, 'loss': 0.5902510285377502}
I0413 19:12:36.124207 140143617193792 submission_runner.py:357] 1300.96s	43736	{'accuracy': 0.8330000638961792, 'loss': 0.5825701951980591}
I0413 19:12:59.118255 140143617193792 submission_runner.py:357] 1323.94s	44517	{'accuracy': 0.8212000131607056, 'loss': 0.6203826069831848}
I0413 19:13:21.936827 140143617193792 submission_runner.py:357] 1346.77s	45298	{'accuracy': 0.8343000411987305, 'loss': 0.5779663324356079}
I0413 19:13:45.614290 140143617193792 submission_runner.py:357] 1370.26s	46079	{'accuracy': 0.8379000425338745, 'loss': 0.568385660648346}
I0413 19:14:16.073180 140143617193792 submission_runner.py:357] 1398.70s	46860	{'accuracy': 0.8290000557899475, 'loss': 0.6079627275466919}
I0413 19:14:49.022258 140143617193792 submission_runner.py:357] 1433.17s	47641	{'accuracy': 0.8299000263214111, 'loss': 0.6230840086936951}
I0413 19:15:12.126903 140143617193792 submission_runner.py:357] 1456.91s	48422	{'accuracy': 0.829300045967102, 'loss': 0.6250383853912354}
I0413 19:15:35.040958 140143617193792 submission_runner.py:357] 1479.86s	49203	{'accuracy': 0.8336000442504883, 'loss': 0.6148865222930908}
I0413 19:15:57.937623 140143617193792 submission_runner.py:357] 1502.76s	49984	{'accuracy': 0.8350000381469727, 'loss': 0.6019810438156128}
I0413 19:16:22.261254 140143617193792 submission_runner.py:357] 1527.05s	50765	{'accuracy': 0.8367000222206116, 'loss': 0.6040017008781433}
I0413 19:16:45.204598 140143617193792 submission_runner.py:357] 1550.02s	51546	{'accuracy': 0.8335000276565552, 'loss': 0.625257134437561}
I0413 19:17:09.085795 140143617193792 submission_runner.py:357] 1573.42s	52327	{'accuracy': 0.8331000208854675, 'loss': 0.6311833262443542}
W0413 19:17:09.087183 140143617193792 early_stopping.py:102] Early stop due to no improvement.
I0413 19:17:09.484519 140143617193792 submission_runner.py:455] --- Tuning run 4/5 ---
I0413 19:17:14.526885 140143617193792 submission_runner.py:357] 0.35s	0	{'accuracy': 0.10790000855922699, 'loss': 2.3093574047088623}
I0413 19:17:44.159109 140143617193792 submission_runner.py:357] 30.01s	781	{'accuracy': 0.4407000243663788, 'loss': 1.5485365390777588}
I0413 19:18:07.846521 140143617193792 submission_runner.py:357] 53.32s	1562	{'accuracy': 0.5117000341415405, 'loss': 1.3554383516311646}
I0413 19:18:32.234001 140143617193792 submission_runner.py:357] 78.16s	2343	{'accuracy': 0.5679000020027161, 'loss': 1.1942867040634155}
I0413 19:18:55.763438 140143617193792 submission_runner.py:357] 101.58s	3124	{'accuracy': 0.6184000372886658, 'loss': 1.0657768249511719}
I0413 19:19:20.810414 140143617193792 submission_runner.py:357] 126.67s	3905	{'accuracy': 0.6511000394821167, 'loss': 0.984388530254364}
I0413 19:19:43.729491 140143617193792 submission_runner.py:357] 149.86s	4686	{'accuracy': 0.6706000566482544, 'loss': 0.94560307264328}
I0413 19:20:06.691065 140143617193792 submission_runner.py:357] 172.78s	5467	{'accuracy': 0.6842000484466553, 'loss': 0.9080115556716919}
I0413 19:20:30.751521 140143617193792 submission_runner.py:357] 196.75s	6248	{'accuracy': 0.6915000081062317, 'loss': 0.8917785286903381}
I0413 19:20:54.118013 140143617193792 submission_runner.py:357] 220.26s	7029	{'accuracy': 0.7153000235557556, 'loss': 0.8128710389137268}
I0413 19:21:17.044549 140143617193792 submission_runner.py:357] 243.05s	7810	{'accuracy': 0.7283000349998474, 'loss': 0.7874608039855957}
I0413 19:21:40.779246 140143617193792 submission_runner.py:357] 266.45s	8591	{'accuracy': 0.7414000630378723, 'loss': 0.753739595413208}
I0413 19:22:04.190747 140143617193792 submission_runner.py:357] 290.20s	9372	{'accuracy': 0.7482000589370728, 'loss': 0.7363543510437012}
I0413 19:22:27.506498 140143617193792 submission_runner.py:357] 313.53s	10153	{'accuracy': 0.7553000450134277, 'loss': 0.7004706263542175}
I0413 19:22:50.557374 140143617193792 submission_runner.py:357] 336.65s	10934	{'accuracy': 0.7618000507354736, 'loss': 0.6958929300308228}
I0413 19:23:13.530821 140143617193792 submission_runner.py:357] 359.63s	11715	{'accuracy': 0.7692000269889832, 'loss': 0.6693313717842102}
I0413 19:23:36.863850 140143617193792 submission_runner.py:357] 382.80s	12496	{'accuracy': 0.776900053024292, 'loss': 0.6588844060897827}
I0413 19:23:59.975578 140143617193792 submission_runner.py:357] 405.87s	13277	{'accuracy': 0.7799000144004822, 'loss': 0.6406067609786987}
I0413 19:24:23.895745 140143617193792 submission_runner.py:357] 429.79s	14058	{'accuracy': 0.7853000164031982, 'loss': 0.6448274850845337}
I0413 19:24:47.499509 140143617193792 submission_runner.py:357] 453.15s	14839	{'accuracy': 0.7862000465393066, 'loss': 0.6279910206794739}
I0413 19:25:11.297374 140143617193792 submission_runner.py:357] 477.21s	15620	{'accuracy': 0.7938000559806824, 'loss': 0.605535089969635}
I0413 19:25:35.356919 140143617193792 submission_runner.py:357] 501.09s	16401	{'accuracy': 0.7959000468254089, 'loss': 0.6039737462997437}
I0413 19:25:59.260363 140143617193792 submission_runner.py:357] 525.39s	17182	{'accuracy': 0.7949000597000122, 'loss': 0.6111850738525391}
I0413 19:26:22.275390 140143617193792 submission_runner.py:357] 548.32s	17963	{'accuracy': 0.7917000651359558, 'loss': 0.6136566400527954}
I0413 19:26:45.424106 140143617193792 submission_runner.py:357] 571.45s	18744	{'accuracy': 0.8041000366210938, 'loss': 0.5801070332527161}
I0413 19:27:08.954293 140143617193792 submission_runner.py:357] 595.10s	19525	{'accuracy': 0.7879000306129456, 'loss': 0.6276863813400269}
I0413 19:27:33.289958 140143617193792 submission_runner.py:357] 619.04s	20306	{'accuracy': 0.7967000603675842, 'loss': 0.6046869158744812}
I0413 19:27:56.251810 140143617193792 submission_runner.py:357] 642.25s	21087	{'accuracy': 0.7985000610351562, 'loss': 0.589544415473938}
I0413 19:28:19.711891 140143617193792 submission_runner.py:357] 665.41s	21868	{'accuracy': 0.8061000108718872, 'loss': 0.5894650220870972}
I0413 19:28:44.245606 140143617193792 submission_runner.py:357] 690.09s	22649	{'accuracy': 0.8043000102043152, 'loss': 0.576766312122345}
I0413 19:29:07.366865 140143617193792 submission_runner.py:357] 713.44s	23430	{'accuracy': 0.8117000460624695, 'loss': 0.5811285972595215}
I0413 19:29:30.500517 140143617193792 submission_runner.py:357] 736.61s	24211	{'accuracy': 0.807200014591217, 'loss': 0.5809445381164551}
I0413 19:29:54.835836 140143617193792 submission_runner.py:357] 760.70s	24992	{'accuracy': 0.8062000274658203, 'loss': 0.5877213478088379}
I0413 19:30:19.282489 140143617193792 submission_runner.py:357] 785.13s	25773	{'accuracy': 0.8103000521659851, 'loss': 0.5850325226783752}
I0413 19:30:42.190607 140143617193792 submission_runner.py:357] 808.31s	26554	{'accuracy': 0.8121000528335571, 'loss': 0.5735011100769043}
I0413 19:31:04.795817 140143617193792 submission_runner.py:357] 830.88s	27335	{'accuracy': 0.8154000639915466, 'loss': 0.572269082069397}
I0413 19:31:27.370667 140143617193792 submission_runner.py:357] 853.53s	28116	{'accuracy': 0.820400059223175, 'loss': 0.5644728541374207}
I0413 19:31:50.425321 140143617193792 submission_runner.py:357] 876.07s	28897	{'accuracy': 0.8113000392913818, 'loss': 0.6079844236373901}
I0413 19:32:13.401032 140143617193792 submission_runner.py:357] 899.50s	29678	{'accuracy': 0.8123000264167786, 'loss': 0.5850203633308411}
I0413 19:32:36.362567 140143617193792 submission_runner.py:357] 922.46s	30459	{'accuracy': 0.8111000657081604, 'loss': 0.6056381464004517}
I0413 19:32:59.241087 140143617193792 submission_runner.py:357] 945.35s	31240	{'accuracy': 0.8170000314712524, 'loss': 0.59208083152771}
I0413 19:33:22.211542 140143617193792 submission_runner.py:357] 968.24s	32021	{'accuracy': 0.8195000290870667, 'loss': 0.5706360340118408}
I0413 19:33:46.496162 140143617193792 submission_runner.py:357] 992.39s	32802	{'accuracy': 0.8167000412940979, 'loss': 0.5968506932258606}
I0413 19:34:10.872842 140143617193792 submission_runner.py:357] 1016.52s	33583	{'accuracy': 0.8178000450134277, 'loss': 0.5916538238525391}
I0413 19:34:34.915628 140143617193792 submission_runner.py:357] 1040.81s	34364	{'accuracy': 0.8147000670433044, 'loss': 0.5918498039245605}
I0413 19:34:58.744540 140143617193792 submission_runner.py:357] 1064.33s	35145	{'accuracy': 0.8243000507354736, 'loss': 0.5743841528892517}
I0413 19:35:22.177331 140143617193792 submission_runner.py:357] 1088.24s	35926	{'accuracy': 0.8172000646591187, 'loss': 0.6255104541778564}
I0413 19:35:45.273774 140143617193792 submission_runner.py:357] 1111.37s	36707	{'accuracy': 0.815000057220459, 'loss': 0.6309598684310913}
I0413 19:36:09.044832 140143617193792 submission_runner.py:357] 1135.14s	37488	{'accuracy': 0.8183000683784485, 'loss': 0.6008150577545166}
I0413 19:36:32.089409 140143617193792 submission_runner.py:357] 1158.21s	38269	{'accuracy': 0.8190000653266907, 'loss': 0.6014147996902466}
I0413 19:36:55.122876 140143617193792 submission_runner.py:357] 1181.25s	39050	{'accuracy': 0.8197000622749329, 'loss': 0.6196165084838867}
I0413 19:37:18.819866 140143617193792 submission_runner.py:357] 1204.89s	39831	{'accuracy': 0.8216000199317932, 'loss': 0.6210430264472961}
I0413 19:37:41.494294 140143617193792 submission_runner.py:357] 1227.64s	40612	{'accuracy': 0.8250000476837158, 'loss': 0.6154620051383972}
I0413 19:38:04.319004 140143617193792 submission_runner.py:357] 1250.41s	41393	{'accuracy': 0.8243000507354736, 'loss': 0.611230194568634}
I0413 19:38:27.888273 140143617193792 submission_runner.py:357] 1273.38s	42174	{'accuracy': 0.8249000310897827, 'loss': 0.6002048850059509}
I0413 19:38:52.173447 140143617193792 submission_runner.py:357] 1298.02s	42955	{'accuracy': 0.8253000378608704, 'loss': 0.6262000203132629}
I0413 19:39:17.086561 140143617193792 submission_runner.py:357] 1323.14s	43736	{'accuracy': 0.8225000500679016, 'loss': 0.6218091249465942}
I0413 19:39:41.582185 140143617193792 submission_runner.py:357] 1347.60s	44517	{'accuracy': 0.8226000666618347, 'loss': 0.6257347464561462}
W0413 19:39:41.583456 140143617193792 early_stopping.py:102] Early stop due to no improvement.
I0413 19:39:41.974938 140143617193792 submission_runner.py:455] --- Tuning run 5/5 ---
I0413 19:39:46.835809 140143617193792 submission_runner.py:357] 0.35s	0	{'accuracy': 0.08290000259876251, 'loss': 2.308974266052246}
I0413 19:40:16.452638 140143617193792 submission_runner.py:357] 30.06s	781	{'accuracy': 0.44700002670288086, 'loss': 1.5147888660430908}
I0413 19:40:40.486806 140143617193792 submission_runner.py:357] 54.06s	1562	{'accuracy': 0.5375000238418579, 'loss': 1.2901313304901123}
I0413 19:41:03.104184 140143617193792 submission_runner.py:357] 76.73s	2343	{'accuracy': 0.5851000547409058, 'loss': 1.1630555391311646}
I0413 19:41:26.348715 140143617193792 submission_runner.py:357] 99.43s	3124	{'accuracy': 0.6071000099182129, 'loss': 1.125708818435669}
I0413 19:41:50.176405 140143617193792 submission_runner.py:357] 123.72s	3905	{'accuracy': 0.6518000364303589, 'loss': 0.9908803105354309}
I0413 19:42:13.499826 140143617193792 submission_runner.py:357] 147.02s	4686	{'accuracy': 0.6623000502586365, 'loss': 0.9571524858474731}
I0413 19:42:36.533123 140143617193792 submission_runner.py:357] 170.12s	5467	{'accuracy': 0.6760000586509705, 'loss': 0.9245104789733887}
I0413 19:42:59.569315 140143617193792 submission_runner.py:357] 193.15s	6248	{'accuracy': 0.6965000033378601, 'loss': 0.8718031644821167}
I0413 19:43:22.442428 140143617193792 submission_runner.py:357] 216.02s	7029	{'accuracy': 0.7105000615119934, 'loss': 0.8172606825828552}
I0413 19:43:45.292388 140143617193792 submission_runner.py:357] 238.88s	7810	{'accuracy': 0.7183000445365906, 'loss': 0.8075835108757019}
I0413 19:44:08.186583 140143617193792 submission_runner.py:357] 261.65s	8591	{'accuracy': 0.7226000428199768, 'loss': 0.794872522354126}
I0413 19:44:32.021356 140143617193792 submission_runner.py:357] 285.64s	9372	{'accuracy': 0.7383000254631042, 'loss': 0.7515667080879211}
I0413 19:44:56.011072 140143617193792 submission_runner.py:357] 309.18s	10153	{'accuracy': 0.7533000111579895, 'loss': 0.7134643197059631}
I0413 19:45:19.756516 140143617193792 submission_runner.py:357] 333.24s	10934	{'accuracy': 0.7590000629425049, 'loss': 0.6982355117797852}
I0413 19:45:43.008610 140143617193792 submission_runner.py:357] 356.56s	11715	{'accuracy': 0.761400043964386, 'loss': 0.6935102939605713}
I0413 19:46:06.003670 140143617193792 submission_runner.py:357] 379.57s	12496	{'accuracy': 0.7653000354766846, 'loss': 0.6746305823326111}
I0413 19:46:29.163268 140143617193792 submission_runner.py:357] 402.76s	13277	{'accuracy': 0.7736000418663025, 'loss': 0.6440725922584534}
I0413 19:46:52.129050 140143617193792 submission_runner.py:357] 425.72s	14058	{'accuracy': 0.7788000106811523, 'loss': 0.645307183265686}
I0413 19:47:14.952454 140143617193792 submission_runner.py:357] 448.52s	14839	{'accuracy': 0.7784000635147095, 'loss': 0.6465216875076294}
I0413 19:47:37.801409 140143617193792 submission_runner.py:357] 471.43s	15620	{'accuracy': 0.7884000539779663, 'loss': 0.6219727396965027}
I0413 19:48:00.424496 140143617193792 submission_runner.py:357] 493.99s	16401	{'accuracy': 0.7926000356674194, 'loss': 0.6163862347602844}
I0413 19:48:24.809316 140143617193792 submission_runner.py:357] 517.98s	17182	{'accuracy': 0.7868000268936157, 'loss': 0.6297934055328369}
I0413 19:48:47.913500 140143617193792 submission_runner.py:357] 541.47s	17963	{'accuracy': 0.7948000431060791, 'loss': 0.6038899421691895}
I0413 19:49:11.829854 140143617193792 submission_runner.py:357] 565.37s	18744	{'accuracy': 0.797700047492981, 'loss': 0.5939455628395081}
I0413 19:49:35.123389 140143617193792 submission_runner.py:357] 588.71s	19525	{'accuracy': 0.8023000359535217, 'loss': 0.5918768644332886}
I0413 19:49:58.695499 140143617193792 submission_runner.py:357] 612.27s	20306	{'accuracy': 0.7946000099182129, 'loss': 0.610584020614624}
I0413 19:50:21.521332 140143617193792 submission_runner.py:357] 635.12s	21087	{'accuracy': 0.79830002784729, 'loss': 0.6117438077926636}
I0413 19:50:44.335773 140143617193792 submission_runner.py:357] 657.93s	21868	{'accuracy': 0.8034000396728516, 'loss': 0.6033080220222473}
I0413 19:51:07.297734 140143617193792 submission_runner.py:357] 680.77s	22649	{'accuracy': 0.8024000525474548, 'loss': 0.5847559571266174}
I0413 19:51:30.766283 140143617193792 submission_runner.py:357] 703.80s	23430	{'accuracy': 0.8033000230789185, 'loss': 0.5902072787284851}
I0413 19:51:53.975495 140143617193792 submission_runner.py:357] 727.52s	24211	{'accuracy': 0.8030000329017639, 'loss': 0.585188090801239}
I0413 19:52:17.510915 140143617193792 submission_runner.py:357] 750.91s	24992	{'accuracy': 0.8097000122070312, 'loss': 0.5811538100242615}
I0413 19:52:41.812630 140143617193792 submission_runner.py:357] 775.19s	25773	{'accuracy': 0.8019000291824341, 'loss': 0.6034421920776367}
I0413 19:53:05.570918 140143617193792 submission_runner.py:357] 798.84s	26554	{'accuracy': 0.8053000569343567, 'loss': 0.5884514451026917}
I0413 19:53:28.857385 140143617193792 submission_runner.py:357] 822.47s	27335	{'accuracy': 0.8058000206947327, 'loss': 0.614724338054657}
I0413 19:53:51.908231 140143617193792 submission_runner.py:357] 845.30s	28116	{'accuracy': 0.8184000253677368, 'loss': 0.5588388442993164}
I0413 19:54:14.507151 140143617193792 submission_runner.py:357] 868.12s	28897	{'accuracy': 0.8044000267982483, 'loss': 0.6042175889015198}
I0413 19:54:37.146074 140143617193792 submission_runner.py:357] 890.78s	29678	{'accuracy': 0.8125000596046448, 'loss': 0.5842451453208923}
I0413 19:55:00.230388 140143617193792 submission_runner.py:357] 913.41s	30459	{'accuracy': 0.8157000541687012, 'loss': 0.5822678804397583}
I0413 19:55:23.385114 140143617193792 submission_runner.py:357] 936.84s	31240	{'accuracy': 0.813200056552887, 'loss': 0.5899199843406677}
I0413 19:55:46.482798 140143617193792 submission_runner.py:357] 960.03s	32021	{'accuracy': 0.810200035572052, 'loss': 0.6010506749153137}
I0413 19:56:09.592438 140143617193792 submission_runner.py:357] 983.17s	32802	{'accuracy': 0.8121000528335571, 'loss': 0.5899882316589355}
I0413 19:56:32.484287 140143617193792 submission_runner.py:357] 1006.08s	33583	{'accuracy': 0.815500020980835, 'loss': 0.6037468314170837}
I0413 19:56:55.444826 140143617193792 submission_runner.py:357] 1029.03s	34364	{'accuracy': 0.8121000528335571, 'loss': 0.6176961064338684}
I0413 19:57:18.358195 140143617193792 submission_runner.py:357] 1051.73s	35145	{'accuracy': 0.8117000460624695, 'loss': 0.6072934865951538}
I0413 19:57:41.489536 140143617193792 submission_runner.py:357] 1075.10s	35926	{'accuracy': 0.8151000142097473, 'loss': 0.6031518578529358}
I0413 19:58:04.397342 140143617193792 submission_runner.py:357] 1097.94s	36707	{'accuracy': 0.8250000476837158, 'loss': 0.5816057324409485}
I0413 19:58:27.667023 140143617193792 submission_runner.py:357] 1120.81s	37488	{'accuracy': 0.8199000358581543, 'loss': 0.6027830839157104}
I0413 19:58:50.907302 140143617193792 submission_runner.py:357] 1144.44s	38269	{'accuracy': 0.8238000273704529, 'loss': 0.6009789109230042}
I0413 19:59:13.957676 140143617193792 submission_runner.py:357] 1167.50s	39050	{'accuracy': 0.8206000328063965, 'loss': 0.6449089050292969}
I0413 19:59:37.106688 140143617193792 submission_runner.py:357] 1190.69s	39831	{'accuracy': 0.8222000598907471, 'loss': 0.5995389223098755}
I0413 19:59:59.964724 140143617193792 submission_runner.py:357] 1213.56s	40612	{'accuracy': 0.8198000192642212, 'loss': 0.6033034324645996}
I0413 20:00:22.802232 140143617193792 submission_runner.py:357] 1236.41s	41393	{'accuracy': 0.8259000182151794, 'loss': 0.5976661443710327}
I0413 20:00:45.655342 140143617193792 submission_runner.py:357] 1259.25s	42174	{'accuracy': 0.8197000622749329, 'loss': 0.6261898279190063}
I0413 20:01:08.404674 140143617193792 submission_runner.py:357] 1282.00s	42955	{'accuracy': 0.8261000514030457, 'loss': 0.6000151038169861}
I0413 20:01:31.472622 140143617193792 submission_runner.py:357] 1304.62s	43736	{'accuracy': 0.8184000253677368, 'loss': 0.6410696506500244}
I0413 20:01:54.761960 140143617193792 submission_runner.py:357] 1328.28s	44517	{'accuracy': 0.822700023651123, 'loss': 0.6412123441696167}
W0413 20:01:54.763148 140143617193792 early_stopping.py:102] Early stop due to no improvement.
I0413 20:01:55.715982 140143617193792 submission_runner.py:467] ===== Results =====
I0413 20:01:55.716372 140143617193792 submission_runner.py:469] Tuning trial 1/5
I0413 20:01:55.716462 140143617193792 submission_runner.py:470] Hyperparameters: {'learning_rate': 0.001, 'momentum': 0.9}
I0413 20:01:55.716583 140143617193792 submission_runner.py:472] Metrics: (42174, {'accuracy': 0.8296000361442566, 'loss': 0.5952080488204956})
I0413 20:01:55.716668 140143617193792 submission_runner.py:475] Timing: 980.1224253177643
I0413 20:01:55.716743 140143617193792 submission_runner.py:476] ====================
I0413 20:01:55.716798 140143617193792 submission_runner.py:469] Tuning trial 2/5
I0413 20:01:55.716853 140143617193792 submission_runner.py:470] Hyperparameters: {'learning_rate': 0.001, 'momentum': 0.9}
I0413 20:01:55.716921 140143617193792 submission_runner.py:472] Metrics: (49984, {'accuracy': 0.828700065612793, 'loss': 0.6440824270248413})
I0413 20:01:55.716994 140143617193792 submission_runner.py:475] Timing: 1165.6222269535065
I0413 20:01:55.717051 140143617193792 submission_runner.py:476] ====================
I0413 20:01:55.717103 140143617193792 submission_runner.py:469] Tuning trial 3/5
I0413 20:01:55.717171 140143617193792 submission_runner.py:470] Hyperparameters: {'learning_rate': 0.001, 'momentum': 0.9}
I0413 20:01:55.717242 140143617193792 submission_runner.py:472] Metrics: (52327, {'accuracy': 0.8331000208854675, 'loss': 0.6311833262443542})
I0413 20:01:55.717312 140143617193792 submission_runner.py:475] Timing: 1249.7944903373718
I0413 20:01:55.717367 140143617193792 submission_runner.py:476] ====================
I0413 20:01:55.717418 140143617193792 submission_runner.py:469] Tuning trial 4/5
I0413 20:01:55.717471 140143617193792 submission_runner.py:470] Hyperparameters: {'learning_rate': 0.001, 'momentum': 0.9}
I0413 20:01:55.717542 140143617193792 submission_runner.py:472] Metrics: (44517, {'accuracy': 0.8226000666618347, 'loss': 0.6257347464561462})
I0413 20:01:55.717610 140143617193792 submission_runner.py:475] Timing: 1068.0317895412445
I0413 20:01:55.717665 140143617193792 submission_runner.py:476] ====================
I0413 20:01:55.717715 140143617193792 submission_runner.py:469] Tuning trial 5/5
I0413 20:01:55.717768 140143617193792 submission_runner.py:470] Hyperparameters: {'learning_rate': 0.001, 'momentum': 0.9}
I0413 20:01:55.717832 140143617193792 submission_runner.py:472] Metrics: (44517, {'accuracy': 0.822700023651123, 'loss': 0.6412123441696167})
I0413 20:01:55.717895 140143617193792 submission_runner.py:475] Timing: 1053.2959597110748
I0413 20:01:55.717950 140143617193792 submission_runner.py:476] ====================
I0413 20:01:56.431283 140143617193792 submission_runner.py:514] Final cifar10_jax score: 980.122425
