W0413 18:30:40.343703 140359582050112 logging_utils.py:329] Unable to record package information. Continuing without it.
I0413 18:30:43.118188 140359582050112 submission_runner.py:455] --- Tuning run 1/5 ---
I0413 18:31:28.226433 140359582050112 submission_runner.py:357] 3.52s	0	{'accuracy': 0.0982000082731247, 'loss': 2.3044676780700684}
I0413 18:31:57.480708 140359582050112 submission_runner.py:357] 44.49s	781	{'accuracy': 0.23750001192092896, 'loss': 2.1284122467041016}
I0413 18:32:21.296844 140359582050112 submission_runner.py:357] 68.25s	1562	{'accuracy': 0.3409000039100647, 'loss': 1.7797654867172241}
I0413 18:32:44.765581 140359582050112 submission_runner.py:357] 91.91s	2343	{'accuracy': 0.4156000316143036, 'loss': 1.6389129161834717}
I0413 18:33:07.767952 140359582050112 submission_runner.py:357] 114.94s	3124	{'accuracy': 0.44520002603530884, 'loss': 1.532031536102295}
I0413 18:33:30.661364 140359582050112 submission_runner.py:357] 137.79s	3905	{'accuracy': 0.499500036239624, 'loss': 1.4084289073944092}
I0413 18:33:53.293404 140359582050112 submission_runner.py:357] 160.43s	4686	{'accuracy': 0.5295000076293945, 'loss': 1.319058895111084}
I0413 18:34:16.792656 140359582050112 submission_runner.py:357] 183.68s	5467	{'accuracy': 0.5710000395774841, 'loss': 1.2164647579193115}
I0413 18:34:41.297077 140359582050112 submission_runner.py:357] 208.27s	6248	{'accuracy': 0.5931000113487244, 'loss': 1.1566250324249268}
I0413 18:35:04.624039 140359582050112 submission_runner.py:357] 231.85s	7029	{'accuracy': 0.6129000186920166, 'loss': 1.091530203819275}
I0413 18:35:28.376193 140359582050112 submission_runner.py:357] 255.36s	7810	{'accuracy': 0.627500057220459, 'loss': 1.0636866092681885}
I0413 18:35:51.993126 140359582050112 submission_runner.py:357] 279.27s	8591	{'accuracy': 0.6473000049591064, 'loss': 1.0154839754104614}
I0413 18:36:13.939013 140359582050112 submission_runner.py:357] 301.09s	9372	{'accuracy': 0.67330002784729, 'loss': 0.9489606618881226}
I0413 18:36:37.382667 140359582050112 submission_runner.py:357] 324.61s	10153	{'accuracy': 0.6723000407218933, 'loss': 0.9314203858375549}
I0413 18:37:00.926662 140359582050112 submission_runner.py:357] 347.96s	10934	{'accuracy': 0.6709000468254089, 'loss': 0.920853853225708}
I0413 18:37:24.217660 140359582050112 submission_runner.py:357] 371.20s	11715	{'accuracy': 0.6839000582695007, 'loss': 0.8898634910583496}
I0413 18:37:48.534739 140359582050112 submission_runner.py:357] 395.45s	12496	{'accuracy': 0.7031000256538391, 'loss': 0.8499895930290222}
I0413 18:38:11.988938 140359582050112 submission_runner.py:357] 419.08s	13277	{'accuracy': 0.7074000239372253, 'loss': 0.8271878361701965}
I0413 18:38:35.206156 140359582050112 submission_runner.py:357] 442.33s	14058	{'accuracy': 0.6972000598907471, 'loss': 0.8562406897544861}
I0413 18:38:58.634516 140359582050112 submission_runner.py:357] 465.38s	14839	{'accuracy': 0.7224000096321106, 'loss': 0.8105983734130859}
I0413 18:39:22.233152 140359582050112 submission_runner.py:357] 489.29s	15620	{'accuracy': 0.7238000631332397, 'loss': 0.7966389060020447}
I0413 18:39:45.624818 140359582050112 submission_runner.py:357] 512.77s	16401	{'accuracy': 0.7270000576972961, 'loss': 0.785264790058136}
I0413 18:40:08.668820 140359582050112 submission_runner.py:357] 536.06s	17182	{'accuracy': 0.7305000424385071, 'loss': 0.769250750541687}
I0413 18:40:31.255741 140359582050112 submission_runner.py:357] 558.53s	17963	{'accuracy': 0.7302000522613525, 'loss': 0.779090166091919}
I0413 18:40:54.427496 140359582050112 submission_runner.py:357] 581.53s	18744	{'accuracy': 0.7265000343322754, 'loss': 0.7735019326210022}
I0413 18:41:16.699377 140359582050112 submission_runner.py:357] 603.89s	19525	{'accuracy': 0.7418000102043152, 'loss': 0.7398301362991333}
I0413 18:41:38.722922 140359582050112 submission_runner.py:357] 625.67s	20306	{'accuracy': 0.7407000064849854, 'loss': 0.753679633140564}
I0413 18:42:00.005237 140359582050112 submission_runner.py:357] 647.47s	21087	{'accuracy': 0.7272000312805176, 'loss': 0.764495849609375}
I0413 18:42:21.709729 140359582050112 submission_runner.py:357] 669.05s	21868	{'accuracy': 0.7472000122070312, 'loss': 0.7223425507545471}
I0413 18:42:43.959494 140359582050112 submission_runner.py:357] 691.33s	22649	{'accuracy': 0.7450000643730164, 'loss': 0.7331258058547974}
I0413 18:43:05.634782 140359582050112 submission_runner.py:357] 713.07s	23430	{'accuracy': 0.7555000185966492, 'loss': 0.708694577217102}
I0413 18:43:27.611006 140359582050112 submission_runner.py:357] 734.81s	24211	{'accuracy': 0.7558000087738037, 'loss': 0.7021833062171936}
I0413 18:43:50.716781 140359582050112 submission_runner.py:357] 757.83s	24992	{'accuracy': 0.756600022315979, 'loss': 0.7012900114059448}
I0413 18:44:14.893419 140359582050112 submission_runner.py:357] 781.79s	25773	{'accuracy': 0.7597000598907471, 'loss': 0.6821131110191345}
I0413 18:44:38.519425 140359582050112 submission_runner.py:357] 805.59s	26554	{'accuracy': 0.7621000409126282, 'loss': 0.6807421445846558}
I0413 18:45:01.629773 140359582050112 submission_runner.py:357] 828.56s	27335	{'accuracy': 0.7711000442504883, 'loss': 0.6544875502586365}
I0413 18:45:25.164935 140359582050112 submission_runner.py:357] 852.07s	28116	{'accuracy': 0.7718000411987305, 'loss': 0.6605861783027649}
I0413 18:45:48.670871 140359582050112 submission_runner.py:357] 875.90s	28897	{'accuracy': 0.7719000577926636, 'loss': 0.6533395051956177}
I0413 18:46:10.861150 140359582050112 submission_runner.py:357] 898.24s	29678	{'accuracy': 0.7698000073432922, 'loss': 0.6453043222427368}
I0413 18:46:32.947887 140359582050112 submission_runner.py:357] 920.35s	30459	{'accuracy': 0.7742000222206116, 'loss': 0.6474112272262573}
I0413 18:46:54.292685 140359582050112 submission_runner.py:357] 941.70s	31240	{'accuracy': 0.7745000123977661, 'loss': 0.6464760303497314}
I0413 18:47:16.376430 140359582050112 submission_runner.py:357] 963.64s	32021	{'accuracy': 0.7656000256538391, 'loss': 0.66094571352005}
I0413 18:47:40.564185 140359582050112 submission_runner.py:357] 987.51s	32802	{'accuracy': 0.7777000665664673, 'loss': 0.6400191783905029}
I0413 18:48:04.547059 140359582050112 submission_runner.py:357] 1011.21s	33583	{'accuracy': 0.7823000550270081, 'loss': 0.6178117990493774}
I0413 18:48:28.158807 140359582050112 submission_runner.py:357] 1035.27s	34364	{'accuracy': 0.7799000144004822, 'loss': 0.6420208215713501}
I0413 18:48:50.031834 140359582050112 submission_runner.py:357] 1057.45s	35145	{'accuracy': 0.776900053024292, 'loss': 0.634964644908905}
I0413 18:49:11.891757 140359582050112 submission_runner.py:357] 1079.29s	35926	{'accuracy': 0.7915000319480896, 'loss': 0.6001570820808411}
I0413 18:49:34.566140 140359582050112 submission_runner.py:357] 1101.94s	36707	{'accuracy': 0.7827000617980957, 'loss': 0.6280845999717712}
I0413 18:49:57.724068 140359582050112 submission_runner.py:357] 1124.91s	37488	{'accuracy': 0.7939000129699707, 'loss': 0.5959165096282959}
I0413 18:50:21.170170 140359582050112 submission_runner.py:357] 1148.30s	38269	{'accuracy': 0.7905000448226929, 'loss': 0.6029804944992065}
I0413 18:50:44.808522 140359582050112 submission_runner.py:357] 1172.14s	39050	{'accuracy': 0.791100025177002, 'loss': 0.6005424857139587}
I0413 18:51:08.171324 140359582050112 submission_runner.py:357] 1195.35s	39831	{'accuracy': 0.7913000583648682, 'loss': 0.6086037158966064}
I0413 18:51:31.775807 140359582050112 submission_runner.py:357] 1218.29s	40612	{'accuracy': 0.7975000143051147, 'loss': 0.581495463848114}
I0413 18:51:53.928183 140359582050112 submission_runner.py:357] 1241.31s	41393	{'accuracy': 0.7987000346183777, 'loss': 0.5759879946708679}
I0413 18:52:16.557035 140359582050112 submission_runner.py:357] 1263.61s	42174	{'accuracy': 0.7976000308990479, 'loss': 0.588408350944519}
I0413 18:52:39.981941 140359582050112 submission_runner.py:357] 1287.32s	42955	{'accuracy': 0.8042000532150269, 'loss': 0.5720967054367065}
I0413 18:53:01.810857 140359582050112 submission_runner.py:357] 1309.14s	43736	{'accuracy': 0.7987000346183777, 'loss': 0.5864206552505493}
I0413 18:53:26.077510 140359582050112 submission_runner.py:357] 1332.91s	44517	{'accuracy': 0.8073000311851501, 'loss': 0.5639945864677429}
I0413 18:53:51.322639 140359582050112 submission_runner.py:357] 1358.23s	45298	{'accuracy': 0.8016000390052795, 'loss': 0.5736610889434814}
I0413 18:54:15.418733 140359582050112 submission_runner.py:357] 1382.86s	46079	{'accuracy': 0.801800012588501, 'loss': 0.5702107548713684}
I0413 18:54:37.770816 140359582050112 submission_runner.py:357] 1404.71s	46860	{'accuracy': 0.8011000156402588, 'loss': 0.569508969783783}
I0413 18:54:59.403429 140359582050112 submission_runner.py:357] 1426.84s	47641	{'accuracy': 0.8020000457763672, 'loss': 0.5672751069068909}
I0413 18:55:21.218763 140359582050112 submission_runner.py:357] 1448.59s	48422	{'accuracy': 0.8035000562667847, 'loss': 0.5551235675811768}
I0413 18:55:43.153887 140359582050112 submission_runner.py:357] 1470.58s	49203	{'accuracy': 0.8037000298500061, 'loss': 0.567597508430481}
I0413 18:56:04.664820 140359582050112 submission_runner.py:357] 1492.08s	49984	{'accuracy': 0.8033000230789185, 'loss': 0.5598169565200806}
I0413 18:56:26.644737 140359582050112 submission_runner.py:357] 1513.93s	50765	{'accuracy': 0.8135000467300415, 'loss': 0.5666930079460144}
I0413 18:56:49.570119 140359582050112 submission_runner.py:357] 1536.71s	51546	{'accuracy': 0.8118000626564026, 'loss': 0.5433772206306458}
I0413 18:57:12.193370 140359582050112 submission_runner.py:357] 1559.55s	52327	{'accuracy': 0.8147000670433044, 'loss': 0.5381542444229126}
I0413 18:57:34.165059 140359582050112 submission_runner.py:357] 1581.53s	53108	{'accuracy': 0.8121000528335571, 'loss': 0.548328161239624}
I0413 18:57:57.758722 140359582050112 submission_runner.py:357] 1604.48s	53889	{'accuracy': 0.8073000311851501, 'loss': 0.5599454641342163}
I0413 18:58:21.309689 140359582050112 submission_runner.py:357] 1628.41s	54670	{'accuracy': 0.8117000460624695, 'loss': 0.5380820035934448}
I0413 18:58:43.896940 140359582050112 submission_runner.py:357] 1651.01s	55451	{'accuracy': 0.8148000240325928, 'loss': 0.5355181097984314}
I0413 18:59:07.039846 140359582050112 submission_runner.py:357] 1674.21s	56232	{'accuracy': 0.8183000683784485, 'loss': 0.5204265117645264}
I0413 18:59:30.937537 140359582050112 submission_runner.py:357] 1698.05s	57013	{'accuracy': 0.8160000443458557, 'loss': 0.5316208004951477}
I0413 18:59:54.725353 140359582050112 submission_runner.py:357] 1721.80s	57794	{'accuracy': 0.8222000598907471, 'loss': 0.5269322991371155}
I0413 19:00:19.746356 140359582050112 submission_runner.py:357] 1746.52s	58575	{'accuracy': 0.8188000321388245, 'loss': 0.5217653512954712}
I0413 19:00:44.382770 140359582050112 submission_runner.py:357] 1771.39s	59356	{'accuracy': 0.813200056552887, 'loss': 0.5427607893943787}
I0413 19:01:08.783978 140359582050112 submission_runner.py:357] 1795.39s	60137	{'accuracy': 0.8189000487327576, 'loss': 0.5275892615318298}
I0413 19:01:31.921213 140359582050112 submission_runner.py:357] 1819.26s	60918	{'accuracy': 0.8146000504493713, 'loss': 0.5459297895431519}
I0413 19:01:53.668599 140359582050112 submission_runner.py:357] 1841.07s	61699	{'accuracy': 0.8171000480651855, 'loss': 0.5297022461891174}
I0413 19:02:15.897936 140359582050112 submission_runner.py:357] 1863.29s	62480	{'accuracy': 0.8246000409126282, 'loss': 0.5274994969367981}
I0413 19:02:38.209946 140359582050112 submission_runner.py:357] 1885.46s	63261	{'accuracy': 0.8208000659942627, 'loss': 0.5226343274116516}
I0413 19:03:01.546653 140359582050112 submission_runner.py:357] 1908.58s	64042	{'accuracy': 0.8180000185966492, 'loss': 0.5281356573104858}
I0413 19:03:25.674129 140359582050112 submission_runner.py:357] 1932.65s	64823	{'accuracy': 0.8256000280380249, 'loss': 0.5141123533248901}
I0413 19:03:47.670230 140359582050112 submission_runner.py:357] 1954.95s	65604	{'accuracy': 0.8215000629425049, 'loss': 0.5209020972251892}
I0413 19:04:11.243353 140359582050112 submission_runner.py:357] 1978.58s	66385	{'accuracy': 0.8249000310897827, 'loss': 0.5124631524085999}
I0413 19:04:33.996854 140359582050112 submission_runner.py:357] 2000.91s	67166	{'accuracy': 0.822700023651123, 'loss': 0.5188360810279846}
I0413 19:04:56.815356 140359582050112 submission_runner.py:357] 2023.98s	67947	{'accuracy': 0.8282000422477722, 'loss': 0.5084649920463562}
I0413 19:05:20.862591 140359582050112 submission_runner.py:357] 2048.05s	68728	{'accuracy': 0.8249000310897827, 'loss': 0.5203266143798828}
I0413 19:05:44.850764 140359582050112 submission_runner.py:357] 2072.08s	69509	{'accuracy': 0.8270000219345093, 'loss': 0.502381443977356}
I0413 19:06:08.920027 140359582050112 submission_runner.py:357] 2096.14s	70290	{'accuracy': 0.8218000531196594, 'loss': 0.5257266163825989}
I0413 19:06:33.493944 140359582050112 submission_runner.py:357] 2120.59s	71071	{'accuracy': 0.8289000391960144, 'loss': 0.5154299736022949}
I0413 19:06:58.486616 140359582050112 submission_runner.py:357] 2145.62s	71852	{'accuracy': 0.8281000256538391, 'loss': 0.4982048571109772}
I0413 19:07:23.100734 140359582050112 submission_runner.py:357] 2170.25s	72633	{'accuracy': 0.8251000642776489, 'loss': 0.5135419964790344}
I0413 19:07:47.353145 140359582050112 submission_runner.py:357] 2194.27s	73414	{'accuracy': 0.8268000483512878, 'loss': 0.5051364302635193}
I0413 19:08:10.358784 140359582050112 submission_runner.py:357] 2217.57s	74195	{'accuracy': 0.8329000473022461, 'loss': 0.48995617032051086}
I0413 19:08:33.064418 140359582050112 submission_runner.py:357] 2240.22s	74976	{'accuracy': 0.8280000686645508, 'loss': 0.5123723149299622}
I0413 19:08:54.900074 140359582050112 submission_runner.py:357] 2262.31s	75757	{'accuracy': 0.8268000483512878, 'loss': 0.5011882185935974}
I0413 19:09:17.087563 140359582050112 submission_runner.py:357] 2284.26s	76538	{'accuracy': 0.8254000544548035, 'loss': 0.5167155265808105}
I0413 19:09:42.292642 140359582050112 submission_runner.py:357] 2309.41s	77319	{'accuracy': 0.8301000595092773, 'loss': 0.49726882576942444}
I0413 19:10:04.504805 140359582050112 submission_runner.py:357] 2332.00s	78100	{'accuracy': 0.8273000121116638, 'loss': 0.5087172389030457}
I0413 19:10:26.374596 140359582050112 submission_runner.py:357] 2353.65s	78881	{'accuracy': 0.8291000127792358, 'loss': 0.5147097706794739}
W0413 19:10:26.375884 140359582050112 early_stopping.py:90] Early stop due to exceeding max steps.
I0413 19:10:27.119843 140359582050112 submission_runner.py:455] --- Tuning run 2/5 ---
I0413 19:10:31.864205 140359582050112 submission_runner.py:357] 0.33s	0	{'accuracy': 0.09860000759363174, 'loss': 2.3084349632263184}
I0413 19:11:00.765750 140359582050112 submission_runner.py:357] 28.41s	781	{'accuracy': 0.20940001308918, 'loss': 2.24151349067688}
I0413 19:11:25.016200 140359582050112 submission_runner.py:357] 52.92s	1562	{'accuracy': 0.34310001134872437, 'loss': 1.8184411525726318}
I0413 19:11:48.563831 140359582050112 submission_runner.py:357] 76.65s	2343	{'accuracy': 0.37210002541542053, 'loss': 1.7090356349945068}
I0413 19:12:12.557650 140359582050112 submission_runner.py:357] 100.62s	3124	{'accuracy': 0.44280001521110535, 'loss': 1.5470030307769775}
I0413 19:12:38.047933 140359582050112 submission_runner.py:357] 126.21s	3905	{'accuracy': 0.4797000288963318, 'loss': 1.44068443775177}
I0413 19:12:59.359421 140359582050112 submission_runner.py:357] 147.85s	4686	{'accuracy': 0.5202000141143799, 'loss': 1.3511455059051514}
I0413 19:13:20.986335 140359582050112 submission_runner.py:357] 169.36s	5467	{'accuracy': 0.5452000498771667, 'loss': 1.3088773488998413}
I0413 19:13:43.334457 140359582050112 submission_runner.py:357] 191.77s	6248	{'accuracy': 0.5768000483512878, 'loss': 1.19805908203125}
I0413 19:14:06.060461 140359582050112 submission_runner.py:357] 213.84s	7029	{'accuracy': 0.5976000428199768, 'loss': 1.1414371728897095}
I0413 19:14:29.954845 140359582050112 submission_runner.py:357] 237.93s	7810	{'accuracy': 0.613800048828125, 'loss': 1.0817941427230835}
I0413 19:14:53.553862 140359582050112 submission_runner.py:357] 261.58s	8591	{'accuracy': 0.622700035572052, 'loss': 1.0702041387557983}
I0413 19:15:17.286691 140359582050112 submission_runner.py:357] 285.43s	9372	{'accuracy': 0.6390000581741333, 'loss': 1.0347061157226562}
I0413 19:15:41.192761 140359582050112 submission_runner.py:357] 309.40s	10153	{'accuracy': 0.6493000388145447, 'loss': 0.9828549027442932}
I0413 19:16:05.538708 140359582050112 submission_runner.py:357] 333.61s	10934	{'accuracy': 0.6615000367164612, 'loss': 0.9734442830085754}
I0413 19:16:28.981127 140359582050112 submission_runner.py:357] 357.05s	11715	{'accuracy': 0.6772000193595886, 'loss': 0.9246082305908203}
I0413 19:16:52.577395 140359582050112 submission_runner.py:357] 380.84s	12496	{'accuracy': 0.6809000372886658, 'loss': 0.9061461091041565}
I0413 19:17:16.348746 140359582050112 submission_runner.py:357] 404.36s	13277	{'accuracy': 0.6865000128746033, 'loss': 0.8947776556015015}
I0413 19:17:40.489193 140359582050112 submission_runner.py:357] 428.08s	14058	{'accuracy': 0.7029000520706177, 'loss': 0.8552919626235962}
I0413 19:18:04.087709 140359582050112 submission_runner.py:357] 452.14s	14839	{'accuracy': 0.6948000192642212, 'loss': 0.8727448582649231}
I0413 19:18:27.925757 140359582050112 submission_runner.py:357] 476.05s	15620	{'accuracy': 0.7041000127792358, 'loss': 0.8451765775680542}
I0413 19:18:52.853563 140359582050112 submission_runner.py:357] 501.01s	16401	{'accuracy': 0.7168000340461731, 'loss': 0.8189475536346436}
I0413 19:19:17.025153 140359582050112 submission_runner.py:357] 525.20s	17182	{'accuracy': 0.7273000478744507, 'loss': 0.7909932732582092}
I0413 19:19:40.052219 140359582050112 submission_runner.py:357] 548.25s	17963	{'accuracy': 0.7209000587463379, 'loss': 0.795636773109436}
I0413 19:20:03.279501 140359582050112 submission_runner.py:357] 571.33s	18744	{'accuracy': 0.7298000454902649, 'loss': 0.7708112597465515}
I0413 19:20:27.808204 140359582050112 submission_runner.py:357] 595.99s	19525	{'accuracy': 0.7353000640869141, 'loss': 0.7628433704376221}
I0413 19:20:51.755942 140359582050112 submission_runner.py:357] 619.52s	20306	{'accuracy': 0.7394000291824341, 'loss': 0.7654877305030823}
I0413 19:21:15.842437 140359582050112 submission_runner.py:357] 643.84s	21087	{'accuracy': 0.7423000335693359, 'loss': 0.7506827712059021}
I0413 19:21:38.842725 140359582050112 submission_runner.py:357] 667.12s	21868	{'accuracy': 0.7418000102043152, 'loss': 0.7374754548072815}
I0413 19:22:00.928930 140359582050112 submission_runner.py:357] 689.23s	22649	{'accuracy': 0.7460000514984131, 'loss': 0.723825991153717}
I0413 19:22:24.179646 140359582050112 submission_runner.py:357] 712.27s	23430	{'accuracy': 0.7473000288009644, 'loss': 0.7290115356445312}
I0413 19:22:47.162392 140359582050112 submission_runner.py:357] 735.38s	24211	{'accuracy': 0.7577000260353088, 'loss': 0.6964012384414673}
I0413 19:23:11.127040 140359582050112 submission_runner.py:357] 759.25s	24992	{'accuracy': 0.7550000548362732, 'loss': 0.702663242816925}
I0413 19:23:34.554105 140359582050112 submission_runner.py:357] 782.72s	25773	{'accuracy': 0.7607000470161438, 'loss': 0.6886805295944214}
I0413 19:23:58.459711 140359582050112 submission_runner.py:357] 806.64s	26554	{'accuracy': 0.761900007724762, 'loss': 0.6781124472618103}
I0413 19:24:23.654289 140359582050112 submission_runner.py:357] 831.26s	27335	{'accuracy': 0.7654000520706177, 'loss': 0.6712833046913147}
I0413 19:24:47.886096 140359582050112 submission_runner.py:357] 856.09s	28116	{'accuracy': 0.7694000601768494, 'loss': 0.6677457690238953}
I0413 19:25:10.325438 140359582050112 submission_runner.py:357] 878.41s	28897	{'accuracy': 0.7753000259399414, 'loss': 0.6464571952819824}
I0413 19:25:33.509186 140359582050112 submission_runner.py:357] 901.64s	29678	{'accuracy': 0.7671000361442566, 'loss': 0.6669512987136841}
I0413 19:25:56.226418 140359582050112 submission_runner.py:357] 924.41s	30459	{'accuracy': 0.7678000330924988, 'loss': 0.6634645462036133}
I0413 19:26:20.555059 140359582050112 submission_runner.py:357] 948.68s	31240	{'accuracy': 0.7737000584602356, 'loss': 0.6554974913597107}
I0413 19:26:44.720656 140359582050112 submission_runner.py:357] 972.94s	32021	{'accuracy': 0.7842000126838684, 'loss': 0.6325768828392029}
I0413 19:27:08.565075 140359582050112 submission_runner.py:357] 996.75s	32802	{'accuracy': 0.7818000316619873, 'loss': 0.622185230255127}
I0413 19:27:32.273005 140359582050112 submission_runner.py:357] 1019.90s	33583	{'accuracy': 0.7794000506401062, 'loss': 0.6292238831520081}
I0413 19:27:56.508938 140359582050112 submission_runner.py:357] 1044.45s	34364	{'accuracy': 0.7868000268936157, 'loss': 0.6113547086715698}
I0413 19:28:19.305720 140359582050112 submission_runner.py:357] 1067.65s	35145	{'accuracy': 0.7845000624656677, 'loss': 0.622053325176239}
I0413 19:28:41.397998 140359582050112 submission_runner.py:357] 1089.78s	35926	{'accuracy': 0.7872000336647034, 'loss': 0.6093558669090271}
I0413 19:29:04.385352 140359582050112 submission_runner.py:357] 1112.60s	36707	{'accuracy': 0.7837000489234924, 'loss': 0.6136990785598755}
I0413 19:29:28.624976 140359582050112 submission_runner.py:357] 1136.59s	37488	{'accuracy': 0.7865000367164612, 'loss': 0.6097310781478882}
I0413 19:29:52.890697 140359582050112 submission_runner.py:357] 1161.06s	38269	{'accuracy': 0.7850000262260437, 'loss': 0.6204781532287598}
I0413 19:30:16.649466 140359582050112 submission_runner.py:357] 1184.77s	39050	{'accuracy': 0.7923000454902649, 'loss': 0.6046642661094666}
I0413 19:30:39.265117 140359582050112 submission_runner.py:357] 1207.62s	39831	{'accuracy': 0.7902000546455383, 'loss': 0.6051714420318604}
I0413 19:31:02.767431 140359582050112 submission_runner.py:357] 1230.52s	40612	{'accuracy': 0.7875000238418579, 'loss': 0.614957332611084}
I0413 19:31:25.935966 140359582050112 submission_runner.py:357] 1254.02s	41393	{'accuracy': 0.7902000546455383, 'loss': 0.609163224697113}
I0413 19:31:50.209064 140359582050112 submission_runner.py:357] 1278.40s	42174	{'accuracy': 0.7985000610351562, 'loss': 0.5766648054122925}
I0413 19:32:13.440428 140359582050112 submission_runner.py:357] 1301.61s	42955	{'accuracy': 0.7964000105857849, 'loss': 0.586303174495697}
I0413 19:32:36.745950 140359582050112 submission_runner.py:357] 1324.98s	43736	{'accuracy': 0.7992000579833984, 'loss': 0.5733759999275208}
I0413 19:33:00.101841 140359582050112 submission_runner.py:357] 1348.18s	44517	{'accuracy': 0.7992000579833984, 'loss': 0.5683274269104004}
I0413 19:33:23.509717 140359582050112 submission_runner.py:357] 1371.86s	45298	{'accuracy': 0.794700026512146, 'loss': 0.5857052206993103}
I0413 19:33:45.214858 140359582050112 submission_runner.py:357] 1393.51s	46079	{'accuracy': 0.7987000346183777, 'loss': 0.5708683133125305}
I0413 19:34:08.176185 140359582050112 submission_runner.py:357] 1416.01s	46860	{'accuracy': 0.8076000213623047, 'loss': 0.5557207465171814}
I0413 19:34:32.665422 140359582050112 submission_runner.py:357] 1440.73s	47641	{'accuracy': 0.8045000433921814, 'loss': 0.5628997087478638}
I0413 19:34:56.450271 140359582050112 submission_runner.py:357] 1464.49s	48422	{'accuracy': 0.8035000562667847, 'loss': 0.5658674240112305}
I0413 19:35:20.260627 140359582050112 submission_runner.py:357] 1488.30s	49203	{'accuracy': 0.8022000193595886, 'loss': 0.5738555192947388}
I0413 19:35:44.483003 140359582050112 submission_runner.py:357] 1512.60s	49984	{'accuracy': 0.8059000372886658, 'loss': 0.5598509311676025}
I0413 19:36:06.895952 140359582050112 submission_runner.py:357] 1535.02s	50765	{'accuracy': 0.8086000680923462, 'loss': 0.5592999458312988}
I0413 19:36:30.224596 140359582050112 submission_runner.py:357] 1558.42s	51546	{'accuracy': 0.813200056552887, 'loss': 0.5508176684379578}
I0413 19:36:53.306880 140359582050112 submission_runner.py:357] 1581.44s	52327	{'accuracy': 0.8051000237464905, 'loss': 0.5577860474586487}
I0413 19:37:18.115027 140359582050112 submission_runner.py:357] 1606.06s	53108	{'accuracy': 0.8115000128746033, 'loss': 0.5554102063179016}
I0413 19:37:42.301809 140359582050112 submission_runner.py:357] 1629.97s	53889	{'accuracy': 0.8077000379562378, 'loss': 0.5506132245063782}
I0413 19:38:05.667114 140359582050112 submission_runner.py:357] 1653.77s	54670	{'accuracy': 0.8133000135421753, 'loss': 0.5443235635757446}
I0413 19:38:29.737136 140359582050112 submission_runner.py:357] 1677.58s	55451	{'accuracy': 0.8147000670433044, 'loss': 0.5492367744445801}
I0413 19:38:53.336998 140359582050112 submission_runner.py:357] 1701.41s	56232	{'accuracy': 0.8163000345230103, 'loss': 0.5362455248832703}
I0413 19:39:17.315243 140359582050112 submission_runner.py:357] 1725.52s	57013	{'accuracy': 0.8146000504493713, 'loss': 0.5358192920684814}
I0413 19:39:41.116997 140359582050112 submission_runner.py:357] 1749.26s	57794	{'accuracy': 0.8145000338554382, 'loss': 0.5415247082710266}
I0413 19:40:05.133454 140359582050112 submission_runner.py:357] 1773.38s	58575	{'accuracy': 0.8153000473976135, 'loss': 0.5370866656303406}
I0413 19:40:27.498999 140359582050112 submission_runner.py:357] 1795.67s	59356	{'accuracy': 0.8148000240325928, 'loss': 0.5443442463874817}
I0413 19:40:49.634524 140359582050112 submission_runner.py:357] 1817.58s	60137	{'accuracy': 0.8216000199317932, 'loss': 0.5220004916191101}
I0413 19:41:12.052310 140359582050112 submission_runner.py:357] 1840.23s	60918	{'accuracy': 0.8190000653266907, 'loss': 0.5338702201843262}
I0413 19:41:34.618734 140359582050112 submission_runner.py:357] 1862.85s	61699	{'accuracy': 0.8148000240325928, 'loss': 0.5397685170173645}
I0413 19:41:56.866103 140359582050112 submission_runner.py:357] 1885.13s	62480	{'accuracy': 0.8179000616073608, 'loss': 0.5254961252212524}
I0413 19:42:19.067561 140359582050112 submission_runner.py:357] 1907.31s	63261	{'accuracy': 0.820900022983551, 'loss': 0.5211621522903442}
I0413 19:42:41.378633 140359582050112 submission_runner.py:357] 1929.66s	64042	{'accuracy': 0.822100043296814, 'loss': 0.5152235627174377}
I0413 19:43:03.264823 140359582050112 submission_runner.py:357] 1951.56s	64823	{'accuracy': 0.822700023651123, 'loss': 0.5210038423538208}
I0413 19:43:25.200683 140359582050112 submission_runner.py:357] 1973.44s	65604	{'accuracy': 0.8195000290870667, 'loss': 0.5319864153862}
I0413 19:43:47.527401 140359582050112 submission_runner.py:357] 1995.81s	66385	{'accuracy': 0.8200000524520874, 'loss': 0.5220409035682678}
I0413 19:44:09.840651 140359582050112 submission_runner.py:357] 2017.60s	67166	{'accuracy': 0.8241000175476074, 'loss': 0.5131042003631592}
I0413 19:44:32.524360 140359582050112 submission_runner.py:357] 2040.63s	67947	{'accuracy': 0.8258000612258911, 'loss': 0.5206968188285828}
I0413 19:44:54.904822 140359582050112 submission_runner.py:357] 2063.14s	68728	{'accuracy': 0.8212000131607056, 'loss': 0.5166710019111633}
I0413 19:45:17.141220 140359582050112 submission_runner.py:357] 2085.37s	69509	{'accuracy': 0.8197000622749329, 'loss': 0.5245324969291687}
I0413 19:45:39.388196 140359582050112 submission_runner.py:357] 2107.72s	70290	{'accuracy': 0.829200029373169, 'loss': 0.5132622122764587}
I0413 19:46:01.505405 140359582050112 submission_runner.py:357] 2129.80s	71071	{'accuracy': 0.8266000151634216, 'loss': 0.5108349323272705}
I0413 19:46:23.263669 140359582050112 submission_runner.py:357] 2151.50s	71852	{'accuracy': 0.8262000679969788, 'loss': 0.5088160634040833}
I0413 19:46:45.555067 140359582050112 submission_runner.py:357] 2173.87s	72633	{'accuracy': 0.8234000205993652, 'loss': 0.5198761224746704}
I0413 19:47:07.901424 140359582050112 submission_runner.py:357] 2195.73s	73414	{'accuracy': 0.8267000317573547, 'loss': 0.5018208622932434}
I0413 19:47:30.493747 140359582050112 submission_runner.py:357] 2218.62s	74195	{'accuracy': 0.8306000232696533, 'loss': 0.5063638687133789}
I0413 19:47:53.058509 140359582050112 submission_runner.py:357] 2241.26s	74976	{'accuracy': 0.8303000330924988, 'loss': 0.5071107149124146}
I0413 19:48:15.433529 140359582050112 submission_runner.py:357] 2263.66s	75757	{'accuracy': 0.8246000409126282, 'loss': 0.5148398876190186}
I0413 19:48:38.095953 140359582050112 submission_runner.py:357] 2286.30s	76538	{'accuracy': 0.832800030708313, 'loss': 0.48976007103919983}
I0413 19:49:00.106774 140359582050112 submission_runner.py:357] 2308.44s	77319	{'accuracy': 0.8351000547409058, 'loss': 0.478203684091568}
I0413 19:49:21.994150 140359582050112 submission_runner.py:357] 2330.27s	78100	{'accuracy': 0.8306000232696533, 'loss': 0.4991000294685364}
I0413 19:49:42.926135 140359582050112 submission_runner.py:357] 2351.48s	78881	{'accuracy': 0.8308000564575195, 'loss': 0.5000054240226746}
W0413 19:49:42.927978 140359582050112 early_stopping.py:90] Early stop due to exceeding max steps.
I0413 19:49:43.820588 140359582050112 submission_runner.py:455] --- Tuning run 3/5 ---
I0413 19:49:48.370949 140359582050112 submission_runner.py:357] 0.31s	0	{'accuracy': 0.09940000623464584, 'loss': 2.306948661804199}
I0413 19:50:15.729155 140359582050112 submission_runner.py:357] 26.83s	781	{'accuracy': 0.17990000545978546, 'loss': 2.260960102081299}
I0413 19:50:38.311288 140359582050112 submission_runner.py:357] 49.88s	1562	{'accuracy': 0.32360002398490906, 'loss': 1.8300020694732666}
I0413 19:51:00.155022 140359582050112 submission_runner.py:357] 71.80s	2343	{'accuracy': 0.3871000111103058, 'loss': 1.683505892753601}
I0413 19:51:22.432905 140359582050112 submission_runner.py:357] 94.01s	3124	{'accuracy': 0.4646000266075134, 'loss': 1.5125662088394165}
I0413 19:51:44.281798 140359582050112 submission_runner.py:357] 115.97s	3905	{'accuracy': 0.5078999996185303, 'loss': 1.397935390472412}
I0413 19:52:06.380457 140359582050112 submission_runner.py:357] 137.98s	4686	{'accuracy': 0.5430000424385071, 'loss': 1.2992478609085083}
I0413 19:52:28.491627 140359582050112 submission_runner.py:357] 160.10s	5467	{'accuracy': 0.5700000524520874, 'loss': 1.2212316989898682}
I0413 19:52:50.017309 140359582050112 submission_runner.py:357] 181.69s	6248	{'accuracy': 0.5940999984741211, 'loss': 1.1551392078399658}
I0413 19:53:12.407362 140359582050112 submission_runner.py:357] 203.50s	7029	{'accuracy': 0.6123000383377075, 'loss': 1.1132456064224243}
I0413 19:53:34.926044 140359582050112 submission_runner.py:357] 226.48s	7810	{'accuracy': 0.6178000569343567, 'loss': 1.0911935567855835}
I0413 19:53:57.589199 140359582050112 submission_runner.py:357] 249.11s	8591	{'accuracy': 0.6363000273704529, 'loss': 1.029022455215454}
I0413 19:54:19.940338 140359582050112 submission_runner.py:357] 271.50s	9372	{'accuracy': 0.6401000022888184, 'loss': 1.0296179056167603}
I0413 19:54:42.413581 140359582050112 submission_runner.py:357] 294.01s	10153	{'accuracy': 0.6591000556945801, 'loss': 0.9669436812400818}
I0413 19:55:04.658120 140359582050112 submission_runner.py:357] 316.23s	10934	{'accuracy': 0.6657000184059143, 'loss': 0.9362537264823914}
I0413 19:55:26.838323 140359582050112 submission_runner.py:357] 338.39s	11715	{'accuracy': 0.6787000298500061, 'loss': 0.9167152643203735}
I0413 19:55:48.923355 140359582050112 submission_runner.py:357] 360.53s	12496	{'accuracy': 0.6877000331878662, 'loss': 0.8903185129165649}
I0413 19:56:10.922509 140359582050112 submission_runner.py:357] 382.50s	13277	{'accuracy': 0.6998000144958496, 'loss': 0.8534006476402283}
I0413 19:56:33.471267 140359582050112 submission_runner.py:357] 404.51s	14058	{'accuracy': 0.6961000561714172, 'loss': 0.8673598766326904}
I0413 19:56:54.806365 140359582050112 submission_runner.py:357] 426.58s	14839	{'accuracy': 0.7117000222206116, 'loss': 0.8239956498146057}
I0413 19:57:17.152936 140359582050112 submission_runner.py:357] 448.69s	15620	{'accuracy': 0.7083000540733337, 'loss': 0.8281122446060181}
I0413 19:57:39.625719 140359582050112 submission_runner.py:357] 471.29s	16401	{'accuracy': 0.7134000062942505, 'loss': 0.8257424235343933}
I0413 19:58:02.088781 140359582050112 submission_runner.py:357] 493.67s	17182	{'accuracy': 0.7140000462532043, 'loss': 0.8167557716369629}
I0413 19:58:24.269806 140359582050112 submission_runner.py:357] 515.81s	17963	{'accuracy': 0.7247000336647034, 'loss': 0.7871271371841431}
I0413 19:58:46.320680 140359582050112 submission_runner.py:357] 537.95s	18744	{'accuracy': 0.7398000359535217, 'loss': 0.753880500793457}
I0413 19:59:08.214229 140359582050112 submission_runner.py:357] 560.06s	19525	{'accuracy': 0.7348000407218933, 'loss': 0.7621296048164368}
I0413 19:59:30.549026 140359582050112 submission_runner.py:357] 581.50s	20306	{'accuracy': 0.7416000366210938, 'loss': 0.747397780418396}
I0413 19:59:53.205466 140359582050112 submission_runner.py:357] 604.64s	21087	{'accuracy': 0.7369000315666199, 'loss': 0.7615106701850891}
I0413 20:00:15.255369 140359582050112 submission_runner.py:357] 626.81s	21868	{'accuracy': 0.7396000623703003, 'loss': 0.754233717918396}
I0413 20:00:37.792913 140359582050112 submission_runner.py:357] 649.38s	22649	{'accuracy': 0.7514000535011292, 'loss': 0.7117656469345093}
I0413 20:00:59.842672 140359582050112 submission_runner.py:357] 671.53s	23430	{'accuracy': 0.7510000467300415, 'loss': 0.7084441781044006}
I0413 20:01:22.142033 140359582050112 submission_runner.py:357] 693.70s	24211	{'accuracy': 0.7612000107765198, 'loss': 0.6862747669219971}
I0413 20:01:44.292944 140359582050112 submission_runner.py:357] 715.93s	24992	{'accuracy': 0.754300057888031, 'loss': 0.7032160758972168}
I0413 20:02:06.392991 140359582050112 submission_runner.py:357] 738.00s	25773	{'accuracy': 0.7631000280380249, 'loss': 0.6811046004295349}
I0413 20:02:27.990922 140359582050112 submission_runner.py:357] 759.61s	26554	{'accuracy': 0.7684000134468079, 'loss': 0.6809831261634827}
I0413 20:02:50.499409 140359582050112 submission_runner.py:357] 781.52s	27335	{'accuracy': 0.754800021648407, 'loss': 0.7150583267211914}
I0413 20:03:13.172722 140359582050112 submission_runner.py:357] 804.70s	28116	{'accuracy': 0.7718000411987305, 'loss': 0.6628219485282898}
I0413 20:03:35.761145 140359582050112 submission_runner.py:357] 827.31s	28897	{'accuracy': 0.7712000608444214, 'loss': 0.6613070964813232}
I0413 20:03:58.204817 140359582050112 submission_runner.py:357] 849.75s	29678	{'accuracy': 0.7762000560760498, 'loss': 0.6530348658561707}
I0413 20:04:19.672813 140359582050112 submission_runner.py:357] 871.27s	30459	{'accuracy': 0.7779000401496887, 'loss': 0.6395403146743774}
I0413 20:04:41.824088 140359582050112 submission_runner.py:357] 893.56s	31240	{'accuracy': 0.7764000296592712, 'loss': 0.6409887075424194}
I0413 20:05:03.327226 140359582050112 submission_runner.py:357] 915.14s	32021	{'accuracy': 0.7763000130653381, 'loss': 0.6371772885322571}
I0413 20:05:25.512681 140359582050112 submission_runner.py:357] 936.94s	32802	{'accuracy': 0.7896000146865845, 'loss': 0.6145670413970947}
I0413 20:05:47.690818 140359582050112 submission_runner.py:357] 958.77s	33583	{'accuracy': 0.7865000367164612, 'loss': 0.6178088784217834}
I0413 20:06:09.821867 140359582050112 submission_runner.py:357] 981.35s	34364	{'accuracy': 0.7848000526428223, 'loss': 0.6193539500236511}
I0413 20:06:32.418300 140359582050112 submission_runner.py:357] 1003.93s	35145	{'accuracy': 0.7892000079154968, 'loss': 0.6067661643028259}
I0413 20:06:54.776108 140359582050112 submission_runner.py:357] 1026.35s	35926	{'accuracy': 0.7898000478744507, 'loss': 0.6037200093269348}
I0413 20:07:16.954910 140359582050112 submission_runner.py:357] 1048.46s	36707	{'accuracy': 0.7887000441551208, 'loss': 0.6104847192764282}
I0413 20:07:38.851604 140359582050112 submission_runner.py:357] 1070.41s	37488	{'accuracy': 0.7908000349998474, 'loss': 0.6089231967926025}
I0413 20:08:00.751580 140359582050112 submission_runner.py:357] 1092.49s	38269	{'accuracy': 0.7926000356674194, 'loss': 0.6021780967712402}
I0413 20:08:22.559757 140359582050112 submission_runner.py:357] 1114.02s	39050	{'accuracy': 0.7981000542640686, 'loss': 0.5868252515792847}
I0413 20:08:44.752932 140359582050112 submission_runner.py:357] 1136.27s	39831	{'accuracy': 0.794700026512146, 'loss': 0.5861982703208923}
I0413 20:09:07.293063 140359582050112 submission_runner.py:357] 1158.35s	40612	{'accuracy': 0.7988000512123108, 'loss': 0.5825321078300476}
I0413 20:09:29.910974 140359582050112 submission_runner.py:357] 1181.39s	41393	{'accuracy': 0.7978000640869141, 'loss': 0.5795711874961853}
I0413 20:09:52.321289 140359582050112 submission_runner.py:357] 1203.92s	42174	{'accuracy': 0.7985000610351562, 'loss': 0.5768988728523254}
I0413 20:10:14.679343 140359582050112 submission_runner.py:357] 1226.27s	42955	{'accuracy': 0.7991000413894653, 'loss': 0.579491138458252}
I0413 20:10:37.023561 140359582050112 submission_runner.py:357] 1248.63s	43736	{'accuracy': 0.7984000444412231, 'loss': 0.5755404233932495}
I0413 20:10:59.077024 140359582050112 submission_runner.py:357] 1270.71s	44517	{'accuracy': 0.8010000586509705, 'loss': 0.5740858912467957}
I0413 20:11:21.220102 140359582050112 submission_runner.py:357] 1292.87s	45298	{'accuracy': 0.8063000440597534, 'loss': 0.562092125415802}
I0413 20:11:43.308179 140359582050112 submission_runner.py:357] 1315.00s	46079	{'accuracy': 0.8012000322341919, 'loss': 0.5752162337303162}
I0413 20:12:05.790634 140359582050112 submission_runner.py:357] 1336.87s	46860	{'accuracy': 0.8048000335693359, 'loss': 0.575437605381012}
I0413 20:12:28.484787 140359582050112 submission_runner.py:357] 1359.95s	47641	{'accuracy': 0.8047000169754028, 'loss': 0.565010666847229}
I0413 20:12:50.272055 140359582050112 submission_runner.py:357] 1381.85s	48422	{'accuracy': 0.8092000484466553, 'loss': 0.5541616678237915}
I0413 20:13:12.291574 140359582050112 submission_runner.py:357] 1403.83s	49203	{'accuracy': 0.8098000288009644, 'loss': 0.5537498593330383}
I0413 20:13:34.439692 140359582050112 submission_runner.py:357] 1426.26s	49984	{'accuracy': 0.8079000115394592, 'loss': 0.5537546873092651}
I0413 20:13:56.151625 140359582050112 submission_runner.py:357] 1447.90s	50765	{'accuracy': 0.8103000521659851, 'loss': 0.561859667301178}
I0413 20:14:18.347694 140359582050112 submission_runner.py:357] 1470.01s	51546	{'accuracy': 0.8128000497817993, 'loss': 0.5521146059036255}
I0413 20:14:40.226030 140359582050112 submission_runner.py:357] 1491.85s	52327	{'accuracy': 0.8086000680923462, 'loss': 0.5479170680046082}
I0413 20:15:02.126243 140359582050112 submission_runner.py:357] 1513.74s	53108	{'accuracy': 0.8136000633239746, 'loss': 0.5535172820091248}
I0413 20:15:24.785577 140359582050112 submission_runner.py:357] 1535.75s	53889	{'accuracy': 0.8100000619888306, 'loss': 0.5588484406471252}
I0413 20:15:47.023996 140359582050112 submission_runner.py:357] 1558.74s	54670	{'accuracy': 0.8103000521659851, 'loss': 0.5575627684593201}
I0413 20:16:09.479994 140359582050112 submission_runner.py:357] 1581.05s	55451	{'accuracy': 0.8051000237464905, 'loss': 0.5680521726608276}
I0413 20:16:32.031526 140359582050112 submission_runner.py:357] 1603.61s	56232	{'accuracy': 0.8145000338554382, 'loss': 0.5466597676277161}
I0413 20:16:54.285569 140359582050112 submission_runner.py:357] 1625.87s	57013	{'accuracy': 0.8141000270843506, 'loss': 0.5292498469352722}
I0413 20:17:16.448944 140359582050112 submission_runner.py:357] 1647.98s	57794	{'accuracy': 0.8194000124931335, 'loss': 0.5288094282150269}
I0413 20:17:38.707668 140359582050112 submission_runner.py:357] 1670.33s	58575	{'accuracy': 0.8224000334739685, 'loss': 0.5241150856018066}
I0413 20:18:00.606863 140359582050112 submission_runner.py:357] 1692.28s	59356	{'accuracy': 0.8121000528335571, 'loss': 0.5448784232139587}
I0413 20:18:22.649334 140359582050112 submission_runner.py:357] 1713.99s	60137	{'accuracy': 0.8252000212669373, 'loss': 0.5138047337532043}
I0413 20:18:45.195581 140359582050112 submission_runner.py:357] 1736.73s	60918	{'accuracy': 0.8152000308036804, 'loss': 0.5324522256851196}
I0413 20:19:07.652206 140359582050112 submission_runner.py:357] 1759.23s	61699	{'accuracy': 0.8200000524520874, 'loss': 0.5335618257522583}
I0413 20:19:29.839560 140359582050112 submission_runner.py:357] 1781.35s	62480	{'accuracy': 0.8208000659942627, 'loss': 0.5233302116394043}
I0413 20:19:52.136933 140359582050112 submission_runner.py:357] 1803.75s	63261	{'accuracy': 0.8196000456809998, 'loss': 0.5285652875900269}
I0413 20:20:13.456005 140359582050112 submission_runner.py:357] 1825.31s	64042	{'accuracy': 0.8252000212669373, 'loss': 0.5179846882820129}
I0413 20:20:34.959521 140359582050112 submission_runner.py:357] 1846.90s	64823	{'accuracy': 0.8281000256538391, 'loss': 0.5074102878570557}
I0413 20:20:56.918876 140359582050112 submission_runner.py:357] 1868.61s	65604	{'accuracy': 0.8184000253677368, 'loss': 0.5373262166976929}
I0413 20:21:18.949630 140359582050112 submission_runner.py:357] 1890.45s	66385	{'accuracy': 0.8203000426292419, 'loss': 0.5229572653770447}
I0413 20:21:41.527341 140359582050112 submission_runner.py:357] 1912.60s	67166	{'accuracy': 0.8216000199317932, 'loss': 0.5228644013404846}
I0413 20:22:03.459560 140359582050112 submission_runner.py:357] 1935.22s	67947	{'accuracy': 0.8265000581741333, 'loss': 0.5159047842025757}
I0413 20:22:25.305144 140359582050112 submission_runner.py:357] 1957.14s	68728	{'accuracy': 0.8240000605583191, 'loss': 0.5213942527770996}
I0413 20:22:47.603920 140359582050112 submission_runner.py:357] 1979.21s	69509	{'accuracy': 0.8223000168800354, 'loss': 0.5271525979042053}
I0413 20:23:09.878007 140359582050112 submission_runner.py:357] 2001.46s	70290	{'accuracy': 0.8308000564575195, 'loss': 0.5076156258583069}
I0413 20:23:31.013058 140359582050112 submission_runner.py:357] 2022.86s	71071	{'accuracy': 0.8251000642776489, 'loss': 0.5016971826553345}
I0413 20:23:52.310794 140359582050112 submission_runner.py:357] 2044.17s	71852	{'accuracy': 0.8243000507354736, 'loss': 0.519497811794281}
I0413 20:24:13.173613 140359582050112 submission_runner.py:357] 2064.92s	72633	{'accuracy': 0.8219000101089478, 'loss': 0.5292144417762756}
I0413 20:24:35.821050 140359582050112 submission_runner.py:357] 2086.89s	73414	{'accuracy': 0.826900064945221, 'loss': 0.5074129700660706}
I0413 20:24:58.199232 140359582050112 submission_runner.py:357] 2109.74s	74195	{'accuracy': 0.825700044631958, 'loss': 0.5202795267105103}
I0413 20:25:20.808901 140359582050112 submission_runner.py:357] 2132.28s	74976	{'accuracy': 0.8307000398635864, 'loss': 0.5072954297065735}
I0413 20:25:42.971693 140359582050112 submission_runner.py:357] 2154.77s	75757	{'accuracy': 0.8234000205993652, 'loss': 0.5138353109359741}
I0413 20:26:04.279811 140359582050112 submission_runner.py:357] 2175.85s	76538	{'accuracy': 0.83160001039505, 'loss': 0.5003703236579895}
I0413 20:26:26.528689 140359582050112 submission_runner.py:357] 2198.04s	77319	{'accuracy': 0.8233000636100769, 'loss': 0.5170391201972961}
I0413 20:26:48.672573 140359582050112 submission_runner.py:357] 2220.32s	78100	{'accuracy': 0.8303000330924988, 'loss': 0.49591946601867676}
I0413 20:27:10.702330 140359582050112 submission_runner.py:357] 2242.33s	78881	{'accuracy': 0.8303000330924988, 'loss': 0.4936065077781677}
W0413 20:27:10.703770 140359582050112 early_stopping.py:90] Early stop due to exceeding max steps.
I0413 20:27:11.429806 140359582050112 submission_runner.py:455] --- Tuning run 4/5 ---
I0413 20:27:16.690753 140359582050112 submission_runner.py:357] 0.34s	0	{'accuracy': 0.09940000623464584, 'loss': 2.308411121368408}
I0413 20:27:44.725600 140359582050112 submission_runner.py:357] 28.77s	781	{'accuracy': 0.25130000710487366, 'loss': 2.1243205070495605}
I0413 20:28:07.122299 140359582050112 submission_runner.py:357] 51.07s	1562	{'accuracy': 0.3221000134944916, 'loss': 1.8280506134033203}
I0413 20:28:29.834377 140359582050112 submission_runner.py:357] 73.59s	2343	{'accuracy': 0.40150001645088196, 'loss': 1.6396697759628296}
I0413 20:28:52.130736 140359582050112 submission_runner.py:357] 96.12s	3124	{'accuracy': 0.4499000310897827, 'loss': 1.5193347930908203}
I0413 20:29:14.300711 140359582050112 submission_runner.py:357] 118.33s	3905	{'accuracy': 0.4853000342845917, 'loss': 1.4474366903305054}
I0413 20:29:35.560425 140359582050112 submission_runner.py:357] 139.79s	4686	{'accuracy': 0.5387000441551208, 'loss': 1.299019455909729}
I0413 20:29:57.460171 140359582050112 submission_runner.py:357] 161.47s	5467	{'accuracy': 0.5615000128746033, 'loss': 1.2250657081604004}
I0413 20:30:19.419350 140359582050112 submission_runner.py:357] 183.38s	6248	{'accuracy': 0.5845000147819519, 'loss': 1.1713557243347168}
I0413 20:30:41.836182 140359582050112 submission_runner.py:357] 205.27s	7029	{'accuracy': 0.6070000529289246, 'loss': 1.1058933734893799}
I0413 20:31:04.354956 140359582050112 submission_runner.py:357] 228.23s	7810	{'accuracy': 0.6265000104904175, 'loss': 1.0620834827423096}
I0413 20:31:27.075571 140359582050112 submission_runner.py:357] 250.85s	8591	{'accuracy': 0.6442000269889832, 'loss': 1.0138100385665894}
I0413 20:31:49.467335 140359582050112 submission_runner.py:357] 273.43s	9372	{'accuracy': 0.6561000347137451, 'loss': 0.9839452505111694}
I0413 20:32:11.578416 140359582050112 submission_runner.py:357] 295.49s	10153	{'accuracy': 0.6666000485420227, 'loss': 0.9471866488456726}
I0413 20:32:33.733554 140359582050112 submission_runner.py:357] 317.76s	10934	{'accuracy': 0.680400013923645, 'loss': 0.905761182308197}
I0413 20:32:54.502781 140359582050112 submission_runner.py:357] 338.76s	11715	{'accuracy': 0.6879000067710876, 'loss': 0.8985599875450134}
I0413 20:33:16.376359 140359582050112 submission_runner.py:357] 360.37s	12496	{'accuracy': 0.6952000260353088, 'loss': 0.8674719333648682}
I0413 20:33:39.135586 140359582050112 submission_runner.py:357] 382.63s	13277	{'accuracy': 0.6987000107765198, 'loss': 0.8701507449150085}
I0413 20:34:01.508846 140359582050112 submission_runner.py:357] 405.43s	14058	{'accuracy': 0.707800030708313, 'loss': 0.83388751745224}
I0413 20:34:23.283233 140359582050112 submission_runner.py:357] 427.49s	14839	{'accuracy': 0.7092000246047974, 'loss': 0.8386330604553223}
I0413 20:34:44.788316 140359582050112 submission_runner.py:357] 448.72s	15620	{'accuracy': 0.714400053024292, 'loss': 0.8154004216194153}
I0413 20:35:07.061006 140359582050112 submission_runner.py:357] 471.05s	16401	{'accuracy': 0.7176000475883484, 'loss': 0.8067504167556763}
I0413 20:35:29.542994 140359582050112 submission_runner.py:357] 493.38s	17182	{'accuracy': 0.7260000109672546, 'loss': 0.7767342925071716}
I0413 20:35:50.856734 140359582050112 submission_runner.py:357] 514.64s	17963	{'accuracy': 0.7287000417709351, 'loss': 0.768074095249176}
I0413 20:36:12.903328 140359582050112 submission_runner.py:357] 536.89s	18744	{'accuracy': 0.7371000647544861, 'loss': 0.7451652884483337}
I0413 20:36:35.047655 140359582050112 submission_runner.py:357] 559.08s	19525	{'accuracy': 0.7397000193595886, 'loss': 0.7343445420265198}
I0413 20:36:57.382977 140359582050112 submission_runner.py:357] 580.96s	20306	{'accuracy': 0.7405000329017639, 'loss': 0.7336913347244263}
I0413 20:37:20.029692 140359582050112 submission_runner.py:357] 603.95s	21087	{'accuracy': 0.7435000538825989, 'loss': 0.738326370716095}
I0413 20:37:42.364767 140359582050112 submission_runner.py:357] 626.25s	21868	{'accuracy': 0.742900013923645, 'loss': 0.7396200299263}
I0413 20:38:04.854650 140359582050112 submission_runner.py:357] 648.96s	22649	{'accuracy': 0.7469000220298767, 'loss': 0.7179017663002014}
I0413 20:38:25.794899 140359582050112 submission_runner.py:357] 670.02s	23430	{'accuracy': 0.7512000203132629, 'loss': 0.7102370858192444}
I0413 20:38:48.100806 140359582050112 submission_runner.py:357] 692.09s	24211	{'accuracy': 0.7489000558853149, 'loss': 0.7121375203132629}
I0413 20:39:09.819669 140359582050112 submission_runner.py:357] 713.85s	24992	{'accuracy': 0.7594000101089478, 'loss': 0.675686240196228}
I0413 20:39:32.050677 140359582050112 submission_runner.py:357] 736.04s	25773	{'accuracy': 0.7675000429153442, 'loss': 0.670028567314148}
I0413 20:39:54.478433 140359582050112 submission_runner.py:357] 758.03s	26554	{'accuracy': 0.7704000473022461, 'loss': 0.6692724227905273}
I0413 20:40:16.734554 140359582050112 submission_runner.py:357] 780.85s	27335	{'accuracy': 0.7676000595092773, 'loss': 0.6630695462226868}
I0413 20:40:39.520132 140359582050112 submission_runner.py:357] 803.34s	28116	{'accuracy': 0.7609000205993652, 'loss': 0.6814581155776978}
I0413 20:41:01.881295 140359582050112 submission_runner.py:357] 825.84s	28897	{'accuracy': 0.7747000455856323, 'loss': 0.6379685997962952}
I0413 20:41:24.157818 140359582050112 submission_runner.py:357] 848.07s	29678	{'accuracy': 0.777400016784668, 'loss': 0.6395112872123718}
I0413 20:41:46.526273 140359582050112 submission_runner.py:357] 870.55s	30459	{'accuracy': 0.7801000475883484, 'loss': 0.6412490606307983}
I0413 20:42:08.585314 140359582050112 submission_runner.py:357] 892.58s	31240	{'accuracy': 0.7758000493049622, 'loss': 0.6446200609207153}
I0413 20:42:29.670803 140359582050112 submission_runner.py:357] 913.87s	32021	{'accuracy': 0.7834000587463379, 'loss': 0.6191982626914978}
I0413 20:42:51.705256 140359582050112 submission_runner.py:357] 935.68s	32802	{'accuracy': 0.7790000438690186, 'loss': 0.6296822428703308}
I0413 20:43:14.252851 140359582050112 submission_runner.py:357] 957.67s	33583	{'accuracy': 0.778700053691864, 'loss': 0.6296038031578064}
I0413 20:43:36.964947 140359582050112 submission_runner.py:357] 980.82s	34364	{'accuracy': 0.7821000218391418, 'loss': 0.6152656674385071}
I0413 20:43:58.133161 140359582050112 submission_runner.py:357] 1002.31s	35145	{'accuracy': 0.7892000079154968, 'loss': 0.6060099601745605}
I0413 20:44:19.253260 140359582050112 submission_runner.py:357] 1023.39s	35926	{'accuracy': 0.7830000519752502, 'loss': 0.6061958074569702}
I0413 20:44:41.572684 140359582050112 submission_runner.py:357] 1045.83s	36707	{'accuracy': 0.7899000644683838, 'loss': 0.5995470881462097}
I0413 20:45:03.350633 140359582050112 submission_runner.py:357] 1067.38s	37488	{'accuracy': 0.7945000529289246, 'loss': 0.591697096824646}
I0413 20:45:25.862183 140359582050112 submission_runner.py:357] 1089.78s	38269	{'accuracy': 0.7941000461578369, 'loss': 0.5852553844451904}
I0413 20:45:47.317132 140359582050112 submission_runner.py:357] 1111.60s	39050	{'accuracy': 0.791100025177002, 'loss': 0.6034556031227112}
I0413 20:46:09.727102 140359582050112 submission_runner.py:357] 1133.26s	39831	{'accuracy': 0.7981000542640686, 'loss': 0.5796988606452942}
I0413 20:46:32.519965 140359582050112 submission_runner.py:357] 1156.39s	40612	{'accuracy': 0.8005000352859497, 'loss': 0.5722472667694092}
I0413 20:46:55.179271 140359582050112 submission_runner.py:357] 1179.08s	41393	{'accuracy': 0.7927000522613525, 'loss': 0.5905343890190125}
I0413 20:47:17.510028 140359582050112 submission_runner.py:357] 1201.48s	42174	{'accuracy': 0.7955000400543213, 'loss': 0.5795955061912537}
I0413 20:47:40.034942 140359582050112 submission_runner.py:357] 1224.00s	42955	{'accuracy': 0.8005000352859497, 'loss': 0.575316846370697}
I0413 20:48:02.372424 140359582050112 submission_runner.py:357] 1246.35s	43736	{'accuracy': 0.7957000136375427, 'loss': 0.5844190716743469}
I0413 20:48:24.607402 140359582050112 submission_runner.py:357] 1268.56s	44517	{'accuracy': 0.8040000200271606, 'loss': 0.5528478026390076}
I0413 20:48:45.433391 140359582050112 submission_runner.py:357] 1289.44s	45298	{'accuracy': 0.8071000576019287, 'loss': 0.5565822124481201}
I0413 20:49:07.247360 140359582050112 submission_runner.py:357] 1311.30s	46079	{'accuracy': 0.8030000329017639, 'loss': 0.561396598815918}
I0413 20:49:29.838299 140359582050112 submission_runner.py:357] 1333.26s	46860	{'accuracy': 0.7985000610351562, 'loss': 0.5731084942817688}
I0413 20:49:52.409405 140359582050112 submission_runner.py:357] 1356.30s	47641	{'accuracy': 0.803100049495697, 'loss': 0.5619094371795654}
I0413 20:50:15.058058 140359582050112 submission_runner.py:357] 1378.99s	48422	{'accuracy': 0.8038000464439392, 'loss': 0.5755395889282227}
I0413 20:50:37.567510 140359582050112 submission_runner.py:357] 1401.55s	49203	{'accuracy': 0.8093000650405884, 'loss': 0.5543495416641235}
I0413 20:51:00.140861 140359582050112 submission_runner.py:357] 1424.09s	49984	{'accuracy': 0.8134000301361084, 'loss': 0.5381060242652893}
I0413 20:51:22.380599 140359582050112 submission_runner.py:357] 1446.30s	50765	{'accuracy': 0.8087000250816345, 'loss': 0.5516209006309509}
I0413 20:51:44.274931 140359582050112 submission_runner.py:357] 1468.29s	51546	{'accuracy': 0.8089000582695007, 'loss': 0.551161527633667}
I0413 20:52:06.386886 140359582050112 submission_runner.py:357] 1490.36s	52327	{'accuracy': 0.8078000545501709, 'loss': 0.5527759790420532}
I0413 20:52:28.876705 140359582050112 submission_runner.py:357] 1512.33s	53108	{'accuracy': 0.8141000270843506, 'loss': 0.5450927019119263}
I0413 20:52:51.373224 140359582050112 submission_runner.py:357] 1535.27s	53889	{'accuracy': 0.8137000203132629, 'loss': 0.537811279296875}
I0413 20:53:13.818904 140359582050112 submission_runner.py:357] 1557.73s	54670	{'accuracy': 0.8131000399589539, 'loss': 0.5341495275497437}
I0413 20:53:36.338302 140359582050112 submission_runner.py:357] 1580.31s	55451	{'accuracy': 0.8144000172615051, 'loss': 0.5334775447845459}
I0413 20:53:57.991754 140359582050112 submission_runner.py:357] 1602.25s	56232	{'accuracy': 0.8114000558853149, 'loss': 0.5384767055511475}
I0413 20:54:19.966065 140359582050112 submission_runner.py:357] 1623.96s	57013	{'accuracy': 0.8046000599861145, 'loss': 0.5742281079292297}
I0413 20:54:42.162658 140359582050112 submission_runner.py:357] 1646.17s	57794	{'accuracy': 0.8215000629425049, 'loss': 0.5157599449157715}
I0413 20:55:04.190296 140359582050112 submission_runner.py:357] 1668.22s	58575	{'accuracy': 0.8170000314712524, 'loss': 0.5290403366088867}
I0413 20:55:26.206711 140359582050112 submission_runner.py:357] 1690.12s	59356	{'accuracy': 0.8158000111579895, 'loss': 0.5256115794181824}
I0413 20:55:48.326088 140359582050112 submission_runner.py:357] 1712.01s	60137	{'accuracy': 0.8217000365257263, 'loss': 0.517952561378479}
I0413 20:56:10.101447 140359582050112 submission_runner.py:357] 1734.03s	60918	{'accuracy': 0.8163000345230103, 'loss': 0.5378628373146057}
I0413 20:56:32.112433 140359582050112 submission_runner.py:357] 1756.02s	61699	{'accuracy': 0.8251000642776489, 'loss': 0.517125129699707}
I0413 20:56:54.481678 140359582050112 submission_runner.py:357] 1778.39s	62480	{'accuracy': 0.8188000321388245, 'loss': 0.5261644721031189}
I0413 20:57:16.745895 140359582050112 submission_runner.py:357] 1800.75s	63261	{'accuracy': 0.8259000182151794, 'loss': 0.49926653504371643}
I0413 20:57:39.129677 140359582050112 submission_runner.py:357] 1823.11s	64042	{'accuracy': 0.820900022983551, 'loss': 0.5154626369476318}
I0413 20:58:01.266490 140359582050112 submission_runner.py:357] 1845.28s	64823	{'accuracy': 0.8116000294685364, 'loss': 0.5472581386566162}
I0413 20:58:23.170699 140359582050112 submission_runner.py:357] 1867.17s	65604	{'accuracy': 0.8250000476837158, 'loss': 0.5166539549827576}
I0413 20:58:44.267013 140359582050112 submission_runner.py:357] 1888.02s	66385	{'accuracy': 0.8254000544548035, 'loss': 0.5041291117668152}
I0413 20:59:06.201054 140359582050112 submission_runner.py:357] 1910.13s	67166	{'accuracy': 0.8260000348091125, 'loss': 0.5056601166725159}
I0413 20:59:28.736733 140359582050112 submission_runner.py:357] 1932.59s	67947	{'accuracy': 0.8205000162124634, 'loss': 0.5300708413124084}
I0413 20:59:53.957972 140359582050112 submission_runner.py:357] 1957.47s	68728	{'accuracy': 0.8256000280380249, 'loss': 0.5162613391876221}
I0413 21:00:17.990721 140359582050112 submission_runner.py:357] 1981.71s	69509	{'accuracy': 0.8222000598907471, 'loss': 0.523690402507782}
I0413 21:00:39.920859 140359582050112 submission_runner.py:357] 2003.85s	70290	{'accuracy': 0.8210000395774841, 'loss': 0.5129631757736206}
I0413 21:01:02.944751 140359582050112 submission_runner.py:357] 2026.54s	71071	{'accuracy': 0.8190000653266907, 'loss': 0.5248689651489258}
I0413 21:01:27.636136 140359582050112 submission_runner.py:357] 2051.27s	71852	{'accuracy': 0.8295000195503235, 'loss': 0.5008484125137329}
I0413 21:01:51.360434 140359582050112 submission_runner.py:357] 2074.95s	72633	{'accuracy': 0.8184000253677368, 'loss': 0.5267661809921265}
I0413 21:02:15.369243 140359582050112 submission_runner.py:357] 2098.76s	73414	{'accuracy': 0.8216000199317932, 'loss': 0.5181757807731628}
I0413 21:02:39.063237 140359582050112 submission_runner.py:357] 2122.56s	74195	{'accuracy': 0.8246000409126282, 'loss': 0.5194143056869507}
I0413 21:03:03.506894 140359582050112 submission_runner.py:357] 2147.37s	74976	{'accuracy': 0.8225000500679016, 'loss': 0.5141046047210693}
I0413 21:03:26.226227 140359582050112 submission_runner.py:357] 2170.08s	75757	{'accuracy': 0.8279000520706177, 'loss': 0.49869680404663086}
I0413 21:03:49.527052 140359582050112 submission_runner.py:357] 2193.51s	76538	{'accuracy': 0.8329000473022461, 'loss': 0.493799090385437}
I0413 21:04:11.682238 140359582050112 submission_runner.py:357] 2215.58s	77319	{'accuracy': 0.8254000544548035, 'loss': 0.5045176148414612}
I0413 21:04:34.951732 140359582050112 submission_runner.py:357] 2238.97s	78100	{'accuracy': 0.829800009727478, 'loss': 0.5017362236976624}
I0413 21:04:57.834579 140359582050112 submission_runner.py:357] 2261.46s	78881	{'accuracy': 0.8283000588417053, 'loss': 0.49852657318115234}
W0413 21:04:57.835660 140359582050112 early_stopping.py:90] Early stop due to exceeding max steps.
I0413 21:04:58.649122 140359582050112 submission_runner.py:455] --- Tuning run 5/5 ---
I0413 21:05:03.553856 140359582050112 submission_runner.py:357] 0.34s	0	{'accuracy': 0.10910000652074814, 'loss': 2.3045403957366943}
I0413 21:05:33.151697 140359582050112 submission_runner.py:357] 29.22s	781	{'accuracy': 0.21770000457763672, 'loss': 2.199692487716675}
I0413 21:05:56.618042 140359582050112 submission_runner.py:357] 53.30s	1562	{'accuracy': 0.3279000222682953, 'loss': 1.8207621574401855}
I0413 21:06:20.851969 140359582050112 submission_runner.py:357] 77.22s	2343	{'accuracy': 0.3866000175476074, 'loss': 1.6808527708053589}
I0413 21:06:42.258896 140359582050112 submission_runner.py:357] 98.88s	3124	{'accuracy': 0.43700000643730164, 'loss': 1.580538272857666}
I0413 21:07:06.053357 140359582050112 submission_runner.py:357] 122.32s	3905	{'accuracy': 0.47780001163482666, 'loss': 1.4551292657852173}
I0413 21:07:29.925789 140359582050112 submission_runner.py:357] 146.28s	4686	{'accuracy': 0.527999997138977, 'loss': 1.3398709297180176}
I0413 21:07:53.499134 140359582050112 submission_runner.py:357] 170.16s	5467	{'accuracy': 0.5562000274658203, 'loss': 1.2615622282028198}
I0413 21:08:17.339714 140359582050112 submission_runner.py:357] 194.03s	6248	{'accuracy': 0.5761000514030457, 'loss': 1.1944383382797241}
I0413 21:08:41.431890 140359582050112 submission_runner.py:357] 217.61s	7029	{'accuracy': 0.6093000173568726, 'loss': 1.1175577640533447}
I0413 21:09:05.876130 140359582050112 submission_runner.py:357] 242.25s	7810	{'accuracy': 0.6340000033378601, 'loss': 1.0581668615341187}
I0413 21:09:28.707161 140359582050112 submission_runner.py:357] 265.34s	8591	{'accuracy': 0.638200044631958, 'loss': 1.02364981174469}
I0413 21:09:52.124804 140359582050112 submission_runner.py:357] 288.28s	9372	{'accuracy': 0.6494000554084778, 'loss': 1.0001996755599976}
I0413 21:10:15.824940 140359582050112 submission_runner.py:357] 312.06s	10153	{'accuracy': 0.6633000373840332, 'loss': 0.9684003591537476}
I0413 21:10:39.352740 140359582050112 submission_runner.py:357] 335.74s	10934	{'accuracy': 0.6778000593185425, 'loss': 0.9178371429443359}
I0413 21:11:02.211995 140359582050112 submission_runner.py:357] 358.54s	11715	{'accuracy': 0.6859000325202942, 'loss': 0.9037283658981323}
I0413 21:11:24.946044 140359582050112 submission_runner.py:357] 381.43s	12496	{'accuracy': 0.6926000118255615, 'loss': 0.8809307217597961}
I0413 21:11:47.793528 140359582050112 submission_runner.py:357] 404.30s	13277	{'accuracy': 0.7032000422477722, 'loss': 0.8487727046012878}
I0413 21:12:10.862515 140359582050112 submission_runner.py:357] 427.05s	14058	{'accuracy': 0.713200032711029, 'loss': 0.8375731110572815}
I0413 21:12:33.629293 140359582050112 submission_runner.py:357] 450.29s	14839	{'accuracy': 0.7172000408172607, 'loss': 0.815250813961029}
I0413 21:12:56.983057 140359582050112 submission_runner.py:357] 473.61s	15620	{'accuracy': 0.720300018787384, 'loss': 0.8114004731178284}
I0413 21:13:20.269522 140359582050112 submission_runner.py:357] 496.68s	16401	{'accuracy': 0.7271000146865845, 'loss': 0.7850854396820068}
I0413 21:13:43.737784 140359582050112 submission_runner.py:357] 520.47s	17182	{'accuracy': 0.7324000597000122, 'loss': 0.7715986967086792}
I0413 21:14:07.156482 140359582050112 submission_runner.py:357] 543.56s	17963	{'accuracy': 0.7279000282287598, 'loss': 0.7671357989311218}
I0413 21:14:30.548060 140359582050112 submission_runner.py:357] 567.23s	18744	{'accuracy': 0.7467000484466553, 'loss': 0.7383827567100525}
I0413 21:14:53.347326 140359582050112 submission_runner.py:357] 589.66s	19525	{'accuracy': 0.7481000423431396, 'loss': 0.7298112511634827}
I0413 21:15:16.441742 140359582050112 submission_runner.py:357] 612.66s	20306	{'accuracy': 0.749500036239624, 'loss': 0.7243561148643494}
I0413 21:15:39.327254 140359582050112 submission_runner.py:357] 635.93s	21087	{'accuracy': 0.74590003490448, 'loss': 0.7349610924720764}
I0413 21:16:00.560711 140359582050112 submission_runner.py:357] 657.47s	21868	{'accuracy': 0.7560000419616699, 'loss': 0.7023067474365234}
I0413 21:16:24.249050 140359582050112 submission_runner.py:357] 680.88s	22649	{'accuracy': 0.763200044631958, 'loss': 0.6928926110267639}
I0413 21:16:47.853847 140359582050112 submission_runner.py:357] 704.21s	23430	{'accuracy': 0.7574000358581543, 'loss': 0.7079092264175415}
I0413 21:17:09.371186 140359582050112 submission_runner.py:357] 726.37s	24211	{'accuracy': 0.7570000290870667, 'loss': 0.6992433667182922}
I0413 21:17:32.912773 140359582050112 submission_runner.py:357] 749.33s	24992	{'accuracy': 0.7639000415802002, 'loss': 0.6733525991439819}
I0413 21:17:54.984402 140359582050112 submission_runner.py:357] 771.80s	25773	{'accuracy': 0.7664000391960144, 'loss': 0.6709897518157959}
I0413 21:18:17.019474 140359582050112 submission_runner.py:357] 793.80s	26554	{'accuracy': 0.773300051689148, 'loss': 0.6498018503189087}
I0413 21:18:39.533094 140359582050112 submission_runner.py:357] 815.83s	27335	{'accuracy': 0.7737000584602356, 'loss': 0.6506450176239014}
I0413 21:19:01.934379 140359582050112 submission_runner.py:357] 838.66s	28116	{'accuracy': 0.7780000567436218, 'loss': 0.6334339380264282}
I0413 21:19:24.226426 140359582050112 submission_runner.py:357] 860.81s	28897	{'accuracy': 0.7772000432014465, 'loss': 0.6398735642433167}
I0413 21:19:46.720086 140359582050112 submission_runner.py:357] 883.36s	29678	{'accuracy': 0.7748000621795654, 'loss': 0.6531826257705688}
I0413 21:20:07.580209 140359582050112 submission_runner.py:357] 904.58s	30459	{'accuracy': 0.7811000347137451, 'loss': 0.6388314366340637}
I0413 21:20:29.079642 140359582050112 submission_runner.py:357] 926.01s	31240	{'accuracy': 0.7809000611305237, 'loss': 0.630364179611206}
I0413 21:20:51.093978 140359582050112 submission_runner.py:357] 947.87s	32021	{'accuracy': 0.7863000631332397, 'loss': 0.6192094087600708}
I0413 21:21:12.691259 140359582050112 submission_runner.py:357] 969.73s	32802	{'accuracy': 0.7831000089645386, 'loss': 0.6264559030532837}
I0413 21:21:34.460504 140359582050112 submission_runner.py:357] 990.78s	33583	{'accuracy': 0.781000018119812, 'loss': 0.6290491223335266}
I0413 21:21:56.941941 140359582050112 submission_runner.py:357] 1013.63s	34364	{'accuracy': 0.7878000140190125, 'loss': 0.6136656403541565}
I0413 21:22:19.256659 140359582050112 submission_runner.py:357] 1035.95s	35145	{'accuracy': 0.7905000448226929, 'loss': 0.6055064797401428}
I0413 21:22:41.700600 140359582050112 submission_runner.py:357] 1058.44s	35926	{'accuracy': 0.7857000231742859, 'loss': 0.6072998046875}
I0413 21:23:03.912197 140359582050112 submission_runner.py:357] 1080.67s	36707	{'accuracy': 0.7944000363349915, 'loss': 0.5921019911766052}
I0413 21:23:25.916911 140359582050112 submission_runner.py:357] 1102.58s	37488	{'accuracy': 0.7944000363349915, 'loss': 0.5953728556632996}
I0413 21:23:47.980229 140359582050112 submission_runner.py:357] 1124.78s	38269	{'accuracy': 0.7940000295639038, 'loss': 0.5854586362838745}
I0413 21:24:10.029716 140359582050112 submission_runner.py:357] 1146.73s	39050	{'accuracy': 0.7949000597000122, 'loss': 0.5980064272880554}
I0413 21:24:30.977639 140359582050112 submission_runner.py:357] 1167.98s	39831	{'accuracy': 0.8027000427246094, 'loss': 0.5785398483276367}
I0413 21:24:51.658966 140359582050112 submission_runner.py:357] 1188.23s	40612	{'accuracy': 0.796500027179718, 'loss': 0.5875999331474304}
I0413 21:25:12.486553 140359582050112 submission_runner.py:357] 1209.46s	41393	{'accuracy': 0.794700026512146, 'loss': 0.5904959440231323}
I0413 21:25:34.688315 140359582050112 submission_runner.py:357] 1231.41s	42174	{'accuracy': 0.797700047492981, 'loss': 0.5921725034713745}
I0413 21:25:56.998133 140359582050112 submission_runner.py:357] 1253.73s	42955	{'accuracy': 0.8039000630378723, 'loss': 0.565761923789978}
I0413 21:26:19.163848 140359582050112 submission_runner.py:357] 1275.98s	43736	{'accuracy': 0.8002000451087952, 'loss': 0.5853344798088074}
I0413 21:26:41.504656 140359582050112 submission_runner.py:357] 1298.25s	44517	{'accuracy': 0.8065000176429749, 'loss': 0.560234010219574}
I0413 21:27:04.496508 140359582050112 submission_runner.py:357] 1321.15s	45298	{'accuracy': 0.8015000224113464, 'loss': 0.5699653625488281}
I0413 21:27:26.637294 140359582050112 submission_runner.py:357] 1343.48s	46079	{'accuracy': 0.8070000410079956, 'loss': 0.5572347640991211}
I0413 21:27:50.108778 140359582050112 submission_runner.py:357] 1366.15s	46860	{'accuracy': 0.8075000643730164, 'loss': 0.5529914498329163}
I0413 21:28:13.946696 140359582050112 submission_runner.py:357] 1390.31s	47641	{'accuracy': 0.804900050163269, 'loss': 0.5650539994239807}
I0413 21:28:37.861728 140359582050112 submission_runner.py:357] 1414.39s	48422	{'accuracy': 0.8040000200271606, 'loss': 0.5712177753448486}
I0413 21:29:00.520905 140359582050112 submission_runner.py:357] 1437.29s	49203	{'accuracy': 0.8105000257492065, 'loss': 0.5486023426055908}
I0413 21:29:22.214670 140359582050112 submission_runner.py:357] 1458.98s	49984	{'accuracy': 0.8097000122070312, 'loss': 0.5496299862861633}
I0413 21:29:44.626827 140359582050112 submission_runner.py:357] 1481.46s	50765	{'accuracy': 0.8115000128746033, 'loss': 0.5470976829528809}
I0413 21:30:07.444281 140359582050112 submission_runner.py:357] 1504.18s	51546	{'accuracy': 0.8139000535011292, 'loss': 0.5394353866577148}
I0413 21:30:29.331850 140359582050112 submission_runner.py:357] 1526.12s	52327	{'accuracy': 0.8104000091552734, 'loss': 0.5495890974998474}
I0413 21:30:52.427837 140359582050112 submission_runner.py:357] 1549.29s	53108	{'accuracy': 0.8110000491142273, 'loss': 0.5438632965087891}
I0413 21:31:15.463915 140359582050112 submission_runner.py:357] 1571.51s	53889	{'accuracy': 0.8159000277519226, 'loss': 0.5335144996643066}
I0413 21:31:39.583823 140359582050112 submission_runner.py:357] 1596.13s	54670	{'accuracy': 0.8141000270843506, 'loss': 0.5398001074790955}
I0413 21:32:02.357279 140359582050112 submission_runner.py:357] 1619.06s	55451	{'accuracy': 0.8149000406265259, 'loss': 0.5362710356712341}
I0413 21:32:23.927185 140359582050112 submission_runner.py:357] 1640.81s	56232	{'accuracy': 0.815000057220459, 'loss': 0.5369479656219482}
I0413 21:32:45.731451 140359582050112 submission_runner.py:357] 1662.79s	57013	{'accuracy': 0.8189000487327576, 'loss': 0.5257110595703125}
I0413 21:33:07.184103 140359582050112 submission_runner.py:357] 1683.93s	57794	{'accuracy': 0.8176000118255615, 'loss': 0.5272932648658752}
I0413 21:33:30.641228 140359582050112 submission_runner.py:357] 1707.11s	58575	{'accuracy': 0.8228000402450562, 'loss': 0.5182902216911316}
I0413 21:33:54.305627 140359582050112 submission_runner.py:357] 1730.93s	59356	{'accuracy': 0.818600058555603, 'loss': 0.529082179069519}
I0413 21:34:16.890659 140359582050112 submission_runner.py:357] 1753.12s	60137	{'accuracy': 0.8108000159263611, 'loss': 0.5491281151771545}
I0413 21:34:38.840118 140359582050112 submission_runner.py:357] 1775.73s	60918	{'accuracy': 0.817300021648407, 'loss': 0.5394395589828491}
I0413 21:34:59.881321 140359582050112 submission_runner.py:357] 1796.82s	61699	{'accuracy': 0.8166000247001648, 'loss': 0.5321627259254456}
I0413 21:35:20.764395 140359582050112 submission_runner.py:357] 1817.75s	62480	{'accuracy': 0.8244000673294067, 'loss': 0.5187034606933594}
I0413 21:35:41.581424 140359582050112 submission_runner.py:357] 1838.60s	63261	{'accuracy': 0.8225000500679016, 'loss': 0.5256310701370239}
I0413 21:36:02.338190 140359582050112 submission_runner.py:357] 1859.36s	64042	{'accuracy': 0.8243000507354736, 'loss': 0.5134156942367554}
I0413 21:36:23.045071 140359582050112 submission_runner.py:357] 1880.06s	64823	{'accuracy': 0.8224000334739685, 'loss': 0.5157153010368347}
I0413 21:36:43.623030 140359582050112 submission_runner.py:357] 1900.61s	65604	{'accuracy': 0.8178000450134277, 'loss': 0.5120959877967834}
I0413 21:37:04.240576 140359582050112 submission_runner.py:357] 1921.19s	66385	{'accuracy': 0.8193000555038452, 'loss': 0.5314307808876038}
I0413 21:37:24.978791 140359582050112 submission_runner.py:357] 1941.51s	67166	{'accuracy': 0.8172000646591187, 'loss': 0.5446332097053528}
I0413 21:37:45.795018 140359582050112 submission_runner.py:357] 1962.77s	67947	{'accuracy': 0.8219000101089478, 'loss': 0.525222659111023}
I0413 21:38:06.627677 140359582050112 submission_runner.py:357] 1983.62s	68728	{'accuracy': 0.8315000534057617, 'loss': 0.5014934539794922}
I0413 21:38:27.303571 140359582050112 submission_runner.py:357] 2004.32s	69509	{'accuracy': 0.819100022315979, 'loss': 0.51353919506073}
I0413 21:38:47.901566 140359582050112 submission_runner.py:357] 2024.97s	70290	{'accuracy': 0.8202000260353088, 'loss': 0.5340198874473572}
I0413 21:39:08.486524 140359582050112 submission_runner.py:357] 2045.52s	71071	{'accuracy': 0.8259000182151794, 'loss': 0.5112673044204712}
I0413 21:39:29.055318 140359582050112 submission_runner.py:357] 2066.13s	71852	{'accuracy': 0.830500066280365, 'loss': 0.5037158727645874}
I0413 21:39:49.495400 140359582050112 submission_runner.py:357] 2086.55s	72633	{'accuracy': 0.8327000141143799, 'loss': 0.4882691204547882}
I0413 21:40:10.311642 140359582050112 submission_runner.py:357] 2106.86s	73414	{'accuracy': 0.8284000158309937, 'loss': 0.5000951290130615}
I0413 21:40:31.283323 140359582050112 submission_runner.py:357] 2128.21s	74195	{'accuracy': 0.8283000588417053, 'loss': 0.5070871114730835}
I0413 21:40:52.071043 140359582050112 submission_runner.py:357] 2149.08s	74976	{'accuracy': 0.8303000330924988, 'loss': 0.4966677129268646}
I0413 21:41:12.720261 140359582050112 submission_runner.py:357] 2169.76s	75757	{'accuracy': 0.8267000317573547, 'loss': 0.5172315835952759}
I0413 21:41:33.354077 140359582050112 submission_runner.py:357] 2190.40s	76538	{'accuracy': 0.8286000490188599, 'loss': 0.49456387758255005}
I0413 21:41:53.777250 140359582050112 submission_runner.py:357] 2210.83s	77319	{'accuracy': 0.8307000398635864, 'loss': 0.4967274069786072}
I0413 21:42:14.138367 140359582050112 submission_runner.py:357] 2231.20s	78100	{'accuracy': 0.8322000503540039, 'loss': 0.4970082640647888}
I0413 21:42:34.396036 140359582050112 submission_runner.py:357] 2251.48s	78881	{'accuracy': 0.8322000503540039, 'loss': 0.5041117072105408}
W0413 21:42:34.397645 140359582050112 early_stopping.py:90] Early stop due to exceeding max steps.
I0413 21:42:35.271302 140359582050112 submission_runner.py:467] ===== Results =====
I0413 21:42:35.271716 140359582050112 submission_runner.py:469] Tuning trial 1/5
I0413 21:42:35.271811 140359582050112 submission_runner.py:470] Hyperparameters: {'learning_rate': 0.001, 'momentum': 0.9}
I0413 21:42:35.271920 140359582050112 submission_runner.py:472] Metrics: (78881, {'accuracy': 0.8291000127792358, 'loss': 0.5147097706794739})
I0413 21:42:35.271991 140359582050112 submission_runner.py:475] Timing: 1805.6650252342224
I0413 21:42:35.272047 140359582050112 submission_runner.py:476] ====================
I0413 21:42:35.272092 140359582050112 submission_runner.py:469] Tuning trial 2/5
I0413 21:42:35.272139 140359582050112 submission_runner.py:470] Hyperparameters: {'learning_rate': 0.001, 'momentum': 0.9}
I0413 21:42:35.272199 140359582050112 submission_runner.py:472] Metrics: (78881, {'accuracy': 0.8308000564575195, 'loss': 0.5000054240226746})
I0413 21:42:35.272260 140359582050112 submission_runner.py:475] Timing: 1815.0867383480072
I0413 21:42:35.272307 140359582050112 submission_runner.py:476] ====================
I0413 21:42:35.272351 140359582050112 submission_runner.py:469] Tuning trial 3/5
I0413 21:42:35.272396 140359582050112 submission_runner.py:470] Hyperparameters: {'learning_rate': 0.001, 'momentum': 0.9}
I0413 21:42:35.272453 140359582050112 submission_runner.py:472] Metrics: (78881, {'accuracy': 0.8303000330924988, 'loss': 0.4936065077781677})
I0413 21:42:35.272513 140359582050112 submission_runner.py:475] Timing: 1723.5498218536377
I0413 21:42:35.272575 140359582050112 submission_runner.py:476] ====================
I0413 21:42:35.272619 140359582050112 submission_runner.py:469] Tuning trial 4/5
I0413 21:42:35.272675 140359582050112 submission_runner.py:470] Hyperparameters: {'learning_rate': 0.001, 'momentum': 0.9}
I0413 21:42:35.272732 140359582050112 submission_runner.py:472] Metrics: (78881, {'accuracy': 0.8283000588417053, 'loss': 0.49852657318115234})
I0413 21:42:35.272794 140359582050112 submission_runner.py:475] Timing: 1737.9383578300476
I0413 21:42:35.272858 140359582050112 submission_runner.py:476] ====================
I0413 21:42:35.272911 140359582050112 submission_runner.py:469] Tuning trial 5/5
I0413 21:42:35.272956 140359582050112 submission_runner.py:470] Hyperparameters: {'learning_rate': 0.001, 'momentum': 0.9}
I0413 21:42:35.273014 140359582050112 submission_runner.py:472] Metrics: (78881, {'accuracy': 0.8322000503540039, 'loss': 0.5041117072105408})
I0413 21:42:35.273068 140359582050112 submission_runner.py:475] Timing: 1729.1647851467133
I0413 21:42:35.273115 140359582050112 submission_runner.py:476] ====================
I0413 21:42:35.924968 140359582050112 submission_runner.py:514] Final cifar10_jax_dropout score: 1723.549822
