W0411 18:51:59.075672 140498099443520 logging_utils.py:329] Unable to record package information. Continuing without it.
I0411 18:52:01.775566 140498099443520 submission_runner.py:448] --- Tuning run 1/5 ---
I0411 18:53:39.707326 140498099443520 submission_runner.py:351] 8.41s	0	{'accuracy': 0.011111111380159855, 'loss': 4.570685386657715}
I0411 18:53:57.964741 140498099443520 submission_runner.py:351] 62.04s	90	{'accuracy': 0.17569445073604584, 'loss': 3.683915376663208}
I0411 18:54:16.536746 140498099443520 submission_runner.py:351] 80.46s	180	{'accuracy': 0.47430557012557983, 'loss': 2.243664264678955}
I0411 18:54:34.986623 140498099443520 submission_runner.py:351] 99.03s	270	{'accuracy': 0.7319444417953491, 'loss': 1.1746679544448853}
I0411 18:54:53.557846 140498099443520 submission_runner.py:351] 117.50s	360	{'accuracy': 0.8423611521720886, 'loss': 0.6152058839797974}
I0411 18:55:12.166453 140498099443520 submission_runner.py:351] 136.12s	450	{'accuracy': 0.9027777910232544, 'loss': 0.34992900490760803}
I0411 18:55:30.925533 140498099443520 submission_runner.py:351] 154.77s	540	{'accuracy': 0.9326388835906982, 'loss': 0.2054322212934494}
I0411 18:55:49.449894 140498099443520 submission_runner.py:351] 173.46s	630	{'accuracy': 0.9604166746139526, 'loss': 0.12254724651575089}
I0411 18:56:09.535138 140498099443520 submission_runner.py:351] 192.29s	720	{'accuracy': 0.9736111164093018, 'loss': 0.08448655903339386}
I0411 18:56:29.224513 140498099443520 submission_runner.py:351] 212.19s	810	{'accuracy': 0.9770833849906921, 'loss': 0.06803324818611145}
I0411 18:56:48.923952 140498099443520 submission_runner.py:351] 231.96s	900	{'accuracy': 0.9729166626930237, 'loss': 0.049359533935785294}
I0411 18:57:09.489521 140498099443520 submission_runner.py:351] 251.59s	990	{'accuracy': 0.9743055701255798, 'loss': 0.043238066136837006}
I0411 18:57:28.772163 140498099443520 submission_runner.py:351] 272.17s	1080	{'accuracy': 0.9833333492279053, 'loss': 0.03337201476097107}
I0411 18:57:47.796590 140498099443520 submission_runner.py:351] 291.28s	1170	{'accuracy': 0.9812500476837158, 'loss': 0.03182186931371689}
I0411 18:58:07.096801 140498099443520 submission_runner.py:351] 310.31s	1260	{'accuracy': 0.9847222566604614, 'loss': 0.0329618938267231}
I0411 18:58:29.429612 140498099443520 submission_runner.py:351] 331.47s	1350	{'accuracy': 0.9868055582046509, 'loss': 0.01776948943734169}
I0411 18:58:50.797642 140498099443520 submission_runner.py:351] 352.85s	1440	{'accuracy': 0.9861111640930176, 'loss': 0.01851353980600834}
I0411 18:59:10.346771 140498099443520 submission_runner.py:351] 373.75s	1530	{'accuracy': 0.9868055582046509, 'loss': 0.013111085630953312}
I0411 18:59:29.377184 140498099443520 submission_runner.py:351] 392.98s	1620	{'accuracy': 0.9909722208976746, 'loss': 0.01137671247124672}
I0411 18:59:49.956722 140498099443520 submission_runner.py:351] 412.02s	1710	{'accuracy': 0.9916666746139526, 'loss': 0.008158296346664429}
I0411 19:00:11.325037 140498099443520 submission_runner.py:351] 432.65s	1800	{'accuracy': 0.9805555939674377, 'loss': 0.030540427193045616}
I0411 19:00:32.465530 140498099443520 submission_runner.py:351] 454.10s	1890	{'accuracy': 0.9888889193534851, 'loss': 0.01289637666195631}
I0411 19:00:53.005091 140498099443520 submission_runner.py:351] 475.43s	1980	{'accuracy': 0.9895833730697632, 'loss': 0.011418859474360943}
I0411 19:01:12.785622 140498099443520 submission_runner.py:351] 495.62s	2070	{'accuracy': 0.9909722208976746, 'loss': 0.003929708618670702}
I0411 19:01:31.831084 140498099443520 submission_runner.py:351] 515.30s	2160	{'accuracy': 0.9916666746139526, 'loss': 0.003491474548354745}
I0411 19:01:51.678245 140498099443520 submission_runner.py:351] 534.37s	2250	{'accuracy': 0.9909722208976746, 'loss': 0.005079055670648813}
I0411 19:02:11.072354 140498099443520 submission_runner.py:351] 554.50s	2340	{'accuracy': 0.9916666746139526, 'loss': 0.004851964768022299}
I0411 19:02:30.431429 140498099443520 submission_runner.py:351] 573.67s	2430	{'accuracy': 0.9916666746139526, 'loss': 0.003876031143590808}
I0411 19:02:49.302597 140498099443520 submission_runner.py:351] 592.95s	2520	{'accuracy': 0.9888889193534851, 'loss': 0.007280295714735985}
I0411 19:03:08.338836 140498099443520 submission_runner.py:351] 611.63s	2610	{'accuracy': 0.9916666746139526, 'loss': 0.004799501039087772}
I0411 19:03:27.614302 140498099443520 submission_runner.py:351] 630.95s	2700	{'accuracy': 0.9916666746139526, 'loss': 0.0023957889061421156}
I0411 19:03:46.958429 140498099443520 submission_runner.py:351] 650.17s	2790	{'accuracy': 0.988194465637207, 'loss': 0.006678646896034479}
I0411 19:04:06.247106 140498099443520 submission_runner.py:351] 669.59s	2880	{'accuracy': 0.9916666746139526, 'loss': 0.002986819250509143}
I0411 19:04:26.641650 140498099443520 submission_runner.py:351] 688.92s	2970	{'accuracy': 0.9847222566604614, 'loss': 0.012818473391234875}
I0411 19:04:46.008307 140498099443520 submission_runner.py:351] 708.95s	3060	{'accuracy': 0.9868055582046509, 'loss': 0.009627841413021088}
I0411 19:05:05.536308 140498099443520 submission_runner.py:351] 728.36s	3150	{'accuracy': 0.9895833730697632, 'loss': 0.010693386197090149}
I0411 19:05:24.859380 140498099443520 submission_runner.py:351] 747.92s	3240	{'accuracy': 0.9916666746139526, 'loss': 0.0020721787586808205}
I0411 19:05:44.149360 140498099443520 submission_runner.py:351] 767.25s	3330	{'accuracy': 0.9916666746139526, 'loss': 0.003217977937310934}
I0411 19:06:03.487302 140498099443520 submission_runner.py:351] 786.58s	3420	{'accuracy': 0.9909722208976746, 'loss': 0.006505781784653664}
I0411 19:06:22.749500 140498099443520 submission_runner.py:351] 805.87s	3510	{'accuracy': 0.9916666746139526, 'loss': 0.0021910294890403748}
I0411 19:06:41.990386 140498099443520 submission_runner.py:351] 825.16s	3600	{'accuracy': 0.9916666746139526, 'loss': 0.0024961435701698065}
I0411 19:07:01.280405 140498099443520 submission_runner.py:351] 844.43s	3690	{'accuracy': 0.9916666746139526, 'loss': 0.0020391035359352827}
I0411 19:07:20.643343 140498099443520 submission_runner.py:351] 863.75s	3780	{'accuracy': 0.9916666746139526, 'loss': 0.0020257204305380583}
I0411 19:07:40.041399 140498099443520 submission_runner.py:351] 883.10s	3870	{'accuracy': 0.9916666746139526, 'loss': 0.0028017410077154636}
I0411 19:07:59.443264 140498099443520 submission_runner.py:351] 902.56s	3960	{'accuracy': 0.9909722208976746, 'loss': 0.0032056609634310007}
I0411 19:08:18.788564 140498099443520 submission_runner.py:351] 921.92s	4050	{'accuracy': 0.987500011920929, 'loss': 0.0075053442269563675}
I0411 19:08:38.388013 140498099443520 submission_runner.py:351] 941.30s	4140	{'accuracy': 0.9888889193534851, 'loss': 0.0058779651299119}
I0411 19:08:58.059711 140498099443520 submission_runner.py:351] 960.90s	4230	{'accuracy': 0.9916666746139526, 'loss': 0.0015360262477770448}
I0411 19:09:17.638470 140498099443520 submission_runner.py:351] 980.60s	4320	{'accuracy': 0.9916666746139526, 'loss': 0.002081288257613778}
I0411 19:09:37.206703 140498099443520 submission_runner.py:351] 1000.15s	4410	{'accuracy': 0.9916666746139526, 'loss': 0.0012156382435932755}
I0411 19:09:56.929866 140498099443520 submission_runner.py:351] 1019.74s	4500	{'accuracy': 0.9916666746139526, 'loss': 0.0012193407164886594}
I0411 19:10:16.534741 140498099443520 submission_runner.py:351] 1039.51s	4590	{'accuracy': 0.9916666746139526, 'loss': 0.0016253553330898285}
I0411 19:10:36.047924 140498099443520 submission_runner.py:351] 1059.11s	4680	{'accuracy': 0.9916666746139526, 'loss': 0.0029601932037621737}
I0411 19:10:55.639182 140498099443520 submission_runner.py:351] 1078.68s	4770	{'accuracy': 0.9895833730697632, 'loss': 0.005569468718022108}
I0411 19:11:15.033824 140498099443520 submission_runner.py:351] 1098.19s	4860	{'accuracy': 0.9902778267860413, 'loss': 0.0025825523771345615}
I0411 19:11:34.466985 140498099443520 submission_runner.py:351] 1117.60s	4950	{'accuracy': 0.9916666746139526, 'loss': 0.0009316884097643197}
I0411 19:11:53.959791 140498099443520 submission_runner.py:351] 1137.14s	5040	{'accuracy': 0.9916666746139526, 'loss': 0.001808659639209509}
I0411 19:12:13.504399 140498099443520 submission_runner.py:351] 1156.62s	5130	{'accuracy': 0.9902778267860413, 'loss': 0.0041325706988573074}
I0411 19:12:32.966622 140498099443520 submission_runner.py:351] 1176.13s	5220	{'accuracy': 0.9902778267860413, 'loss': 0.007438828237354755}
I0411 19:12:52.375098 140498099443520 submission_runner.py:351] 1195.63s	5310	{'accuracy': 0.9895833730697632, 'loss': 0.005657834000885487}
I0411 19:13:12.807170 140498099443520 submission_runner.py:351] 1215.10s	5400	{'accuracy': 0.9895833730697632, 'loss': 0.003409287193790078}
I0411 19:13:31.342385 140498099443520 submission_runner.py:351] 1235.05s	5490	{'accuracy': 0.9916666746139526, 'loss': 0.0013700558338314295}
I0411 19:13:50.520076 140498099443520 submission_runner.py:351] 1253.48s	5580	{'accuracy': 0.9909722208976746, 'loss': 0.0018382715061306953}
I0411 19:14:09.207196 140498099443520 submission_runner.py:351] 1272.89s	5670	{'accuracy': 0.9916666746139526, 'loss': 0.000259878026554361}
I0411 19:14:27.647023 140498099443520 submission_runner.py:351] 1291.46s	5760	{'accuracy': 0.9916666746139526, 'loss': 0.0012476628180593252}
I0411 19:14:46.371991 140498099443520 submission_runner.py:351] 1309.95s	5850	{'accuracy': 0.9909722208976746, 'loss': 0.00135696679353714}
I0411 19:15:05.945638 140498099443520 submission_runner.py:351] 1328.80s	5940	{'accuracy': 0.9916666746139526, 'loss': 0.0007670713239349425}
I0411 19:15:24.867522 140498099443520 submission_runner.py:351] 1348.38s	6030	{'accuracy': 0.9916666746139526, 'loss': 0.0007565811392851174}
I0411 19:15:43.950397 140498099443520 submission_runner.py:351] 1367.11s	6120	{'accuracy': 0.9916666746139526, 'loss': 0.00021482894953805953}
I0411 19:16:03.047828 140498099443520 submission_runner.py:351] 1386.44s	6210	{'accuracy': 0.9916666746139526, 'loss': 0.0002968207700178027}
I0411 19:16:21.329601 140498099443520 submission_runner.py:351] 1405.36s	6300	{'accuracy': 0.9916666746139526, 'loss': 0.0011073318310081959}
I0411 19:16:40.533507 140498099443520 submission_runner.py:351] 1423.74s	6390	{'accuracy': 0.9916666746139526, 'loss': 0.00025844440096989274}
I0411 19:16:59.008910 140498099443520 submission_runner.py:351] 1442.99s	6480	{'accuracy': 0.9895833730697632, 'loss': 0.005601216107606888}
I0411 19:17:17.360011 140498099443520 submission_runner.py:351] 1461.37s	6570	{'accuracy': 0.9909722208976746, 'loss': 0.0015681851655244827}
I0411 19:17:36.099291 140498099443520 submission_runner.py:351] 1479.86s	6660	{'accuracy': 0.9916666746139526, 'loss': 0.0003350070328451693}
I0411 19:17:54.410176 140498099443520 submission_runner.py:351] 1498.48s	6750	{'accuracy': 0.9916666746139526, 'loss': 0.0007245918968692422}
I0411 19:18:12.657478 140498099443520 submission_runner.py:351] 1516.81s	6840	{'accuracy': 0.9909722208976746, 'loss': 0.0007558315992355347}
I0411 19:18:31.238703 140498099443520 submission_runner.py:351] 1535.00s	6930	{'accuracy': 0.9916666746139526, 'loss': 0.0005860944511368871}
I0411 19:18:50.088479 140498099443520 submission_runner.py:351] 1553.59s	7020	{'accuracy': 0.9916666746139526, 'loss': 0.0002987692423630506}
I0411 19:19:09.265192 140498099443520 submission_runner.py:351] 1572.69s	7110	{'accuracy': 0.9916666746139526, 'loss': 0.0003272240574005991}
I0411 19:19:27.676672 140498099443520 submission_runner.py:351] 1591.65s	7200	{'accuracy': 0.9916666746139526, 'loss': 0.0003260631929151714}
I0411 19:19:46.250275 140498099443520 submission_runner.py:351] 1610.10s	7290	{'accuracy': 0.9909722208976746, 'loss': 0.0012812032364308834}
I0411 19:20:05.559855 140498099443520 submission_runner.py:351] 1628.88s	7380	{'accuracy': 0.9916666746139526, 'loss': 0.00016291288193315268}
I0411 19:20:24.282002 140498099443520 submission_runner.py:351] 1648.15s	7470	{'accuracy': 0.9916666746139526, 'loss': 0.0002129822241840884}
I0411 19:20:42.860251 140498099443520 submission_runner.py:351] 1666.86s	7560	{'accuracy': 0.9916666746139526, 'loss': 0.00030549176153726876}
I0411 19:21:01.614720 140498099443520 submission_runner.py:351] 1685.45s	7650	{'accuracy': 0.9916666746139526, 'loss': 0.0008057756931520998}
I0411 19:21:20.643601 140498099443520 submission_runner.py:351] 1704.33s	7740	{'accuracy': 0.9916666746139526, 'loss': 0.00032275239937007427}
I0411 19:21:39.521795 140498099443520 submission_runner.py:351] 1723.39s	7830	{'accuracy': 0.9916666746139526, 'loss': 0.0013560657389461994}
I0411 19:21:58.622885 140498099443520 submission_runner.py:351] 1742.25s	7920	{'accuracy': 0.9916666746139526, 'loss': 0.000651202688459307}
I0411 19:22:17.781090 140498099443520 submission_runner.py:351] 1761.40s	8010	{'accuracy': 0.9909722208976746, 'loss': 0.0018521851161494851}
I0411 19:22:36.937147 140498099443520 submission_runner.py:351] 1780.53s	8100	{'accuracy': 0.9909722208976746, 'loss': 0.0011448708828538656}
I0411 19:22:57.168311 140498099443520 submission_runner.py:351] 1799.66s	8190	{'accuracy': 0.9916666746139526, 'loss': 0.000515374937094748}
I0411 19:23:16.749168 140498099443520 submission_runner.py:351] 1819.46s	8280	{'accuracy': 0.9916666746139526, 'loss': 0.0007617986993864179}
I0411 19:23:36.170457 140498099443520 submission_runner.py:351] 1839.09s	8370	{'accuracy': 0.9916666746139526, 'loss': 0.0005842052632942796}
I0411 19:23:55.681471 140498099443520 submission_runner.py:351] 1858.52s	8460	{'accuracy': 0.9916666746139526, 'loss': 0.0009060838492587209}
I0411 19:24:14.335760 140498099443520 submission_runner.py:351] 1878.02s	8550	{'accuracy': 0.9916666746139526, 'loss': 0.0006538016023114324}
I0411 19:24:32.740938 140498099443520 submission_runner.py:351] 1896.54s	8640	{'accuracy': 0.9916666746139526, 'loss': 0.0005107435863465071}
I0411 19:24:52.093242 140498099443520 submission_runner.py:351] 1914.96s	8730	{'accuracy': 0.9916666746139526, 'loss': 0.00039327790727838874}
I0411 19:25:11.587084 140498099443520 submission_runner.py:351] 1934.52s	8820	{'accuracy': 0.9916666746139526, 'loss': 0.0002615741977933794}
I0411 19:25:30.793598 140498099443520 submission_runner.py:351] 1953.97s	8910	{'accuracy': 0.9916666746139526, 'loss': 0.0002065046865027398}
I0411 19:25:49.959296 140498099443520 submission_runner.py:351] 1973.17s	9000	{'accuracy': 0.9916666746139526, 'loss': 0.0003300802782177925}
I0411 19:26:09.262104 140498099443520 submission_runner.py:351] 1992.36s	9090	{'accuracy': 0.9916666746139526, 'loss': 0.0001305696932831779}
W0411 19:26:09.264020 140498099443520 early_stopping.py:90] Early stop due to exceeding max steps.
I0411 19:26:10.824393 140498099443520 submission_runner.py:448] --- Tuning run 2/5 ---
I0411 19:26:36.727378 140498099443520 submission_runner.py:351] 3.49s	0	{'accuracy': 0.013194444589316845, 'loss': 4.567964553833008}
I0411 19:26:55.660724 140498099443520 submission_runner.py:351] 22.48s	90	{'accuracy': 0.0590277798473835, 'loss': 4.30781888961792}
I0411 19:27:14.996770 140498099443520 submission_runner.py:351] 41.69s	180	{'accuracy': 0.36597222089767456, 'loss': 2.950856924057007}
I0411 19:27:34.816332 140498099443520 submission_runner.py:351] 61.02s	270	{'accuracy': 0.612500011920929, 'loss': 1.7021243572235107}
I0411 19:27:54.053017 140498099443520 submission_runner.py:351] 80.69s	360	{'accuracy': 0.8368055820465088, 'loss': 0.7049437761306763}
I0411 19:28:13.055414 140498099443520 submission_runner.py:351] 99.88s	450	{'accuracy': 0.9000000357627869, 'loss': 0.3368084132671356}
I0411 19:28:31.943786 140498099443520 submission_runner.py:351] 118.82s	540	{'accuracy': 0.9513888955116272, 'loss': 0.2008552849292755}
I0411 19:28:50.632184 140498099443520 submission_runner.py:351] 137.72s	630	{'accuracy': 0.9618055820465088, 'loss': 0.13518822193145752}
I0411 19:29:09.466727 140498099443520 submission_runner.py:351] 156.40s	720	{'accuracy': 0.9722222685813904, 'loss': 0.08297793567180634}
I0411 19:29:29.098932 140498099443520 submission_runner.py:351] 175.51s	810	{'accuracy': 0.9750000238418579, 'loss': 0.0647071823477745}
I0411 19:29:48.750382 140498099443520 submission_runner.py:351] 195.27s	900	{'accuracy': 0.9743055701255798, 'loss': 0.06939223408699036}
I0411 19:30:08.212491 140498099443520 submission_runner.py:351] 214.80s	990	{'accuracy': 0.975694477558136, 'loss': 0.049979861825704575}
I0411 19:30:27.520848 140498099443520 submission_runner.py:351] 234.52s	1080	{'accuracy': 0.9777777791023254, 'loss': 0.04805236682295799}
I0411 19:30:46.707632 140498099443520 submission_runner.py:351] 253.40s	1170	{'accuracy': 0.9729166626930237, 'loss': 0.05739523097872734}
I0411 19:31:05.867105 140498099443520 submission_runner.py:351] 272.84s	1260	{'accuracy': 0.9784722328186035, 'loss': 0.03635212779045105}
I0411 19:31:24.496271 140498099443520 submission_runner.py:351] 291.77s	1350	{'accuracy': 0.9826388955116272, 'loss': 0.029987266287207603}
I0411 19:31:43.099793 140498099443520 submission_runner.py:351] 310.40s	1440	{'accuracy': 0.9798611402511597, 'loss': 0.04337175190448761}
I0411 19:32:01.705225 140498099443520 submission_runner.py:351] 328.99s	1530	{'accuracy': 0.9840278029441833, 'loss': 0.02892066165804863}
I0411 19:32:21.215683 140498099443520 submission_runner.py:351] 347.93s	1620	{'accuracy': 0.9826388955116272, 'loss': 0.024943631142377853}
I0411 19:32:40.379501 140498099443520 submission_runner.py:351] 367.37s	1710	{'accuracy': 0.9805555939674377, 'loss': 0.030909555032849312}
I0411 19:32:59.184364 140498099443520 submission_runner.py:351] 386.42s	1800	{'accuracy': 0.9847222566604614, 'loss': 0.02515479177236557}
I0411 19:33:18.165734 140498099443520 submission_runner.py:351] 405.37s	1890	{'accuracy': 0.9868055582046509, 'loss': 0.01980675384402275}
I0411 19:33:36.997207 140498099443520 submission_runner.py:351] 424.18s	1980	{'accuracy': 0.9840278029441833, 'loss': 0.016192197799682617}
I0411 19:33:55.472028 140498099443520 submission_runner.py:351] 442.78s	2070	{'accuracy': 0.9854167103767395, 'loss': 0.02992299199104309}
I0411 19:34:15.734390 140498099443520 submission_runner.py:351] 461.26s	2160	{'accuracy': 0.9805555939674377, 'loss': 0.04151623696088791}
I0411 19:34:34.454373 140498099443520 submission_runner.py:351] 481.25s	2250	{'accuracy': 0.9826388955116272, 'loss': 0.028281811624765396}
I0411 19:34:52.920311 140498099443520 submission_runner.py:351] 499.87s	2340	{'accuracy': 0.9888889193534851, 'loss': 0.01183326169848442}
I0411 19:35:13.076407 140498099443520 submission_runner.py:351] 518.41s	2430	{'accuracy': 0.9868055582046509, 'loss': 0.018469862639904022}
I0411 19:35:32.145220 140498099443520 submission_runner.py:351] 538.70s	2520	{'accuracy': 0.987500011920929, 'loss': 0.018726082518696785}
I0411 19:35:50.893654 140498099443520 submission_runner.py:351] 557.68s	2610	{'accuracy': 0.9854167103767395, 'loss': 0.022034158930182457}
I0411 19:36:09.601820 140498099443520 submission_runner.py:351] 576.37s	2700	{'accuracy': 0.9861111640930176, 'loss': 0.027436792850494385}
I0411 19:36:28.364044 140498099443520 submission_runner.py:351] 595.22s	2790	{'accuracy': 0.988194465637207, 'loss': 0.016851818189024925}
I0411 19:36:47.145849 140498099443520 submission_runner.py:351] 613.86s	2880	{'accuracy': 0.9868055582046509, 'loss': 0.010180195793509483}
I0411 19:37:06.026657 140498099443520 submission_runner.py:351] 632.65s	2970	{'accuracy': 0.9888889193534851, 'loss': 0.010522414930164814}
I0411 19:37:24.919319 140498099443520 submission_runner.py:351] 651.69s	3060	{'accuracy': 0.9868055582046509, 'loss': 0.013404428958892822}
I0411 19:37:43.652281 140498099443520 submission_runner.py:351] 670.48s	3150	{'accuracy': 0.9895833730697632, 'loss': 0.011317054741084576}
I0411 19:38:02.184821 140498099443520 submission_runner.py:351] 689.21s	3240	{'accuracy': 0.987500011920929, 'loss': 0.014363657683134079}
I0411 19:38:20.921253 140498099443520 submission_runner.py:351] 707.74s	3330	{'accuracy': 0.988194465637207, 'loss': 0.01596355251967907}
I0411 19:38:39.391783 140498099443520 submission_runner.py:351] 726.49s	3420	{'accuracy': 0.988194465637207, 'loss': 0.01473300065845251}
I0411 19:38:57.804312 140498099443520 submission_runner.py:351] 744.95s	3510	{'accuracy': 0.9861111640930176, 'loss': 0.02560250647366047}
I0411 19:39:16.632233 140498099443520 submission_runner.py:351] 763.38s	3600	{'accuracy': 0.987500011920929, 'loss': 0.023401975631713867}
I0411 19:39:35.121526 140498099443520 submission_runner.py:351] 782.21s	3690	{'accuracy': 0.9888889193534851, 'loss': 0.009759762324392796}
I0411 19:39:53.546769 140498099443520 submission_runner.py:351] 800.71s	3780	{'accuracy': 0.987500011920929, 'loss': 0.017633531242609024}
I0411 19:40:11.994002 140498099443520 submission_runner.py:351] 819.15s	3870	{'accuracy': 0.9868055582046509, 'loss': 0.023560969159007072}
I0411 19:40:30.813339 140498099443520 submission_runner.py:351] 837.62s	3960	{'accuracy': 0.9888889193534851, 'loss': 0.020959733054041862}
I0411 19:40:49.844066 140498099443520 submission_runner.py:351] 856.60s	4050	{'accuracy': 0.988194465637207, 'loss': 0.018047263845801353}
I0411 19:41:08.970267 140498099443520 submission_runner.py:351] 875.63s	4140	{'accuracy': 0.9888889193534851, 'loss': 0.011722959578037262}
I0411 19:41:28.041039 140498099443520 submission_runner.py:351] 894.78s	4230	{'accuracy': 0.9854167103767395, 'loss': 0.01719953864812851}
I0411 19:41:46.621174 140498099443520 submission_runner.py:351] 913.73s	4320	{'accuracy': 0.9888889193534851, 'loss': 0.02541256882250309}
I0411 19:42:05.044466 140498099443520 submission_runner.py:351] 932.28s	4410	{'accuracy': 0.987500011920929, 'loss': 0.01662978157401085}
I0411 19:42:23.530525 140498099443520 submission_runner.py:351] 950.72s	4500	{'accuracy': 0.988194465637207, 'loss': 0.02060112915933132}
I0411 19:42:41.995251 140498099443520 submission_runner.py:351] 969.25s	4590	{'accuracy': 0.9888889193534851, 'loss': 0.010638663545250893}
I0411 19:43:00.477407 140498099443520 submission_runner.py:351] 987.72s	4680	{'accuracy': 0.988194465637207, 'loss': 0.020055042579770088}
I0411 19:43:18.959609 140498099443520 submission_runner.py:351] 1006.20s	4770	{'accuracy': 0.9895833730697632, 'loss': 0.010328029282391071}
I0411 19:43:37.449904 140498099443520 submission_runner.py:351] 1024.69s	4860	{'accuracy': 0.988194465637207, 'loss': 0.01124501135200262}
I0411 19:43:55.914346 140498099443520 submission_runner.py:351] 1043.18s	4950	{'accuracy': 0.988194465637207, 'loss': 0.020785460248589516}
I0411 19:44:14.420931 140498099443520 submission_runner.py:351] 1061.67s	5040	{'accuracy': 0.9868055582046509, 'loss': 0.022691112011671066}
I0411 19:44:33.118720 140498099443520 submission_runner.py:351] 1080.19s	5130	{'accuracy': 0.988194465637207, 'loss': 0.021406888961791992}
I0411 19:44:51.632597 140498099443520 submission_runner.py:351] 1098.88s	5220	{'accuracy': 0.988194465637207, 'loss': 0.01883789896965027}
I0411 19:45:10.135049 140498099443520 submission_runner.py:351] 1117.41s	5310	{'accuracy': 0.9868055582046509, 'loss': 0.018663479015231133}
I0411 19:45:29.096864 140498099443520 submission_runner.py:351] 1135.94s	5400	{'accuracy': 0.988194465637207, 'loss': 0.012373951263725758}
I0411 19:45:48.000043 140498099443520 submission_runner.py:351] 1155.17s	5490	{'accuracy': 0.9895833730697632, 'loss': 0.01396956481039524}
I0411 19:46:06.576996 140498099443520 submission_runner.py:351] 1173.83s	5580	{'accuracy': 0.9895833730697632, 'loss': 0.013955889269709587}
W0411 19:46:06.578638 140498099443520 early_stopping.py:102] Early stop due to no improvement.
I0411 19:46:08.298874 140498099443520 submission_runner.py:448] --- Tuning run 3/5 ---
I0411 19:46:32.499236 140498099443520 submission_runner.py:351] 3.35s	0	{'accuracy': 0.008333333767950535, 'loss': 4.575056552886963}
I0411 19:46:50.585929 140498099443520 submission_runner.py:351] 21.49s	90	{'accuracy': 0.10000000149011612, 'loss': 4.048011779785156}
I0411 19:47:08.972904 140498099443520 submission_runner.py:351] 39.77s	180	{'accuracy': 0.38750001788139343, 'loss': 2.597001791000366}
I0411 19:47:28.922411 140498099443520 submission_runner.py:351] 58.18s	270	{'accuracy': 0.6486111283302307, 'loss': 1.537456750869751}
I0411 19:47:47.655418 140498099443520 submission_runner.py:351] 77.71s	360	{'accuracy': 0.8465278148651123, 'loss': 0.654416561126709}
I0411 19:48:06.131385 140498099443520 submission_runner.py:351] 96.42s	450	{'accuracy': 0.9125000238418579, 'loss': 0.3178976774215698}
I0411 19:48:24.878349 140498099443520 submission_runner.py:351] 114.91s	540	{'accuracy': 0.9437500238418579, 'loss': 0.19030317664146423}
I0411 19:48:43.966778 140498099443520 submission_runner.py:351] 133.77s	630	{'accuracy': 0.9701389074325562, 'loss': 0.10053428262472153}
I0411 19:49:02.800045 140498099443520 submission_runner.py:351] 152.91s	720	{'accuracy': 0.9715278148651123, 'loss': 0.08805467188358307}
I0411 19:49:21.393649 140498099443520 submission_runner.py:351] 171.63s	810	{'accuracy': 0.9812500476837158, 'loss': 0.04934699460864067}
I0411 19:49:40.179017 140498099443520 submission_runner.py:351] 190.47s	900	{'accuracy': 0.975694477558136, 'loss': 0.0434369221329689}
I0411 19:49:58.734597 140498099443520 submission_runner.py:351] 209.03s	990	{'accuracy': 0.9805555939674377, 'loss': 0.035922665148973465}
I0411 19:50:17.293954 140498099443520 submission_runner.py:351] 227.61s	1080	{'accuracy': 0.9812500476837158, 'loss': 0.028212733566761017}
I0411 19:50:36.022457 140498099443520 submission_runner.py:351] 246.13s	1170	{'accuracy': 0.987500011920929, 'loss': 0.01569095440208912}
I0411 19:50:54.615478 140498099443520 submission_runner.py:351] 264.93s	1260	{'accuracy': 0.9819444417953491, 'loss': 0.022841986268758774}
I0411 19:51:13.144665 140498099443520 submission_runner.py:351] 283.49s	1350	{'accuracy': 0.9819444417953491, 'loss': 0.03354942426085472}
I0411 19:51:32.139751 140498099443520 submission_runner.py:351] 302.03s	1440	{'accuracy': 0.9819444417953491, 'loss': 0.022145142778754234}
I0411 19:51:50.706633 140498099443520 submission_runner.py:351] 321.03s	1530	{'accuracy': 0.987500011920929, 'loss': 0.017336757853627205}
I0411 19:52:09.233403 140498099443520 submission_runner.py:351] 339.61s	1620	{'accuracy': 0.9833333492279053, 'loss': 0.02137402445077896}
I0411 19:52:28.034529 140498099443520 submission_runner.py:351] 358.13s	1710	{'accuracy': 0.988194465637207, 'loss': 0.014401208609342575}
I0411 19:52:46.908902 140498099443520 submission_runner.py:351] 377.08s	1800	{'accuracy': 0.9902778267860413, 'loss': 0.0090957535430789}
I0411 19:53:05.662288 140498099443520 submission_runner.py:351] 396.01s	1890	{'accuracy': 0.9826388955116272, 'loss': 0.024982286617159843}
I0411 19:53:24.184757 140498099443520 submission_runner.py:351] 414.58s	1980	{'accuracy': 0.987500011920929, 'loss': 0.008959698490798473}
I0411 19:53:42.473695 140498099443520 submission_runner.py:351] 432.95s	2070	{'accuracy': 0.9888889193534851, 'loss': 0.008576398715376854}
I0411 19:54:00.725005 140498099443520 submission_runner.py:351] 451.21s	2160	{'accuracy': 0.9888889193534851, 'loss': 0.006334763485938311}
I0411 19:54:18.992444 140498099443520 submission_runner.py:351] 469.50s	2250	{'accuracy': 0.9909722208976746, 'loss': 0.006746591534465551}
I0411 19:54:37.366941 140498099443520 submission_runner.py:351] 487.80s	2340	{'accuracy': 0.988194465637207, 'loss': 0.01195497252047062}
I0411 19:54:55.686337 140498099443520 submission_runner.py:351] 506.18s	2430	{'accuracy': 0.9895833730697632, 'loss': 0.009018008597195148}
I0411 19:55:14.216687 140498099443520 submission_runner.py:351] 524.49s	2520	{'accuracy': 0.9902778267860413, 'loss': 0.006734279915690422}
I0411 19:55:33.021795 140498099443520 submission_runner.py:351] 543.19s	2610	{'accuracy': 0.9888889193534851, 'loss': 0.007116828579455614}
I0411 19:55:51.346986 140498099443520 submission_runner.py:351] 561.86s	2700	{'accuracy': 0.9888889193534851, 'loss': 0.0071226684376597404}
I0411 19:56:09.846925 140498099443520 submission_runner.py:351] 580.20s	2790	{'accuracy': 0.9902778267860413, 'loss': 0.007012540940195322}
I0411 19:56:28.075009 140498099443520 submission_runner.py:351] 598.64s	2880	{'accuracy': 0.9909722208976746, 'loss': 0.0039350977167487144}
I0411 19:56:46.498989 140498099443520 submission_runner.py:351] 617.01s	2970	{'accuracy': 0.9895833730697632, 'loss': 0.005711032543331385}
I0411 19:57:04.839475 140498099443520 submission_runner.py:351] 635.36s	3060	{'accuracy': 0.9888889193534851, 'loss': 0.008324941620230675}
I0411 19:57:23.300726 140498099443520 submission_runner.py:351] 653.78s	3150	{'accuracy': 0.9909722208976746, 'loss': 0.00386590464040637}
I0411 19:57:42.108823 140498099443520 submission_runner.py:351] 672.19s	3240	{'accuracy': 0.9916666746139526, 'loss': 0.0020682024769484997}
I0411 19:58:00.844423 140498099443520 submission_runner.py:351] 691.23s	3330	{'accuracy': 0.9916666746139526, 'loss': 0.0019633076153695583}
I0411 19:58:19.250931 140498099443520 submission_runner.py:351] 709.76s	3420	{'accuracy': 0.9888889193534851, 'loss': 0.006286092102527618}
I0411 19:58:38.112196 140498099443520 submission_runner.py:351] 728.21s	3510	{'accuracy': 0.9909722208976746, 'loss': 0.002326395595446229}
I0411 19:58:57.316129 140498099443520 submission_runner.py:351] 747.33s	3600	{'accuracy': 0.9895833730697632, 'loss': 0.004022973123937845}
I0411 19:59:16.007378 140498099443520 submission_runner.py:351] 766.37s	3690	{'accuracy': 0.9916666746139526, 'loss': 0.0018458501435816288}
I0411 19:59:34.702032 140498099443520 submission_runner.py:351] 784.95s	3780	{'accuracy': 0.9909722208976746, 'loss': 0.003024497302249074}
I0411 19:59:53.030008 140498099443520 submission_runner.py:351] 803.58s	3870	{'accuracy': 0.9909722208976746, 'loss': 0.003275139257311821}
I0411 20:00:12.777722 140498099443520 submission_runner.py:351] 821.95s	3960	{'accuracy': 0.9868055582046509, 'loss': 0.008357037790119648}
I0411 20:00:31.242042 140498099443520 submission_runner.py:351] 841.29s	4050	{'accuracy': 0.9902778267860413, 'loss': 0.0044235289096832275}
I0411 20:00:49.642314 140498099443520 submission_runner.py:351] 859.84s	4140	{'accuracy': 0.9868055582046509, 'loss': 0.0076752942986786366}
I0411 20:01:07.941525 140498099443520 submission_runner.py:351] 878.23s	4230	{'accuracy': 0.9909722208976746, 'loss': 0.006949505768716335}
I0411 20:01:26.332015 140498099443520 submission_runner.py:351] 896.52s	4320	{'accuracy': 0.9916666746139526, 'loss': 0.0017276598373427987}
I0411 20:01:44.735489 140498099443520 submission_runner.py:351] 914.98s	4410	{'accuracy': 0.9909722208976746, 'loss': 0.0019783438183367252}
I0411 20:02:03.345420 140498099443520 submission_runner.py:351] 933.43s	4500	{'accuracy': 0.9916666746139526, 'loss': 0.0017057554796338081}
I0411 20:02:21.655885 140498099443520 submission_runner.py:351] 951.97s	4590	{'accuracy': 0.9916666746139526, 'loss': 0.0013185376301407814}
I0411 20:02:40.487463 140498099443520 submission_runner.py:351] 970.43s	4680	{'accuracy': 0.9909722208976746, 'loss': 0.001997400540858507}
I0411 20:02:58.914979 140498099443520 submission_runner.py:351] 989.22s	4770	{'accuracy': 0.9902778267860413, 'loss': 0.0029159756377339363}
I0411 20:03:17.345692 140498099443520 submission_runner.py:351] 1007.63s	4860	{'accuracy': 0.9916666746139526, 'loss': 0.0012000167043879628}
I0411 20:03:35.902444 140498099443520 submission_runner.py:351] 1026.07s	4950	{'accuracy': 0.9916666746139526, 'loss': 0.001309039886109531}
I0411 20:03:54.468584 140498099443520 submission_runner.py:351] 1044.73s	5040	{'accuracy': 0.9916666746139526, 'loss': 0.0014238851144909859}
I0411 20:04:12.886055 140498099443520 submission_runner.py:351] 1063.19s	5130	{'accuracy': 0.9916666746139526, 'loss': 0.0009738182416185737}
I0411 20:04:31.415795 140498099443520 submission_runner.py:351] 1081.62s	5220	{'accuracy': 0.9868055582046509, 'loss': 0.0072549860924482346}
I0411 20:04:50.373450 140498099443520 submission_runner.py:351] 1100.19s	5310	{'accuracy': 0.9909722208976746, 'loss': 0.002498347545042634}
I0411 20:05:09.429998 140498099443520 submission_runner.py:351] 1119.29s	5400	{'accuracy': 0.9916666746139526, 'loss': 0.001237389980815351}
I0411 20:05:27.942443 140498099443520 submission_runner.py:351] 1138.16s	5490	{'accuracy': 0.9916666746139526, 'loss': 0.0010287113254889846}
I0411 20:05:46.311770 140498099443520 submission_runner.py:351] 1156.66s	5580	{'accuracy': 0.9916666746139526, 'loss': 0.0008347604889422655}
I0411 20:06:04.774926 140498099443520 submission_runner.py:351] 1175.06s	5670	{'accuracy': 0.9909722208976746, 'loss': 0.004420745652168989}
I0411 20:06:23.318701 140498099443520 submission_runner.py:351] 1193.53s	5760	{'accuracy': 0.9909722208976746, 'loss': 0.002291030716150999}
I0411 20:06:41.974170 140498099443520 submission_runner.py:351] 1212.09s	5850	{'accuracy': 0.9916666746139526, 'loss': 0.000575567944906652}
I0411 20:07:01.257503 140498099443520 submission_runner.py:351] 1230.99s	5940	{'accuracy': 0.9916666746139526, 'loss': 0.0010026819072663784}
I0411 20:07:19.890878 140498099443520 submission_runner.py:351] 1250.11s	6030	{'accuracy': 0.9895833730697632, 'loss': 0.003616499016061425}
I0411 20:07:38.492052 140498099443520 submission_runner.py:351] 1268.74s	6120	{'accuracy': 0.9916666746139526, 'loss': 0.0010562113020569086}
I0411 20:07:57.616232 140498099443520 submission_runner.py:351] 1287.34s	6210	{'accuracy': 0.9909722208976746, 'loss': 0.002041021129116416}
I0411 20:08:16.817934 140498099443520 submission_runner.py:351] 1306.67s	6300	{'accuracy': 0.9916666746139526, 'loss': 0.0016660684486851096}
I0411 20:08:36.004940 140498099443520 submission_runner.py:351] 1325.89s	6390	{'accuracy': 0.9916666746139526, 'loss': 0.0018103050533682108}
I0411 20:08:55.326673 140498099443520 submission_runner.py:351] 1345.12s	6480	{'accuracy': 0.9916666746139526, 'loss': 0.0011040366953238845}
I0411 20:09:14.053635 140498099443520 submission_runner.py:351] 1364.39s	6570	{'accuracy': 0.9909722208976746, 'loss': 0.0011599018471315503}
I0411 20:09:32.637242 140498099443520 submission_runner.py:351] 1382.85s	6660	{'accuracy': 0.9916666746139526, 'loss': 0.0012207533000037074}
I0411 20:09:51.187033 140498099443520 submission_runner.py:351] 1401.46s	6750	{'accuracy': 0.9909722208976746, 'loss': 0.0027479969430714846}
I0411 20:10:09.877312 140498099443520 submission_runner.py:351] 1420.10s	6840	{'accuracy': 0.9909722208976746, 'loss': 0.0019218109082430601}
I0411 20:10:29.171697 140498099443520 submission_runner.py:351] 1439.06s	6930	{'accuracy': 0.9902778267860413, 'loss': 0.0031055279541760683}
I0411 20:10:48.255724 140498099443520 submission_runner.py:351] 1458.30s	7020	{'accuracy': 0.9909722208976746, 'loss': 0.0031250612810254097}
I0411 20:11:07.475038 140498099443520 submission_runner.py:351] 1477.21s	7110	{'accuracy': 0.9902778267860413, 'loss': 0.0028391925152391195}
I0411 20:11:26.510379 140498099443520 submission_runner.py:351] 1496.44s	7200	{'accuracy': 0.9902778267860413, 'loss': 0.0042762309312820435}
I0411 20:11:45.290525 140498099443520 submission_runner.py:351] 1515.51s	7290	{'accuracy': 0.9902778267860413, 'loss': 0.0027610596735030413}
I0411 20:12:03.962460 140498099443520 submission_runner.py:351] 1534.31s	7380	{'accuracy': 0.987500011920929, 'loss': 0.005439263768494129}
I0411 20:12:22.555263 140498099443520 submission_runner.py:351] 1552.89s	7470	{'accuracy': 0.9916666746139526, 'loss': 0.0013339341385290027}
I0411 20:12:41.722034 140498099443520 submission_runner.py:351] 1571.54s	7560	{'accuracy': 0.9916666746139526, 'loss': 0.0013202899135649204}
I0411 20:13:00.796856 140498099443520 submission_runner.py:351] 1590.89s	7650	{'accuracy': 0.9909722208976746, 'loss': 0.0012959492160007358}
I0411 20:13:21.030205 140498099443520 submission_runner.py:351] 1609.83s	7740	{'accuracy': 0.9909722208976746, 'loss': 0.002242104848846793}
W0411 20:13:21.031660 140498099443520 early_stopping.py:102] Early stop due to no improvement.
I0411 20:13:21.926496 140498099443520 submission_runner.py:448] --- Tuning run 4/5 ---
I0411 20:13:47.010393 140498099443520 submission_runner.py:351] 3.34s	0	{'accuracy': 0.009027778171002865, 'loss': 4.5792341232299805}
I0411 20:14:05.819677 140498099443520 submission_runner.py:351] 21.94s	90	{'accuracy': 0.11388888955116272, 'loss': 4.070242881774902}
I0411 20:14:24.924321 140498099443520 submission_runner.py:351] 41.21s	180	{'accuracy': 0.39652779698371887, 'loss': 2.8675906658172607}
I0411 20:14:43.857560 140498099443520 submission_runner.py:351] 59.99s	270	{'accuracy': 0.5875000357627869, 'loss': 1.8787074089050293}
I0411 20:15:02.795954 140498099443520 submission_runner.py:351] 79.19s	360	{'accuracy': 0.7562500238418579, 'loss': 1.0604106187820435}
I0411 20:15:21.309054 140498099443520 submission_runner.py:351] 97.94s	450	{'accuracy': 0.8388888835906982, 'loss': 0.5868375897407532}
I0411 20:15:39.877332 140498099443520 submission_runner.py:351] 116.51s	540	{'accuracy': 0.9104166626930237, 'loss': 0.32241153717041016}
I0411 20:15:58.619692 140498099443520 submission_runner.py:351] 135.07s	630	{'accuracy': 0.9333333373069763, 'loss': 0.2207544595003128}
I0411 20:16:17.199018 140498099443520 submission_runner.py:351] 153.82s	720	{'accuracy': 0.9472222328186035, 'loss': 0.16996952891349792}
I0411 20:16:35.793008 140498099443520 submission_runner.py:351] 172.38s	810	{'accuracy': 0.9659722447395325, 'loss': 0.1084754541516304}
I0411 20:16:54.348910 140498099443520 submission_runner.py:351] 190.98s	900	{'accuracy': 0.9680556058883667, 'loss': 0.08891884982585907}
I0411 20:17:12.928098 140498099443520 submission_runner.py:351] 209.59s	990	{'accuracy': 0.9673611521720886, 'loss': 0.08703400194644928}
I0411 20:17:31.483433 140498099443520 submission_runner.py:351] 228.14s	1080	{'accuracy': 0.9694444537162781, 'loss': 0.06425251811742783}
I0411 20:17:50.002996 140498099443520 submission_runner.py:351] 246.66s	1170	{'accuracy': 0.9805555939674377, 'loss': 0.044577207416296005}
I0411 20:18:08.580924 140498099443520 submission_runner.py:351] 265.26s	1260	{'accuracy': 0.9770833849906921, 'loss': 0.03617696836590767}
I0411 20:18:27.185593 140498099443520 submission_runner.py:351] 283.80s	1350	{'accuracy': 0.9812500476837158, 'loss': 0.036297813057899475}
I0411 20:18:45.907834 140498099443520 submission_runner.py:351] 302.58s	1440	{'accuracy': 0.9812500476837158, 'loss': 0.03199078142642975}
I0411 20:19:04.612533 140498099443520 submission_runner.py:351] 321.23s	1530	{'accuracy': 0.9826388955116272, 'loss': 0.029639651998877525}
I0411 20:19:23.165022 140498099443520 submission_runner.py:351] 339.88s	1620	{'accuracy': 0.9840278029441833, 'loss': 0.03267538547515869}
I0411 20:19:41.797569 140498099443520 submission_runner.py:351] 358.50s	1710	{'accuracy': 0.9840278029441833, 'loss': 0.025085926055908203}
I0411 20:20:00.496692 140498099443520 submission_runner.py:351] 377.13s	1800	{'accuracy': 0.9854167103767395, 'loss': 0.01934237591922283}
I0411 20:20:19.064658 140498099443520 submission_runner.py:351] 395.80s	1890	{'accuracy': 0.988194465637207, 'loss': 0.013387089595198631}
I0411 20:20:37.685349 140498099443520 submission_runner.py:351] 414.41s	1980	{'accuracy': 0.9805555939674377, 'loss': 0.03198713809251785}
I0411 20:20:55.992869 140498099443520 submission_runner.py:351] 432.80s	2070	{'accuracy': 0.9868055582046509, 'loss': 0.021259155124425888}
I0411 20:21:14.269639 140498099443520 submission_runner.py:351] 451.13s	2160	{'accuracy': 0.9868055582046509, 'loss': 0.016994141042232513}
I0411 20:21:32.818865 140498099443520 submission_runner.py:351] 469.38s	2250	{'accuracy': 0.9847222566604614, 'loss': 0.024962780997157097}
I0411 20:21:51.450056 140498099443520 submission_runner.py:351] 488.16s	2340	{'accuracy': 0.9888889193534851, 'loss': 0.012909239158034325}
I0411 20:22:10.175749 140498099443520 submission_runner.py:351] 506.61s	2430	{'accuracy': 0.9861111640930176, 'loss': 0.020986638963222504}
I0411 20:22:28.842681 140498099443520 submission_runner.py:351] 525.31s	2520	{'accuracy': 0.9854167103767395, 'loss': 0.014645861461758614}
I0411 20:22:47.645534 140498099443520 submission_runner.py:351] 544.13s	2610	{'accuracy': 0.9888889193534851, 'loss': 0.01330177579075098}
I0411 20:23:06.293494 140498099443520 submission_runner.py:351] 562.85s	2700	{'accuracy': 0.988194465637207, 'loss': 0.012416479177772999}
I0411 20:23:25.222950 140498099443520 submission_runner.py:351] 581.70s	2790	{'accuracy': 0.9861111640930176, 'loss': 0.011246715672314167}
I0411 20:23:43.607286 140498099443520 submission_runner.py:351] 600.44s	2880	{'accuracy': 0.9868055582046509, 'loss': 0.01402762345969677}
I0411 20:24:02.453212 140498099443520 submission_runner.py:351] 618.79s	2970	{'accuracy': 0.988194465637207, 'loss': 0.012025428004562855}
I0411 20:24:21.348600 140498099443520 submission_runner.py:351] 637.90s	3060	{'accuracy': 0.9916666746139526, 'loss': 0.0041727893985807896}
I0411 20:24:39.846799 140498099443520 submission_runner.py:351] 656.62s	3150	{'accuracy': 0.988194465637207, 'loss': 0.012620752677321434}
I0411 20:24:58.196643 140498099443520 submission_runner.py:351] 675.08s	3240	{'accuracy': 0.9895833730697632, 'loss': 0.009692943654954433}
I0411 20:25:16.817947 140498099443520 submission_runner.py:351] 693.44s	3330	{'accuracy': 0.9895833730697632, 'loss': 0.007353062741458416}
I0411 20:25:35.287590 140498099443520 submission_runner.py:351] 712.10s	3420	{'accuracy': 0.9895833730697632, 'loss': 0.006009027361869812}
I0411 20:25:53.739956 140498099443520 submission_runner.py:351] 730.57s	3510	{'accuracy': 0.9902778267860413, 'loss': 0.006382257677614689}
I0411 20:26:14.080986 140498099443520 submission_runner.py:351] 749.02s	3600	{'accuracy': 0.9909722208976746, 'loss': 0.004579002968966961}
I0411 20:26:32.678919 140498099443520 submission_runner.py:351] 769.00s	3690	{'accuracy': 0.9909722208976746, 'loss': 0.004244222305715084}
I0411 20:26:50.895226 140498099443520 submission_runner.py:351] 787.53s	3780	{'accuracy': 0.9916666746139526, 'loss': 0.0035117343068122864}
I0411 20:27:09.105236 140498099443520 submission_runner.py:351] 805.77s	3870	{'accuracy': 0.9909722208976746, 'loss': 0.003800770500674844}
I0411 20:27:27.290061 140498099443520 submission_runner.py:351] 823.97s	3960	{'accuracy': 0.9909722208976746, 'loss': 0.0026978356763720512}
I0411 20:27:45.463945 140498099443520 submission_runner.py:351] 842.18s	4050	{'accuracy': 0.9909722208976746, 'loss': 0.005313402973115444}
I0411 20:28:03.898608 140498099443520 submission_runner.py:351] 860.37s	4140	{'accuracy': 0.9916666746139526, 'loss': 0.0016614161431789398}
I0411 20:28:22.306738 140498099443520 submission_runner.py:351] 878.94s	4230	{'accuracy': 0.9895833730697632, 'loss': 0.006934521719813347}
I0411 20:28:40.563476 140498099443520 submission_runner.py:351] 897.28s	4320	{'accuracy': 0.9902778267860413, 'loss': 0.005066271405667067}
I0411 20:28:58.836467 140498099443520 submission_runner.py:351] 915.54s	4410	{'accuracy': 0.9895833730697632, 'loss': 0.008620751090347767}
I0411 20:29:17.703487 140498099443520 submission_runner.py:351] 933.85s	4500	{'accuracy': 0.9868055582046509, 'loss': 0.01568220555782318}
I0411 20:29:36.566696 140498099443520 submission_runner.py:351] 952.84s	4590	{'accuracy': 0.9902778267860413, 'loss': 0.0038311132229864597}
I0411 20:29:55.496288 140498099443520 submission_runner.py:351] 971.70s	4680	{'accuracy': 0.9895833730697632, 'loss': 0.004385043401271105}
I0411 20:30:14.136357 140498099443520 submission_runner.py:351] 990.62s	4770	{'accuracy': 0.988194465637207, 'loss': 0.006061736959964037}
I0411 20:30:32.536462 140498099443520 submission_runner.py:351] 1009.18s	4860	{'accuracy': 0.9888889193534851, 'loss': 0.006520955357700586}
I0411 20:30:52.038705 140498099443520 submission_runner.py:351] 1027.56s	4950	{'accuracy': 0.9902778267860413, 'loss': 0.0035809630062431097}
I0411 20:31:11.459111 140498099443520 submission_runner.py:351] 1047.16s	5040	{'accuracy': 0.9909722208976746, 'loss': 0.003023765282705426}
I0411 20:31:30.462476 140498099443520 submission_runner.py:351] 1066.59s	5130	{'accuracy': 0.9902778267860413, 'loss': 0.003567683743312955}
I0411 20:31:49.060722 140498099443520 submission_runner.py:351] 1085.57s	5220	{'accuracy': 0.9888889193534851, 'loss': 0.0049849702045321465}
I0411 20:32:07.640896 140498099443520 submission_runner.py:351] 1104.15s	5310	{'accuracy': 0.988194465637207, 'loss': 0.015199498273432255}
I0411 20:32:26.653681 140498099443520 submission_runner.py:351] 1122.92s	5400	{'accuracy': 0.987500011920929, 'loss': 0.01536345761269331}
I0411 20:32:45.102846 140498099443520 submission_runner.py:351] 1141.76s	5490	{'accuracy': 0.987500011920929, 'loss': 0.008471266366541386}
I0411 20:33:03.542123 140498099443520 submission_runner.py:351] 1160.18s	5580	{'accuracy': 0.9895833730697632, 'loss': 0.005516067612916231}
I0411 20:33:22.503421 140498099443520 submission_runner.py:351] 1178.66s	5670	{'accuracy': 0.9895833730697632, 'loss': 0.009579666890203953}
I0411 20:33:41.677311 140498099443520 submission_runner.py:351] 1197.81s	5760	{'accuracy': 0.9895833730697632, 'loss': 0.007544569205492735}
I0411 20:34:00.692792 140498099443520 submission_runner.py:351] 1216.99s	5850	{'accuracy': 0.9868055582046509, 'loss': 0.018467674031853676}
I0411 20:34:19.527094 140498099443520 submission_runner.py:351] 1235.87s	5940	{'accuracy': 0.9895833730697632, 'loss': 0.008952619507908821}
I0411 20:34:38.101159 140498099443520 submission_runner.py:351] 1254.70s	6030	{'accuracy': 0.9868055582046509, 'loss': 0.011867363005876541}
W0411 20:34:38.103444 140498099443520 early_stopping.py:102] Early stop due to no improvement.
I0411 20:34:39.662449 140498099443520 submission_runner.py:448] --- Tuning run 5/5 ---
I0411 20:35:04.455275 140498099443520 submission_runner.py:351] 3.42s	0	{'accuracy': 0.0076388888992369175, 'loss': 4.57567024230957}
I0411 20:35:23.118574 140498099443520 submission_runner.py:351] 21.81s	90	{'accuracy': 0.0520833358168602, 'loss': 4.393829345703125}
I0411 20:35:41.804140 140498099443520 submission_runner.py:351] 40.68s	180	{'accuracy': 0.3236111104488373, 'loss': 3.1019628047943115}
I0411 20:36:00.432971 140498099443520 submission_runner.py:351] 59.35s	270	{'accuracy': 0.5854166746139526, 'loss': 1.889719009399414}
I0411 20:36:19.478619 140498099443520 submission_runner.py:351] 78.03s	360	{'accuracy': 0.7930555939674377, 'loss': 0.9262029528617859}
I0411 20:36:39.098138 140498099443520 submission_runner.py:351] 97.56s	450	{'accuracy': 0.8777778148651123, 'loss': 0.48977118730545044}
I0411 20:36:57.850844 140498099443520 submission_runner.py:351] 116.77s	540	{'accuracy': 0.9368056058883667, 'loss': 0.2303980588912964}
I0411 20:37:16.511487 140498099443520 submission_runner.py:351] 135.45s	630	{'accuracy': 0.9631944894790649, 'loss': 0.1416996419429779}
I0411 20:37:35.212461 140498099443520 submission_runner.py:351] 154.18s	720	{'accuracy': 0.9722222685813904, 'loss': 0.08725865930318832}
I0411 20:37:53.899806 140498099443520 submission_runner.py:351] 172.85s	810	{'accuracy': 0.9763889312744141, 'loss': 0.06337735801935196}
I0411 20:38:12.571712 140498099443520 submission_runner.py:351] 191.52s	900	{'accuracy': 0.9812500476837158, 'loss': 0.050383880734443665}
I0411 20:38:32.167979 140498099443520 submission_runner.py:351] 210.59s	990	{'accuracy': 0.9750000238418579, 'loss': 0.056571342051029205}
I0411 20:38:51.518348 140498099443520 submission_runner.py:351] 230.07s	1080	{'accuracy': 0.9736111164093018, 'loss': 0.04956601932644844}
I0411 20:39:10.372228 140498099443520 submission_runner.py:351] 249.23s	1170	{'accuracy': 0.9826388955116272, 'loss': 0.05189286917448044}
I0411 20:39:30.845523 140498099443520 submission_runner.py:351] 268.10s	1260	{'accuracy': 0.9868055582046509, 'loss': 0.02798486314713955}
I0411 20:39:49.393874 140498099443520 submission_runner.py:351] 288.10s	1350	{'accuracy': 0.9861111640930176, 'loss': 0.022859906777739525}
I0411 20:40:07.890118 140498099443520 submission_runner.py:351] 306.65s	1440	{'accuracy': 0.9847222566604614, 'loss': 0.022160004824399948}
I0411 20:40:26.501339 140498099443520 submission_runner.py:351] 325.21s	1530	{'accuracy': 0.988194465637207, 'loss': 0.01545269787311554}
I0411 20:40:44.967213 140498099443520 submission_runner.py:351] 343.81s	1620	{'accuracy': 0.9868055582046509, 'loss': 0.01869375817477703}
I0411 20:41:03.630163 140498099443520 submission_runner.py:351] 362.26s	1710	{'accuracy': 0.988194465637207, 'loss': 0.021473539993166924}
I0411 20:41:22.418262 140498099443520 submission_runner.py:351] 380.97s	1800	{'accuracy': 0.9895833730697632, 'loss': 0.01096420083194971}
I0411 20:41:41.101385 140498099443520 submission_runner.py:351] 399.81s	1890	{'accuracy': 0.9854167103767395, 'loss': 0.014446251094341278}
I0411 20:41:59.566841 140498099443520 submission_runner.py:351] 418.37s	1980	{'accuracy': 0.988194465637207, 'loss': 0.02277642861008644}
I0411 20:42:18.348598 140498099443520 submission_runner.py:351] 436.69s	2070	{'accuracy': 0.9888889193534851, 'loss': 0.00803605280816555}
I0411 20:42:36.808227 140498099443520 submission_runner.py:351] 455.66s	2160	{'accuracy': 0.987500011920929, 'loss': 0.019443318247795105}
I0411 20:42:55.061524 140498099443520 submission_runner.py:351] 474.01s	2250	{'accuracy': 0.9868055582046509, 'loss': 0.015419279225170612}
I0411 20:43:13.567711 140498099443520 submission_runner.py:351] 492.29s	2340	{'accuracy': 0.9888889193534851, 'loss': 0.014166665263473988}
I0411 20:43:31.970866 140498099443520 submission_runner.py:351] 510.80s	2430	{'accuracy': 0.9888889193534851, 'loss': 0.01083749532699585}
I0411 20:43:50.200505 140498099443520 submission_runner.py:351] 529.19s	2520	{'accuracy': 0.9902778267860413, 'loss': 0.007839992642402649}
I0411 20:44:08.705375 140498099443520 submission_runner.py:351] 547.43s	2610	{'accuracy': 0.988194465637207, 'loss': 0.019331643357872963}
I0411 20:44:27.577192 140498099443520 submission_runner.py:351] 566.11s	2700	{'accuracy': 0.9888889193534851, 'loss': 0.025276152417063713}
I0411 20:44:45.932363 140498099443520 submission_runner.py:351] 584.85s	2790	{'accuracy': 0.9888889193534851, 'loss': 0.015420924872159958}
I0411 20:45:04.176583 140498099443520 submission_runner.py:351] 603.14s	2880	{'accuracy': 0.9861111640930176, 'loss': 0.019223004579544067}
I0411 20:45:22.497977 140498099443520 submission_runner.py:351] 621.39s	2970	{'accuracy': 0.9895833730697632, 'loss': 0.010034340433776379}
I0411 20:45:41.072393 140498099443520 submission_runner.py:351] 639.91s	3060	{'accuracy': 0.9847222566604614, 'loss': 0.014491717331111431}
I0411 20:45:59.328694 140498099443520 submission_runner.py:351] 658.34s	3150	{'accuracy': 0.9888889193534851, 'loss': 0.00744254607707262}
I0411 20:46:17.614218 140498099443520 submission_runner.py:351] 676.59s	3240	{'accuracy': 0.9854167103767395, 'loss': 0.02263505756855011}
I0411 20:46:36.201926 140498099443520 submission_runner.py:351] 694.89s	3330	{'accuracy': 0.9888889193534851, 'loss': 0.02030554600059986}
I0411 20:46:54.584178 140498099443520 submission_runner.py:351] 713.49s	3420	{'accuracy': 0.9902778267860413, 'loss': 0.005239255726337433}
I0411 20:47:12.872236 140498099443520 submission_runner.py:351] 731.87s	3510	{'accuracy': 0.9895833730697632, 'loss': 0.006349216680973768}
I0411 20:47:31.298810 140498099443520 submission_runner.py:351] 750.17s	3600	{'accuracy': 0.988194465637207, 'loss': 0.015713205561041832}
I0411 20:47:49.621477 140498099443520 submission_runner.py:351] 768.61s	3690	{'accuracy': 0.987500011920929, 'loss': 0.024650510400533676}
I0411 20:48:07.970222 140498099443520 submission_runner.py:351] 786.94s	3780	{'accuracy': 0.9888889193534851, 'loss': 0.009814096614718437}
I0411 20:48:26.411717 140498099443520 submission_runner.py:351] 805.30s	3870	{'accuracy': 0.9888889193534851, 'loss': 0.013086332939565182}
I0411 20:48:45.019325 140498099443520 submission_runner.py:351] 823.98s	3960	{'accuracy': 0.988194465637207, 'loss': 0.02133474126458168}
I0411 20:49:03.350313 140498099443520 submission_runner.py:351] 842.36s	4050	{'accuracy': 0.9902778267860413, 'loss': 0.008116544224321842}
I0411 20:49:21.757260 140498099443520 submission_runner.py:351] 860.71s	4140	{'accuracy': 0.9888889193534851, 'loss': 0.0070906952023506165}
I0411 20:49:40.279910 140498099443520 submission_runner.py:351] 879.16s	4230	{'accuracy': 0.988194465637207, 'loss': 0.014750292524695396}
I0411 20:49:58.994868 140498099443520 submission_runner.py:351] 897.67s	4320	{'accuracy': 0.988194465637207, 'loss': 0.015757229179143906}
I0411 20:50:17.425693 140498099443520 submission_runner.py:351] 916.40s	4410	{'accuracy': 0.988194465637207, 'loss': 0.012839476577937603}
I0411 20:50:36.256031 140498099443520 submission_runner.py:351] 934.85s	4500	{'accuracy': 0.9902778267860413, 'loss': 0.00473306467756629}
I0411 20:50:55.397858 140498099443520 submission_runner.py:351] 953.94s	4590	{'accuracy': 0.9895833730697632, 'loss': 0.007777720224112272}
I0411 20:51:14.673503 140498099443520 submission_runner.py:351] 973.08s	4680	{'accuracy': 0.9895833730697632, 'loss': 0.009135420434176922}
I0411 20:51:33.680667 140498099443520 submission_runner.py:351] 992.38s	4770	{'accuracy': 0.988194465637207, 'loss': 0.008263112977147102}
I0411 20:51:52.831399 140498099443520 submission_runner.py:351] 1011.39s	4860	{'accuracy': 0.9888889193534851, 'loss': 0.015535052865743637}
I0411 20:52:11.415041 140498099443520 submission_runner.py:351] 1030.31s	4950	{'accuracy': 0.988194465637207, 'loss': 0.013657811097800732}
I0411 20:52:31.471939 140498099443520 submission_runner.py:351] 1048.85s	5040	{'accuracy': 0.988194465637207, 'loss': 0.023349259048700333}
I0411 20:52:49.498084 140498099443520 submission_runner.py:351] 1068.49s	5130	{'accuracy': 0.9840278029441833, 'loss': 0.018416307866573334}
I0411 20:53:07.488388 140498099443520 submission_runner.py:351] 1086.51s	5220	{'accuracy': 0.9902778267860413, 'loss': 0.006124681327491999}
I0411 20:53:25.515795 140498099443520 submission_runner.py:351] 1104.51s	5310	{'accuracy': 0.987500011920929, 'loss': 0.029797406867146492}
I0411 20:53:43.552835 140498099443520 submission_runner.py:351] 1122.59s	5400	{'accuracy': 0.9895833730697632, 'loss': 0.010168400593101978}
I0411 20:54:01.603729 140498099443520 submission_runner.py:351] 1140.64s	5490	{'accuracy': 0.9895833730697632, 'loss': 0.006172104272991419}
I0411 20:54:19.685968 140498099443520 submission_runner.py:351] 1158.68s	5580	{'accuracy': 0.9888889193534851, 'loss': 0.01444676611572504}
I0411 20:54:37.756943 140498099443520 submission_runner.py:351] 1176.76s	5670	{'accuracy': 0.9895833730697632, 'loss': 0.009883174672722816}
I0411 20:54:55.838374 140498099443520 submission_runner.py:351] 1194.89s	5760	{'accuracy': 0.9895833730697632, 'loss': 0.004140731878578663}
I0411 20:55:13.938033 140498099443520 submission_runner.py:351] 1212.99s	5850	{'accuracy': 0.9909722208976746, 'loss': 0.0020830680150538683}
I0411 20:55:32.094663 140498099443520 submission_runner.py:351] 1231.08s	5940	{'accuracy': 0.9895833730697632, 'loss': 0.008292152546346188}
I0411 20:55:50.380348 140498099443520 submission_runner.py:351] 1249.41s	6030	{'accuracy': 0.9902778267860413, 'loss': 0.004169858060777187}
I0411 20:56:08.516231 140498099443520 submission_runner.py:351] 1267.57s	6120	{'accuracy': 0.9895833730697632, 'loss': 0.007604250684380531}
I0411 20:56:26.646240 140498099443520 submission_runner.py:351] 1285.67s	6210	{'accuracy': 0.9902778267860413, 'loss': 0.0035789913963526487}
I0411 20:56:45.348674 140498099443520 submission_runner.py:351] 1303.84s	6300	{'accuracy': 0.9902778267860413, 'loss': 0.005645162891596556}
I0411 20:57:03.922165 140498099443520 submission_runner.py:351] 1322.67s	6390	{'accuracy': 0.9895833730697632, 'loss': 0.008007388561964035}
I0411 20:57:22.693413 140498099443520 submission_runner.py:351] 1341.27s	6480	{'accuracy': 0.9902778267860413, 'loss': 0.005378897301852703}
I0411 20:57:41.480728 140498099443520 submission_runner.py:351] 1359.93s	6570	{'accuracy': 0.9895833730697632, 'loss': 0.01696237362921238}
I0411 20:58:00.453109 140498099443520 submission_runner.py:351] 1378.90s	6660	{'accuracy': 0.988194465637207, 'loss': 0.016723940148949623}
I0411 20:58:19.099724 140498099443520 submission_runner.py:351] 1397.86s	6750	{'accuracy': 0.988194465637207, 'loss': 0.01391978282481432}
I0411 20:58:37.482780 140498099443520 submission_runner.py:351] 1416.36s	6840	{'accuracy': 0.9895833730697632, 'loss': 0.008125772699713707}
I0411 20:58:55.628765 140498099443520 submission_runner.py:351] 1434.67s	6930	{'accuracy': 0.9888889193534851, 'loss': 0.013910508714616299}
I0411 20:59:13.759527 140498099443520 submission_runner.py:351] 1452.82s	7020	{'accuracy': 0.988194465637207, 'loss': 0.02151341177523136}
I0411 20:59:31.930393 140498099443520 submission_runner.py:351] 1470.97s	7110	{'accuracy': 0.9888889193534851, 'loss': 0.015774909406900406}
I0411 20:59:50.138990 140498099443520 submission_runner.py:351] 1489.18s	7200	{'accuracy': 0.988194465637207, 'loss': 0.026303967460989952}
I0411 21:00:08.282482 140498099443520 submission_runner.py:351] 1507.37s	7290	{'accuracy': 0.9888889193534851, 'loss': 0.017685260623693466}
I0411 21:00:26.456991 140498099443520 submission_runner.py:351] 1525.51s	7380	{'accuracy': 0.9888889193534851, 'loss': 0.013230121694505215}
I0411 21:00:45.005043 140498099443520 submission_runner.py:351] 1543.72s	7470	{'accuracy': 0.988194465637207, 'loss': 0.012540380470454693}
I0411 21:01:03.815179 140498099443520 submission_runner.py:351] 1562.50s	7560	{'accuracy': 0.9868055582046509, 'loss': 0.016553085297346115}
I0411 21:01:22.109186 140498099443520 submission_runner.py:351] 1581.14s	7650	{'accuracy': 0.9888889193534851, 'loss': 0.013062980957329273}
I0411 21:01:40.401292 140498099443520 submission_runner.py:351] 1599.43s	7740	{'accuracy': 0.9895833730697632, 'loss': 0.010953724384307861}
W0411 21:01:40.403714 140498099443520 early_stopping.py:102] Early stop due to no improvement.
I0411 21:01:41.963099 140498099443520 submission_runner.py:460] ===== Results =====
I0411 21:01:41.963548 140498099443520 submission_runner.py:462] Tuning trial 1/5
I0411 21:01:41.963639 140498099443520 submission_runner.py:463] Hyperparameters: {'learning_rate': 0.001, 'momentum': 0.9}
I0411 21:01:41.963752 140498099443520 submission_runner.py:465] Metrics: (9090, {'accuracy': 0.9916666746139526, 'loss': 0.0001305696932831779})
I0411 21:01:41.963830 140498099443520 submission_runner.py:468] Timing: 277.2103590965271
I0411 21:01:41.963891 140498099443520 submission_runner.py:469] ====================
I0411 21:01:41.963940 140498099443520 submission_runner.py:462] Tuning trial 2/5
I0411 21:01:41.963991 140498099443520 submission_runner.py:463] Hyperparameters: {'learning_rate': 0.001, 'momentum': 0.9}
I0411 21:01:41.964056 140498099443520 submission_runner.py:465] Metrics: (5580, {'accuracy': 0.9895833730697632, 'loss': 0.013955889269709587})
I0411 21:01:41.964123 140498099443520 submission_runner.py:468] Timing: 166.52778148651123
I0411 21:01:41.964175 140498099443520 submission_runner.py:469] ====================
I0411 21:01:41.964222 140498099443520 submission_runner.py:462] Tuning trial 3/5
I0411 21:01:41.964273 140498099443520 submission_runner.py:463] Hyperparameters: {'learning_rate': 0.001, 'momentum': 0.9}
I0411 21:01:41.964334 140498099443520 submission_runner.py:465] Metrics: (7740, {'accuracy': 0.9909722208976746, 'loss': 0.002242104848846793})
I0411 21:01:41.964399 140498099443520 submission_runner.py:468] Timing: 230.0538420677185
I0411 21:01:41.964450 140498099443520 submission_runner.py:469] ====================
I0411 21:01:41.964498 140498099443520 submission_runner.py:462] Tuning trial 4/5
I0411 21:01:41.964559 140498099443520 submission_runner.py:463] Hyperparameters: {'learning_rate': 0.001, 'momentum': 0.9}
I0411 21:01:41.964623 140498099443520 submission_runner.py:465] Metrics: (6030, {'accuracy': 0.9868055582046509, 'loss': 0.011867363005876541})
I0411 21:01:41.964689 140498099443520 submission_runner.py:468] Timing: 181.7803554534912
I0411 21:01:41.964741 140498099443520 submission_runner.py:469] ====================
I0411 21:01:41.964788 140498099443520 submission_runner.py:462] Tuning trial 5/5
I0411 21:01:41.964836 140498099443520 submission_runner.py:463] Hyperparameters: {'learning_rate': 0.001, 'momentum': 0.9}
I0411 21:01:41.964893 140498099443520 submission_runner.py:465] Metrics: (7740, {'accuracy': 0.9895833730697632, 'loss': 0.010953724384307861})
I0411 21:01:41.964951 140498099443520 submission_runner.py:468] Timing: 233.27456521987915
I0411 21:01:41.965002 140498099443520 submission_runner.py:469] ====================
I0411 21:01:43.159322 140498099443520 submission_runner.py:507] Final coil100_jax_dropout score: 166.527781
