W0413 14:45:07.247320 139914740242240 logging_utils.py:329] Unable to record package information. Continuing without it.
I0413 14:45:09.883750 139914740242240 submission_runner.py:455] --- Tuning run 1/5 ---
I0413 14:45:42.574925 139914740242240 submission_runner.py:357] 3.44s	0	{'accuracy': 0.09750000387430191, 'loss': 2.3392722606658936}
I0413 14:46:06.955277 139914740242240 submission_runner.py:357] 36.60s	781	{'accuracy': 0.396200031042099, 'loss': 1.6610418558120728}
I0413 14:46:24.792666 139914740242240 submission_runner.py:357] 54.68s	1562	{'accuracy': 0.4740000367164612, 'loss': 1.4462164640426636}
I0413 14:46:42.268186 139914740242240 submission_runner.py:357] 71.99s	2343	{'accuracy': 0.5268000364303589, 'loss': 1.3122756481170654}
I0413 14:47:00.036162 139914740242240 submission_runner.py:357] 89.61s	3124	{'accuracy': 0.5595000386238098, 'loss': 1.2286038398742676}
I0413 14:47:18.934423 139914740242240 submission_runner.py:357] 108.66s	3905	{'accuracy': 0.5826000571250916, 'loss': 1.1743379831314087}
I0413 14:47:36.851689 139914740242240 submission_runner.py:357] 126.69s	4686	{'accuracy': 0.6198000311851501, 'loss': 1.0796195268630981}
I0413 14:47:54.846314 139914740242240 submission_runner.py:357] 144.66s	5467	{'accuracy': 0.6391000151634216, 'loss': 1.0163077116012573}
I0413 14:48:13.057760 139914740242240 submission_runner.py:357] 162.88s	6248	{'accuracy': 0.6573000550270081, 'loss': 0.9624042510986328}
I0413 14:48:32.137890 139914740242240 submission_runner.py:357] 181.77s	7029	{'accuracy': 0.671500027179718, 'loss': 0.9124643802642822}
I0413 14:48:49.927824 139914740242240 submission_runner.py:357] 199.49s	7810	{'accuracy': 0.6811000108718872, 'loss': 0.8962457180023193}
I0413 14:49:07.308566 139914740242240 submission_runner.py:357] 217.13s	8591	{'accuracy': 0.700700044631958, 'loss': 0.8401193618774414}
I0413 14:49:24.547131 139914740242240 submission_runner.py:357] 234.31s	9372	{'accuracy': 0.697700023651123, 'loss': 0.8394812941551208}
I0413 14:49:40.604901 139914740242240 submission_runner.py:357] 250.46s	10153	{'accuracy': 0.7178000211715698, 'loss': 0.7987374663352966}
I0413 14:49:57.901471 139914740242240 submission_runner.py:357] 267.71s	10934	{'accuracy': 0.719700038433075, 'loss': 0.7879006266593933}
I0413 14:50:15.337965 139914740242240 submission_runner.py:357] 285.18s	11715	{'accuracy': 0.7354000210762024, 'loss': 0.7539927363395691}
I0413 14:50:33.723398 139914740242240 submission_runner.py:357] 303.24s	12496	{'accuracy': 0.7400000095367432, 'loss': 0.7380083799362183}
I0413 14:50:51.664200 139914740242240 submission_runner.py:357] 321.45s	13277	{'accuracy': 0.7466000318527222, 'loss': 0.7251625061035156}
I0413 14:51:08.517871 139914740242240 submission_runner.py:357] 338.51s	14058	{'accuracy': 0.7568000555038452, 'loss': 0.6922436356544495}
I0413 14:51:24.690503 139914740242240 submission_runner.py:357] 354.43s	14839	{'accuracy': 0.7622000575065613, 'loss': 0.6814291477203369}
I0413 14:51:43.195780 139914740242240 submission_runner.py:357] 373.00s	15620	{'accuracy': 0.7671000361442566, 'loss': 0.6681318879127502}
I0413 14:52:00.704202 139914740242240 submission_runner.py:357] 390.52s	16401	{'accuracy': 0.7736000418663025, 'loss': 0.6572367548942566}
I0413 14:52:16.707579 139914740242240 submission_runner.py:357] 406.80s	17182	{'accuracy': 0.7755000591278076, 'loss': 0.6441246271133423}
I0413 14:52:32.782708 139914740242240 submission_runner.py:357] 422.48s	17963	{'accuracy': 0.7755000591278076, 'loss': 0.6408550143241882}
I0413 14:52:51.116843 139914740242240 submission_runner.py:357] 440.97s	18744	{'accuracy': 0.7818000316619873, 'loss': 0.6309229135513306}
I0413 14:53:09.537703 139914740242240 submission_runner.py:357] 459.32s	19525	{'accuracy': 0.7834000587463379, 'loss': 0.6225358247756958}
I0413 14:53:27.796906 139914740242240 submission_runner.py:357] 477.63s	20306	{'accuracy': 0.7867000102996826, 'loss': 0.6149430274963379}
I0413 14:53:45.814458 139914740242240 submission_runner.py:357] 495.63s	21087	{'accuracy': 0.7940000295639038, 'loss': 0.601401686668396}
I0413 14:54:02.924157 139914740242240 submission_runner.py:357] 512.71s	21868	{'accuracy': 0.797700047492981, 'loss': 0.5987754464149475}
I0413 14:54:21.110334 139914740242240 submission_runner.py:357] 531.00s	22649	{'accuracy': 0.7930000424385071, 'loss': 0.6048541069030762}
I0413 14:54:38.441322 139914740242240 submission_runner.py:357] 548.45s	23430	{'accuracy': 0.796000063419342, 'loss': 0.607455313205719}
I0413 14:54:56.099010 139914740242240 submission_runner.py:357] 565.37s	24211	{'accuracy': 0.8033000230789185, 'loss': 0.5818745493888855}
I0413 14:55:13.923001 139914740242240 submission_runner.py:357] 583.58s	24992	{'accuracy': 0.7951000332832336, 'loss': 0.6039878129959106}
I0413 14:55:32.680757 139914740242240 submission_runner.py:357] 602.38s	25773	{'accuracy': 0.8016000390052795, 'loss': 0.5791676044464111}
I0413 14:55:51.039373 139914740242240 submission_runner.py:357] 620.77s	26554	{'accuracy': 0.8092000484466553, 'loss': 0.5622590780258179}
I0413 14:56:08.435316 139914740242240 submission_runner.py:357] 638.19s	27335	{'accuracy': 0.8023000359535217, 'loss': 0.586624801158905}
I0413 14:56:26.164256 139914740242240 submission_runner.py:357] 655.75s	28116	{'accuracy': 0.8030000329017639, 'loss': 0.5965443849563599}
I0413 14:56:43.810234 139914740242240 submission_runner.py:357] 673.43s	28897	{'accuracy': 0.8087000250816345, 'loss': 0.5687758922576904}
I0413 14:57:02.081242 139914740242240 submission_runner.py:357] 691.75s	29678	{'accuracy': 0.8069000244140625, 'loss': 0.5716185569763184}
I0413 14:57:19.427707 139914740242240 submission_runner.py:357] 709.26s	30459	{'accuracy': 0.8092000484466553, 'loss': 0.5725305080413818}
I0413 14:57:37.245570 139914740242240 submission_runner.py:357] 726.65s	31240	{'accuracy': 0.8147000670433044, 'loss': 0.5618187785148621}
I0413 14:57:55.579060 139914740242240 submission_runner.py:357] 745.35s	32021	{'accuracy': 0.8130000233650208, 'loss': 0.5698359608650208}
I0413 14:58:13.612508 139914740242240 submission_runner.py:357] 763.37s	32802	{'accuracy': 0.8101000189781189, 'loss': 0.5740743279457092}
I0413 14:58:31.394344 139914740242240 submission_runner.py:357] 781.08s	33583	{'accuracy': 0.8193000555038452, 'loss': 0.5551277995109558}
I0413 14:58:49.071369 139914740242240 submission_runner.py:357] 798.79s	34364	{'accuracy': 0.8113000392913818, 'loss': 0.5780316591262817}
I0413 14:59:06.479526 139914740242240 submission_runner.py:357] 816.18s	35145	{'accuracy': 0.8184000253677368, 'loss': 0.574232280254364}
I0413 14:59:24.255148 139914740242240 submission_runner.py:357] 833.88s	35926	{'accuracy': 0.817300021648407, 'loss': 0.5504284501075745}
I0413 14:59:41.775364 139914740242240 submission_runner.py:357] 851.57s	36707	{'accuracy': 0.8142000436782837, 'loss': 0.5666696429252625}
I0413 14:59:59.121809 139914740242240 submission_runner.py:357] 868.84s	37488	{'accuracy': 0.8160000443458557, 'loss': 0.5721620321273804}
I0413 15:00:17.244109 139914740242240 submission_runner.py:357] 886.39s	38269	{'accuracy': 0.819100022315979, 'loss': 0.5595502853393555}
I0413 15:00:36.625357 139914740242240 submission_runner.py:357] 906.41s	39050	{'accuracy': 0.8176000118255615, 'loss': 0.5706050992012024}
I0413 15:00:56.250001 139914740242240 submission_runner.py:357] 925.77s	39831	{'accuracy': 0.8171000480651855, 'loss': 0.5685303807258606}
I0413 15:01:15.008196 139914740242240 submission_runner.py:357] 944.68s	40612	{'accuracy': 0.8179000616073608, 'loss': 0.5777922868728638}
I0413 15:01:33.124044 139914740242240 submission_runner.py:357] 962.82s	41393	{'accuracy': 0.8251000642776489, 'loss': 0.5622666478157043}
I0413 15:01:51.376274 139914740242240 submission_runner.py:357] 981.00s	42174	{'accuracy': 0.8210000395774841, 'loss': 0.5736619830131531}
I0413 15:02:09.013800 139914740242240 submission_runner.py:357] 998.95s	42955	{'accuracy': 0.8232000470161438, 'loss': 0.5629263520240784}
I0413 15:02:25.831201 139914740242240 submission_runner.py:357] 1015.66s	43736	{'accuracy': 0.8229000568389893, 'loss': 0.5681857466697693}
I0413 15:02:43.167658 139914740242240 submission_runner.py:357] 1032.35s	44517	{'accuracy': 0.8226000666618347, 'loss': 0.5835496187210083}
I0413 15:03:00.897122 139914740242240 submission_runner.py:357] 1050.79s	45298	{'accuracy': 0.8213000297546387, 'loss': 0.5928322076797485}
I0413 15:03:17.318932 139914740242240 submission_runner.py:357] 1067.29s	46079	{'accuracy': 0.8256000280380249, 'loss': 0.5767740607261658}
I0413 15:03:33.912308 139914740242240 submission_runner.py:357] 1083.64s	46860	{'accuracy': 0.8228000402450562, 'loss': 0.5889210104942322}
I0413 15:03:51.555843 139914740242240 submission_runner.py:357] 1101.41s	47641	{'accuracy': 0.8256000280380249, 'loss': 0.5908699035644531}
I0413 15:04:09.271895 139914740242240 submission_runner.py:357] 1119.20s	48422	{'accuracy': 0.8278000354766846, 'loss': 0.5952275395393372}
I0413 15:04:27.088267 139914740242240 submission_runner.py:357] 1136.69s	49203	{'accuracy': 0.8333000540733337, 'loss': 0.5880033373832703}
I0413 15:04:44.528258 139914740242240 submission_runner.py:357] 1154.36s	49984	{'accuracy': 0.8259000182151794, 'loss': 0.6103374361991882}
I0413 15:05:01.858083 139914740242240 submission_runner.py:357] 1171.85s	50765	{'accuracy': 0.8259000182151794, 'loss': 0.6013898849487305}
I0413 15:05:20.089815 139914740242240 submission_runner.py:357] 1189.52s	51546	{'accuracy': 0.822700023651123, 'loss': 0.6037136316299438}
I0413 15:05:37.365498 139914740242240 submission_runner.py:357] 1207.28s	52327	{'accuracy': 0.8243000507354736, 'loss': 0.606810986995697}
W0413 15:05:37.367129 139914740242240 early_stopping.py:102] Early stop due to no improvement.
I0413 15:05:38.179668 139914740242240 submission_runner.py:455] --- Tuning run 2/5 ---
I0413 15:05:41.197135 139914740242240 submission_runner.py:357] 0.28s	0	{'accuracy': 0.10370000451803207, 'loss': 2.3156495094299316}
I0413 15:06:05.563290 139914740242240 submission_runner.py:357] 24.44s	781	{'accuracy': 0.3963000178337097, 'loss': 1.685227632522583}
I0413 15:06:23.302637 139914740242240 submission_runner.py:357] 41.90s	1562	{'accuracy': 0.4789000153541565, 'loss': 1.433382272720337}
I0413 15:06:41.073215 139914740242240 submission_runner.py:357] 59.80s	2343	{'accuracy': 0.511900007724762, 'loss': 1.360500693321228}
I0413 15:06:58.754924 139914740242240 submission_runner.py:357] 77.63s	3124	{'accuracy': 0.5545000433921814, 'loss': 1.2350740432739258}
I0413 15:07:16.997886 139914740242240 submission_runner.py:357] 95.69s	3905	{'accuracy': 0.6034000515937805, 'loss': 1.125492811203003}
I0413 15:07:35.059804 139914740242240 submission_runner.py:357] 113.81s	4686	{'accuracy': 0.6282000541687012, 'loss': 1.0445587635040283}
I0413 15:07:52.726980 139914740242240 submission_runner.py:357] 131.03s	5467	{'accuracy': 0.650700032711029, 'loss': 0.9985107183456421}
I0413 15:08:09.725276 139914740242240 submission_runner.py:357] 148.71s	6248	{'accuracy': 0.666100025177002, 'loss': 0.9349943995475769}
I0413 15:08:26.184103 139914740242240 submission_runner.py:357] 165.16s	7029	{'accuracy': 0.6769000291824341, 'loss': 0.9196006059646606}
I0413 15:08:43.489335 139914740242240 submission_runner.py:357] 182.27s	7810	{'accuracy': 0.7045000195503235, 'loss': 0.8386602997779846}
I0413 15:09:02.050893 139914740242240 submission_runner.py:357] 200.98s	8591	{'accuracy': 0.7064000368118286, 'loss': 0.8265179991722107}
I0413 15:09:19.595857 139914740242240 submission_runner.py:357] 218.71s	9372	{'accuracy': 0.7179000377655029, 'loss': 0.8022570013999939}
I0413 15:09:37.015163 139914740242240 submission_runner.py:357] 235.87s	10153	{'accuracy': 0.7320000529289246, 'loss': 0.7771264314651489}
I0413 15:09:55.043432 139914740242240 submission_runner.py:357] 253.79s	10934	{'accuracy': 0.7444000244140625, 'loss': 0.734050989151001}
I0413 15:10:13.883172 139914740242240 submission_runner.py:357] 272.03s	11715	{'accuracy': 0.7523000240325928, 'loss': 0.7188566327095032}
I0413 15:10:33.201790 139914740242240 submission_runner.py:357] 291.86s	12496	{'accuracy': 0.7440000176429749, 'loss': 0.7237493991851807}
I0413 15:10:52.379795 139914740242240 submission_runner.py:357] 311.29s	13277	{'accuracy': 0.7582000494003296, 'loss': 0.6955490112304688}
I0413 15:11:10.445933 139914740242240 submission_runner.py:357] 329.07s	14058	{'accuracy': 0.7635000348091125, 'loss': 0.682309091091156}
I0413 15:11:30.802606 139914740242240 submission_runner.py:357] 349.45s	14839	{'accuracy': 0.7672000527381897, 'loss': 0.6635171175003052}
I0413 15:11:49.558122 139914740242240 submission_runner.py:357] 368.12s	15620	{'accuracy': 0.7689000368118286, 'loss': 0.6682711243629456}
I0413 15:12:07.246169 139914740242240 submission_runner.py:357] 386.16s	16401	{'accuracy': 0.7761000394821167, 'loss': 0.6520553231239319}
I0413 15:12:24.463717 139914740242240 submission_runner.py:357] 403.29s	17182	{'accuracy': 0.778700053691864, 'loss': 0.6426475644111633}
I0413 15:12:41.836524 139914740242240 submission_runner.py:357] 420.79s	17963	{'accuracy': 0.7869000434875488, 'loss': 0.6252948045730591}
I0413 15:12:59.518830 139914740242240 submission_runner.py:357] 437.93s	18744	{'accuracy': 0.7852000594139099, 'loss': 0.6228237152099609}
I0413 15:13:16.764429 139914740242240 submission_runner.py:357] 455.68s	19525	{'accuracy': 0.7892000079154968, 'loss': 0.6201914548873901}
I0413 15:13:35.380049 139914740242240 submission_runner.py:357] 474.18s	20306	{'accuracy': 0.7933000326156616, 'loss': 0.604216992855072}
I0413 15:13:53.131313 139914740242240 submission_runner.py:357] 491.96s	21087	{'accuracy': 0.788800060749054, 'loss': 0.6048473119735718}
I0413 15:14:10.588109 139914740242240 submission_runner.py:357] 509.54s	21868	{'accuracy': 0.7937000393867493, 'loss': 0.6093630194664001}
I0413 15:14:27.923018 139914740242240 submission_runner.py:357] 526.79s	22649	{'accuracy': 0.8010000586509705, 'loss': 0.5863328576087952}
I0413 15:14:44.960121 139914740242240 submission_runner.py:357] 543.89s	23430	{'accuracy': 0.8038000464439392, 'loss': 0.5865601301193237}
I0413 15:15:01.943973 139914740242240 submission_runner.py:357] 560.89s	24211	{'accuracy': 0.8010000586509705, 'loss': 0.5871604681015015}
I0413 15:15:18.961645 139914740242240 submission_runner.py:357] 577.81s	24992	{'accuracy': 0.8032000660896301, 'loss': 0.5749274492263794}
I0413 15:15:36.246320 139914740242240 submission_runner.py:357] 594.77s	25773	{'accuracy': 0.8035000562667847, 'loss': 0.5734639763832092}
I0413 15:15:53.266254 139914740242240 submission_runner.py:357] 612.15s	26554	{'accuracy': 0.8070000410079956, 'loss': 0.5926975607872009}
I0413 15:16:11.023903 139914740242240 submission_runner.py:357] 629.91s	27335	{'accuracy': 0.8088000416755676, 'loss': 0.5698453187942505}
I0413 15:16:28.443455 139914740242240 submission_runner.py:357] 647.20s	28116	{'accuracy': 0.8121000528335571, 'loss': 0.5741412043571472}
I0413 15:16:45.734822 139914740242240 submission_runner.py:357] 664.60s	28897	{'accuracy': 0.815000057220459, 'loss': 0.5551989078521729}
I0413 15:17:03.665874 139914740242240 submission_runner.py:357] 682.57s	29678	{'accuracy': 0.8088000416755676, 'loss': 0.5797251462936401}
I0413 15:17:20.821250 139914740242240 submission_runner.py:357] 699.89s	30459	{'accuracy': 0.8119000196456909, 'loss': 0.5732595324516296}
I0413 15:17:37.375725 139914740242240 submission_runner.py:357] 716.45s	31240	{'accuracy': 0.8149000406265259, 'loss': 0.5607349872589111}
I0413 15:17:55.194252 139914740242240 submission_runner.py:357] 734.19s	32021	{'accuracy': 0.8153000473976135, 'loss': 0.5670814514160156}
I0413 15:18:12.073018 139914740242240 submission_runner.py:357] 750.65s	32802	{'accuracy': 0.8151000142097473, 'loss': 0.5570238828659058}
I0413 15:18:29.019742 139914740242240 submission_runner.py:357] 768.08s	33583	{'accuracy': 0.8161000609397888, 'loss': 0.5704126358032227}
I0413 15:18:46.046944 139914740242240 submission_runner.py:357] 785.15s	34364	{'accuracy': 0.8183000683784485, 'loss': 0.5506975650787354}
I0413 15:19:02.354836 139914740242240 submission_runner.py:357] 801.46s	35145	{'accuracy': 0.8197000622749329, 'loss': 0.5720795392990112}
I0413 15:19:18.713032 139914740242240 submission_runner.py:357] 817.69s	35926	{'accuracy': 0.8174000382423401, 'loss': 0.5741074681282043}
I0413 15:19:36.036880 139914740242240 submission_runner.py:357] 834.90s	36707	{'accuracy': 0.8228000402450562, 'loss': 0.5579451322555542}
I0413 15:19:52.433236 139914740242240 submission_runner.py:357] 851.53s	37488	{'accuracy': 0.8188000321388245, 'loss': 0.5749040246009827}
I0413 15:20:09.903399 139914740242240 submission_runner.py:357] 868.82s	38269	{'accuracy': 0.8211000561714172, 'loss': 0.5695913434028625}
I0413 15:20:27.632514 139914740242240 submission_runner.py:357] 886.08s	39050	{'accuracy': 0.8242000341415405, 'loss': 0.5588716864585876}
I0413 15:20:45.035270 139914740242240 submission_runner.py:357] 903.88s	39831	{'accuracy': 0.8237000107765198, 'loss': 0.5692813992500305}
I0413 15:21:02.289892 139914740242240 submission_runner.py:357] 921.13s	40612	{'accuracy': 0.82750004529953, 'loss': 0.5582394599914551}
I0413 15:21:19.560450 139914740242240 submission_runner.py:357] 938.49s	41393	{'accuracy': 0.8230000138282776, 'loss': 0.5761409401893616}
I0413 15:21:37.007901 139914740242240 submission_runner.py:357] 955.90s	42174	{'accuracy': 0.8244000673294067, 'loss': 0.5676619410514832}
I0413 15:21:54.159164 139914740242240 submission_runner.py:357] 973.04s	42955	{'accuracy': 0.8254000544548035, 'loss': 0.5652370452880859}
I0413 15:22:11.198973 139914740242240 submission_runner.py:357] 990.19s	43736	{'accuracy': 0.8255000114440918, 'loss': 0.568328320980072}
I0413 15:22:28.178756 139914740242240 submission_runner.py:357] 1007.03s	44517	{'accuracy': 0.826900064945221, 'loss': 0.5698097944259644}
I0413 15:22:45.788987 139914740242240 submission_runner.py:357] 1024.70s	45298	{'accuracy': 0.8241000175476074, 'loss': 0.5830416083335876}
I0413 15:23:02.531963 139914740242240 submission_runner.py:357] 1040.97s	46079	{'accuracy': 0.8208000659942627, 'loss': 0.6099346280097961}
I0413 15:23:21.047592 139914740242240 submission_runner.py:357] 1060.00s	46860	{'accuracy': 0.8236000537872314, 'loss': 0.5899132490158081}
I0413 15:23:37.048501 139914740242240 submission_runner.py:357] 1076.22s	47641	{'accuracy': 0.8242000341415405, 'loss': 0.5980604887008667}
I0413 15:23:54.188933 139914740242240 submission_runner.py:357] 1093.08s	48422	{'accuracy': 0.8267000317573547, 'loss': 0.5889610648155212}
I0413 15:24:10.796608 139914740242240 submission_runner.py:357] 1109.69s	49203	{'accuracy': 0.8290000557899475, 'loss': 0.5845239162445068}
I0413 15:24:27.985385 139914740242240 submission_runner.py:357] 1126.88s	49984	{'accuracy': 0.8301000595092773, 'loss': 0.5781646966934204}
I0413 15:24:45.041889 139914740242240 submission_runner.py:357] 1143.99s	50765	{'accuracy': 0.8272000551223755, 'loss': 0.6176639199256897}
W0413 15:24:45.043968 139914740242240 early_stopping.py:102] Early stop due to no improvement.
I0413 15:24:45.679313 139914740242240 submission_runner.py:455] --- Tuning run 3/5 ---
I0413 15:24:48.763554 139914740242240 submission_runner.py:357] 0.29s	0	{'accuracy': 0.10120000690221786, 'loss': 2.3022820949554443}
I0413 15:25:12.177426 139914740242240 submission_runner.py:357] 23.55s	781	{'accuracy': 0.38210001587867737, 'loss': 1.7269319295883179}
I0413 15:25:30.489323 139914740242240 submission_runner.py:357] 41.35s	1562	{'accuracy': 0.46570003032684326, 'loss': 1.4630239009857178}
I0413 15:25:47.924955 139914740242240 submission_runner.py:357] 59.35s	2343	{'accuracy': 0.5107000470161438, 'loss': 1.3438724279403687}
I0413 15:26:05.950888 139914740242240 submission_runner.py:357] 77.38s	3124	{'accuracy': 0.5588000416755676, 'loss': 1.2380317449569702}
I0413 15:26:24.509390 139914740242240 submission_runner.py:357] 95.81s	3905	{'accuracy': 0.5872000455856323, 'loss': 1.1582943201065063}
I0413 15:26:42.494399 139914740242240 submission_runner.py:357] 113.88s	4686	{'accuracy': 0.6124000549316406, 'loss': 1.0886975526809692}
I0413 15:26:59.897939 139914740242240 submission_runner.py:357] 131.30s	5467	{'accuracy': 0.6211000084877014, 'loss': 1.0557516813278198}
I0413 15:27:17.235990 139914740242240 submission_runner.py:357] 148.65s	6248	{'accuracy': 0.6546000242233276, 'loss': 0.9622105956077576}
I0413 15:27:34.715870 139914740242240 submission_runner.py:357] 166.11s	7029	{'accuracy': 0.6810000538825989, 'loss': 0.9029381275177002}
I0413 15:27:53.951976 139914740242240 submission_runner.py:357] 184.84s	7810	{'accuracy': 0.6948000192642212, 'loss': 0.8728353977203369}
I0413 15:28:11.271452 139914740242240 submission_runner.py:357] 202.76s	8591	{'accuracy': 0.7039000391960144, 'loss': 0.8440574407577515}
I0413 15:28:28.627251 139914740242240 submission_runner.py:357] 220.12s	9372	{'accuracy': 0.7136000394821167, 'loss': 0.8184715509414673}
I0413 15:28:45.035518 139914740242240 submission_runner.py:357] 236.61s	10153	{'accuracy': 0.7273000478744507, 'loss': 0.7809365391731262}
I0413 15:29:01.371853 139914740242240 submission_runner.py:357] 252.89s	10934	{'accuracy': 0.7259000539779663, 'loss': 0.7795586585998535}
I0413 15:29:19.541504 139914740242240 submission_runner.py:357] 270.70s	11715	{'accuracy': 0.742400050163269, 'loss': 0.7345733046531677}
I0413 15:29:38.617886 139914740242240 submission_runner.py:357] 289.97s	12496	{'accuracy': 0.7468000650405884, 'loss': 0.7146471738815308}
I0413 15:29:55.849719 139914740242240 submission_runner.py:357] 307.35s	13277	{'accuracy': 0.7496000528335571, 'loss': 0.7189207077026367}
I0413 15:30:13.431506 139914740242240 submission_runner.py:357] 324.76s	14058	{'accuracy': 0.7633000612258911, 'loss': 0.6782400012016296}
I0413 15:30:31.489341 139914740242240 submission_runner.py:357] 342.33s	14839	{'accuracy': 0.7651000618934631, 'loss': 0.6670051217079163}
I0413 15:30:49.464727 139914740242240 submission_runner.py:357] 360.78s	15620	{'accuracy': 0.7609000205993652, 'loss': 0.6791857481002808}
I0413 15:31:07.476483 139914740242240 submission_runner.py:357] 378.76s	16401	{'accuracy': 0.7737000584602356, 'loss': 0.6518559455871582}
I0413 15:31:24.979851 139914740242240 submission_runner.py:357] 396.46s	17182	{'accuracy': 0.7762000560760498, 'loss': 0.6454877257347107}
I0413 15:31:41.774865 139914740242240 submission_runner.py:357] 413.36s	17963	{'accuracy': 0.7783000469207764, 'loss': 0.6362168192863464}
I0413 15:31:57.655674 139914740242240 submission_runner.py:357] 429.26s	18744	{'accuracy': 0.7869000434875488, 'loss': 0.6187595725059509}
I0413 15:32:14.555391 139914740242240 submission_runner.py:357] 445.79s	19525	{'accuracy': 0.785800039768219, 'loss': 0.6158779859542847}
I0413 15:32:33.137232 139914740242240 submission_runner.py:357] 464.59s	20306	{'accuracy': 0.7819000482559204, 'loss': 0.6303935647010803}
I0413 15:32:51.902024 139914740242240 submission_runner.py:357] 483.35s	21087	{'accuracy': 0.7855000495910645, 'loss': 0.617795467376709}
I0413 15:33:09.724165 139914740242240 submission_runner.py:357] 500.84s	21868	{'accuracy': 0.7867000102996826, 'loss': 0.6291382908821106}
I0413 15:33:26.108580 139914740242240 submission_runner.py:357] 517.63s	22649	{'accuracy': 0.7909000515937805, 'loss': 0.5987849831581116}
I0413 15:33:42.518437 139914740242240 submission_runner.py:357] 534.10s	23430	{'accuracy': 0.7998000383377075, 'loss': 0.5842163562774658}
I0413 15:33:59.569305 139914740242240 submission_runner.py:357] 551.06s	24211	{'accuracy': 0.7986000180244446, 'loss': 0.5873194336891174}
I0413 15:34:16.567093 139914740242240 submission_runner.py:357] 568.05s	24992	{'accuracy': 0.8052000403404236, 'loss': 0.56749427318573}
I0413 15:34:34.643599 139914740242240 submission_runner.py:357] 585.98s	25773	{'accuracy': 0.8051000237464905, 'loss': 0.5719874501228333}
I0413 15:34:51.970931 139914740242240 submission_runner.py:357] 603.40s	26554	{'accuracy': 0.8075000643730164, 'loss': 0.5607621073722839}
I0413 15:35:08.795027 139914740242240 submission_runner.py:357] 620.22s	27335	{'accuracy': 0.806600034236908, 'loss': 0.5636415481567383}
I0413 15:35:27.493309 139914740242240 submission_runner.py:357] 638.15s	28116	{'accuracy': 0.8068000674247742, 'loss': 0.5638383030891418}
I0413 15:35:45.678168 139914740242240 submission_runner.py:357] 657.02s	28897	{'accuracy': 0.806600034236908, 'loss': 0.5691300630569458}
I0413 15:36:03.361811 139914740242240 submission_runner.py:357] 674.76s	29678	{'accuracy': 0.8133000135421753, 'loss': 0.5599435567855835}
I0413 15:36:21.375598 139914740242240 submission_runner.py:357] 692.80s	30459	{'accuracy': 0.815000057220459, 'loss': 0.5489734411239624}
I0413 15:36:38.899671 139914740242240 submission_runner.py:357] 710.35s	31240	{'accuracy': 0.8131000399589539, 'loss': 0.5519497394561768}
I0413 15:36:57.347925 139914740242240 submission_runner.py:357] 728.68s	32021	{'accuracy': 0.8171000480651855, 'loss': 0.5474504828453064}
I0413 15:37:16.235072 139914740242240 submission_runner.py:357] 747.61s	32802	{'accuracy': 0.8092000484466553, 'loss': 0.5650603771209717}
I0413 15:37:32.318329 139914740242240 submission_runner.py:357] 763.97s	33583	{'accuracy': 0.8134000301361084, 'loss': 0.5534849762916565}
I0413 15:37:48.418118 139914740242240 submission_runner.py:357] 779.86s	34364	{'accuracy': 0.8122000098228455, 'loss': 0.5714740753173828}
I0413 15:38:06.455235 139914740242240 submission_runner.py:357] 797.35s	35145	{'accuracy': 0.8121000528335571, 'loss': 0.5744894742965698}
I0413 15:38:24.299436 139914740242240 submission_runner.py:357] 815.56s	35926	{'accuracy': 0.8137000203132629, 'loss': 0.5598627924919128}
I0413 15:38:43.101116 139914740242240 submission_runner.py:357] 834.32s	36707	{'accuracy': 0.8170000314712524, 'loss': 0.5599043965339661}
I0413 15:39:00.847433 139914740242240 submission_runner.py:357] 852.29s	37488	{'accuracy': 0.8156000375747681, 'loss': 0.5604243874549866}
I0413 15:39:18.483005 139914740242240 submission_runner.py:357] 869.79s	38269	{'accuracy': 0.8123000264167786, 'loss': 0.5819041132926941}
I0413 15:39:36.031255 139914740242240 submission_runner.py:357] 887.42s	39050	{'accuracy': 0.8165000677108765, 'loss': 0.5635896921157837}
I0413 15:39:53.132096 139914740242240 submission_runner.py:357] 904.55s	39831	{'accuracy': 0.8211000561714172, 'loss': 0.5503528118133545}
I0413 15:40:11.306520 139914740242240 submission_runner.py:357] 922.72s	40612	{'accuracy': 0.818600058555603, 'loss': 0.5624349117279053}
I0413 15:40:28.953583 139914740242240 submission_runner.py:357] 940.25s	41393	{'accuracy': 0.8216000199317932, 'loss': 0.5627734661102295}
I0413 15:40:46.402044 139914740242240 submission_runner.py:357] 957.53s	42174	{'accuracy': 0.8240000605583191, 'loss': 0.5603222250938416}
I0413 15:41:02.361868 139914740242240 submission_runner.py:357] 974.00s	42955	{'accuracy': 0.8218000531196594, 'loss': 0.571704626083374}
I0413 15:41:19.898440 139914740242240 submission_runner.py:357] 991.29s	43736	{'accuracy': 0.8178000450134277, 'loss': 0.5777285695075989}
I0413 15:41:37.661618 139914740242240 submission_runner.py:357] 1008.94s	44517	{'accuracy': 0.822700023651123, 'loss': 0.5601963400840759}
I0413 15:41:56.101109 139914740242240 submission_runner.py:357] 1027.40s	45298	{'accuracy': 0.8228000402450562, 'loss': 0.5732247829437256}
I0413 15:42:14.219275 139914740242240 submission_runner.py:357] 1045.56s	46079	{'accuracy': 0.8214000463485718, 'loss': 0.5755318403244019}
I0413 15:42:31.919229 139914740242240 submission_runner.py:357] 1063.31s	46860	{'accuracy': 0.8226000666618347, 'loss': 0.5789815783500671}
I0413 15:42:49.802978 139914740242240 submission_runner.py:357] 1081.25s	47641	{'accuracy': 0.8205000162124634, 'loss': 0.57000732421875}
I0413 15:43:08.066656 139914740242240 submission_runner.py:357] 1099.39s	48422	{'accuracy': 0.8169000148773193, 'loss': 0.6003097891807556}
W0413 15:43:08.068416 139914740242240 early_stopping.py:102] Early stop due to no improvement.
I0413 15:43:08.691213 139914740242240 submission_runner.py:455] --- Tuning run 4/5 ---
I0413 15:43:12.369910 139914740242240 submission_runner.py:357] 0.34s	0	{'accuracy': 0.10890000313520432, 'loss': 2.2993392944335938}
I0413 15:43:36.132435 139914740242240 submission_runner.py:357] 24.18s	781	{'accuracy': 0.3952000141143799, 'loss': 1.6392961740493774}
I0413 15:43:53.867042 139914740242240 submission_runner.py:357] 41.95s	1562	{'accuracy': 0.4807000160217285, 'loss': 1.4240244626998901}
I0413 15:44:10.123321 139914740242240 submission_runner.py:357] 58.23s	2343	{'accuracy': 0.525600016117096, 'loss': 1.325329065322876}
I0413 15:44:26.732915 139914740242240 submission_runner.py:357] 74.77s	3124	{'accuracy': 0.5644000172615051, 'loss': 1.2123949527740479}
I0413 15:44:43.819673 139914740242240 submission_runner.py:357] 91.78s	3905	{'accuracy': 0.5989000201225281, 'loss': 1.1374320983886719}
I0413 15:45:02.069355 139914740242240 submission_runner.py:357] 109.98s	4686	{'accuracy': 0.6222000122070312, 'loss': 1.0667178630828857}
I0413 15:45:19.301513 139914740242240 submission_runner.py:357] 127.30s	5467	{'accuracy': 0.6354000568389893, 'loss': 1.0208534002304077}
I0413 15:45:36.917284 139914740242240 submission_runner.py:357] 144.50s	6248	{'accuracy': 0.6680000424385071, 'loss': 0.9423261284828186}
I0413 15:45:54.678428 139914740242240 submission_runner.py:357] 162.59s	7029	{'accuracy': 0.6817000508308411, 'loss': 0.9002582430839539}
I0413 15:46:12.153362 139914740242240 submission_runner.py:357] 180.12s	7810	{'accuracy': 0.6930000185966492, 'loss': 0.8702223300933838}
I0413 15:46:29.812222 139914740242240 submission_runner.py:357] 197.84s	8591	{'accuracy': 0.6956000328063965, 'loss': 0.8507616519927979}
I0413 15:46:47.509086 139914740242240 submission_runner.py:357] 215.37s	9372	{'accuracy': 0.714900016784668, 'loss': 0.8077512383460999}
I0413 15:47:05.193322 139914740242240 submission_runner.py:357] 232.99s	10153	{'accuracy': 0.7278000116348267, 'loss': 0.7654581069946289}
I0413 15:47:22.773115 139914740242240 submission_runner.py:357] 250.60s	10934	{'accuracy': 0.7353000640869141, 'loss': 0.7572201490402222}
I0413 15:47:40.582219 139914740242240 submission_runner.py:357] 268.44s	11715	{'accuracy': 0.7434000372886658, 'loss': 0.7306292057037354}
I0413 15:47:59.829194 139914740242240 submission_runner.py:357] 287.63s	12496	{'accuracy': 0.7417000532150269, 'loss': 0.747528076171875}
I0413 15:48:18.339408 139914740242240 submission_runner.py:357] 305.75s	13277	{'accuracy': 0.7599000334739685, 'loss': 0.7067362666130066}
I0413 15:48:36.259726 139914740242240 submission_runner.py:357] 324.25s	14058	{'accuracy': 0.7546000480651855, 'loss': 0.7062232494354248}
I0413 15:48:54.034653 139914740242240 submission_runner.py:357] 341.95s	14839	{'accuracy': 0.7574000358581543, 'loss': 0.7015544176101685}
I0413 15:49:11.441708 139914740242240 submission_runner.py:357] 359.43s	15620	{'accuracy': 0.7660000324249268, 'loss': 0.6676024794578552}
I0413 15:49:28.446598 139914740242240 submission_runner.py:357] 376.27s	16401	{'accuracy': 0.773900032043457, 'loss': 0.645582914352417}
I0413 15:49:46.339148 139914740242240 submission_runner.py:357] 394.55s	17182	{'accuracy': 0.7717000246047974, 'loss': 0.6598203182220459}
I0413 15:50:03.750670 139914740242240 submission_runner.py:357] 411.65s	17963	{'accuracy': 0.7755000591278076, 'loss': 0.6426059007644653}
I0413 15:50:20.863680 139914740242240 submission_runner.py:357] 429.01s	18744	{'accuracy': 0.7814000248908997, 'loss': 0.6321686506271362}
I0413 15:50:38.029793 139914740242240 submission_runner.py:357] 446.00s	19525	{'accuracy': 0.7793000340461731, 'loss': 0.6268426179885864}
I0413 15:50:55.679316 139914740242240 submission_runner.py:357] 462.95s	20306	{'accuracy': 0.7813000082969666, 'loss': 0.6319727301597595}
I0413 15:51:14.107624 139914740242240 submission_runner.py:357] 481.96s	21087	{'accuracy': 0.7915000319480896, 'loss': 0.6012389659881592}
I0413 15:51:31.859376 139914740242240 submission_runner.py:357] 499.76s	21868	{'accuracy': 0.7953000664710999, 'loss': 0.5881529450416565}
I0413 15:51:49.251633 139914740242240 submission_runner.py:357] 517.17s	22649	{'accuracy': 0.7930000424385071, 'loss': 0.6087765693664551}
I0413 15:52:06.539648 139914740242240 submission_runner.py:357] 534.50s	23430	{'accuracy': 0.7956000566482544, 'loss': 0.5904406309127808}
I0413 15:52:23.900732 139914740242240 submission_runner.py:357] 551.78s	24211	{'accuracy': 0.7915000319480896, 'loss': 0.6023367047309875}
I0413 15:52:40.942746 139914740242240 submission_runner.py:357] 568.95s	24992	{'accuracy': 0.796000063419342, 'loss': 0.6011747121810913}
I0413 15:52:58.160897 139914740242240 submission_runner.py:357] 586.10s	25773	{'accuracy': 0.8024000525474548, 'loss': 0.573741614818573}
I0413 15:53:15.807710 139914740242240 submission_runner.py:357] 603.16s	26554	{'accuracy': 0.8003000617027283, 'loss': 0.5815038084983826}
I0413 15:53:34.395134 139914740242240 submission_runner.py:357] 622.35s	27335	{'accuracy': 0.8007000088691711, 'loss': 0.5767271518707275}
I0413 15:53:52.939402 139914740242240 submission_runner.py:357] 640.96s	28116	{'accuracy': 0.8016000390052795, 'loss': 0.574209988117218}
I0413 15:54:11.491295 139914740242240 submission_runner.py:357] 659.52s	28897	{'accuracy': 0.8076000213623047, 'loss': 0.565726637840271}
I0413 15:54:27.827559 139914740242240 submission_runner.py:357] 675.98s	29678	{'accuracy': 0.8070000410079956, 'loss': 0.5676026344299316}
I0413 15:54:43.507781 139914740242240 submission_runner.py:357] 691.69s	30459	{'accuracy': 0.8090000152587891, 'loss': 0.5715329647064209}
I0413 15:54:59.824424 139914740242240 submission_runner.py:357] 707.82s	31240	{'accuracy': 0.8116000294685364, 'loss': 0.5633904933929443}
I0413 15:55:17.522846 139914740242240 submission_runner.py:357] 725.36s	32021	{'accuracy': 0.8127000331878662, 'loss': 0.5637314319610596}
I0413 15:55:34.955809 139914740242240 submission_runner.py:357] 742.93s	32802	{'accuracy': 0.8103000521659851, 'loss': 0.5716028809547424}
I0413 15:55:52.587221 139914740242240 submission_runner.py:357] 760.11s	33583	{'accuracy': 0.8160000443458557, 'loss': 0.5543549656867981}
I0413 15:56:10.994393 139914740242240 submission_runner.py:357] 778.96s	34364	{'accuracy': 0.8094000220298767, 'loss': 0.5759956240653992}
I0413 15:56:29.425819 139914740242240 submission_runner.py:357] 797.55s	35145	{'accuracy': 0.8127000331878662, 'loss': 0.5693041086196899}
I0413 15:56:45.413506 139914740242240 submission_runner.py:357] 813.61s	35926	{'accuracy': 0.8116000294685364, 'loss': 0.5671294927597046}
I0413 15:57:01.267480 139914740242240 submission_runner.py:357] 829.39s	36707	{'accuracy': 0.8096000552177429, 'loss': 0.5717132687568665}
I0413 15:57:18.943768 139914740242240 submission_runner.py:357] 846.79s	37488	{'accuracy': 0.8144000172615051, 'loss': 0.564325213432312}
I0413 15:57:38.103127 139914740242240 submission_runner.py:357] 866.01s	38269	{'accuracy': 0.816800057888031, 'loss': 0.5821104049682617}
I0413 15:57:55.424874 139914740242240 submission_runner.py:357] 883.38s	39050	{'accuracy': 0.8134000301361084, 'loss': 0.5797998309135437}
I0413 15:58:12.285773 139914740242240 submission_runner.py:357] 900.21s	39831	{'accuracy': 0.8125000596046448, 'loss': 0.5804303288459778}
I0413 15:58:30.246779 139914740242240 submission_runner.py:357] 917.56s	40612	{'accuracy': 0.8172000646591187, 'loss': 0.5802294611930847}
I0413 15:58:48.549388 139914740242240 submission_runner.py:357] 936.55s	41393	{'accuracy': 0.8091000318527222, 'loss': 0.5919678807258606}
I0413 15:59:06.919331 139914740242240 submission_runner.py:357] 954.78s	42174	{'accuracy': 0.8169000148773193, 'loss': 0.5736734867095947}
I0413 15:59:24.734036 139914740242240 submission_runner.py:357] 972.56s	42955	{'accuracy': 0.8192000389099121, 'loss': 0.5589502453804016}
I0413 15:59:42.906240 139914740242240 submission_runner.py:357] 990.72s	43736	{'accuracy': 0.8170000314712524, 'loss': 0.5679361820220947}
I0413 16:00:01.584209 139914740242240 submission_runner.py:357] 1009.53s	44517	{'accuracy': 0.8098000288009644, 'loss': 0.6082749962806702}
I0413 16:00:19.228113 139914740242240 submission_runner.py:357] 1027.32s	45298	{'accuracy': 0.8206000328063965, 'loss': 0.5701062679290771}
I0413 16:00:35.639307 139914740242240 submission_runner.py:357] 1043.83s	46079	{'accuracy': 0.8187000155448914, 'loss': 0.5985523462295532}
I0413 16:00:51.663050 139914740242240 submission_runner.py:357] 1059.42s	46860	{'accuracy': 0.8199000358581543, 'loss': 0.5816869139671326}
I0413 16:01:07.422791 139914740242240 submission_runner.py:357] 1075.61s	47641	{'accuracy': 0.8188000321388245, 'loss': 0.5982761979103088}
I0413 16:01:23.273725 139914740242240 submission_runner.py:357] 1091.39s	48422	{'accuracy': 0.820400059223175, 'loss': 0.5963104963302612}
I0413 16:01:39.996783 139914740242240 submission_runner.py:357] 1108.11s	49203	{'accuracy': 0.8242000341415405, 'loss': 0.5777015089988708}
I0413 16:01:56.515801 139914740242240 submission_runner.py:357] 1124.58s	49984	{'accuracy': 0.8260000348091125, 'loss': 0.5780796408653259}
W0413 16:01:56.517369 139914740242240 early_stopping.py:102] Early stop due to no improvement.
I0413 16:01:57.352764 139914740242240 submission_runner.py:455] --- Tuning run 5/5 ---
I0413 16:02:00.412453 139914740242240 submission_runner.py:357] 0.31s	0	{'accuracy': 0.10170000791549683, 'loss': 2.308711051940918}
I0413 16:02:24.283500 139914740242240 submission_runner.py:357] 23.83s	781	{'accuracy': 0.39000001549720764, 'loss': 1.6692758798599243}
I0413 16:02:42.010248 139914740242240 submission_runner.py:357] 41.72s	1562	{'accuracy': 0.48500001430511475, 'loss': 1.428255558013916}
I0413 16:02:58.902004 139914740242240 submission_runner.py:357] 58.64s	2343	{'accuracy': 0.5369000434875488, 'loss': 1.2848230600357056}
I0413 16:03:16.467123 139914740242240 submission_runner.py:357] 75.85s	3124	{'accuracy': 0.560200035572052, 'loss': 1.2222036123275757}
I0413 16:03:33.939963 139914740242240 submission_runner.py:357] 93.68s	3905	{'accuracy': 0.6039000153541565, 'loss': 1.0968341827392578}
I0413 16:03:51.936349 139914740242240 submission_runner.py:357] 111.68s	4686	{'accuracy': 0.6244000196456909, 'loss': 1.038957118988037}
I0413 16:04:10.457647 139914740242240 submission_runner.py:357] 130.24s	5467	{'accuracy': 0.6480000019073486, 'loss': 0.987714409828186}
I0413 16:04:28.609731 139914740242240 submission_runner.py:357] 148.47s	6248	{'accuracy': 0.6760000586509705, 'loss': 0.9117917418479919}
I0413 16:04:45.014652 139914740242240 submission_runner.py:357] 164.96s	7029	{'accuracy': 0.6914000511169434, 'loss': 0.8782095313072205}
I0413 16:05:01.873548 139914740242240 submission_runner.py:357] 181.54s	7810	{'accuracy': 0.7063000202178955, 'loss': 0.8372033834457397}
I0413 16:05:19.756477 139914740242240 submission_runner.py:357] 199.51s	8591	{'accuracy': 0.7127000093460083, 'loss': 0.820029616355896}
I0413 16:05:38.545294 139914740242240 submission_runner.py:357] 218.23s	9372	{'accuracy': 0.7271000146865845, 'loss': 0.77517169713974}
I0413 16:05:57.753127 139914740242240 submission_runner.py:357] 236.94s	10153	{'accuracy': 0.7268000245094299, 'loss': 0.7759795784950256}
I0413 16:06:15.998432 139914740242240 submission_runner.py:357] 255.76s	10934	{'accuracy': 0.7374000549316406, 'loss': 0.7415187954902649}
I0413 16:06:34.095025 139914740242240 submission_runner.py:357] 273.86s	11715	{'accuracy': 0.7405000329017639, 'loss': 0.7291001677513123}
I0413 16:06:50.130294 139914740242240 submission_runner.py:357] 290.15s	12496	{'accuracy': 0.7577000260353088, 'loss': 0.6946830749511719}
I0413 16:07:06.311800 139914740242240 submission_runner.py:357] 306.29s	13277	{'accuracy': 0.7556000351905823, 'loss': 0.7037750482559204}
I0413 16:07:22.209672 139914740242240 submission_runner.py:357] 322.13s	14058	{'accuracy': 0.7656000256538391, 'loss': 0.6731849312782288}
I0413 16:07:37.838917 139914740242240 submission_runner.py:357] 337.85s	14839	{'accuracy': 0.7689000368118286, 'loss': 0.6591654419898987}
I0413 16:07:53.530255 139914740242240 submission_runner.py:357] 353.46s	15620	{'accuracy': 0.7705000638961792, 'loss': 0.6548267006874084}
I0413 16:08:09.740947 139914740242240 submission_runner.py:357] 369.21s	16401	{'accuracy': 0.7778000235557556, 'loss': 0.6440173983573914}
I0413 16:08:26.129888 139914740242240 submission_runner.py:357] 385.96s	17182	{'accuracy': 0.7766000628471375, 'loss': 0.6395349502563477}
I0413 16:08:42.446371 139914740242240 submission_runner.py:357] 402.35s	17963	{'accuracy': 0.7812000513076782, 'loss': 0.6215859651565552}
I0413 16:08:59.512965 139914740242240 submission_runner.py:357] 419.30s	18744	{'accuracy': 0.7849000096321106, 'loss': 0.6106159090995789}
I0413 16:09:17.774404 139914740242240 submission_runner.py:357] 437.53s	19525	{'accuracy': 0.7806000113487244, 'loss': 0.6263176798820496}
I0413 16:09:35.151531 139914740242240 submission_runner.py:357] 455.02s	20306	{'accuracy': 0.7907000184059143, 'loss': 0.6039015054702759}
I0413 16:09:50.862622 139914740242240 submission_runner.py:357] 470.87s	21087	{'accuracy': 0.7937000393867493, 'loss': 0.5961205363273621}
I0413 16:10:06.174592 139914740242240 submission_runner.py:357] 486.16s	21868	{'accuracy': 0.8001000285148621, 'loss': 0.5961117744445801}
I0413 16:10:21.461335 139914740242240 submission_runner.py:357] 501.42s	22649	{'accuracy': 0.801300048828125, 'loss': 0.5899463891983032}
I0413 16:10:37.448145 139914740242240 submission_runner.py:357] 516.97s	23430	{'accuracy': 0.8032000660896301, 'loss': 0.5716941356658936}
I0413 16:10:53.305115 139914740242240 submission_runner.py:357] 533.28s	24211	{'accuracy': 0.7972000241279602, 'loss': 0.6025593280792236}
I0413 16:11:09.114886 139914740242240 submission_runner.py:357] 549.07s	24992	{'accuracy': 0.8073000311851501, 'loss': 0.5703708529472351}
I0413 16:11:24.884166 139914740242240 submission_runner.py:357] 564.81s	25773	{'accuracy': 0.8078000545501709, 'loss': 0.5716428160667419}
I0413 16:11:40.532145 139914740242240 submission_runner.py:357] 580.56s	26554	{'accuracy': 0.8039000630378723, 'loss': 0.5811906456947327}
I0413 16:11:56.051728 139914740242240 submission_runner.py:357] 596.04s	27335	{'accuracy': 0.8092000484466553, 'loss': 0.5722189545631409}
I0413 16:12:11.772941 139914740242240 submission_runner.py:357] 611.76s	28116	{'accuracy': 0.8116000294685364, 'loss': 0.5662809610366821}
I0413 16:12:28.221186 139914740242240 submission_runner.py:357] 628.01s	28897	{'accuracy': 0.8093000650405884, 'loss': 0.561137318611145}
I0413 16:12:44.740490 139914740242240 submission_runner.py:357] 644.50s	29678	{'accuracy': 0.8095000386238098, 'loss': 0.5763206481933594}
I0413 16:13:00.746556 139914740242240 submission_runner.py:357] 660.23s	30459	{'accuracy': 0.8139000535011292, 'loss': 0.5614784359931946}
I0413 16:13:16.515864 139914740242240 submission_runner.py:357] 676.50s	31240	{'accuracy': 0.8164000511169434, 'loss': 0.5546635985374451}
I0413 16:13:32.359943 139914740242240 submission_runner.py:357] 692.39s	32021	{'accuracy': 0.8156000375747681, 'loss': 0.5569443702697754}
I0413 16:13:48.103815 139914740242240 submission_runner.py:357] 708.11s	32802	{'accuracy': 0.818600058555603, 'loss': 0.5596081018447876}
I0413 16:14:06.089277 139914740242240 submission_runner.py:357] 725.83s	33583	{'accuracy': 0.8161000609397888, 'loss': 0.5561550855636597}
I0413 16:14:24.768902 139914740242240 submission_runner.py:357] 744.50s	34364	{'accuracy': 0.8165000677108765, 'loss': 0.559192419052124}
I0413 16:14:43.110313 139914740242240 submission_runner.py:357] 762.84s	35145	{'accuracy': 0.8190000653266907, 'loss': 0.5617995262145996}
I0413 16:15:01.317493 139914740242240 submission_runner.py:357] 780.98s	35926	{'accuracy': 0.8136000633239746, 'loss': 0.5785588622093201}
I0413 16:15:18.808857 139914740242240 submission_runner.py:357] 798.44s	36707	{'accuracy': 0.817300021648407, 'loss': 0.5659725069999695}
I0413 16:15:38.394984 139914740242240 submission_runner.py:357] 817.47s	37488	{'accuracy': 0.8169000148773193, 'loss': 0.5670531392097473}
I0413 16:15:56.940496 139914740242240 submission_runner.py:357] 836.51s	38269	{'accuracy': 0.8205000162124634, 'loss': 0.5445972681045532}
I0413 16:16:14.653226 139914740242240 submission_runner.py:357] 854.34s	39050	{'accuracy': 0.8225000500679016, 'loss': 0.5627680420875549}
I0413 16:16:32.635589 139914740242240 submission_runner.py:357] 872.29s	39831	{'accuracy': 0.8201000094413757, 'loss': 0.554876446723938}
I0413 16:16:49.796920 139914740242240 submission_runner.py:357] 889.53s	40612	{'accuracy': 0.816800057888031, 'loss': 0.5681173205375671}
I0413 16:17:07.576970 139914740242240 submission_runner.py:357] 907.34s	41393	{'accuracy': 0.8225000500679016, 'loss': 0.5612310767173767}
I0413 16:17:25.727880 139914740242240 submission_runner.py:357] 925.46s	42174	{'accuracy': 0.8219000101089478, 'loss': 0.560634970664978}
I0413 16:17:44.059959 139914740242240 submission_runner.py:357] 943.77s	42955	{'accuracy': 0.8244000673294067, 'loss': 0.545774519443512}
I0413 16:18:02.890198 139914740242240 submission_runner.py:357] 962.11s	43736	{'accuracy': 0.8235000371932983, 'loss': 0.5723881721496582}
I0413 16:18:20.965440 139914740242240 submission_runner.py:357] 980.60s	44517	{'accuracy': 0.8228000402450562, 'loss': 0.5793939828872681}
I0413 16:18:39.531206 139914740242240 submission_runner.py:357] 999.17s	45298	{'accuracy': 0.8225000500679016, 'loss': 0.5691441893577576}
I0413 16:18:57.919111 139914740242240 submission_runner.py:357] 1017.53s	46079	{'accuracy': 0.8211000561714172, 'loss': 0.5874407887458801}
I0413 16:19:14.998172 139914740242240 submission_runner.py:357] 1034.75s	46860	{'accuracy': 0.8184000253677368, 'loss': 0.609387993812561}
I0413 16:19:32.387984 139914740242240 submission_runner.py:357] 1052.07s	47641	{'accuracy': 0.8222000598907471, 'loss': 0.5806266665458679}
I0413 16:19:49.238618 139914740242240 submission_runner.py:357] 1068.98s	48422	{'accuracy': 0.8200000524520874, 'loss': 0.5978749394416809}
I0413 16:20:06.495867 139914740242240 submission_runner.py:357] 1086.20s	49203	{'accuracy': 0.8226000666618347, 'loss': 0.5776239037513733}
I0413 16:20:24.155504 139914740242240 submission_runner.py:357] 1103.77s	49984	{'accuracy': 0.8213000297546387, 'loss': 0.5966412425041199}
I0413 16:20:41.705996 139914740242240 submission_runner.py:357] 1121.02s	50765	{'accuracy': 0.8231000304222107, 'loss': 0.5790405869483948}
I0413 16:20:58.206586 139914740242240 submission_runner.py:357] 1138.12s	51546	{'accuracy': 0.8233000636100769, 'loss': 0.5807972550392151}
I0413 16:21:15.936013 139914740242240 submission_runner.py:357] 1155.61s	52327	{'accuracy': 0.8240000605583191, 'loss': 0.5899271965026855}
I0413 16:21:34.224722 139914740242240 submission_runner.py:357] 1173.73s	53108	{'accuracy': 0.8240000605583191, 'loss': 0.5870593786239624}
I0413 16:21:53.076830 139914740242240 submission_runner.py:357] 1192.72s	53889	{'accuracy': 0.8261000514030457, 'loss': 0.6009710431098938}
I0413 16:22:11.548313 139914740242240 submission_runner.py:357] 1211.33s	54670	{'accuracy': 0.8237000107765198, 'loss': 0.6112673282623291}
W0413 16:22:11.549985 139914740242240 early_stopping.py:102] Early stop due to no improvement.
I0413 16:22:12.206224 139914740242240 submission_runner.py:467] ===== Results =====
I0413 16:22:12.206625 139914740242240 submission_runner.py:469] Tuning trial 1/5
I0413 16:22:12.206707 139914740242240 submission_runner.py:470] Hyperparameters: {'learning_rate': 0.001, 'momentum': 0.9}
I0413 16:22:12.206810 139914740242240 submission_runner.py:472] Metrics: (52327, {'accuracy': 0.8243000507354736, 'loss': 0.606810986995697})
I0413 16:22:12.206880 139914740242240 submission_runner.py:475] Timing: 944.5786788463593
I0413 16:22:12.206933 139914740242240 submission_runner.py:476] ====================
I0413 16:22:12.206990 139914740242240 submission_runner.py:469] Tuning trial 2/5
I0413 16:22:12.207037 139914740242240 submission_runner.py:470] Hyperparameters: {'learning_rate': 0.001, 'momentum': 0.9}
I0413 16:22:12.207098 139914740242240 submission_runner.py:472] Metrics: (50765, {'accuracy': 0.8272000551223755, 'loss': 0.6176639199256897})
I0413 16:22:12.207158 139914740242240 submission_runner.py:475] Timing: 895.7107434272766
I0413 16:22:12.207204 139914740242240 submission_runner.py:476] ====================
I0413 16:22:12.207248 139914740242240 submission_runner.py:469] Tuning trial 3/5
I0413 16:22:12.207293 139914740242240 submission_runner.py:470] Hyperparameters: {'learning_rate': 0.001, 'momentum': 0.9}
I0413 16:22:12.207350 139914740242240 submission_runner.py:472] Metrics: (48422, {'accuracy': 0.8169000148773193, 'loss': 0.6003097891807556})
I0413 16:22:12.207409 139914740242240 submission_runner.py:475] Timing: 865.3020734786987
I0413 16:22:12.207455 139914740242240 submission_runner.py:476] ====================
I0413 16:22:12.207498 139914740242240 submission_runner.py:469] Tuning trial 4/5
I0413 16:22:12.207554 139914740242240 submission_runner.py:470] Hyperparameters: {'learning_rate': 0.001, 'momentum': 0.9}
I0413 16:22:12.207610 139914740242240 submission_runner.py:472] Metrics: (49984, {'accuracy': 0.8260000348091125, 'loss': 0.5780796408653259})
I0413 16:22:12.207680 139914740242240 submission_runner.py:475] Timing: 886.9945278167725
I0413 16:22:12.207727 139914740242240 submission_runner.py:476] ====================
I0413 16:22:12.207770 139914740242240 submission_runner.py:469] Tuning trial 5/5
I0413 16:22:12.207814 139914740242240 submission_runner.py:470] Hyperparameters: {'learning_rate': 0.001, 'momentum': 0.9}
I0413 16:22:12.207867 139914740242240 submission_runner.py:472] Metrics: (54670, {'accuracy': 0.8237000107765198, 'loss': 0.6112673282623291})
I0413 16:22:12.207920 139914740242240 submission_runner.py:475] Timing: 953.8166399002075
I0413 16:22:12.207965 139914740242240 submission_runner.py:476] ====================
I0413 16:22:12.799527 139914740242240 submission_runner.py:514] Final cifar10_jax_dropout score: 865.302073
