W0412 03:41:47.022757 140513009710912 logging_utils.py:329] Unable to record package information. Continuing without it.
I0412 03:41:50.650188 140513009710912 submission_runner.py:448] --- Tuning run 1/5 ---
I0412 03:43:03.611923 140513009710912 submission_runner.py:351] 8.45s	0	{'accuracy': 0.012500000186264515, 'loss': 4.574214935302734}
I0412 03:43:12.802879 140513009710912 submission_runner.py:351] 42.37s	90	{'accuracy': 0.3222222328186035, 'loss': 2.97049880027771}
I0412 03:43:21.826845 140513009710912 submission_runner.py:351] 51.66s	180	{'accuracy': 0.7715277671813965, 'loss': 1.0297654867172241}
I0412 03:43:31.047313 140513009710912 submission_runner.py:351] 60.69s	270	{'accuracy': 0.9020833373069763, 'loss': 0.42068108916282654}
I0412 03:43:39.895911 140513009710912 submission_runner.py:351] 69.90s	360	{'accuracy': 0.9486111402511597, 'loss': 0.1845369189977646}
I0412 03:43:48.439831 140513009710912 submission_runner.py:351] 78.51s	450	{'accuracy': 0.9666666984558105, 'loss': 0.09537225216627121}
I0412 03:43:57.029759 140513009710912 submission_runner.py:351] 87.06s	540	{'accuracy': 0.9708333611488342, 'loss': 0.0693998634815216}
I0412 03:44:05.622088 140513009710912 submission_runner.py:351] 95.69s	630	{'accuracy': 0.9819444417953491, 'loss': 0.04110734164714813}
I0412 03:44:14.565619 140513009710912 submission_runner.py:351] 104.34s	720	{'accuracy': 0.9805555939674377, 'loss': 0.03199027106165886}
I0412 03:44:23.557904 140513009710912 submission_runner.py:351] 113.44s	810	{'accuracy': 0.9895833730697632, 'loss': 0.016680927947163582}
I0412 03:44:32.520695 140513009710912 submission_runner.py:351] 122.41s	900	{'accuracy': 0.9826388955116272, 'loss': 0.029177015647292137}
I0412 03:44:41.540951 140513009710912 submission_runner.py:351] 131.39s	990	{'accuracy': 0.9902778267860413, 'loss': 0.011390985921025276}
I0412 03:44:50.534811 140513009710912 submission_runner.py:351] 140.42s	1080	{'accuracy': 0.9868055582046509, 'loss': 0.020760389044880867}
I0412 03:44:59.544010 140513009710912 submission_runner.py:351] 149.38s	1170	{'accuracy': 0.9868055582046509, 'loss': 0.017825666815042496}
I0412 03:45:08.601936 140513009710912 submission_runner.py:351] 158.42s	1260	{'accuracy': 0.9854167103767395, 'loss': 0.014029975049197674}
I0412 03:45:17.673394 140513009710912 submission_runner.py:351] 167.45s	1350	{'accuracy': 0.9840278029441833, 'loss': 0.01278346125036478}
I0412 03:45:26.734369 140513009710912 submission_runner.py:351] 176.56s	1440	{'accuracy': 0.9909722208976746, 'loss': 0.008163831196725368}
I0412 03:45:35.708347 140513009710912 submission_runner.py:351] 185.57s	1530	{'accuracy': 0.9847222566604614, 'loss': 0.015500305220484734}
I0412 03:45:44.699062 140513009710912 submission_runner.py:351] 194.55s	1620	{'accuracy': 0.9895833730697632, 'loss': 0.007413437590003014}
I0412 03:45:53.694175 140513009710912 submission_runner.py:351] 203.55s	1710	{'accuracy': 0.9909722208976746, 'loss': 0.006336922757327557}
I0412 03:46:02.681311 140513009710912 submission_runner.py:351] 212.53s	1800	{'accuracy': 0.9861111640930176, 'loss': 0.01207530777901411}
I0412 03:46:11.744263 140513009710912 submission_runner.py:351] 221.55s	1890	{'accuracy': 0.9902778267860413, 'loss': 0.004125014413148165}
I0412 03:46:20.754027 140513009710912 submission_runner.py:351] 230.61s	1980	{'accuracy': 0.9895833730697632, 'loss': 0.00851654913276434}
I0412 03:46:29.560116 140513009710912 submission_runner.py:351] 239.43s	2070	{'accuracy': 0.9888889193534851, 'loss': 0.010264202021062374}
I0412 03:46:38.379357 140513009710912 submission_runner.py:351] 248.27s	2160	{'accuracy': 0.987500011920929, 'loss': 0.012950585223734379}
I0412 03:46:47.391125 140513009710912 submission_runner.py:351] 257.07s	2250	{'accuracy': 0.987500011920929, 'loss': 0.012138538993895054}
I0412 03:46:56.151003 140513009710912 submission_runner.py:351] 266.11s	2340	{'accuracy': 0.9909722208976746, 'loss': 0.005020793527364731}
I0412 03:47:04.761353 140513009710912 submission_runner.py:351] 274.71s	2430	{'accuracy': 0.9909722208976746, 'loss': 0.0023095370270311832}
I0412 03:47:13.768127 140513009710912 submission_runner.py:351] 283.34s	2520	{'accuracy': 0.9916666746139526, 'loss': 0.0032476915512233973}
I0412 03:47:22.894831 140513009710912 submission_runner.py:351] 292.53s	2610	{'accuracy': 0.9909722208976746, 'loss': 0.0033107136841863394}
I0412 03:47:32.193416 140513009710912 submission_runner.py:351] 301.68s	2700	{'accuracy': 0.9909722208976746, 'loss': 0.002916335826739669}
I0412 03:47:41.541574 140513009710912 submission_runner.py:351] 311.00s	2790	{'accuracy': 0.9909722208976746, 'loss': 0.004396968986839056}
I0412 03:47:50.648749 140513009710912 submission_runner.py:351] 320.28s	2880	{'accuracy': 0.9902778267860413, 'loss': 0.003849518019706011}
I0412 03:47:59.648802 140513009710912 submission_runner.py:351] 329.43s	2970	{'accuracy': 0.9909722208976746, 'loss': 0.0022472250275313854}
I0412 03:48:08.418935 140513009710912 submission_runner.py:351] 338.26s	3060	{'accuracy': 0.9909722208976746, 'loss': 0.004566674120724201}
I0412 03:48:17.198687 140513009710912 submission_runner.py:351] 347.03s	3150	{'accuracy': 0.9909722208976746, 'loss': 0.00216469494625926}
I0412 03:48:25.978102 140513009710912 submission_runner.py:351] 355.81s	3240	{'accuracy': 0.9909722208976746, 'loss': 0.0010691480711102486}
I0412 03:48:34.714751 140513009710912 submission_runner.py:351] 364.58s	3330	{'accuracy': 0.9916666746139526, 'loss': 0.0007472808938473463}
I0412 03:48:43.402833 140513009710912 submission_runner.py:351] 373.31s	3420	{'accuracy': 0.9916666746139526, 'loss': 0.0007815836579538882}
I0412 03:48:52.120803 140513009710912 submission_runner.py:351] 382.00s	3510	{'accuracy': 0.9916666746139526, 'loss': 0.0023182150907814503}
I0412 03:49:00.843401 140513009710912 submission_runner.py:351] 390.70s	3600	{'accuracy': 0.9916666746139526, 'loss': 0.0011912690242752433}
I0412 03:49:09.552467 140513009710912 submission_runner.py:351] 399.43s	3690	{'accuracy': 0.9916666746139526, 'loss': 0.001494037453085184}
I0412 03:49:18.445710 140513009710912 submission_runner.py:351] 408.30s	3780	{'accuracy': 0.9916666746139526, 'loss': 0.0006936375284567475}
I0412 03:49:27.306188 140513009710912 submission_runner.py:351] 417.05s	3870	{'accuracy': 0.9916666746139526, 'loss': 0.00039366137934848666}
I0412 03:49:36.508821 140513009710912 submission_runner.py:351] 425.90s	3960	{'accuracy': 0.9916666746139526, 'loss': 0.0024786998983472586}
I0412 03:49:46.174499 140513009710912 submission_runner.py:351] 435.24s	4050	{'accuracy': 0.9916666746139526, 'loss': 0.001022463315166533}
I0412 03:49:56.156989 140513009710912 submission_runner.py:351] 444.91s	4140	{'accuracy': 0.9916666746139526, 'loss': 0.0005163261666893959}
I0412 03:50:05.133203 140513009710912 submission_runner.py:351] 454.91s	4230	{'accuracy': 0.9916666746139526, 'loss': 0.0009306094725616276}
I0412 03:50:14.295649 140513009710912 submission_runner.py:351] 464.11s	4320	{'accuracy': 0.9916666746139526, 'loss': 0.0010806949576362967}
I0412 03:50:23.248117 140513009710912 submission_runner.py:351] 473.02s	4410	{'accuracy': 0.9916666746139526, 'loss': 0.0003314275818411261}
I0412 03:50:32.183083 140513009710912 submission_runner.py:351] 481.99s	4500	{'accuracy': 0.9916666746139526, 'loss': 0.0007380965980701149}
I0412 03:50:41.354364 140513009710912 submission_runner.py:351] 490.90s	4590	{'accuracy': 0.9916666746139526, 'loss': 0.000912552117370069}
I0412 03:50:50.395079 140513009710912 submission_runner.py:351] 500.16s	4680	{'accuracy': 0.9916666746139526, 'loss': 0.0005431918543763459}
I0412 03:50:59.411160 140513009710912 submission_runner.py:351] 509.05s	4770	{'accuracy': 0.9902778267860413, 'loss': 0.002562838140875101}
I0412 03:51:08.391070 140513009710912 submission_runner.py:351] 518.19s	4860	{'accuracy': 0.9909722208976746, 'loss': 0.002500776434317231}
I0412 03:51:17.324471 140513009710912 submission_runner.py:351] 527.13s	4950	{'accuracy': 0.9916666746139526, 'loss': 0.0008110448252409697}
I0412 03:51:26.301109 140513009710912 submission_runner.py:351] 536.09s	5040	{'accuracy': 0.9909722208976746, 'loss': 0.0008691414841450751}
I0412 03:51:35.216979 140513009710912 submission_runner.py:351] 545.06s	5130	{'accuracy': 0.9916666746139526, 'loss': 0.00031921829213388264}
I0412 03:51:44.103417 140513009710912 submission_runner.py:351] 553.94s	5220	{'accuracy': 0.9916666746139526, 'loss': 0.0004978354554623365}
I0412 03:51:52.805129 140513009710912 submission_runner.py:351] 562.72s	5310	{'accuracy': 0.9902778267860413, 'loss': 0.0018979196902364492}
I0412 03:52:01.474632 140513009710912 submission_runner.py:351] 571.38s	5400	{'accuracy': 0.9916666746139526, 'loss': 0.0010652043856680393}
I0412 03:52:10.160661 140513009710912 submission_runner.py:351] 580.08s	5490	{'accuracy': 0.9916666746139526, 'loss': 0.0008337091421708465}
I0412 03:52:18.918594 140513009710912 submission_runner.py:351] 588.77s	5580	{'accuracy': 0.9916666746139526, 'loss': 0.001108603086322546}
I0412 03:52:27.878179 140513009710912 submission_runner.py:351] 597.67s	5670	{'accuracy': 0.9902778267860413, 'loss': 0.0027313532773405313}
I0412 03:52:36.805681 140513009710912 submission_runner.py:351] 606.62s	5760	{'accuracy': 0.9902778267860413, 'loss': 0.0039822859689593315}
I0412 03:52:45.586182 140513009710912 submission_runner.py:351] 615.55s	5850	{'accuracy': 0.9909722208976746, 'loss': 0.0019943283405154943}
I0412 03:52:54.448117 140513009710912 submission_runner.py:351] 624.33s	5940	{'accuracy': 0.9909722208976746, 'loss': 0.0019834882114082575}
I0412 03:53:03.303235 140513009710912 submission_runner.py:351] 633.17s	6030	{'accuracy': 0.9909722208976746, 'loss': 0.0018029640195891261}
I0412 03:53:12.264866 140513009710912 submission_runner.py:351] 642.04s	6120	{'accuracy': 0.9909722208976746, 'loss': 0.0012425879249349236}
I0412 03:53:21.175647 140513009710912 submission_runner.py:351] 651.02s	6210	{'accuracy': 0.9916666746139526, 'loss': 0.0008341465727426112}
I0412 03:53:30.115154 140513009710912 submission_runner.py:351] 659.96s	6300	{'accuracy': 0.9916666746139526, 'loss': 0.001105949399061501}
I0412 03:53:38.927617 140513009710912 submission_runner.py:351] 668.85s	6390	{'accuracy': 0.9916666746139526, 'loss': 0.0004811549442820251}
I0412 03:53:47.742910 140513009710912 submission_runner.py:351] 677.69s	6480	{'accuracy': 0.9916666746139526, 'loss': 0.0008560384740121663}
I0412 03:53:56.573285 140513009710912 submission_runner.py:351] 686.46s	6570	{'accuracy': 0.9916666746139526, 'loss': 0.0005170501535758376}
I0412 03:54:05.385022 140513009710912 submission_runner.py:351] 695.33s	6660	{'accuracy': 0.9916666746139526, 'loss': 0.00020707474322989583}
I0412 03:54:14.165517 140513009710912 submission_runner.py:351] 704.14s	6750	{'accuracy': 0.9916666746139526, 'loss': 0.0006436200928874314}
I0412 03:54:22.959028 140513009710912 submission_runner.py:351] 712.90s	6840	{'accuracy': 0.9909722208976746, 'loss': 0.0019661341793835163}
I0412 03:54:31.755085 140513009710912 submission_runner.py:351] 721.72s	6930	{'accuracy': 0.9909722208976746, 'loss': 0.0013071977300569415}
I0412 03:54:40.541204 140513009710912 submission_runner.py:351] 730.48s	7020	{'accuracy': 0.9902778267860413, 'loss': 0.005033455789089203}
I0412 03:54:49.403439 140513009710912 submission_runner.py:351] 739.32s	7110	{'accuracy': 0.9909722208976746, 'loss': 0.0018619600450620055}
I0412 03:54:58.556380 140513009710912 submission_runner.py:351] 748.17s	7200	{'accuracy': 0.9909722208976746, 'loss': 0.002045736415311694}
I0412 03:55:07.603641 140513009710912 submission_runner.py:351] 757.31s	7290	{'accuracy': 0.9916666746139526, 'loss': 0.0003476209531072527}
I0412 03:55:16.897664 140513009710912 submission_runner.py:351] 766.35s	7380	{'accuracy': 0.9916666746139526, 'loss': 0.0004308380011934787}
I0412 03:55:25.904649 140513009710912 submission_runner.py:351] 775.70s	7470	{'accuracy': 0.9916666746139526, 'loss': 0.0011667016660794616}
I0412 03:55:34.823685 140513009710912 submission_runner.py:351] 784.67s	7560	{'accuracy': 0.9916666746139526, 'loss': 0.0005819049547426403}
I0412 03:55:43.820818 140513009710912 submission_runner.py:351] 793.61s	7650	{'accuracy': 0.9916666746139526, 'loss': 0.000761919713113457}
I0412 03:55:52.807370 140513009710912 submission_runner.py:351] 802.61s	7740	{'accuracy': 0.9916666746139526, 'loss': 0.0006434048991650343}
I0412 03:56:01.799458 140513009710912 submission_runner.py:351] 811.59s	7830	{'accuracy': 0.9916666746139526, 'loss': 0.00018333511252421886}
I0412 03:56:10.740327 140513009710912 submission_runner.py:351] 820.57s	7920	{'accuracy': 0.9916666746139526, 'loss': 0.0002186254714615643}
I0412 03:56:19.442048 140513009710912 submission_runner.py:351] 829.31s	8010	{'accuracy': 0.9909722208976746, 'loss': 0.001774721429683268}
I0412 03:56:28.138878 140513009710912 submission_runner.py:351] 838.02s	8100	{'accuracy': 0.9916666746139526, 'loss': 0.0005767407710663974}
I0412 03:56:36.724762 140513009710912 submission_runner.py:351] 846.70s	8190	{'accuracy': 0.9916666746139526, 'loss': 0.00035116582876071334}
I0412 03:56:45.307882 140513009710912 submission_runner.py:351] 855.28s	8280	{'accuracy': 0.9916666746139526, 'loss': 0.000488979450892657}
I0412 03:56:53.891648 140513009710912 submission_runner.py:351] 863.86s	8370	{'accuracy': 0.9916666746139526, 'loss': 0.0003958089218940586}
I0412 03:57:02.838229 140513009710912 submission_runner.py:351] 872.57s	8460	{'accuracy': 0.9916666746139526, 'loss': 0.00040005019400268793}
I0412 03:57:11.751318 140513009710912 submission_runner.py:351] 881.56s	8550	{'accuracy': 0.9916666746139526, 'loss': 0.0007506553665734828}
I0412 03:57:20.711643 140513009710912 submission_runner.py:351] 890.50s	8640	{'accuracy': 0.9909722208976746, 'loss': 0.0009428724297322333}
I0412 03:57:29.649221 140513009710912 submission_runner.py:351] 899.46s	8730	{'accuracy': 0.9909722208976746, 'loss': 0.0011778519256040454}
I0412 03:57:38.699925 140513009710912 submission_runner.py:351] 908.47s	8820	{'accuracy': 0.9909722208976746, 'loss': 0.0012838951079174876}
I0412 03:57:47.728276 140513009710912 submission_runner.py:351] 917.51s	8910	{'accuracy': 0.9909722208976746, 'loss': 0.0024837320670485497}
I0412 03:57:56.804992 140513009710912 submission_runner.py:351] 926.54s	9000	{'accuracy': 0.9909722208976746, 'loss': 0.0017836339538916945}
I0412 03:58:05.831376 140513009710912 submission_runner.py:351] 935.63s	9090	{'accuracy': 0.9909722208976746, 'loss': 0.0015685842372477055}
W0412 03:58:05.832909 140513009710912 early_stopping.py:90] Early stop due to exceeding max steps.
I0412 03:58:07.089359 140513009710912 submission_runner.py:448] --- Tuning run 2/5 ---
I0412 03:58:23.128268 140513009710912 submission_runner.py:351] 2.78s	0	{'accuracy': 0.012500000186264515, 'loss': 4.572350025177002}
I0412 03:58:32.462181 140513009710912 submission_runner.py:351] 12.11s	90	{'accuracy': 0.21041667461395264, 'loss': 3.510241746902466}
I0412 03:58:42.158661 140513009710912 submission_runner.py:351] 21.67s	180	{'accuracy': 0.7104166746139526, 'loss': 1.273356556892395}
I0412 03:58:52.061253 140513009710912 submission_runner.py:351] 31.34s	270	{'accuracy': 0.8840277791023254, 'loss': 0.4434059262275696}
I0412 03:59:01.464364 140513009710912 submission_runner.py:351] 41.23s	360	{'accuracy': 0.9437500238418579, 'loss': 0.2013295590877533}
I0412 03:59:11.097452 140513009710912 submission_runner.py:351] 50.56s	450	{'accuracy': 0.9541667103767395, 'loss': 0.12072186172008514}
I0412 03:59:20.491492 140513009710912 submission_runner.py:351] 60.23s	540	{'accuracy': 0.9805555939674377, 'loss': 0.05575695261359215}
I0412 03:59:29.445456 140513009710912 submission_runner.py:351] 69.54s	630	{'accuracy': 0.9812500476837158, 'loss': 0.040621355175971985}
I0412 03:59:38.102494 140513009710912 submission_runner.py:351] 78.38s	720	{'accuracy': 0.987500011920929, 'loss': 0.028625071048736572}
I0412 03:59:46.663020 140513009710912 submission_runner.py:351] 87.01s	810	{'accuracy': 0.9784722328186035, 'loss': 0.043539952486753464}
I0412 03:59:55.336744 140513009710912 submission_runner.py:351] 95.57s	900	{'accuracy': 0.9854167103767395, 'loss': 0.02166147530078888}
I0412 04:00:07.598507 140513009710912 submission_runner.py:351] 107.28s	990	{'accuracy': 0.9868055582046509, 'loss': 0.01072737481445074}
I0412 04:00:17.300811 140513009710912 submission_runner.py:351] 116.82s	1080	{'accuracy': 0.987500011920929, 'loss': 0.012948611751198769}
I0412 04:00:26.487368 140513009710912 submission_runner.py:351] 126.44s	1170	{'accuracy': 0.9847222566604614, 'loss': 0.018511615693569183}
I0412 04:00:35.768921 140513009710912 submission_runner.py:351] 135.72s	1260	{'accuracy': 0.9868055582046509, 'loss': 0.011036590673029423}
I0412 04:00:44.774157 140513009710912 submission_runner.py:351] 144.92s	1350	{'accuracy': 0.9895833730697632, 'loss': 0.009805458597838879}
I0412 04:00:53.808287 140513009710912 submission_runner.py:351] 153.94s	1440	{'accuracy': 0.988194465637207, 'loss': 0.008663802407681942}
I0412 04:01:03.361877 140513009710912 submission_runner.py:351] 163.04s	1530	{'accuracy': 0.9840278029441833, 'loss': 0.01558062806725502}
I0412 04:01:12.530257 140513009710912 submission_runner.py:351] 172.58s	1620	{'accuracy': 0.9840278029441833, 'loss': 0.01865127868950367}
I0412 04:01:21.728850 140513009710912 submission_runner.py:351] 181.79s	1710	{'accuracy': 0.988194465637207, 'loss': 0.0072113461792469025}
I0412 04:01:30.810281 140513009710912 submission_runner.py:351] 190.99s	1800	{'accuracy': 0.9909722208976746, 'loss': 0.004569839686155319}
I0412 04:01:39.413522 140513009710912 submission_runner.py:351] 199.77s	1890	{'accuracy': 0.987500011920929, 'loss': 0.010316098108887672}
I0412 04:01:47.984203 140513009710912 submission_runner.py:351] 208.37s	1980	{'accuracy': 0.9916666746139526, 'loss': 0.003273267997428775}
I0412 04:01:56.562387 140513009710912 submission_runner.py:351] 216.81s	2070	{'accuracy': 0.9916666746139526, 'loss': 0.0023006130941212177}
I0412 04:02:05.315858 140513009710912 submission_runner.py:351] 225.59s	2160	{'accuracy': 0.9909722208976746, 'loss': 0.0026290477253496647}
I0412 04:02:14.331165 140513009710912 submission_runner.py:351] 234.33s	2250	{'accuracy': 0.9909722208976746, 'loss': 0.003934726119041443}
I0412 04:02:23.304413 140513009710912 submission_runner.py:351] 243.35s	2340	{'accuracy': 0.9909722208976746, 'loss': 0.003397170687094331}
I0412 04:02:32.185188 140513009710912 submission_runner.py:351] 252.29s	2430	{'accuracy': 0.988194465637207, 'loss': 0.006071578245609999}
I0412 04:02:40.746148 140513009710912 submission_runner.py:351] 260.99s	2520	{'accuracy': 0.9847222566604614, 'loss': 0.015795093029737473}
I0412 04:02:49.199427 140513009710912 submission_runner.py:351] 269.55s	2610	{'accuracy': 0.9916666746139526, 'loss': 0.001262005651369691}
I0412 04:02:57.764570 140513009710912 submission_runner.py:351] 277.99s	2700	{'accuracy': 0.9916666746139526, 'loss': 0.0014190101064741611}
I0412 04:03:06.312259 140513009710912 submission_runner.py:351] 286.51s	2790	{'accuracy': 0.9909722208976746, 'loss': 0.0033711122814565897}
I0412 04:03:15.246227 140513009710912 submission_runner.py:351] 295.31s	2880	{'accuracy': 0.9854167103767395, 'loss': 0.008782338351011276}
I0412 04:03:24.097975 140513009710912 submission_runner.py:351] 304.22s	2970	{'accuracy': 0.9916666746139526, 'loss': 0.001916353590786457}
I0412 04:03:33.060413 140513009710912 submission_runner.py:351] 313.11s	3060	{'accuracy': 0.988194465637207, 'loss': 0.009886378422379494}
I0412 04:03:41.966966 140513009710912 submission_runner.py:351] 322.05s	3150	{'accuracy': 0.9916666746139526, 'loss': 0.0023578056134283543}
I0412 04:03:50.744748 140513009710912 submission_runner.py:351] 330.96s	3240	{'accuracy': 0.9902778267860413, 'loss': 0.008859691210091114}
I0412 04:03:59.329823 140513009710912 submission_runner.py:351] 339.56s	3330	{'accuracy': 0.9916666746139526, 'loss': 0.0017338782781735063}
I0412 04:04:08.114826 140513009710912 submission_runner.py:351] 348.35s	3420	{'accuracy': 0.9916666746139526, 'loss': 0.001666554482653737}
I0412 04:04:16.532800 140513009710912 submission_runner.py:351] 356.93s	3510	{'accuracy': 0.988194465637207, 'loss': 0.019293049350380898}
I0412 04:04:24.960792 140513009710912 submission_runner.py:351] 365.33s	3600	{'accuracy': 0.9916666746139526, 'loss': 0.0006340444670058787}
I0412 04:04:33.731402 140513009710912 submission_runner.py:351] 373.89s	3690	{'accuracy': 0.9916666746139526, 'loss': 0.0011379012139514089}
I0412 04:04:42.333646 140513009710912 submission_runner.py:351] 382.67s	3780	{'accuracy': 0.9916666746139526, 'loss': 0.0011102852877229452}
I0412 04:04:50.929372 140513009710912 submission_runner.py:351] 391.31s	3870	{'accuracy': 0.9909722208976746, 'loss': 0.0034091586712747812}
I0412 04:04:59.236473 140513009710912 submission_runner.py:351] 399.73s	3960	{'accuracy': 0.9909722208976746, 'loss': 0.002519644098356366}
I0412 04:05:07.848008 140513009710912 submission_runner.py:351] 408.08s	4050	{'accuracy': 0.9909722208976746, 'loss': 0.0017975717782974243}
I0412 04:05:16.574010 140513009710912 submission_runner.py:351] 416.85s	4140	{'accuracy': 0.9916666746139526, 'loss': 0.0005777862970717251}
I0412 04:05:25.037222 140513009710912 submission_runner.py:351] 425.39s	4230	{'accuracy': 0.9916666746139526, 'loss': 0.000675444258376956}
I0412 04:05:33.705970 140513009710912 submission_runner.py:351] 433.89s	4320	{'accuracy': 0.9909722208976746, 'loss': 0.0022408361546695232}
I0412 04:05:42.490804 140513009710912 submission_runner.py:351] 442.73s	4410	{'accuracy': 0.9895833730697632, 'loss': 0.00724844541400671}
I0412 04:05:51.259155 140513009710912 submission_runner.py:351] 451.52s	4500	{'accuracy': 0.9909722208976746, 'loss': 0.0035103531554341316}
I0412 04:06:00.026769 140513009710912 submission_runner.py:351] 460.28s	4590	{'accuracy': 0.9902778267860413, 'loss': 0.007390650454908609}
I0412 04:06:08.778149 140513009710912 submission_runner.py:351] 469.07s	4680	{'accuracy': 0.9909722208976746, 'loss': 0.001181772560812533}
I0412 04:06:17.528202 140513009710912 submission_runner.py:351] 477.78s	4770	{'accuracy': 0.9916666746139526, 'loss': 0.0006237177294678986}
I0412 04:06:26.228580 140513009710912 submission_runner.py:351] 486.52s	4860	{'accuracy': 0.9909722208976746, 'loss': 0.0017211755039170384}
I0412 04:06:34.977387 140513009710912 submission_runner.py:351] 495.21s	4950	{'accuracy': 0.9916666746139526, 'loss': 0.0010172546608373523}
I0412 04:06:43.750358 140513009710912 submission_runner.py:351] 504.02s	5040	{'accuracy': 0.9909722208976746, 'loss': 0.0014388682320713997}
I0412 04:06:52.491834 140513009710912 submission_runner.py:351] 512.76s	5130	{'accuracy': 0.9916666746139526, 'loss': 0.0013436886947602034}
I0412 04:07:01.308731 140513009710912 submission_runner.py:351] 521.53s	5220	{'accuracy': 0.9909722208976746, 'loss': 0.0015375473303720355}
I0412 04:07:10.003767 140513009710912 submission_runner.py:351] 530.27s	5310	{'accuracy': 0.9916666746139526, 'loss': 0.0005622078315354884}
I0412 04:07:19.083960 140513009710912 submission_runner.py:351] 539.02s	5400	{'accuracy': 0.9909722208976746, 'loss': 0.002069646492600441}
I0412 04:07:27.732428 140513009710912 submission_runner.py:351] 548.09s	5490	{'accuracy': 0.9916666746139526, 'loss': 0.0007627200102433562}
I0412 04:07:36.342770 140513009710912 submission_runner.py:351] 556.56s	5580	{'accuracy': 0.9916666746139526, 'loss': 0.0006005946197547019}
I0412 04:07:45.105309 140513009710912 submission_runner.py:351] 565.38s	5670	{'accuracy': 0.9916666746139526, 'loss': 0.0007623382261954248}
I0412 04:07:53.761821 140513009710912 submission_runner.py:351] 574.07s	5760	{'accuracy': 0.9916666746139526, 'loss': 0.0004696324176620692}
I0412 04:08:02.485667 140513009710912 submission_runner.py:351] 582.77s	5850	{'accuracy': 0.9909722208976746, 'loss': 0.0033185905776917934}
I0412 04:08:11.244945 140513009710912 submission_runner.py:351] 591.51s	5940	{'accuracy': 0.9902778267860413, 'loss': 0.0024592496920377016}
I0412 04:08:20.022783 140513009710912 submission_runner.py:351] 600.30s	6030	{'accuracy': 0.9909722208976746, 'loss': 0.0011394424363970757}
I0412 04:08:28.739773 140513009710912 submission_runner.py:351] 609.05s	6120	{'accuracy': 0.9916666746139526, 'loss': 0.0003903638571500778}
I0412 04:08:37.466968 140513009710912 submission_runner.py:351] 617.74s	6210	{'accuracy': 0.9909722208976746, 'loss': 0.0017432213062420487}
I0412 04:08:46.280176 140513009710912 submission_runner.py:351] 626.51s	6300	{'accuracy': 0.9916666746139526, 'loss': 0.0007892226567491889}
I0412 04:08:55.002717 140513009710912 submission_runner.py:351] 635.31s	6390	{'accuracy': 0.9916666746139526, 'loss': 0.00028576503973454237}
I0412 04:09:03.775460 140513009710912 submission_runner.py:351] 644.01s	6480	{'accuracy': 0.9916666746139526, 'loss': 8.490936306770891e-05}
I0412 04:09:12.613965 140513009710912 submission_runner.py:351] 652.83s	6570	{'accuracy': 0.9916666746139526, 'loss': 0.00029603869188576937}
I0412 04:09:21.390467 140513009710912 submission_runner.py:351] 661.66s	6660	{'accuracy': 0.9916666746139526, 'loss': 0.00030784649425186217}
I0412 04:09:31.963783 140513009710912 submission_runner.py:351] 670.53s	6750	{'accuracy': 0.9916666746139526, 'loss': 8.127727778628469e-05}
I0412 04:09:41.535999 140513009710912 submission_runner.py:351] 681.10s	6840	{'accuracy': 0.9916666746139526, 'loss': 0.00013113534078001976}
I0412 04:09:50.566163 140513009710912 submission_runner.py:351] 690.54s	6930	{'accuracy': 0.9916666746139526, 'loss': 0.000307522714138031}
I0412 04:09:59.174699 140513009710912 submission_runner.py:351] 699.41s	7020	{'accuracy': 0.9916666746139526, 'loss': 0.00030070857610553503}
I0412 04:10:07.891073 140513009710912 submission_runner.py:351] 708.05s	7110	{'accuracy': 0.9916666746139526, 'loss': 0.00020906729332637042}
I0412 04:10:16.940448 140513009710912 submission_runner.py:351] 716.98s	7200	{'accuracy': 0.9916666746139526, 'loss': 0.0010151073802262545}
I0412 04:10:25.879665 140513009710912 submission_runner.py:351] 725.97s	7290	{'accuracy': 0.9916666746139526, 'loss': 0.0012095534475520253}
I0412 04:10:34.786185 140513009710912 submission_runner.py:351] 734.92s	7380	{'accuracy': 0.9916666746139526, 'loss': 0.00013315712567418814}
I0412 04:10:43.697861 140513009710912 submission_runner.py:351] 743.83s	7470	{'accuracy': 0.9916666746139526, 'loss': 9.799493273021653e-05}
I0412 04:10:52.549186 140513009710912 submission_runner.py:351] 752.72s	7560	{'accuracy': 0.9916666746139526, 'loss': 6.577480235137045e-05}
I0412 04:11:01.355149 140513009710912 submission_runner.py:351] 761.56s	7650	{'accuracy': 0.9916666746139526, 'loss': 4.988867658539675e-05}
I0412 04:11:10.186233 140513009710912 submission_runner.py:351] 770.35s	7740	{'accuracy': 0.9916666746139526, 'loss': 0.00033880744013004005}
I0412 04:11:19.116221 140513009710912 submission_runner.py:351] 779.25s	7830	{'accuracy': 0.9916666746139526, 'loss': 4.399656972964294e-05}
I0412 04:11:27.984956 140513009710912 submission_runner.py:351] 788.17s	7920	{'accuracy': 0.9909722208976746, 'loss': 0.000902016123291105}
I0412 04:11:36.890617 140513009710912 submission_runner.py:351] 797.05s	8010	{'accuracy': 0.9909722208976746, 'loss': 0.0009078010334633291}
I0412 04:11:45.877824 140513009710912 submission_runner.py:351] 805.97s	8100	{'accuracy': 0.9916666746139526, 'loss': 0.00014342441863846034}
I0412 04:11:54.759344 140513009710912 submission_runner.py:351] 814.92s	8190	{'accuracy': 0.9916666746139526, 'loss': 0.00012250259169377387}
I0412 04:12:03.700732 140513009710912 submission_runner.py:351] 823.81s	8280	{'accuracy': 0.9916666746139526, 'loss': 0.0001014167646644637}
I0412 04:12:12.631205 140513009710912 submission_runner.py:351] 832.76s	8370	{'accuracy': 0.9916666746139526, 'loss': 0.00014327540702652186}
I0412 04:12:21.512509 140513009710912 submission_runner.py:351] 841.70s	8460	{'accuracy': 0.9916666746139526, 'loss': 0.00010097279300680384}
I0412 04:12:30.433356 140513009710912 submission_runner.py:351] 850.57s	8550	{'accuracy': 0.9916666746139526, 'loss': 0.0005241368780843914}
I0412 04:12:39.164124 140513009710912 submission_runner.py:351] 859.39s	8640	{'accuracy': 0.9916666746139526, 'loss': 0.00014262287004385144}
I0412 04:12:47.785265 140513009710912 submission_runner.py:351] 868.08s	8730	{'accuracy': 0.9916666746139526, 'loss': 0.0006382432184182107}
I0412 04:12:56.960752 140513009710912 submission_runner.py:351] 876.66s	8820	{'accuracy': 0.9916666746139526, 'loss': 0.00010618301894282922}
I0412 04:13:06.348041 140513009710912 submission_runner.py:351] 886.03s	8910	{'accuracy': 0.9916666746139526, 'loss': 0.0004075637261848897}
I0412 04:13:15.637345 140513009710912 submission_runner.py:351] 895.44s	9000	{'accuracy': 0.9895833730697632, 'loss': 0.006746158469468355}
I0412 04:13:24.459925 140513009710912 submission_runner.py:351] 904.52s	9090	{'accuracy': 0.9916666746139526, 'loss': 0.0004186619189567864}
W0412 04:13:24.461709 140513009710912 early_stopping.py:90] Early stop due to exceeding max steps.
I0412 04:13:25.766578 140513009710912 submission_runner.py:448] --- Tuning run 3/5 ---
I0412 04:13:41.760451 140513009710912 submission_runner.py:351] 2.76s	0	{'accuracy': 0.0055555556900799274, 'loss': 4.575707912445068}
I0412 04:13:50.900384 140513009710912 submission_runner.py:351] 11.89s	90	{'accuracy': 0.25555557012557983, 'loss': 3.395893096923828}
I0412 04:13:59.993115 140513009710912 submission_runner.py:351] 21.09s	180	{'accuracy': 0.6388888955116272, 'loss': 1.646079182624817}
I0412 04:14:09.507224 140513009710912 submission_runner.py:351] 30.26s	270	{'accuracy': 0.8694444894790649, 'loss': 0.599588930606842}
I0412 04:14:18.446944 140513009710912 submission_runner.py:351] 39.71s	360	{'accuracy': 0.925000011920929, 'loss': 0.26530250906944275}
I0412 04:14:27.500181 140513009710912 submission_runner.py:351] 48.70s	450	{'accuracy': 0.9583333730697632, 'loss': 0.14772756397724152}
I0412 04:14:36.545923 140513009710912 submission_runner.py:351] 57.70s	540	{'accuracy': 0.9625000357627869, 'loss': 0.10305235534906387}
I0412 04:14:45.448120 140513009710912 submission_runner.py:351] 66.77s	630	{'accuracy': 0.9715278148651123, 'loss': 0.07809934765100479}
I0412 04:14:54.137726 140513009710912 submission_runner.py:351] 75.52s	720	{'accuracy': 0.9784722328186035, 'loss': 0.045649170875549316}
I0412 04:15:03.128224 140513009710912 submission_runner.py:351] 84.26s	810	{'accuracy': 0.9750000238418579, 'loss': 0.051378536969423294}
I0412 04:15:12.120495 140513009710912 submission_runner.py:351] 93.40s	900	{'accuracy': 0.9833333492279053, 'loss': 0.03458944335579872}
I0412 04:15:21.016950 140513009710912 submission_runner.py:351] 102.36s	990	{'accuracy': 0.988194465637207, 'loss': 0.01931094564497471}
I0412 04:15:29.657655 140513009710912 submission_runner.py:351] 111.09s	1080	{'accuracy': 0.9868055582046509, 'loss': 0.012916975654661655}
I0412 04:15:38.200961 140513009710912 submission_runner.py:351] 119.67s	1170	{'accuracy': 0.9861111640930176, 'loss': 0.016038985922932625}
I0412 04:15:46.715256 140513009710912 submission_runner.py:351] 128.22s	1260	{'accuracy': 0.9888889193534851, 'loss': 0.010326553136110306}
I0412 04:15:55.223270 140513009710912 submission_runner.py:351] 136.72s	1350	{'accuracy': 0.987500011920929, 'loss': 0.011546576395630836}
I0412 04:16:03.704086 140513009710912 submission_runner.py:351] 145.22s	1440	{'accuracy': 0.9895833730697632, 'loss': 0.00900287739932537}
I0412 04:16:12.598718 140513009710912 submission_runner.py:351] 153.71s	1530	{'accuracy': 0.9909722208976746, 'loss': 0.004426115192472935}
I0412 04:16:21.780396 140513009710912 submission_runner.py:351] 162.98s	1620	{'accuracy': 0.9909722208976746, 'loss': 0.005978367291390896}
I0412 04:16:30.850112 140513009710912 submission_runner.py:351] 172.16s	1710	{'accuracy': 0.987500011920929, 'loss': 0.013119693845510483}
I0412 04:16:39.652627 140513009710912 submission_runner.py:351] 180.96s	1800	{'accuracy': 0.9916666746139526, 'loss': 0.007348428945988417}
I0412 04:16:48.596506 140513009710912 submission_runner.py:351] 189.95s	1890	{'accuracy': 0.988194465637207, 'loss': 0.01279977336525917}
I0412 04:16:57.415950 140513009710912 submission_runner.py:351] 198.85s	1980	{'accuracy': 0.9854167103767395, 'loss': 0.012242969125509262}
I0412 04:17:05.931858 140513009710912 submission_runner.py:351] 207.35s	2070	{'accuracy': 0.987500011920929, 'loss': 0.009876268915832043}
I0412 04:17:14.397447 140513009710912 submission_runner.py:351] 215.82s	2160	{'accuracy': 0.9868055582046509, 'loss': 0.009985889308154583}
I0412 04:17:22.849165 140513009710912 submission_runner.py:351] 224.29s	2250	{'accuracy': 0.987500011920929, 'loss': 0.00947623047977686}
I0412 04:17:31.341617 140513009710912 submission_runner.py:351] 232.80s	2340	{'accuracy': 0.988194465637207, 'loss': 0.012518675066530704}
I0412 04:17:39.775086 140513009710912 submission_runner.py:351] 241.26s	2430	{'accuracy': 0.9909722208976746, 'loss': 0.0032202056609094143}
I0412 04:17:48.344990 140513009710912 submission_runner.py:351] 249.69s	2520	{'accuracy': 0.9895833730697632, 'loss': 0.009077404625713825}
I0412 04:17:57.136513 140513009710912 submission_runner.py:351] 258.41s	2610	{'accuracy': 0.9916666746139526, 'loss': 0.0032242785673588514}
I0412 04:18:05.896093 140513009710912 submission_runner.py:351] 267.22s	2700	{'accuracy': 0.9902778267860413, 'loss': 0.00386842736043036}
I0412 04:18:14.718118 140513009710912 submission_runner.py:351] 275.99s	2790	{'accuracy': 0.9902778267860413, 'loss': 0.0034102860372513533}
I0412 04:18:23.515748 140513009710912 submission_runner.py:351] 284.80s	2880	{'accuracy': 0.9895833730697632, 'loss': 0.003903074422851205}
I0412 04:18:32.265234 140513009710912 submission_runner.py:351] 293.59s	2970	{'accuracy': 0.9840278029441833, 'loss': 0.013568350113928318}
I0412 04:18:40.776200 140513009710912 submission_runner.py:351] 302.18s	3060	{'accuracy': 0.9909722208976746, 'loss': 0.0032911847811192274}
I0412 04:18:49.188254 140513009710912 submission_runner.py:351] 310.66s	3150	{'accuracy': 0.9888889193534851, 'loss': 0.005656920839101076}
I0412 04:18:57.596833 140513009710912 submission_runner.py:351] 319.08s	3240	{'accuracy': 0.9909722208976746, 'loss': 0.004571198020130396}
I0412 04:19:06.029185 140513009710912 submission_runner.py:351] 327.43s	3330	{'accuracy': 0.9916666746139526, 'loss': 0.0014940652763471007}
I0412 04:19:14.846188 140513009710912 submission_runner.py:351] 336.12s	3420	{'accuracy': 0.9902778267860413, 'loss': 0.003992028068751097}
I0412 04:19:23.397070 140513009710912 submission_runner.py:351] 344.76s	3510	{'accuracy': 0.9902778267860413, 'loss': 0.005425017327070236}
I0412 04:19:32.346265 140513009710912 submission_runner.py:351] 353.52s	3600	{'accuracy': 0.988194465637207, 'loss': 0.005958194844424725}
I0412 04:19:41.213969 140513009710912 submission_runner.py:351] 362.48s	3690	{'accuracy': 0.9909722208976746, 'loss': 0.0023146101739257574}
I0412 04:19:50.066258 140513009710912 submission_runner.py:351] 371.30s	3780	{'accuracy': 0.9916666746139526, 'loss': 0.0007823412888683379}
I0412 04:19:58.978607 140513009710912 submission_runner.py:351] 380.21s	3870	{'accuracy': 0.9916666746139526, 'loss': 0.0013080378994345665}
I0412 04:20:07.898729 140513009710912 submission_runner.py:351] 389.11s	3960	{'accuracy': 0.9916666746139526, 'loss': 0.0013436662266030908}
I0412 04:20:16.767169 140513009710912 submission_runner.py:351] 398.03s	4050	{'accuracy': 0.9909722208976746, 'loss': 0.0025864550843834877}
I0412 04:20:25.653731 140513009710912 submission_runner.py:351] 406.91s	4140	{'accuracy': 0.9916666746139526, 'loss': 0.0010137732606381178}
I0412 04:20:34.951885 140513009710912 submission_runner.py:351] 415.79s	4230	{'accuracy': 0.9916666746139526, 'loss': 0.0009355717338621616}
I0412 04:20:43.822386 140513009710912 submission_runner.py:351] 425.10s	4320	{'accuracy': 0.9916666746139526, 'loss': 0.000526610529050231}
I0412 04:20:52.708227 140513009710912 submission_runner.py:351] 433.95s	4410	{'accuracy': 0.9902778267860413, 'loss': 0.002008091891184449}
I0412 04:21:01.552300 140513009710912 submission_runner.py:351] 442.84s	4500	{'accuracy': 0.9909722208976746, 'loss': 0.0030918519478291273}
I0412 04:21:10.432311 140513009710912 submission_runner.py:351] 451.69s	4590	{'accuracy': 0.9916666746139526, 'loss': 0.003077299101278186}
I0412 04:21:19.316205 140513009710912 submission_runner.py:351] 460.60s	4680	{'accuracy': 0.988194465637207, 'loss': 0.01827162504196167}
I0412 04:21:28.191958 140513009710912 submission_runner.py:351] 469.47s	4770	{'accuracy': 0.9902778267860413, 'loss': 0.00358162191696465}
I0412 04:21:37.027524 140513009710912 submission_runner.py:351] 478.29s	4860	{'accuracy': 0.9902778267860413, 'loss': 0.003634135238826275}
I0412 04:21:45.913831 140513009710912 submission_runner.py:351] 487.15s	4950	{'accuracy': 0.9916666746139526, 'loss': 0.0005279001779854298}
I0412 04:21:54.725642 140513009710912 submission_runner.py:351] 495.97s	5040	{'accuracy': 0.9916666746139526, 'loss': 0.0005533177754841745}
I0412 04:22:03.567702 140513009710912 submission_runner.py:351] 504.82s	5130	{'accuracy': 0.9902778267860413, 'loss': 0.008324031718075275}
I0412 04:22:12.269478 140513009710912 submission_runner.py:351] 513.67s	5220	{'accuracy': 0.9902778267860413, 'loss': 0.005862446967512369}
I0412 04:22:21.016037 140513009710912 submission_runner.py:351] 522.25s	5310	{'accuracy': 0.9909722208976746, 'loss': 0.0019997498020529747}
I0412 04:22:29.891630 140513009710912 submission_runner.py:351] 531.16s	5400	{'accuracy': 0.9916666746139526, 'loss': 0.0009220065549015999}
I0412 04:22:38.742903 140513009710912 submission_runner.py:351] 540.00s	5490	{'accuracy': 0.9916666746139526, 'loss': 0.0009699908550828695}
I0412 04:22:47.634897 140513009710912 submission_runner.py:351] 548.89s	5580	{'accuracy': 0.9916666746139526, 'loss': 0.001115853083319962}
I0412 04:22:56.493944 140513009710912 submission_runner.py:351] 557.75s	5670	{'accuracy': 0.9916666746139526, 'loss': 0.0005660399328917265}
I0412 04:23:05.361921 140513009710912 submission_runner.py:351] 566.62s	5760	{'accuracy': 0.9916666746139526, 'loss': 0.0011540894629433751}
I0412 04:23:14.224120 140513009710912 submission_runner.py:351] 575.50s	5850	{'accuracy': 0.9909722208976746, 'loss': 0.0016671775374561548}
I0412 04:23:23.113113 140513009710912 submission_runner.py:351] 584.37s	5940	{'accuracy': 0.9916666746139526, 'loss': 0.0007063744706101716}
I0412 04:23:31.976755 140513009710912 submission_runner.py:351] 593.25s	6030	{'accuracy': 0.9916666746139526, 'loss': 0.000822368951048702}
I0412 04:23:40.814498 140513009710912 submission_runner.py:351] 602.07s	6120	{'accuracy': 0.9902778267860413, 'loss': 0.002466238336637616}
I0412 04:23:49.686921 140513009710912 submission_runner.py:351] 610.97s	6210	{'accuracy': 0.9916666746139526, 'loss': 0.0006295423954725266}
W0412 04:23:49.688580 140513009710912 early_stopping.py:102] Early stop due to no improvement.
I0412 04:23:50.897092 140513009710912 submission_runner.py:448] --- Tuning run 4/5 ---
I0412 04:24:05.708260 140513009710912 submission_runner.py:351] 2.68s	0	{'accuracy': 0.01597222313284874, 'loss': 4.57359504699707}
I0412 04:24:14.739736 140513009710912 submission_runner.py:351] 11.61s	90	{'accuracy': 0.22152778506278992, 'loss': 3.5666680335998535}
I0412 04:24:23.800508 140513009710912 submission_runner.py:351] 20.75s	180	{'accuracy': 0.7458333373069763, 'loss': 1.0917763710021973}
I0412 04:24:32.884952 140513009710912 submission_runner.py:351] 29.86s	270	{'accuracy': 0.9097222685813904, 'loss': 0.3748164772987366}
I0412 04:24:41.571084 140513009710912 submission_runner.py:351] 38.73s	360	{'accuracy': 0.9500000476837158, 'loss': 0.1750618815422058}
I0412 04:24:50.514982 140513009710912 submission_runner.py:351] 47.45s	450	{'accuracy': 0.9715278148651123, 'loss': 0.08340296149253845}
I0412 04:24:59.594680 140513009710912 submission_runner.py:351] 56.59s	540	{'accuracy': 0.9743055701255798, 'loss': 0.06696143001317978}
I0412 04:25:08.539086 140513009710912 submission_runner.py:351] 65.58s	630	{'accuracy': 0.9743055701255798, 'loss': 0.05624840036034584}
I0412 04:25:17.573945 140513009710912 submission_runner.py:351] 74.56s	720	{'accuracy': 0.9833333492279053, 'loss': 0.026268834248185158}
I0412 04:25:26.572523 140513009710912 submission_runner.py:351] 83.58s	810	{'accuracy': 0.9770833849906921, 'loss': 0.03373478725552559}
I0412 04:25:35.630614 140513009710912 submission_runner.py:351] 92.63s	900	{'accuracy': 0.9868055582046509, 'loss': 0.018480749800801277}
I0412 04:25:45.085376 140513009710912 submission_runner.py:351] 102.06s	990	{'accuracy': 0.9861111640930176, 'loss': 0.014534842222929}
I0412 04:25:54.061239 140513009710912 submission_runner.py:351] 111.07s	1080	{'accuracy': 0.9840278029441833, 'loss': 0.02296137809753418}
I0412 04:26:03.268481 140513009710912 submission_runner.py:351] 120.27s	1170	{'accuracy': 0.988194465637207, 'loss': 0.012630730867385864}
I0412 04:26:12.291463 140513009710912 submission_runner.py:351] 129.29s	1260	{'accuracy': 0.9861111640930176, 'loss': 0.019300226122140884}
I0412 04:26:21.276818 140513009710912 submission_runner.py:351] 138.29s	1350	{'accuracy': 0.987500011920929, 'loss': 0.015895891934633255}
I0412 04:26:30.300229 140513009710912 submission_runner.py:351] 147.30s	1440	{'accuracy': 0.9784722328186035, 'loss': 0.03937412053346634}
I0412 04:26:39.285216 140513009710912 submission_runner.py:351] 156.30s	1530	{'accuracy': 0.988194465637207, 'loss': 0.014914188534021378}
I0412 04:26:48.273430 140513009710912 submission_runner.py:351] 165.31s	1620	{'accuracy': 0.988194465637207, 'loss': 0.011832067742943764}
I0412 04:26:57.312619 140513009710912 submission_runner.py:351] 174.32s	1710	{'accuracy': 0.9840278029441833, 'loss': 0.019448567181825638}
I0412 04:27:06.397414 140513009710912 submission_runner.py:351] 183.36s	1800	{'accuracy': 0.988194465637207, 'loss': 0.011864137835800648}
I0412 04:27:15.411523 140513009710912 submission_runner.py:351] 192.46s	1890	{'accuracy': 0.9895833730697632, 'loss': 0.006932942196726799}
I0412 04:27:24.434629 140513009710912 submission_runner.py:351] 201.43s	1980	{'accuracy': 0.9840278029441833, 'loss': 0.023098904639482498}
I0412 04:27:33.777908 140513009710912 submission_runner.py:351] 210.35s	2070	{'accuracy': 0.987500011920929, 'loss': 0.017417943105101585}
I0412 04:27:42.699993 140513009710912 submission_runner.py:351] 219.68s	2160	{'accuracy': 0.9861111640930176, 'loss': 0.018453652039170265}
I0412 04:27:51.622281 140513009710912 submission_runner.py:351] 228.59s	2250	{'accuracy': 0.9861111640930176, 'loss': 0.01525337714701891}
I0412 04:28:00.532321 140513009710912 submission_runner.py:351] 237.52s	2340	{'accuracy': 0.9902778267860413, 'loss': 0.008351174183189869}
I0412 04:28:09.462516 140513009710912 submission_runner.py:351] 246.43s	2430	{'accuracy': 0.9888889193534851, 'loss': 0.01589467003941536}
I0412 04:28:18.444935 140513009710912 submission_runner.py:351] 255.38s	2520	{'accuracy': 0.9909722208976746, 'loss': 0.007675584871321917}
I0412 04:28:27.392272 140513009710912 submission_runner.py:351] 264.35s	2610	{'accuracy': 0.9902778267860413, 'loss': 0.006944973021745682}
I0412 04:28:36.348870 140513009710912 submission_runner.py:351] 273.32s	2700	{'accuracy': 0.9868055582046509, 'loss': 0.012935157865285873}
I0412 04:28:45.272308 140513009710912 submission_runner.py:351] 282.27s	2790	{'accuracy': 0.9902778267860413, 'loss': 0.0030022526625543833}
I0412 04:28:54.254801 140513009710912 submission_runner.py:351] 291.22s	2880	{'accuracy': 0.9902778267860413, 'loss': 0.006740363780409098}
I0412 04:29:03.211189 140513009710912 submission_runner.py:351] 300.19s	2970	{'accuracy': 0.9902778267860413, 'loss': 0.004232421517372131}
I0412 04:29:12.355293 140513009710912 submission_runner.py:351] 309.25s	3060	{'accuracy': 0.9909722208976746, 'loss': 0.0018195128068327904}
I0412 04:29:21.419178 140513009710912 submission_runner.py:351] 318.35s	3150	{'accuracy': 0.9902778267860413, 'loss': 0.005183176137506962}
I0412 04:29:30.409016 140513009710912 submission_runner.py:351] 327.36s	3240	{'accuracy': 0.9902778267860413, 'loss': 0.003440523985773325}
I0412 04:29:39.411767 140513009710912 submission_runner.py:351] 336.39s	3330	{'accuracy': 0.988194465637207, 'loss': 0.006544860545545816}
I0412 04:29:48.357275 140513009710912 submission_runner.py:351] 345.35s	3420	{'accuracy': 0.9895833730697632, 'loss': 0.005794242024421692}
I0412 04:29:57.346017 140513009710912 submission_runner.py:351] 354.30s	3510	{'accuracy': 0.9826388955116272, 'loss': 0.016536984592676163}
I0412 04:30:06.609056 140513009710912 submission_runner.py:351] 363.31s	3600	{'accuracy': 0.9902778267860413, 'loss': 0.005107812117785215}
I0412 04:30:15.842368 140513009710912 submission_runner.py:351] 372.80s	3690	{'accuracy': 0.9888889193534851, 'loss': 0.009849153459072113}
I0412 04:30:24.809850 140513009710912 submission_runner.py:351] 381.78s	3780	{'accuracy': 0.988194465637207, 'loss': 0.006614404264837503}
I0412 04:30:33.728066 140513009710912 submission_runner.py:351] 390.73s	3870	{'accuracy': 0.9902778267860413, 'loss': 0.00724941398948431}
I0412 04:30:42.660479 140513009710912 submission_runner.py:351] 399.66s	3960	{'accuracy': 0.9895833730697632, 'loss': 0.005449922289699316}
I0412 04:30:51.607462 140513009710912 submission_runner.py:351] 408.61s	4050	{'accuracy': 0.988194465637207, 'loss': 0.004778375383466482}
I0412 04:31:00.583657 140513009710912 submission_runner.py:351] 417.56s	4140	{'accuracy': 0.9895833730697632, 'loss': 0.006862950511276722}
I0412 04:31:09.569575 140513009710912 submission_runner.py:351] 426.54s	4230	{'accuracy': 0.988194465637207, 'loss': 0.007891560904681683}
I0412 04:31:19.221471 140513009710912 submission_runner.py:351] 435.46s	4320	{'accuracy': 0.9888889193534851, 'loss': 0.01353524811565876}
I0412 04:31:29.234125 140513009710912 submission_runner.py:351] 445.42s	4410	{'accuracy': 0.9895833730697632, 'loss': 0.01002501044422388}
I0412 04:31:38.366740 140513009710912 submission_runner.py:351] 455.08s	4500	{'accuracy': 0.9895833730697632, 'loss': 0.005813196767121553}
I0412 04:31:47.510366 140513009710912 submission_runner.py:351] 464.14s	4590	{'accuracy': 0.9902778267860413, 'loss': 0.003938151989132166}
I0412 04:31:56.613035 140513009710912 submission_runner.py:351] 473.32s	4680	{'accuracy': 0.9902778267860413, 'loss': 0.003682499984279275}
I0412 04:32:05.646723 140513009710912 submission_runner.py:351] 482.36s	4770	{'accuracy': 0.9895833730697632, 'loss': 0.007527018431574106}
I0412 04:32:14.565384 140513009710912 submission_runner.py:351] 491.33s	4860	{'accuracy': 0.9902778267860413, 'loss': 0.0046534547582268715}
I0412 04:32:23.424214 140513009710912 submission_runner.py:351] 500.32s	4950	{'accuracy': 0.988194465637207, 'loss': 0.026434723287820816}
W0412 04:32:23.426178 140513009710912 early_stopping.py:102] Early stop due to no improvement.
I0412 04:32:24.288575 140513009710912 submission_runner.py:448] --- Tuning run 5/5 ---
I0412 04:32:39.853805 140513009710912 submission_runner.py:351] 2.79s	0	{'accuracy': 0.011805555783212185, 'loss': 4.57484769821167}
I0412 04:32:48.837359 140513009710912 submission_runner.py:351] 11.67s	90	{'accuracy': 0.23541666567325592, 'loss': 3.640195846557617}
I0412 04:32:57.877711 140513009710912 submission_runner.py:351] 20.80s	180	{'accuracy': 0.6888889074325562, 'loss': 1.4618991613388062}
I0412 04:33:06.924304 140513009710912 submission_runner.py:351] 29.91s	270	{'accuracy': 0.8875000476837158, 'loss': 0.45466291904449463}
I0412 04:33:16.003842 140513009710912 submission_runner.py:351] 38.88s	360	{'accuracy': 0.9541667103767395, 'loss': 0.15372413396835327}
I0412 04:33:25.089717 140513009710912 submission_runner.py:351] 48.03s	450	{'accuracy': 0.9638888835906982, 'loss': 0.11169087141752243}
I0412 04:33:34.179534 140513009710912 submission_runner.py:351] 57.04s	540	{'accuracy': 0.9743055701255798, 'loss': 0.06561148911714554}
I0412 04:33:43.189058 140513009710912 submission_runner.py:351] 66.12s	630	{'accuracy': 0.9784722328186035, 'loss': 0.045099418610334396}
I0412 04:33:52.262519 140513009710912 submission_runner.py:351] 75.19s	720	{'accuracy': 0.9833333492279053, 'loss': 0.0341264046728611}
I0412 04:34:01.307780 140513009710912 submission_runner.py:351] 84.28s	810	{'accuracy': 0.9833333492279053, 'loss': 0.018010873347520828}
I0412 04:34:10.403985 140513009710912 submission_runner.py:351] 93.28s	900	{'accuracy': 0.987500011920929, 'loss': 0.014634952880442142}
I0412 04:34:19.470349 140513009710912 submission_runner.py:351] 102.40s	990	{'accuracy': 0.9861111640930176, 'loss': 0.014676584862172604}
I0412 04:34:28.511158 140513009710912 submission_runner.py:351] 111.40s	1080	{'accuracy': 0.9847222566604614, 'loss': 0.014622696675360203}
I0412 04:34:37.768817 140513009710912 submission_runner.py:351] 120.38s	1170	{'accuracy': 0.9847222566604614, 'loss': 0.016477063298225403}
I0412 04:34:46.836954 140513009710912 submission_runner.py:351] 129.72s	1260	{'accuracy': 0.9868055582046509, 'loss': 0.022646011784672737}
I0412 04:34:55.861820 140513009710912 submission_runner.py:351] 138.83s	1350	{'accuracy': 0.987500011920929, 'loss': 0.013348013162612915}
I0412 04:35:04.852744 140513009710912 submission_runner.py:351] 147.82s	1440	{'accuracy': 0.9826388955116272, 'loss': 0.02315325289964676}
I0412 04:35:13.843436 140513009710912 submission_runner.py:351] 156.81s	1530	{'accuracy': 0.9895833730697632, 'loss': 0.00892862118780613}
I0412 04:35:22.827427 140513009710912 submission_runner.py:351] 165.79s	1620	{'accuracy': 0.9861111640930176, 'loss': 0.013731048442423344}
I0412 04:35:31.767323 140513009710912 submission_runner.py:351] 174.76s	1710	{'accuracy': 0.9895833730697632, 'loss': 0.00964730978012085}
I0412 04:35:40.637969 140513009710912 submission_runner.py:351] 183.72s	1800	{'accuracy': 0.9854167103767395, 'loss': 0.013924052938818932}
I0412 04:35:49.366594 140513009710912 submission_runner.py:351] 192.49s	1890	{'accuracy': 0.987500011920929, 'loss': 0.008628563955426216}
I0412 04:35:58.413948 140513009710912 submission_runner.py:351] 201.34s	1980	{'accuracy': 0.9868055582046509, 'loss': 0.011806299909949303}
I0412 04:36:07.290463 140513009710912 submission_runner.py:351] 210.22s	2070	{'accuracy': 0.988194465637207, 'loss': 0.014974609948694706}
I0412 04:36:16.148894 140513009710912 submission_runner.py:351] 219.09s	2160	{'accuracy': 0.9840278029441833, 'loss': 0.012565681710839272}
I0412 04:36:25.049781 140513009710912 submission_runner.py:351] 227.97s	2250	{'accuracy': 0.9847222566604614, 'loss': 0.01707504130899906}
I0412 04:36:33.920020 140513009710912 submission_runner.py:351] 236.88s	2340	{'accuracy': 0.9868055582046509, 'loss': 0.00918677169829607}
I0412 04:36:42.786846 140513009710912 submission_runner.py:351] 245.71s	2430	{'accuracy': 0.9840278029441833, 'loss': 0.01290510967373848}
I0412 04:36:51.738559 140513009710912 submission_runner.py:351] 254.63s	2520	{'accuracy': 0.9888889193534851, 'loss': 0.023935461416840553}
I0412 04:37:00.602973 140513009710912 submission_runner.py:351] 263.54s	2610	{'accuracy': 0.9895833730697632, 'loss': 0.008490570820868015}
I0412 04:37:09.476050 140513009710912 submission_runner.py:351] 272.43s	2700	{'accuracy': 0.9888889193534851, 'loss': 0.015633847564458847}
I0412 04:37:18.345361 140513009710912 submission_runner.py:351] 281.35s	2790	{'accuracy': 0.9833333492279053, 'loss': 0.023499689996242523}
I0412 04:37:26.997037 140513009710912 submission_runner.py:351] 290.09s	2880	{'accuracy': 0.9861111640930176, 'loss': 0.01183299906551838}
I0412 04:37:35.698583 140513009710912 submission_runner.py:351] 298.81s	2970	{'accuracy': 0.9902778267860413, 'loss': 0.0064111193642020226}
I0412 04:37:44.353785 140513009710912 submission_runner.py:351] 307.45s	3060	{'accuracy': 0.9861111640930176, 'loss': 0.007063138764351606}
I0412 04:37:53.307605 140513009710912 submission_runner.py:351] 316.19s	3150	{'accuracy': 0.9902778267860413, 'loss': 0.007454777602106333}
I0412 04:38:02.175518 140513009710912 submission_runner.py:351] 325.17s	3240	{'accuracy': 0.9895833730697632, 'loss': 0.004022613633424044}
I0412 04:38:10.849336 140513009710912 submission_runner.py:351] 333.95s	3330	{'accuracy': 0.9895833730697632, 'loss': 0.014399641193449497}
I0412 04:38:19.533064 140513009710912 submission_runner.py:351] 342.63s	3420	{'accuracy': 0.9895833730697632, 'loss': 0.012148314155638218}
I0412 04:38:28.318033 140513009710912 submission_runner.py:351] 351.28s	3510	{'accuracy': 0.9895833730697632, 'loss': 0.011950159445405006}
I0412 04:38:37.046598 140513009710912 submission_runner.py:351] 360.13s	3600	{'accuracy': 0.9854167103767395, 'loss': 0.0211564339697361}
I0412 04:38:45.738975 140513009710912 submission_runner.py:351] 368.82s	3690	{'accuracy': 0.9888889193534851, 'loss': 0.007874745875597}
I0412 04:38:54.502347 140513009710912 submission_runner.py:351] 377.53s	3780	{'accuracy': 0.9909722208976746, 'loss': 0.003819524310529232}
I0412 04:39:03.333351 140513009710912 submission_runner.py:351] 386.23s	3870	{'accuracy': 0.9909722208976746, 'loss': 0.0013454948784783483}
I0412 04:39:12.162208 140513009710912 submission_runner.py:351] 395.15s	3960	{'accuracy': 0.988194465637207, 'loss': 0.006707204971462488}
I0412 04:39:21.024093 140513009710912 submission_runner.py:351] 403.98s	4050	{'accuracy': 0.9895833730697632, 'loss': 0.004150213673710823}
I0412 04:39:29.843125 140513009710912 submission_runner.py:351] 412.83s	4140	{'accuracy': 0.9902778267860413, 'loss': 0.004573782905936241}
I0412 04:39:38.716701 140513009710912 submission_runner.py:351] 421.72s	4230	{'accuracy': 0.9902778267860413, 'loss': 0.00469340942800045}
I0412 04:39:47.631928 140513009710912 submission_runner.py:351] 430.55s	4320	{'accuracy': 0.9895833730697632, 'loss': 0.004889553412795067}
I0412 04:39:56.454648 140513009710912 submission_runner.py:351] 439.46s	4410	{'accuracy': 0.988194465637207, 'loss': 0.007183076348155737}
I0412 04:40:05.628198 140513009710912 submission_runner.py:351] 448.29s	4500	{'accuracy': 0.9888889193534851, 'loss': 0.005256385542452335}
I0412 04:40:14.735470 140513009710912 submission_runner.py:351] 457.73s	4590	{'accuracy': 0.9888889193534851, 'loss': 0.008756069466471672}
I0412 04:40:23.521761 140513009710912 submission_runner.py:351] 466.56s	4680	{'accuracy': 0.9909722208976746, 'loss': 0.0015793979400768876}
I0412 04:40:32.330389 140513009710912 submission_runner.py:351] 475.36s	4770	{'accuracy': 0.9916666746139526, 'loss': 0.0011107370955869555}
I0412 04:40:41.082669 140513009710912 submission_runner.py:351] 484.14s	4860	{'accuracy': 0.9895833730697632, 'loss': 0.002959903795272112}
I0412 04:40:49.820854 140513009710912 submission_runner.py:351] 492.90s	4950	{'accuracy': 0.9888889193534851, 'loss': 0.006038611754775047}
I0412 04:40:58.569693 140513009710912 submission_runner.py:351] 501.64s	5040	{'accuracy': 0.9909722208976746, 'loss': 0.0028313782531768084}
I0412 04:41:07.326869 140513009710912 submission_runner.py:351] 510.39s	5130	{'accuracy': 0.9902778267860413, 'loss': 0.0023361456114798784}
I0412 04:41:16.446819 140513009710912 submission_runner.py:351] 519.15s	5220	{'accuracy': 0.9902778267860413, 'loss': 0.003613157430663705}
I0412 04:41:25.225992 140513009710912 submission_runner.py:351] 528.27s	5310	{'accuracy': 0.9902778267860413, 'loss': 0.0022457600571215153}
I0412 04:41:34.006083 140513009710912 submission_runner.py:351] 537.05s	5400	{'accuracy': 0.9909722208976746, 'loss': 0.003047517267987132}
I0412 04:41:42.780678 140513009710912 submission_runner.py:351] 545.84s	5490	{'accuracy': 0.9895833730697632, 'loss': 0.003730699187144637}
I0412 04:41:51.543792 140513009710912 submission_runner.py:351] 554.62s	5580	{'accuracy': 0.9895833730697632, 'loss': 0.005298372823745012}
I0412 04:42:00.288648 140513009710912 submission_runner.py:351] 563.41s	5670	{'accuracy': 0.9902778267860413, 'loss': 0.0025611729361116886}
I0412 04:42:08.846507 140513009710912 submission_runner.py:351] 572.09s	5760	{'accuracy': 0.9895833730697632, 'loss': 0.0036143993493169546}
I0412 04:42:17.399297 140513009710912 submission_runner.py:351] 580.62s	5850	{'accuracy': 0.9888889193534851, 'loss': 0.004325094632804394}
I0412 04:42:25.980761 140513009710912 submission_runner.py:351] 589.20s	5940	{'accuracy': 0.988194465637207, 'loss': 0.009842976927757263}
I0412 04:42:34.664712 140513009710912 submission_runner.py:351] 597.79s	6030	{'accuracy': 0.9909722208976746, 'loss': 0.0021591628901660442}
I0412 04:42:43.338418 140513009710912 submission_runner.py:351] 606.53s	6120	{'accuracy': 0.9909722208976746, 'loss': 0.0018019628478214145}
I0412 04:42:51.915155 140513009710912 submission_runner.py:351] 615.12s	6210	{'accuracy': 0.9909722208976746, 'loss': 0.003390170866623521}
I0412 04:43:00.664604 140513009710912 submission_runner.py:351] 623.71s	6300	{'accuracy': 0.988194465637207, 'loss': 0.00946770515292883}
I0412 04:43:09.308934 140513009710912 submission_runner.py:351] 632.45s	6390	{'accuracy': 0.9902778267860413, 'loss': 0.004702359903603792}
I0412 04:43:18.119705 140513009710912 submission_runner.py:351] 641.15s	6480	{'accuracy': 0.9868055582046509, 'loss': 0.014507847838103771}
I0412 04:43:26.912939 140513009710912 submission_runner.py:351] 650.00s	6570	{'accuracy': 0.9902778267860413, 'loss': 0.0024829639587551355}
I0412 04:43:35.771652 140513009710912 submission_runner.py:351] 658.75s	6660	{'accuracy': 0.988194465637207, 'loss': 0.008044447749853134}
W0412 04:43:35.773889 140513009710912 early_stopping.py:102] Early stop due to no improvement.
I0412 04:43:36.838823 140513009710912 submission_runner.py:460] ===== Results =====
I0412 04:43:36.839214 140513009710912 submission_runner.py:462] Tuning trial 1/5
I0412 04:43:36.839304 140513009710912 submission_runner.py:463] Hyperparameters: {'learning_rate': 0.001, 'momentum': 0.9}
I0412 04:43:36.839416 140513009710912 submission_runner.py:465] Metrics: (9090, {'accuracy': 0.9909722208976746, 'loss': 0.0015685842372477055})
I0412 04:43:36.839486 140513009710912 submission_runner.py:468] Timing: 229.06222367286682
I0412 04:43:36.839555 140513009710912 submission_runner.py:469] ====================
I0412 04:43:36.839602 140513009710912 submission_runner.py:462] Tuning trial 2/5
I0412 04:43:36.839649 140513009710912 submission_runner.py:463] Hyperparameters: {'learning_rate': 0.001, 'momentum': 0.9}
I0412 04:43:36.839706 140513009710912 submission_runner.py:465] Metrics: (9090, {'accuracy': 0.9916666746139526, 'loss': 0.0004186619189567864})
I0412 04:43:36.839762 140513009710912 submission_runner.py:468] Timing: 226.46361875534058
I0412 04:43:36.839809 140513009710912 submission_runner.py:469] ====================
I0412 04:43:36.839852 140513009710912 submission_runner.py:462] Tuning trial 3/5
I0412 04:43:36.839897 140513009710912 submission_runner.py:463] Hyperparameters: {'learning_rate': 0.001, 'momentum': 0.9}
I0412 04:43:36.839955 140513009710912 submission_runner.py:465] Metrics: (6210, {'accuracy': 0.9916666746139526, 'loss': 0.0006295423954725266})
I0412 04:43:36.840015 140513009710912 submission_runner.py:468] Timing: 157.19465446472168
I0412 04:43:36.840062 140513009710912 submission_runner.py:469] ====================
I0412 04:43:36.840104 140513009710912 submission_runner.py:462] Tuning trial 4/5
I0412 04:43:36.840149 140513009710912 submission_runner.py:463] Hyperparameters: {'learning_rate': 0.001, 'momentum': 0.9}
I0412 04:43:36.840201 140513009710912 submission_runner.py:465] Metrics: (4950, {'accuracy': 0.988194465637207, 'loss': 0.026434723287820816})
I0412 04:43:36.840261 140513009710912 submission_runner.py:468] Timing: 125.28298687934875
I0412 04:43:36.840307 140513009710912 submission_runner.py:469] ====================
I0412 04:43:36.840350 140513009710912 submission_runner.py:462] Tuning trial 5/5
I0412 04:43:36.840394 140513009710912 submission_runner.py:463] Hyperparameters: {'learning_rate': 0.001, 'momentum': 0.9}
I0412 04:43:36.840446 140513009710912 submission_runner.py:465] Metrics: (6660, {'accuracy': 0.988194465637207, 'loss': 0.008044447749853134})
I0412 04:43:36.840498 140513009710912 submission_runner.py:468] Timing: 156.33078575134277
I0412 04:43:36.840554 140513009710912 submission_runner.py:469] ====================
I0412 04:43:37.571148 140513009710912 submission_runner.py:507] Final coil100_jax_dropout score: 125.282987
