W0411 21:01:56.283770 139648784713536 logging_utils.py:329] Unable to record package information. Continuing without it.
I0411 21:01:58.877200 139648784713536 submission_runner.py:448] --- Tuning run 1/5 ---
I0411 21:03:11.691725 139648784713536 submission_runner.py:351] 7.91s	0	{'accuracy': 0.013194444589316845, 'loss': 4.574275016784668}
I0411 21:03:29.529971 139648784713536 submission_runner.py:351] 47.93s	90	{'accuracy': 0.08958333730697632, 'loss': 4.112597942352295}
I0411 21:03:47.270120 139648784713536 submission_runner.py:351] 65.83s	180	{'accuracy': 0.2743055522441864, 'loss': 3.1037821769714355}
I0411 21:04:05.005385 139648784713536 submission_runner.py:351] 83.36s	270	{'accuracy': 0.550000011920929, 'loss': 1.9043723344802856}
I0411 21:04:22.680639 139648784713536 submission_runner.py:351] 101.27s	360	{'accuracy': 0.7145833373069763, 'loss': 1.1501141786575317}
I0411 21:04:40.901629 139648784713536 submission_runner.py:351] 118.92s	450	{'accuracy': 0.8097222447395325, 'loss': 0.7289527058601379}
I0411 21:04:58.582508 139648784713536 submission_runner.py:351] 137.10s	540	{'accuracy': 0.8673611283302307, 'loss': 0.46466565132141113}
I0411 21:05:16.236452 139648784713536 submission_runner.py:351] 154.89s	630	{'accuracy': 0.9166666865348816, 'loss': 0.31028681993484497}
I0411 21:05:34.245289 139648784713536 submission_runner.py:351] 172.31s	720	{'accuracy': 0.9277778267860413, 'loss': 0.23141919076442719}
I0411 21:05:52.082590 139648784713536 submission_runner.py:351] 190.54s	810	{'accuracy': 0.9333333373069763, 'loss': 0.19107264280319214}
I0411 21:06:09.630000 139648784713536 submission_runner.py:351] 208.23s	900	{'accuracy': 0.9527778029441833, 'loss': 0.14162930846214294}
I0411 21:06:27.264568 139648784713536 submission_runner.py:351] 225.85s	990	{'accuracy': 0.9381944537162781, 'loss': 0.16486600041389465}
I0411 21:06:45.532160 139648784713536 submission_runner.py:351] 243.75s	1080	{'accuracy': 0.9500000476837158, 'loss': 0.12129120528697968}
I0411 21:07:03.996048 139648784713536 submission_runner.py:351] 262.06s	1170	{'accuracy': 0.9395833611488342, 'loss': 0.15122123062610626}
I0411 21:07:22.351697 139648784713536 submission_runner.py:351] 280.49s	1260	{'accuracy': 0.9631944894790649, 'loss': 0.08602408319711685}
I0411 21:07:40.947117 139648784713536 submission_runner.py:351] 299.06s	1350	{'accuracy': 0.9618055820465088, 'loss': 0.09414274990558624}
I0411 21:07:58.749049 139648784713536 submission_runner.py:351] 317.23s	1440	{'accuracy': 0.9694444537162781, 'loss': 0.0742621049284935}
I0411 21:08:16.505100 139648784713536 submission_runner.py:351] 335.09s	1530	{'accuracy': 0.9673611521720886, 'loss': 0.08253644406795502}
I0411 21:08:34.450654 139648784713536 submission_runner.py:351] 353.04s	1620	{'accuracy': 0.9680556058883667, 'loss': 0.06624184548854828}
I0411 21:08:52.862592 139648784713536 submission_runner.py:351] 370.94s	1710	{'accuracy': 0.9666666984558105, 'loss': 0.07034309208393097}
I0411 21:09:10.990358 139648784713536 submission_runner.py:351] 389.15s	1800	{'accuracy': 0.9722222685813904, 'loss': 0.0548664852976799}
I0411 21:09:29.212013 139648784713536 submission_runner.py:351] 407.35s	1890	{'accuracy': 0.9722222685813904, 'loss': 0.0600421279668808}
I0411 21:09:47.552434 139648784713536 submission_runner.py:351] 425.64s	1980	{'accuracy': 0.9833333492279053, 'loss': 0.03690776973962784}
I0411 21:10:05.543256 139648784713536 submission_runner.py:351] 443.89s	2070	{'accuracy': 0.9743055701255798, 'loss': 0.054047565907239914}
I0411 21:10:23.443315 139648784713536 submission_runner.py:351] 461.62s	2160	{'accuracy': 0.9805555939674377, 'loss': 0.035615239292383194}
I0411 21:10:41.456710 139648784713536 submission_runner.py:351] 479.77s	2250	{'accuracy': 0.9847222566604614, 'loss': 0.0237137321382761}
I0411 21:10:59.199761 139648784713536 submission_runner.py:351] 497.59s	2340	{'accuracy': 0.9826388955116272, 'loss': 0.040203288197517395}
I0411 21:11:16.877588 139648784713536 submission_runner.py:351] 515.29s	2430	{'accuracy': 0.9777777791023254, 'loss': 0.0411362461745739}
I0411 21:11:34.735601 139648784713536 submission_runner.py:351] 532.92s	2520	{'accuracy': 0.9750000238418579, 'loss': 0.04168974980711937}
I0411 21:11:52.588968 139648784713536 submission_runner.py:351] 550.73s	2610	{'accuracy': 0.9826388955116272, 'loss': 0.021525055170059204}
I0411 21:12:10.255109 139648784713536 submission_runner.py:351] 568.62s	2700	{'accuracy': 0.9840278029441833, 'loss': 0.020743144676089287}
I0411 21:12:28.254423 139648784713536 submission_runner.py:351] 586.34s	2790	{'accuracy': 0.9791666865348816, 'loss': 0.03803212568163872}
I0411 21:12:46.242385 139648784713536 submission_runner.py:351] 604.34s	2880	{'accuracy': 0.9833333492279053, 'loss': 0.02181749977171421}
I0411 21:13:03.866767 139648784713536 submission_runner.py:351] 622.36s	2970	{'accuracy': 0.9868055582046509, 'loss': 0.02124243974685669}
I0411 21:13:21.266383 139648784713536 submission_runner.py:351] 639.80s	3060	{'accuracy': 0.987500011920929, 'loss': 0.011371521279215813}
I0411 21:13:39.185803 139648784713536 submission_runner.py:351] 657.27s	3150	{'accuracy': 0.9819444417953491, 'loss': 0.02915358357131481}
I0411 21:13:56.846223 139648784713536 submission_runner.py:351] 675.30s	3240	{'accuracy': 0.9868055582046509, 'loss': 0.014572772197425365}
I0411 21:14:14.535581 139648784713536 submission_runner.py:351] 692.74s	3330	{'accuracy': 0.9861111640930176, 'loss': 0.017874477431178093}
I0411 21:14:32.456264 139648784713536 submission_runner.py:351] 710.76s	3420	{'accuracy': 0.9819444417953491, 'loss': 0.03343787416815758}
I0411 21:14:50.291671 139648784713536 submission_runner.py:351] 728.44s	3510	{'accuracy': 0.9840278029441833, 'loss': 0.02307625487446785}
I0411 21:15:08.035727 139648784713536 submission_runner.py:351] 746.27s	3600	{'accuracy': 0.9840278029441833, 'loss': 0.020134298130869865}
I0411 21:15:25.731716 139648784713536 submission_runner.py:351] 764.14s	3690	{'accuracy': 0.9847222566604614, 'loss': 0.015454470179975033}
I0411 21:15:43.211380 139648784713536 submission_runner.py:351] 781.78s	3780	{'accuracy': 0.987500011920929, 'loss': 0.019416889175772667}
I0411 21:16:00.754606 139648784713536 submission_runner.py:351] 799.32s	3870	{'accuracy': 0.987500011920929, 'loss': 0.014077653177082539}
I0411 21:16:18.172276 139648784713536 submission_runner.py:351] 816.74s	3960	{'accuracy': 0.987500011920929, 'loss': 0.017868870869278908}
I0411 21:16:35.639839 139648784713536 submission_runner.py:351] 834.18s	4050	{'accuracy': 0.9847222566604614, 'loss': 0.02281688153743744}
I0411 21:16:53.067673 139648784713536 submission_runner.py:351] 851.61s	4140	{'accuracy': 0.9888889193534851, 'loss': 0.008593264035880566}
I0411 21:17:10.942862 139648784713536 submission_runner.py:351] 869.22s	4230	{'accuracy': 0.9854167103767395, 'loss': 0.01724753901362419}
I0411 21:17:28.420469 139648784713536 submission_runner.py:351] 886.95s	4320	{'accuracy': 0.9861111640930176, 'loss': 0.02193308249115944}
I0411 21:17:46.132782 139648784713536 submission_runner.py:351] 904.42s	4410	{'accuracy': 0.9694444537162781, 'loss': 0.055729251354932785}
I0411 21:18:03.842714 139648784713536 submission_runner.py:351] 922.15s	4500	{'accuracy': 0.9763889312744141, 'loss': 0.03942245617508888}
I0411 21:18:21.469840 139648784713536 submission_runner.py:351] 940.03s	4590	{'accuracy': 0.9833333492279053, 'loss': 0.02229928784072399}
I0411 21:18:39.275205 139648784713536 submission_runner.py:351] 957.61s	4680	{'accuracy': 0.9868055582046509, 'loss': 0.011700909584760666}
I0411 21:18:56.930450 139648784713536 submission_runner.py:351] 975.39s	4770	{'accuracy': 0.9861111640930176, 'loss': 0.013175621628761292}
I0411 21:19:14.476333 139648784713536 submission_runner.py:351] 993.05s	4860	{'accuracy': 0.9812500476837158, 'loss': 0.03282174468040466}
I0411 21:19:31.906182 139648784713536 submission_runner.py:351] 1010.46s	4950	{'accuracy': 0.9888889193534851, 'loss': 0.010512890294194221}
I0411 21:19:49.646346 139648784713536 submission_runner.py:351] 1027.94s	5040	{'accuracy': 0.9847222566604614, 'loss': 0.018752379342913628}
I0411 21:20:07.821172 139648784713536 submission_runner.py:351] 1046.03s	5130	{'accuracy': 0.987500011920929, 'loss': 0.011343998834490776}
I0411 21:20:25.355422 139648784713536 submission_runner.py:351] 1063.90s	5220	{'accuracy': 0.987500011920929, 'loss': 0.01176330167800188}
I0411 21:20:43.042499 139648784713536 submission_runner.py:351] 1081.60s	5310	{'accuracy': 0.9895833730697632, 'loss': 0.007647741120308638}
I0411 21:21:00.805034 139648784713536 submission_runner.py:351] 1099.23s	5400	{'accuracy': 0.988194465637207, 'loss': 0.013017069548368454}
I0411 21:21:18.809718 139648784713536 submission_runner.py:351] 1117.05s	5490	{'accuracy': 0.9909722208976746, 'loss': 0.005608075298368931}
I0411 21:21:36.552380 139648784713536 submission_runner.py:351] 1135.10s	5580	{'accuracy': 0.9895833730697632, 'loss': 0.005005783401429653}
I0411 21:21:54.250957 139648784713536 submission_runner.py:351] 1152.77s	5670	{'accuracy': 0.9902778267860413, 'loss': 0.009914611466228962}
I0411 21:22:12.355819 139648784713536 submission_runner.py:351] 1170.64s	5760	{'accuracy': 0.9868055582046509, 'loss': 0.012005629017949104}
I0411 21:22:30.532633 139648784713536 submission_runner.py:351] 1188.62s	5850	{'accuracy': 0.9854167103767395, 'loss': 0.013708619400858879}
I0411 21:22:48.595636 139648784713536 submission_runner.py:351] 1206.64s	5940	{'accuracy': 0.988194465637207, 'loss': 0.007876845076680183}
I0411 21:23:06.529809 139648784713536 submission_runner.py:351] 1224.64s	6030	{'accuracy': 0.988194465637207, 'loss': 0.008192167617380619}
I0411 21:23:24.405659 139648784713536 submission_runner.py:351] 1242.85s	6120	{'accuracy': 0.9833333492279053, 'loss': 0.02114451490342617}
I0411 21:23:42.480143 139648784713536 submission_runner.py:351] 1260.77s	6210	{'accuracy': 0.988194465637207, 'loss': 0.015980027616024017}
I0411 21:24:00.717331 139648784713536 submission_runner.py:351] 1278.82s	6300	{'accuracy': 0.987500011920929, 'loss': 0.010970765724778175}
I0411 21:24:18.526928 139648784713536 submission_runner.py:351] 1297.05s	6390	{'accuracy': 0.9909722208976746, 'loss': 0.0027366061694920063}
I0411 21:24:36.207449 139648784713536 submission_runner.py:351] 1314.80s	6480	{'accuracy': 0.9909722208976746, 'loss': 0.004871888551861048}
I0411 21:24:54.022291 139648784713536 submission_runner.py:351] 1332.42s	6570	{'accuracy': 0.9868055582046509, 'loss': 0.009930625557899475}
I0411 21:25:12.186626 139648784713536 submission_runner.py:351] 1350.42s	6660	{'accuracy': 0.9854167103767395, 'loss': 0.025031356140971184}
I0411 21:25:30.175475 139648784713536 submission_runner.py:351] 1368.46s	6750	{'accuracy': 0.9861111640930176, 'loss': 0.017215808853507042}
I0411 21:25:47.846062 139648784713536 submission_runner.py:351] 1386.14s	6840	{'accuracy': 0.9805555939674377, 'loss': 0.02052208036184311}
I0411 21:26:05.412421 139648784713536 submission_runner.py:351] 1403.84s	6930	{'accuracy': 0.988194465637207, 'loss': 0.007861467078328133}
I0411 21:26:23.246647 139648784713536 submission_runner.py:351] 1421.41s	7020	{'accuracy': 0.9902778267860413, 'loss': 0.004633981268852949}
I0411 21:26:40.809600 139648784713536 submission_runner.py:351] 1439.29s	7110	{'accuracy': 0.9895833730697632, 'loss': 0.007682515773922205}
I0411 21:26:58.472518 139648784713536 submission_runner.py:351] 1456.87s	7200	{'accuracy': 0.9902778267860413, 'loss': 0.007266228087246418}
I0411 21:27:16.282716 139648784713536 submission_runner.py:351] 1474.53s	7290	{'accuracy': 0.9902778267860413, 'loss': 0.005050234962254763}
I0411 21:27:33.919327 139648784713536 submission_runner.py:351] 1492.34s	7380	{'accuracy': 0.9868055582046509, 'loss': 0.012228692881762981}
I0411 21:27:51.839123 139648784713536 submission_runner.py:351] 1509.92s	7470	{'accuracy': 0.987500011920929, 'loss': 0.010677564889192581}
I0411 21:28:09.812761 139648784713536 submission_runner.py:351] 1528.29s	7560	{'accuracy': 0.9909722208976746, 'loss': 0.005214559845626354}
I0411 21:28:27.862056 139648784713536 submission_runner.py:351] 1546.19s	7650	{'accuracy': 0.9902778267860413, 'loss': 0.007322475779801607}
I0411 21:28:46.072504 139648784713536 submission_runner.py:351] 1564.29s	7740	{'accuracy': 0.9909722208976746, 'loss': 0.005120540969073772}
I0411 21:29:04.153592 139648784713536 submission_runner.py:351] 1582.43s	7830	{'accuracy': 0.9916666746139526, 'loss': 0.0022789868526160717}
I0411 21:29:22.198965 139648784713536 submission_runner.py:351] 1600.51s	7920	{'accuracy': 0.9798611402511597, 'loss': 0.031459007412195206}
I0411 21:29:40.037391 139648784713536 submission_runner.py:351] 1618.61s	8010	{'accuracy': 0.9909722208976746, 'loss': 0.004107712302356958}
I0411 21:29:58.071596 139648784713536 submission_runner.py:351] 1636.44s	8100	{'accuracy': 0.987500011920929, 'loss': 0.013197268359363079}
I0411 21:30:16.593185 139648784713536 submission_runner.py:351] 1654.49s	8190	{'accuracy': 0.9909722208976746, 'loss': 0.006632820703089237}
I0411 21:30:34.576222 139648784713536 submission_runner.py:351] 1673.09s	8280	{'accuracy': 0.9895833730697632, 'loss': 0.0047447881661355495}
I0411 21:30:52.463166 139648784713536 submission_runner.py:351] 1690.97s	8370	{'accuracy': 0.9909722208976746, 'loss': 0.0054082199931144714}
I0411 21:31:10.526269 139648784713536 submission_runner.py:351] 1708.88s	8460	{'accuracy': 0.9916666746139526, 'loss': 0.0017046730499714613}
I0411 21:31:28.530278 139648784713536 submission_runner.py:351] 1727.02s	8550	{'accuracy': 0.9868055582046509, 'loss': 0.00895387027412653}
I0411 21:31:46.379978 139648784713536 submission_runner.py:351] 1744.92s	8640	{'accuracy': 0.9895833730697632, 'loss': 0.011830508708953857}
I0411 21:32:04.263684 139648784713536 submission_runner.py:351] 1762.79s	8730	{'accuracy': 0.9895833730697632, 'loss': 0.004912864416837692}
I0411 21:32:22.157322 139648784713536 submission_runner.py:351] 1780.70s	8820	{'accuracy': 0.9909722208976746, 'loss': 0.00270277401432395}
I0411 21:32:41.050203 139648784713536 submission_runner.py:351] 1798.59s	8910	{'accuracy': 0.988194465637207, 'loss': 0.008467616513371468}
I0411 21:33:00.303201 139648784713536 submission_runner.py:351] 1817.86s	9000	{'accuracy': 0.9909722208976746, 'loss': 0.0034204821567982435}
I0411 21:33:19.414826 139648784713536 submission_runner.py:351] 1837.18s	9090	{'accuracy': 0.9854167103767395, 'loss': 0.01651475764811039}
W0411 21:33:19.416199 139648784713536 early_stopping.py:90] Early stop due to exceeding max steps.
I0411 21:33:20.597133 139648784713536 submission_runner.py:448] --- Tuning run 2/5 ---
I0411 21:33:39.399387 139648784713536 submission_runner.py:351] 2.94s	0	{'accuracy': 0.0055555556900799274, 'loss': 4.580691337585449}
I0411 21:33:58.555385 139648784713536 submission_runner.py:351] 22.04s	90	{'accuracy': 0.09861111640930176, 'loss': 3.97660493850708}
I0411 21:34:17.644277 139648784713536 submission_runner.py:351] 41.43s	180	{'accuracy': 0.3499999940395355, 'loss': 2.7752668857574463}
I0411 21:34:36.696613 139648784713536 submission_runner.py:351] 60.45s	270	{'accuracy': 0.5527777671813965, 'loss': 1.7604420185089111}
I0411 21:34:55.742212 139648784713536 submission_runner.py:351] 79.33s	360	{'accuracy': 0.7222222685813904, 'loss': 1.0651633739471436}
I0411 21:35:15.381834 139648784713536 submission_runner.py:351] 98.61s	450	{'accuracy': 0.819444477558136, 'loss': 0.7025083303451538}
I0411 21:35:34.367044 139648784713536 submission_runner.py:351] 118.10s	540	{'accuracy': 0.8375000357627869, 'loss': 0.5385560989379883}
I0411 21:35:53.486399 139648784713536 submission_runner.py:351] 137.08s	630	{'accuracy': 0.8930555582046509, 'loss': 0.3245777189731598}
I0411 21:36:12.490874 139648784713536 submission_runner.py:351] 156.19s	720	{'accuracy': 0.9208333492279053, 'loss': 0.2917124032974243}
I0411 21:36:31.590024 139648784713536 submission_runner.py:351] 175.22s	810	{'accuracy': 0.9298611283302307, 'loss': 0.2379884421825409}
I0411 21:36:50.814152 139648784713536 submission_runner.py:351] 194.37s	900	{'accuracy': 0.9458333849906921, 'loss': 0.1924353539943695}
I0411 21:37:09.621769 139648784713536 submission_runner.py:351] 213.44s	990	{'accuracy': 0.9388889074325562, 'loss': 0.17897920310497284}
I0411 21:37:28.695952 139648784713536 submission_runner.py:351] 232.26s	1080	{'accuracy': 0.9500000476837158, 'loss': 0.13281600177288055}
I0411 21:37:47.417651 139648784713536 submission_runner.py:351] 251.34s	1170	{'accuracy': 0.944444477558136, 'loss': 0.13990753889083862}
I0411 21:38:06.473931 139648784713536 submission_runner.py:351] 270.05s	1260	{'accuracy': 0.9618055820465088, 'loss': 0.11868744343519211}
I0411 21:38:25.395704 139648784713536 submission_runner.py:351] 289.12s	1350	{'accuracy': 0.9701389074325562, 'loss': 0.07867203652858734}
I0411 21:38:44.101479 139648784713536 submission_runner.py:351] 307.73s	1440	{'accuracy': 0.9659722447395325, 'loss': 0.07805254310369492}
I0411 21:39:02.378050 139648784713536 submission_runner.py:351] 326.38s	1530	{'accuracy': 0.9722222685813904, 'loss': 0.06295592337846756}
I0411 21:39:21.068422 139648784713536 submission_runner.py:351] 344.95s	1620	{'accuracy': 0.9666666984558105, 'loss': 0.07641027122735977}
I0411 21:39:39.988068 139648784713536 submission_runner.py:351] 363.60s	1710	{'accuracy': 0.9743055701255798, 'loss': 0.060441624373197556}
I0411 21:39:58.801838 139648784713536 submission_runner.py:351] 382.63s	1800	{'accuracy': 0.9680556058883667, 'loss': 0.06168723106384277}
I0411 21:40:18.664512 139648784713536 submission_runner.py:351] 401.60s	1890	{'accuracy': 0.9680556058883667, 'loss': 0.07817055284976959}
I0411 21:40:38.122467 139648784713536 submission_runner.py:351] 421.56s	1980	{'accuracy': 0.9770833849906921, 'loss': 0.04802042245864868}
I0411 21:40:56.875485 139648784713536 submission_runner.py:351] 440.23s	2070	{'accuracy': 0.9770833849906921, 'loss': 0.055341701954603195}
I0411 21:41:15.980428 139648784713536 submission_runner.py:351] 458.93s	2160	{'accuracy': 0.9826388955116272, 'loss': 0.031204279512166977}
I0411 21:41:34.426669 139648784713536 submission_runner.py:351] 478.09s	2250	{'accuracy': 0.9791666865348816, 'loss': 0.03606320172548294}
I0411 21:41:53.705997 139648784713536 submission_runner.py:351] 497.10s	2340	{'accuracy': 0.9763889312744141, 'loss': 0.03797450289130211}
I0411 21:42:13.036052 139648784713536 submission_runner.py:351] 516.41s	2430	{'accuracy': 0.9763889312744141, 'loss': 0.04541267827153206}
I0411 21:42:32.406747 139648784713536 submission_runner.py:351] 535.69s	2520	{'accuracy': 0.9833333492279053, 'loss': 0.028208579868078232}
I0411 21:42:51.663451 139648784713536 submission_runner.py:351] 555.05s	2610	{'accuracy': 0.9868055582046509, 'loss': 0.017662236467003822}
I0411 21:43:11.061564 139648784713536 submission_runner.py:351] 574.29s	2700	{'accuracy': 0.9826388955116272, 'loss': 0.027201775461435318}
I0411 21:43:30.590102 139648784713536 submission_runner.py:351] 593.67s	2790	{'accuracy': 0.9861111640930176, 'loss': 0.021247556433081627}
I0411 21:43:50.263099 139648784713536 submission_runner.py:351] 613.36s	2880	{'accuracy': 0.9812500476837158, 'loss': 0.03406035900115967}
I0411 21:44:09.415620 139648784713536 submission_runner.py:351] 632.83s	2970	{'accuracy': 0.987500011920929, 'loss': 0.018032489344477654}
I0411 21:44:27.928621 139648784713536 submission_runner.py:351] 651.62s	3060	{'accuracy': 0.9812500476837158, 'loss': 0.030985455960035324}
I0411 21:44:46.517165 139648784713536 submission_runner.py:351] 670.12s	3150	{'accuracy': 0.9791666865348816, 'loss': 0.028257444500923157}
I0411 21:45:05.346882 139648784713536 submission_runner.py:351] 689.01s	3240	{'accuracy': 0.9840278029441833, 'loss': 0.022507082670927048}
I0411 21:45:24.621896 139648784713536 submission_runner.py:351] 707.86s	3330	{'accuracy': 0.9791666865348816, 'loss': 0.030448410660028458}
I0411 21:45:43.982291 139648784713536 submission_runner.py:351] 727.24s	3420	{'accuracy': 0.9812500476837158, 'loss': 0.0322512648999691}
I0411 21:46:03.088508 139648784713536 submission_runner.py:351] 746.59s	3510	{'accuracy': 0.9777777791023254, 'loss': 0.03362136334180832}
I0411 21:46:22.599811 139648784713536 submission_runner.py:351] 765.69s	3600	{'accuracy': 0.9840278029441833, 'loss': 0.025463439524173737}
I0411 21:46:41.728665 139648784713536 submission_runner.py:351] 785.22s	3690	{'accuracy': 0.9833333492279053, 'loss': 0.02391614206135273}
I0411 21:47:00.798143 139648784713536 submission_runner.py:351] 804.37s	3780	{'accuracy': 0.9826388955116272, 'loss': 0.024815494194626808}
I0411 21:47:20.137252 139648784713536 submission_runner.py:351] 823.39s	3870	{'accuracy': 0.9819444417953491, 'loss': 0.043474942445755005}
I0411 21:47:39.666982 139648784713536 submission_runner.py:351] 842.79s	3960	{'accuracy': 0.9868055582046509, 'loss': 0.013400208204984665}
I0411 21:47:58.770843 139648784713536 submission_runner.py:351] 862.26s	4050	{'accuracy': 0.9784722328186035, 'loss': 0.04217572882771492}
I0411 21:48:18.093469 139648784713536 submission_runner.py:351] 881.36s	4140	{'accuracy': 0.9902778267860413, 'loss': 0.009761261753737926}
I0411 21:48:36.981708 139648784713536 submission_runner.py:351] 900.65s	4230	{'accuracy': 0.9888889193534851, 'loss': 0.008811700157821178}
I0411 21:48:55.931781 139648784713536 submission_runner.py:351] 919.52s	4320	{'accuracy': 0.9861111640930176, 'loss': 0.023882681503891945}
I0411 21:49:15.445496 139648784713536 submission_runner.py:351] 938.59s	4410	{'accuracy': 0.9888889193534851, 'loss': 0.010927877388894558}
I0411 21:49:34.515608 139648784713536 submission_runner.py:351] 958.03s	4500	{'accuracy': 0.9819444417953491, 'loss': 0.023010917007923126}
I0411 21:49:53.978263 139648784713536 submission_runner.py:351] 977.07s	4590	{'accuracy': 0.9861111640930176, 'loss': 0.02329252101480961}
I0411 21:50:13.499491 139648784713536 submission_runner.py:351] 996.62s	4680	{'accuracy': 0.9895833730697632, 'loss': 0.013617643155157566}
I0411 21:50:32.864714 139648784713536 submission_runner.py:351] 1016.11s	4770	{'accuracy': 0.988194465637207, 'loss': 0.010341852903366089}
I0411 21:50:52.028180 139648784713536 submission_runner.py:351] 1035.53s	4860	{'accuracy': 0.9729166626930237, 'loss': 0.068577840924263}
I0411 21:51:11.414177 139648784713536 submission_runner.py:351] 1054.64s	4950	{'accuracy': 0.9763889312744141, 'loss': 0.03498009219765663}
I0411 21:51:30.865976 139648784713536 submission_runner.py:351] 1074.09s	5040	{'accuracy': 0.9868055582046509, 'loss': 0.01957780122756958}
I0411 21:51:50.271641 139648784713536 submission_runner.py:351] 1093.40s	5130	{'accuracy': 0.9854167103767395, 'loss': 0.015695558860898018}
I0411 21:52:09.627684 139648784713536 submission_runner.py:351] 1112.78s	5220	{'accuracy': 0.988194465637207, 'loss': 0.009622818790376186}
I0411 21:52:28.385830 139648784713536 submission_runner.py:351] 1132.08s	5310	{'accuracy': 0.9895833730697632, 'loss': 0.008482182398438454}
I0411 21:52:47.004472 139648784713536 submission_runner.py:351] 1150.70s	5400	{'accuracy': 0.9868055582046509, 'loss': 0.013228530995547771}
I0411 21:53:06.029747 139648784713536 submission_runner.py:351] 1169.37s	5490	{'accuracy': 0.9826388955116272, 'loss': 0.01614455133676529}
I0411 21:53:24.993751 139648784713536 submission_runner.py:351] 1188.34s	5580	{'accuracy': 0.9888889193534851, 'loss': 0.010989340953528881}
I0411 21:53:43.909187 139648784713536 submission_runner.py:351] 1207.28s	5670	{'accuracy': 0.9868055582046509, 'loss': 0.015860022976994514}
I0411 21:54:02.820710 139648784713536 submission_runner.py:351] 1226.24s	5760	{'accuracy': 0.9902778267860413, 'loss': 0.010781634598970413}
I0411 21:54:22.199229 139648784713536 submission_runner.py:351] 1245.11s	5850	{'accuracy': 0.9833333492279053, 'loss': 0.021645279601216316}
I0411 21:54:41.318736 139648784713536 submission_runner.py:351] 1264.70s	5940	{'accuracy': 0.988194465637207, 'loss': 0.014088984578847885}
I0411 21:55:00.061153 139648784713536 submission_runner.py:351] 1283.50s	6030	{'accuracy': 0.988194465637207, 'loss': 0.013461478985846043}
I0411 21:55:18.409260 139648784713536 submission_runner.py:351] 1302.23s	6120	{'accuracy': 0.9909722208976746, 'loss': 0.00471353018656373}
I0411 21:55:37.777622 139648784713536 submission_runner.py:351] 1320.94s	6210	{'accuracy': 0.988194465637207, 'loss': 0.006994456984102726}
I0411 21:55:57.160429 139648784713536 submission_runner.py:351] 1340.40s	6300	{'accuracy': 0.987500011920929, 'loss': 0.014130751602351665}
I0411 21:56:16.274413 139648784713536 submission_runner.py:351] 1359.78s	6390	{'accuracy': 0.9868055582046509, 'loss': 0.016894835978746414}
I0411 21:56:35.409591 139648784713536 submission_runner.py:351] 1378.89s	6480	{'accuracy': 0.988194465637207, 'loss': 0.012950371950864792}
I0411 21:56:54.572733 139648784713536 submission_runner.py:351] 1398.08s	6570	{'accuracy': 0.9812500476837158, 'loss': 0.02738191932439804}
I0411 21:57:13.919983 139648784713536 submission_runner.py:351] 1417.21s	6660	{'accuracy': 0.9888889193534851, 'loss': 0.012156041339039803}
I0411 21:57:33.050432 139648784713536 submission_runner.py:351] 1436.54s	6750	{'accuracy': 0.9861111640930176, 'loss': 0.014175672084093094}
I0411 21:57:52.187769 139648784713536 submission_runner.py:351] 1455.72s	6840	{'accuracy': 0.9895833730697632, 'loss': 0.006227835081517696}
I0411 21:58:11.252982 139648784713536 submission_runner.py:351] 1474.81s	6930	{'accuracy': 0.987500011920929, 'loss': 0.010249712504446507}
I0411 21:58:30.465421 139648784713536 submission_runner.py:351] 1494.02s	7020	{'accuracy': 0.9819444417953491, 'loss': 0.03169146552681923}
I0411 21:58:49.856189 139648784713536 submission_runner.py:351] 1513.13s	7110	{'accuracy': 0.9902778267860413, 'loss': 0.00580383837223053}
I0411 21:59:08.974386 139648784713536 submission_runner.py:351] 1532.52s	7200	{'accuracy': 0.9909722208976746, 'loss': 0.004119794815778732}
I0411 21:59:28.043834 139648784713536 submission_runner.py:351] 1551.61s	7290	{'accuracy': 0.988194465637207, 'loss': 0.008418879471719265}
I0411 21:59:46.919790 139648784713536 submission_runner.py:351] 1570.59s	7380	{'accuracy': 0.988194465637207, 'loss': 0.008149526081979275}
I0411 22:00:06.041231 139648784713536 submission_runner.py:351] 1589.56s	7470	{'accuracy': 0.9902778267860413, 'loss': 0.004578965250402689}
I0411 22:00:25.238331 139648784713536 submission_runner.py:351] 1608.58s	7560	{'accuracy': 0.9902778267860413, 'loss': 0.0036095324903726578}
I0411 22:00:44.063445 139648784713536 submission_runner.py:351] 1627.77s	7650	{'accuracy': 0.9888889193534851, 'loss': 0.01887519657611847}
I0411 22:01:02.948994 139648784713536 submission_runner.py:351] 1646.64s	7740	{'accuracy': 0.9888889193534851, 'loss': 0.008688922971487045}
I0411 22:01:22.253868 139648784713536 submission_runner.py:351] 1665.56s	7830	{'accuracy': 0.9902778267860413, 'loss': 0.004659292753785849}
I0411 22:01:41.138607 139648784713536 submission_runner.py:351] 1684.82s	7920	{'accuracy': 0.9722222685813904, 'loss': 0.08926749974489212}
I0411 22:01:59.919518 139648784713536 submission_runner.py:351] 1703.70s	8010	{'accuracy': 0.9840278029441833, 'loss': 0.030687153339385986}
I0411 22:02:19.267711 139648784713536 submission_runner.py:351] 1722.56s	8100	{'accuracy': 0.9888889193534851, 'loss': 0.007871409878134727}
I0411 22:02:38.332914 139648784713536 submission_runner.py:351] 1741.87s	8190	{'accuracy': 0.9909722208976746, 'loss': 0.00403523538261652}
I0411 22:02:57.265668 139648784713536 submission_runner.py:351] 1760.93s	8280	{'accuracy': 0.9888889193534851, 'loss': 0.009321117773652077}
I0411 22:03:16.349649 139648784713536 submission_runner.py:351] 1779.80s	8370	{'accuracy': 0.9888889193534851, 'loss': 0.01009569875895977}
I0411 22:03:35.339660 139648784713536 submission_runner.py:351] 1798.93s	8460	{'accuracy': 0.9916666746139526, 'loss': 0.002131230663508177}
I0411 22:03:54.583879 139648784713536 submission_runner.py:351] 1817.96s	8550	{'accuracy': 0.987500011920929, 'loss': 0.008863886818289757}
I0411 22:04:13.515548 139648784713536 submission_runner.py:351] 1837.20s	8640	{'accuracy': 0.9902778267860413, 'loss': 0.00408905791118741}
I0411 22:04:32.672882 139648784713536 submission_runner.py:351] 1856.17s	8730	{'accuracy': 0.987500011920929, 'loss': 0.014494928531348705}
I0411 22:04:52.257997 139648784713536 submission_runner.py:351] 1875.37s	8820	{'accuracy': 0.9895833730697632, 'loss': 0.009515136480331421}
I0411 22:05:11.471296 139648784713536 submission_runner.py:351] 1894.88s	8910	{'accuracy': 0.9902778267860413, 'loss': 0.010222109034657478}
I0411 22:05:31.090035 139648784713536 submission_runner.py:351] 1914.20s	9000	{'accuracy': 0.9909722208976746, 'loss': 0.007563138380646706}
I0411 22:05:50.601816 139648784713536 submission_runner.py:351] 1933.73s	9090	{'accuracy': 0.9916666746139526, 'loss': 0.0016395288985222578}
W0411 22:05:50.603204 139648784713536 early_stopping.py:90] Early stop due to exceeding max steps.
I0411 22:05:51.741310 139648784713536 submission_runner.py:448] --- Tuning run 3/5 ---
I0411 22:06:11.288557 139648784713536 submission_runner.py:351] 3.00s	0	{'accuracy': 0.012500000186264515, 'loss': 4.5739569664001465}
I0411 22:06:30.513491 139648784713536 submission_runner.py:351] 22.61s	90	{'accuracy': 0.03194444626569748, 'loss': 4.296908855438232}
I0411 22:06:50.088078 139648784713536 submission_runner.py:351] 42.04s	180	{'accuracy': 0.2784722149372101, 'loss': 2.9707391262054443}
I0411 22:07:10.098150 139648784713536 submission_runner.py:351] 61.58s	270	{'accuracy': 0.5736111402511597, 'loss': 1.7150347232818604}
I0411 22:07:30.012434 139648784713536 submission_runner.py:351] 81.77s	360	{'accuracy': 0.7715277671813965, 'loss': 0.9137948155403137}
I0411 22:07:49.686377 139648784713536 submission_runner.py:351] 101.50s	450	{'accuracy': 0.8215277791023254, 'loss': 0.6296310424804688}
I0411 22:08:09.296353 139648784713536 submission_runner.py:351] 121.12s	540	{'accuracy': 0.9166666865348816, 'loss': 0.35288527607917786}
I0411 22:08:28.664458 139648784713536 submission_runner.py:351] 140.82s	630	{'accuracy': 0.9125000238418579, 'loss': 0.2451765388250351}
I0411 22:08:47.977975 139648784713536 submission_runner.py:351] 160.20s	720	{'accuracy': 0.9361111521720886, 'loss': 0.20327360928058624}
I0411 22:09:07.083374 139648784713536 submission_runner.py:351] 179.47s	810	{'accuracy': 0.9451389312744141, 'loss': 0.15403935313224792}
I0411 22:09:26.122474 139648784713536 submission_runner.py:351] 198.39s	900	{'accuracy': 0.9534722566604614, 'loss': 0.13140647113323212}
I0411 22:09:45.449086 139648784713536 submission_runner.py:351] 217.34s	990	{'accuracy': 0.9437500238418579, 'loss': 0.15494213998317719}
I0411 22:10:04.494092 139648784713536 submission_runner.py:351] 236.72s	1080	{'accuracy': 0.9527778029441833, 'loss': 0.1293780505657196}
I0411 22:10:23.702135 139648784713536 submission_runner.py:351] 255.74s	1170	{'accuracy': 0.9743055701255798, 'loss': 0.08237399905920029}
I0411 22:10:42.899511 139648784713536 submission_runner.py:351] 275.07s	1260	{'accuracy': 0.9694444537162781, 'loss': 0.07771353423595428}
I0411 22:11:02.055709 139648784713536 submission_runner.py:351] 294.12s	1350	{'accuracy': 0.9784722328186035, 'loss': 0.0662199854850769}
I0411 22:11:20.971029 139648784713536 submission_runner.py:351] 313.25s	1440	{'accuracy': 0.9701389074325562, 'loss': 0.07740630209445953}
I0411 22:11:39.897242 139648784713536 submission_runner.py:351] 332.24s	1530	{'accuracy': 0.9694444537162781, 'loss': 0.06843060255050659}
I0411 22:11:58.718557 139648784713536 submission_runner.py:351] 351.23s	1620	{'accuracy': 0.9763889312744141, 'loss': 0.04864006116986275}
I0411 22:12:17.726085 139648784713536 submission_runner.py:351] 370.05s	1710	{'accuracy': 0.9805555939674377, 'loss': 0.04055224359035492}
I0411 22:12:36.904274 139648784713536 submission_runner.py:351] 388.95s	1800	{'accuracy': 0.9812500476837158, 'loss': 0.030292879790067673}
I0411 22:12:55.897074 139648784713536 submission_runner.py:351] 408.04s	1890	{'accuracy': 0.9750000238418579, 'loss': 0.053692009299993515}
I0411 22:13:14.617262 139648784713536 submission_runner.py:351] 427.14s	1980	{'accuracy': 0.9791666865348816, 'loss': 0.04395192116498947}
I0411 22:13:33.585900 139648784713536 submission_runner.py:351] 445.60s	2070	{'accuracy': 0.9673611521720886, 'loss': 0.06904981285333633}
I0411 22:13:52.402508 139648784713536 submission_runner.py:351] 464.69s	2160	{'accuracy': 0.9805555939674377, 'loss': 0.03653356805443764}
I0411 22:14:11.299348 139648784713536 submission_runner.py:351] 483.65s	2250	{'accuracy': 0.9854167103767395, 'loss': 0.028518397361040115}
I0411 22:14:30.674328 139648784713536 submission_runner.py:351] 502.56s	2340	{'accuracy': 0.9826388955116272, 'loss': 0.040661636739969254}
I0411 22:14:49.688784 139648784713536 submission_runner.py:351] 521.91s	2430	{'accuracy': 0.9840278029441833, 'loss': 0.025612153112888336}
I0411 22:15:08.889823 139648784713536 submission_runner.py:351] 540.90s	2520	{'accuracy': 0.9868055582046509, 'loss': 0.01806841976940632}
I0411 22:15:27.784233 139648784713536 submission_runner.py:351] 560.12s	2610	{'accuracy': 0.9861111640930176, 'loss': 0.017566747963428497}
I0411 22:15:46.759622 139648784713536 submission_runner.py:351] 578.98s	2700	{'accuracy': 0.9819444417953491, 'loss': 0.02256433479487896}
I0411 22:16:05.761378 139648784713536 submission_runner.py:351] 598.02s	2790	{'accuracy': 0.9895833730697632, 'loss': 0.01329238060861826}
I0411 22:16:24.956854 139648784713536 submission_runner.py:351] 617.00s	2880	{'accuracy': 0.9861111640930176, 'loss': 0.018261857330799103}
I0411 22:16:44.288154 139648784713536 submission_runner.py:351] 636.15s	2970	{'accuracy': 0.9847222566604614, 'loss': 0.022154096513986588}
I0411 22:17:03.558344 139648784713536 submission_runner.py:351] 655.53s	3060	{'accuracy': 0.988194465637207, 'loss': 0.013882591389119625}
I0411 22:17:22.654049 139648784713536 submission_runner.py:351] 674.75s	3150	{'accuracy': 0.9854167103767395, 'loss': 0.02193114347755909}
I0411 22:17:41.707807 139648784713536 submission_runner.py:351] 693.96s	3240	{'accuracy': 0.9805555939674377, 'loss': 0.03222615644335747}
I0411 22:18:00.705508 139648784713536 submission_runner.py:351] 712.91s	3330	{'accuracy': 0.9888889193534851, 'loss': 0.010182002559304237}
I0411 22:18:19.788542 139648784713536 submission_runner.py:351] 731.90s	3420	{'accuracy': 0.975694477558136, 'loss': 0.052821382880210876}
I0411 22:18:39.047293 139648784713536 submission_runner.py:351] 751.03s	3510	{'accuracy': 0.9868055582046509, 'loss': 0.020542221143841743}
I0411 22:18:58.280094 139648784713536 submission_runner.py:351] 770.26s	3600	{'accuracy': 0.9798611402511597, 'loss': 0.0334097295999527}
I0411 22:19:17.276268 139648784713536 submission_runner.py:351] 789.61s	3690	{'accuracy': 0.9847222566604614, 'loss': 0.02080833725631237}
I0411 22:19:36.250910 139648784713536 submission_runner.py:351] 808.52s	3780	{'accuracy': 0.987500011920929, 'loss': 0.01445093471556902}
I0411 22:19:55.468708 139648784713536 submission_runner.py:351] 827.44s	3870	{'accuracy': 0.9902778267860413, 'loss': 0.011215563863515854}
I0411 22:20:14.319047 139648784713536 submission_runner.py:351] 846.71s	3960	{'accuracy': 0.9895833730697632, 'loss': 0.006893666926771402}
I0411 22:20:34.078982 139648784713536 submission_runner.py:351] 865.52s	4050	{'accuracy': 0.987500011920929, 'loss': 0.015130770392715931}
I0411 22:20:53.554793 139648784713536 submission_runner.py:351] 885.37s	4140	{'accuracy': 0.988194465637207, 'loss': 0.007837382145226002}
I0411 22:21:12.563268 139648784713536 submission_runner.py:351] 904.81s	4230	{'accuracy': 0.9861111640930176, 'loss': 0.014821209013462067}
I0411 22:21:31.962321 139648784713536 submission_runner.py:351] 923.87s	4320	{'accuracy': 0.9854167103767395, 'loss': 0.018367504701018333}
I0411 22:21:51.471844 139648784713536 submission_runner.py:351] 943.24s	4410	{'accuracy': 0.9826388955116272, 'loss': 0.02386678196489811}
I0411 22:22:10.443666 139648784713536 submission_runner.py:351] 962.71s	4500	{'accuracy': 0.987500011920929, 'loss': 0.012968429364264011}
I0411 22:22:29.487459 139648784713536 submission_runner.py:351] 981.68s	4590	{'accuracy': 0.9854167103767395, 'loss': 0.01821514591574669}
I0411 22:22:48.621376 139648784713536 submission_runner.py:351] 1000.77s	4680	{'accuracy': 0.9854167103767395, 'loss': 0.016499193385243416}
I0411 22:23:07.925112 139648784713536 submission_runner.py:351] 1019.96s	4770	{'accuracy': 0.9840278029441833, 'loss': 0.02107732556760311}
I0411 22:23:27.333446 139648784713536 submission_runner.py:351] 1039.21s	4860	{'accuracy': 0.9895833730697632, 'loss': 0.006872197147458792}
I0411 22:23:46.406836 139648784713536 submission_runner.py:351] 1058.58s	4950	{'accuracy': 0.9868055582046509, 'loss': 0.015521593391895294}
I0411 22:24:05.383262 139648784713536 submission_runner.py:351] 1077.68s	5040	{'accuracy': 0.9861111640930176, 'loss': 0.014990277588367462}
I0411 22:24:24.766221 139648784713536 submission_runner.py:351] 1096.63s	5130	{'accuracy': 0.9909722208976746, 'loss': 0.005801735911518335}
I0411 22:24:43.687840 139648784713536 submission_runner.py:351] 1116.02s	5220	{'accuracy': 0.987500011920929, 'loss': 0.012007731944322586}
I0411 22:25:03.001617 139648784713536 submission_runner.py:351] 1134.93s	5310	{'accuracy': 0.988194465637207, 'loss': 0.011651807464659214}
I0411 22:25:22.137358 139648784713536 submission_runner.py:351] 1154.30s	5400	{'accuracy': 0.9902778267860413, 'loss': 0.0055822934955358505}
I0411 22:25:41.310215 139648784713536 submission_runner.py:351] 1173.38s	5490	{'accuracy': 0.9868055582046509, 'loss': 0.014824511483311653}
I0411 22:26:00.340650 139648784713536 submission_runner.py:351] 1192.56s	5580	{'accuracy': 0.9902778267860413, 'loss': 0.008369376882910728}
I0411 22:26:19.520471 139648784713536 submission_runner.py:351] 1211.58s	5670	{'accuracy': 0.9902778267860413, 'loss': 0.006044856738299131}
I0411 22:26:38.860294 139648784713536 submission_runner.py:351] 1230.78s	5760	{'accuracy': 0.9916666746139526, 'loss': 0.004465427715331316}
I0411 22:26:58.245281 139648784713536 submission_runner.py:351] 1250.16s	5850	{'accuracy': 0.9909722208976746, 'loss': 0.0038535341154783964}
I0411 22:27:17.141839 139648784713536 submission_runner.py:351] 1269.47s	5940	{'accuracy': 0.9902778267860413, 'loss': 0.004228034056723118}
I0411 22:27:36.426596 139648784713536 submission_runner.py:351] 1288.38s	6030	{'accuracy': 0.9895833730697632, 'loss': 0.008387078531086445}
I0411 22:27:55.276780 139648784713536 submission_runner.py:351] 1307.68s	6120	{'accuracy': 0.9868055582046509, 'loss': 0.012204204685986042}
I0411 22:28:14.632165 139648784713536 submission_runner.py:351] 1326.52s	6210	{'accuracy': 0.9902778267860413, 'loss': 0.005373095162212849}
I0411 22:28:33.984193 139648784713536 submission_runner.py:351] 1345.99s	6300	{'accuracy': 0.9916666746139526, 'loss': 0.0041105072014033794}
I0411 22:28:53.226928 139648784713536 submission_runner.py:351] 1365.23s	6390	{'accuracy': 0.9895833730697632, 'loss': 0.005010757129639387}
I0411 22:29:12.150438 139648784713536 submission_runner.py:351] 1384.45s	6480	{'accuracy': 0.9895833730697632, 'loss': 0.005086760502308607}
I0411 22:29:30.762010 139648784713536 submission_runner.py:351] 1403.13s	6570	{'accuracy': 0.988194465637207, 'loss': 0.011354430578649044}
I0411 22:29:49.455660 139648784713536 submission_runner.py:351] 1421.81s	6660	{'accuracy': 0.9861111640930176, 'loss': 0.013089294545352459}
I0411 22:30:08.543437 139648784713536 submission_runner.py:351] 1440.76s	6750	{'accuracy': 0.9902778267860413, 'loss': 0.005280447658151388}
I0411 22:30:27.774875 139648784713536 submission_runner.py:351] 1459.79s	6840	{'accuracy': 0.9895833730697632, 'loss': 0.005781720858067274}
I0411 22:30:46.680067 139648784713536 submission_runner.py:351] 1479.02s	6930	{'accuracy': 0.9888889193534851, 'loss': 0.008367597125470638}
I0411 22:31:05.854087 139648784713536 submission_runner.py:351] 1497.89s	7020	{'accuracy': 0.9888889193534851, 'loss': 0.007844431325793266}
I0411 22:31:24.705522 139648784713536 submission_runner.py:351] 1517.06s	7110	{'accuracy': 0.9902778267860413, 'loss': 0.005165511276572943}
I0411 22:31:43.961049 139648784713536 submission_runner.py:351] 1535.99s	7200	{'accuracy': 0.988194465637207, 'loss': 0.009077093563973904}
I0411 22:32:03.064800 139648784713536 submission_runner.py:351] 1555.14s	7290	{'accuracy': 0.988194465637207, 'loss': 0.0076674516312778}
I0411 22:32:21.971099 139648784713536 submission_runner.py:351] 1574.27s	7380	{'accuracy': 0.9895833730697632, 'loss': 0.01107572577893734}
I0411 22:32:41.066277 139648784713536 submission_runner.py:351] 1593.14s	7470	{'accuracy': 0.9888889193534851, 'loss': 0.006869275122880936}
I0411 22:33:00.021979 139648784713536 submission_runner.py:351] 1612.29s	7560	{'accuracy': 0.9909722208976746, 'loss': 0.0027216344606131315}
I0411 22:33:19.005159 139648784713536 submission_runner.py:351] 1631.33s	7650	{'accuracy': 0.9916666746139526, 'loss': 0.003791685914620757}
I0411 22:33:38.638711 139648784713536 submission_runner.py:351] 1650.27s	7740	{'accuracy': 0.9888889193534851, 'loss': 0.005738098174333572}
I0411 22:33:57.905055 139648784713536 submission_runner.py:351] 1669.91s	7830	{'accuracy': 0.9909722208976746, 'loss': 0.004029196687042713}
I0411 22:34:16.717794 139648784713536 submission_runner.py:351] 1688.89s	7920	{'accuracy': 0.9909722208976746, 'loss': 0.003171526128426194}
I0411 22:34:35.335592 139648784713536 submission_runner.py:351] 1707.55s	8010	{'accuracy': 0.9895833730697632, 'loss': 0.005012025125324726}
I0411 22:34:55.064090 139648784713536 submission_runner.py:351] 1726.77s	8100	{'accuracy': 0.9902778267860413, 'loss': 0.007932368665933609}
I0411 22:35:13.598289 139648784713536 submission_runner.py:351] 1746.18s	8190	{'accuracy': 0.9902778267860413, 'loss': 0.00545421103015542}
I0411 22:35:32.553253 139648784713536 submission_runner.py:351] 1764.67s	8280	{'accuracy': 0.9916666746139526, 'loss': 0.0023606866598129272}
I0411 22:35:51.341012 139648784713536 submission_runner.py:351] 1783.60s	8370	{'accuracy': 0.9902778267860413, 'loss': 0.0034641101956367493}
I0411 22:36:10.385273 139648784713536 submission_runner.py:351] 1802.33s	8460	{'accuracy': 0.9916666746139526, 'loss': 0.0025742282159626484}
I0411 22:36:29.361556 139648784713536 submission_runner.py:351] 1821.56s	8550	{'accuracy': 0.9909722208976746, 'loss': 0.003290968481451273}
I0411 22:36:48.757636 139648784713536 submission_runner.py:351] 1840.47s	8640	{'accuracy': 0.9909722208976746, 'loss': 0.0031980008352547884}
I0411 22:37:07.836126 139648784713536 submission_runner.py:351] 1860.15s	8730	{'accuracy': 0.9909722208976746, 'loss': 0.0031145575921982527}
I0411 22:37:27.170437 139648784713536 submission_runner.py:351] 1879.15s	8820	{'accuracy': 0.9895833730697632, 'loss': 0.003639023983851075}
I0411 22:37:46.795702 139648784713536 submission_runner.py:351] 1898.56s	8910	{'accuracy': 0.9902778267860413, 'loss': 0.004522713366895914}
I0411 22:38:06.124545 139648784713536 submission_runner.py:351] 1918.32s	9000	{'accuracy': 0.9861111640930176, 'loss': 0.01433058362454176}
I0411 22:38:25.717473 139648784713536 submission_runner.py:351] 1937.60s	9090	{'accuracy': 0.9895833730697632, 'loss': 0.0042992341332137585}
W0411 22:38:25.719200 139648784713536 early_stopping.py:90] Early stop due to exceeding max steps.
I0411 22:38:27.186624 139648784713536 submission_runner.py:448] --- Tuning run 4/5 ---
I0411 22:38:46.218904 139648784713536 submission_runner.py:351] 3.13s	0	{'accuracy': 0.0034722222480922937, 'loss': 4.576444625854492}
I0411 22:39:05.342207 139648784713536 submission_runner.py:351] 22.24s	90	{'accuracy': 0.07847222685813904, 'loss': 4.100571155548096}
I0411 22:39:24.161653 139648784713536 submission_runner.py:351] 41.45s	180	{'accuracy': 0.33541667461395264, 'loss': 2.83087158203125}
I0411 22:39:43.237742 139648784713536 submission_runner.py:351] 60.18s	270	{'accuracy': 0.6034722328186035, 'loss': 1.6356817483901978}
I0411 22:40:02.680201 139648784713536 submission_runner.py:351] 79.57s	360	{'accuracy': 0.7430555820465088, 'loss': 1.0088509321212769}
I0411 22:40:22.305381 139648784713536 submission_runner.py:351] 98.86s	450	{'accuracy': 0.8041666746139526, 'loss': 0.6785679459571838}
I0411 22:40:41.782261 139648784713536 submission_runner.py:351] 118.69s	540	{'accuracy': 0.8812500238418579, 'loss': 0.42686864733695984}
I0411 22:41:00.873989 139648784713536 submission_runner.py:351] 138.14s	630	{'accuracy': 0.8854166865348816, 'loss': 0.3648139238357544}
I0411 22:41:20.314715 139648784713536 submission_runner.py:351] 157.27s	720	{'accuracy': 0.9111111164093018, 'loss': 0.2668510377407074}
I0411 22:41:39.217470 139648784713536 submission_runner.py:351] 176.51s	810	{'accuracy': 0.9395833611488342, 'loss': 0.19377455115318298}
I0411 22:41:58.121563 139648784713536 submission_runner.py:351] 195.26s	900	{'accuracy': 0.9500000476837158, 'loss': 0.14489620923995972}
I0411 22:42:17.471988 139648784713536 submission_runner.py:351] 214.43s	990	{'accuracy': 0.9451389312744141, 'loss': 0.15825267136096954}
I0411 22:42:36.702600 139648784713536 submission_runner.py:351] 233.90s	1080	{'accuracy': 0.9611111283302307, 'loss': 0.10357972234487534}
I0411 22:42:55.755849 139648784713536 submission_runner.py:351] 252.88s	1170	{'accuracy': 0.9583333730697632, 'loss': 0.11206566542387009}
I0411 22:43:14.615459 139648784713536 submission_runner.py:351] 271.86s	1260	{'accuracy': 0.9520833492279053, 'loss': 0.11302480101585388}
I0411 22:43:33.534351 139648784713536 submission_runner.py:351] 290.85s	1350	{'accuracy': 0.9694444537162781, 'loss': 0.07887576520442963}
I0411 22:43:52.430344 139648784713536 submission_runner.py:351] 309.54s	1440	{'accuracy': 0.9611111283302307, 'loss': 0.08819348365068436}
I0411 22:44:11.260351 139648784713536 submission_runner.py:351] 328.49s	1530	{'accuracy': 0.9680556058883667, 'loss': 0.07098860293626785}
I0411 22:44:30.220455 139648784713536 submission_runner.py:351] 347.35s	1620	{'accuracy': 0.9715278148651123, 'loss': 0.06395836919546127}
I0411 22:44:49.422262 139648784713536 submission_runner.py:351] 366.42s	1710	{'accuracy': 0.9736111164093018, 'loss': 0.05504240095615387}
I0411 22:45:08.472913 139648784713536 submission_runner.py:351] 385.62s	1800	{'accuracy': 0.9694444537162781, 'loss': 0.07260390371084213}
I0411 22:45:27.626375 139648784713536 submission_runner.py:351] 404.52s	1890	{'accuracy': 0.9736111164093018, 'loss': 0.0639239028096199}
I0411 22:45:47.006143 139648784713536 submission_runner.py:351] 424.15s	1980	{'accuracy': 0.9791666865348816, 'loss': 0.04697790369391441}
I0411 22:46:06.047895 139648784713536 submission_runner.py:351] 442.84s	2070	{'accuracy': 0.9736111164093018, 'loss': 0.05723615363240242}
I0411 22:46:26.062905 139648784713536 submission_runner.py:351] 462.25s	2160	{'accuracy': 0.9763889312744141, 'loss': 0.05765935033559799}
I0411 22:46:45.256297 139648784713536 submission_runner.py:351] 482.19s	2250	{'accuracy': 0.9750000238418579, 'loss': 0.04937582090497017}
I0411 22:47:04.452312 139648784713536 submission_runner.py:351] 501.21s	2340	{'accuracy': 0.975694477558136, 'loss': 0.05086889490485191}
I0411 22:47:23.039582 139648784713536 submission_runner.py:351] 520.25s	2430	{'accuracy': 0.9819444417953491, 'loss': 0.03688978776335716}
I0411 22:47:42.093978 139648784713536 submission_runner.py:351] 538.98s	2520	{'accuracy': 0.96875, 'loss': 0.07215572893619537}
I0411 22:48:00.798529 139648784713536 submission_runner.py:351] 557.83s	2610	{'accuracy': 0.9791666865348816, 'loss': 0.04067974537611008}
I0411 22:48:19.758668 139648784713536 submission_runner.py:351] 576.72s	2700	{'accuracy': 0.9840278029441833, 'loss': 0.030593492090702057}
I0411 22:48:38.832590 139648784713536 submission_runner.py:351] 595.87s	2790	{'accuracy': 0.9750000238418579, 'loss': 0.05926704406738281}
I0411 22:48:57.817503 139648784713536 submission_runner.py:351] 614.74s	2880	{'accuracy': 0.9784722328186035, 'loss': 0.03715367615222931}
I0411 22:49:16.370075 139648784713536 submission_runner.py:351] 633.61s	2970	{'accuracy': 0.9791666865348816, 'loss': 0.03790392354130745}
I0411 22:49:35.357283 139648784713536 submission_runner.py:351] 652.47s	3060	{'accuracy': 0.9854167103767395, 'loss': 0.02349410206079483}
I0411 22:49:54.276964 139648784713536 submission_runner.py:351] 671.31s	3150	{'accuracy': 0.9652777910232544, 'loss': 0.059577371925115585}
I0411 22:50:13.780665 139648784713536 submission_runner.py:351] 690.53s	3240	{'accuracy': 0.9798611402511597, 'loss': 0.03221875801682472}
I0411 22:50:33.549316 139648784713536 submission_runner.py:351] 710.07s	3330	{'accuracy': 0.9715278148651123, 'loss': 0.06320789456367493}
I0411 22:50:52.758507 139648784713536 submission_runner.py:351] 729.79s	3420	{'accuracy': 0.9812500476837158, 'loss': 0.026966117322444916}
I0411 22:51:11.615324 139648784713536 submission_runner.py:351] 748.73s	3510	{'accuracy': 0.9826388955116272, 'loss': 0.03131631389260292}
I0411 22:51:30.911460 139648784713536 submission_runner.py:351] 767.62s	3600	{'accuracy': 0.9784722328186035, 'loss': 0.04040026292204857}
I0411 22:51:49.672642 139648784713536 submission_runner.py:351] 786.88s	3690	{'accuracy': 0.9659722447395325, 'loss': 0.08018359541893005}
I0411 22:52:09.326213 139648784713536 submission_runner.py:351] 805.81s	3780	{'accuracy': 0.9770833849906921, 'loss': 0.04020111262798309}
I0411 22:52:28.634352 139648784713536 submission_runner.py:351] 825.36s	3870	{'accuracy': 0.9791666865348816, 'loss': 0.04000450298190117}
I0411 22:52:47.801134 139648784713536 submission_runner.py:351] 844.74s	3960	{'accuracy': 0.9798611402511597, 'loss': 0.037323884665966034}
I0411 22:53:06.924491 139648784713536 submission_runner.py:351] 863.97s	4050	{'accuracy': 0.9798611402511597, 'loss': 0.03560834378004074}
I0411 22:53:26.105171 139648784713536 submission_runner.py:351] 882.96s	4140	{'accuracy': 0.9791666865348816, 'loss': 0.03567388281226158}
I0411 22:53:45.029223 139648784713536 submission_runner.py:351] 902.28s	4230	{'accuracy': 0.9784722328186035, 'loss': 0.037673454731702805}
I0411 22:54:03.794609 139648784713536 submission_runner.py:351] 921.04s	4320	{'accuracy': 0.9854167103767395, 'loss': 0.019027426838874817}
I0411 22:54:23.068004 139648784713536 submission_runner.py:351] 939.75s	4410	{'accuracy': 0.9847222566604614, 'loss': 0.022651150822639465}
I0411 22:54:42.370233 139648784713536 submission_runner.py:351] 959.24s	4500	{'accuracy': 0.9833333492279053, 'loss': 0.02058217115700245}
I0411 22:55:01.130738 139648784713536 submission_runner.py:351] 978.38s	4590	{'accuracy': 0.9868055582046509, 'loss': 0.017357710748910904}
I0411 22:55:20.386614 139648784713536 submission_runner.py:351] 997.11s	4680	{'accuracy': 0.9854167103767395, 'loss': 0.019493987783789635}
I0411 22:55:39.445241 139648784713536 submission_runner.py:351] 1016.49s	4770	{'accuracy': 0.9798611402511597, 'loss': 0.039732299745082855}
I0411 22:55:58.027582 139648784713536 submission_runner.py:351] 1035.34s	4860	{'accuracy': 0.9770833849906921, 'loss': 0.048959627747535706}
I0411 22:56:16.687640 139648784713536 submission_runner.py:351] 1053.89s	4950	{'accuracy': 0.9770833849906921, 'loss': 0.031678471714258194}
I0411 22:56:35.624956 139648784713536 submission_runner.py:351] 1072.69s	5040	{'accuracy': 0.9847222566604614, 'loss': 0.026372268795967102}
I0411 22:56:54.211239 139648784713536 submission_runner.py:351] 1091.39s	5130	{'accuracy': 0.987500011920929, 'loss': 0.01478904951363802}
I0411 22:57:12.808525 139648784713536 submission_runner.py:351] 1110.15s	5220	{'accuracy': 0.988194465637207, 'loss': 0.012678822502493858}
I0411 22:57:31.447412 139648784713536 submission_runner.py:351] 1128.71s	5310	{'accuracy': 0.9847222566604614, 'loss': 0.026788854971528053}
I0411 22:57:51.263532 139648784713536 submission_runner.py:351] 1147.91s	5400	{'accuracy': 0.9888889193534851, 'loss': 0.008614663034677505}
I0411 22:58:09.897897 139648784713536 submission_runner.py:351] 1167.14s	5490	{'accuracy': 0.9833333492279053, 'loss': 0.028498560190200806}
I0411 22:58:28.883247 139648784713536 submission_runner.py:351] 1185.84s	5580	{'accuracy': 0.988194465637207, 'loss': 0.013273944146931171}
I0411 22:58:47.794886 139648784713536 submission_runner.py:351] 1204.75s	5670	{'accuracy': 0.9840278029441833, 'loss': 0.021922269836068153}
I0411 22:59:06.633594 139648784713536 submission_runner.py:351] 1223.53s	5760	{'accuracy': 0.9798611402511597, 'loss': 0.03579298034310341}
I0411 22:59:25.604351 139648784713536 submission_runner.py:351] 1242.72s	5850	{'accuracy': 0.9840278029441833, 'loss': 0.02589295245707035}
I0411 22:59:44.690937 139648784713536 submission_runner.py:351] 1261.45s	5940	{'accuracy': 0.988194465637207, 'loss': 0.00992350559681654}
I0411 23:00:03.327930 139648784713536 submission_runner.py:351] 1280.59s	6030	{'accuracy': 0.9861111640930176, 'loss': 0.013120678253471851}
I0411 23:00:22.387924 139648784713536 submission_runner.py:351] 1299.35s	6120	{'accuracy': 0.9868055582046509, 'loss': 0.014681166969239712}
I0411 23:00:41.401402 139648784713536 submission_runner.py:351] 1318.33s	6210	{'accuracy': 0.9868055582046509, 'loss': 0.017487144097685814}
I0411 23:01:00.549637 139648784713536 submission_runner.py:351] 1337.47s	6300	{'accuracy': 0.9861111640930176, 'loss': 0.019403526559472084}
I0411 23:01:19.439018 139648784713536 submission_runner.py:351] 1356.55s	6390	{'accuracy': 0.9840278029441833, 'loss': 0.022723887115716934}
I0411 23:01:38.651821 139648784713536 submission_runner.py:351] 1375.67s	6480	{'accuracy': 0.9861111640930176, 'loss': 0.015505258925259113}
I0411 23:01:57.298404 139648784713536 submission_runner.py:351] 1394.49s	6570	{'accuracy': 0.988194465637207, 'loss': 0.00954423937946558}
I0411 23:02:16.244442 139648784713536 submission_runner.py:351] 1413.21s	6660	{'accuracy': 0.9847222566604614, 'loss': 0.01554555632174015}
I0411 23:02:35.096305 139648784713536 submission_runner.py:351] 1432.15s	6750	{'accuracy': 0.987500011920929, 'loss': 0.014170610345900059}
I0411 23:02:53.717420 139648784713536 submission_runner.py:351] 1450.88s	6840	{'accuracy': 0.9847222566604614, 'loss': 0.03374329209327698}
I0411 23:03:12.704664 139648784713536 submission_runner.py:351] 1469.84s	6930	{'accuracy': 0.9868055582046509, 'loss': 0.01465019304305315}
I0411 23:03:32.303071 139648784713536 submission_runner.py:351] 1488.53s	7020	{'accuracy': 0.9840278029441833, 'loss': 0.025698630139231682}
I0411 23:03:51.597169 139648784713536 submission_runner.py:351] 1508.51s	7110	{'accuracy': 0.987500011920929, 'loss': 0.015760479494929314}
I0411 23:04:10.728698 139648784713536 submission_runner.py:351] 1527.58s	7200	{'accuracy': 0.988194465637207, 'loss': 0.010637413710355759}
I0411 23:04:29.810074 139648784713536 submission_runner.py:351] 1546.59s	7290	{'accuracy': 0.9888889193534851, 'loss': 0.010618007741868496}
W0411 23:04:29.811596 139648784713536 early_stopping.py:102] Early stop due to no improvement.
I0411 23:04:30.849936 139648784713536 submission_runner.py:448] --- Tuning run 5/5 ---
I0411 23:04:50.126310 139648784713536 submission_runner.py:351] 2.97s	0	{'accuracy': 0.009027778171002865, 'loss': 4.5697021484375}
I0411 23:05:09.328504 139648784713536 submission_runner.py:351] 22.46s	90	{'accuracy': 0.06736111640930176, 'loss': 4.2011542320251465}
I0411 23:05:28.663765 139648784713536 submission_runner.py:351] 41.87s	180	{'accuracy': 0.28333333134651184, 'loss': 3.088308334350586}
I0411 23:05:48.309031 139648784713536 submission_runner.py:351] 61.52s	270	{'accuracy': 0.5090277791023254, 'loss': 1.9462484121322632}
I0411 23:06:07.438994 139648784713536 submission_runner.py:351] 81.13s	360	{'accuracy': 0.6736111044883728, 'loss': 1.2538753747940063}
I0411 23:06:26.873744 139648784713536 submission_runner.py:351] 100.25s	450	{'accuracy': 0.8020833730697632, 'loss': 0.7101799249649048}
I0411 23:06:46.398959 139648784713536 submission_runner.py:351] 119.79s	540	{'accuracy': 0.8618055582046509, 'loss': 0.5009574890136719}
I0411 23:07:06.277631 139648784713536 submission_runner.py:351] 139.23s	630	{'accuracy': 0.8902778029441833, 'loss': 0.33326637744903564}
I0411 23:07:25.672684 139648784713536 submission_runner.py:351] 158.93s	720	{'accuracy': 0.9076389074325562, 'loss': 0.26473143696784973}
I0411 23:07:44.959705 139648784713536 submission_runner.py:351] 178.49s	810	{'accuracy': 0.9409722685813904, 'loss': 0.1965721994638443}
I0411 23:08:04.527628 139648784713536 submission_runner.py:351] 197.63s	900	{'accuracy': 0.9340277910232544, 'loss': 0.20477283000946045}
I0411 23:08:24.727512 139648784713536 submission_runner.py:351] 217.41s	990	{'accuracy': 0.956250011920929, 'loss': 0.11408325284719467}
I0411 23:08:44.304155 139648784713536 submission_runner.py:351] 237.60s	1080	{'accuracy': 0.9541667103767395, 'loss': 0.1233435571193695}
I0411 23:09:03.837759 139648784713536 submission_runner.py:351] 256.87s	1170	{'accuracy': 0.9701389074325562, 'loss': 0.07699999213218689}
I0411 23:09:23.130160 139648784713536 submission_runner.py:351] 276.51s	1260	{'accuracy': 0.9625000357627869, 'loss': 0.09560263156890869}
I0411 23:09:42.908673 139648784713536 submission_runner.py:351] 295.93s	1350	{'accuracy': 0.9590278267860413, 'loss': 0.10218582302331924}
I0411 23:10:01.835913 139648784713536 submission_runner.py:351] 315.49s	1440	{'accuracy': 0.9666666984558105, 'loss': 0.07473335415124893}
I0411 23:10:21.511501 139648784713536 submission_runner.py:351] 334.45s	1530	{'accuracy': 0.9770833849906921, 'loss': 0.04801889508962631}
I0411 23:10:41.317672 139648784713536 submission_runner.py:351] 354.20s	1620	{'accuracy': 0.9715278148651123, 'loss': 0.05566202476620674}
I0411 23:11:01.335993 139648784713536 submission_runner.py:351] 374.26s	1710	{'accuracy': 0.975694477558136, 'loss': 0.05116543546319008}
I0411 23:11:20.895117 139648784713536 submission_runner.py:351] 393.95s	1800	{'accuracy': 0.9791666865348816, 'loss': 0.04402812942862511}
I0411 23:11:40.709378 139648784713536 submission_runner.py:351] 413.62s	1890	{'accuracy': 0.9763889312744141, 'loss': 0.05187434330582619}
I0411 23:12:00.373304 139648784713536 submission_runner.py:351] 433.63s	1980	{'accuracy': 0.9777777791023254, 'loss': 0.04242490231990814}
I0411 23:12:20.047151 139648784713536 submission_runner.py:351] 453.13s	2070	{'accuracy': 0.9819444417953491, 'loss': 0.02944583259522915}
I0411 23:12:39.495837 139648784713536 submission_runner.py:351] 472.60s	2160	{'accuracy': 0.9770833849906921, 'loss': 0.03758735582232475}
I0411 23:12:59.617075 139648784713536 submission_runner.py:351] 492.07s	2250	{'accuracy': 0.9777777791023254, 'loss': 0.04032681882381439}
I0411 23:13:19.725509 139648784713536 submission_runner.py:351] 512.06s	2340	{'accuracy': 0.9833333492279053, 'loss': 0.025907214730978012}
I0411 23:13:39.576292 139648784713536 submission_runner.py:351] 532.66s	2430	{'accuracy': 0.9812500476837158, 'loss': 0.029284613206982613}
I0411 23:13:59.176536 139648784713536 submission_runner.py:351] 552.31s	2520	{'accuracy': 0.9770833849906921, 'loss': 0.03554849699139595}
I0411 23:14:18.534417 139648784713536 submission_runner.py:351] 571.71s	2610	{'accuracy': 0.9840278029441833, 'loss': 0.01763896271586418}
I0411 23:14:37.940135 139648784713536 submission_runner.py:351] 591.25s	2700	{'accuracy': 0.9805555939674377, 'loss': 0.03396067023277283}
I0411 23:14:57.377662 139648784713536 submission_runner.py:351] 610.60s	2790	{'accuracy': 0.9895833730697632, 'loss': 0.01247481256723404}
I0411 23:15:16.646792 139648784713536 submission_runner.py:351] 629.89s	2880	{'accuracy': 0.9708333611488342, 'loss': 0.05097464472055435}
I0411 23:15:36.493620 139648784713536 submission_runner.py:351] 649.34s	2970	{'accuracy': 0.9861111640930176, 'loss': 0.015201902948319912}
I0411 23:15:56.397325 139648784713536 submission_runner.py:351] 669.23s	3060	{'accuracy': 0.9819444417953491, 'loss': 0.03475649282336235}
I0411 23:16:16.243419 139648784713536 submission_runner.py:351] 689.22s	3150	{'accuracy': 0.9854167103767395, 'loss': 0.01811816729605198}
I0411 23:16:35.934211 139648784713536 submission_runner.py:351] 709.03s	3240	{'accuracy': 0.9847222566604614, 'loss': 0.019559500738978386}
I0411 23:16:55.780569 139648784713536 submission_runner.py:351] 728.70s	3330	{'accuracy': 0.9861111640930176, 'loss': 0.013540930114686489}
I0411 23:17:15.694541 139648784713536 submission_runner.py:351] 748.62s	3420	{'accuracy': 0.9854167103767395, 'loss': 0.01621159166097641}
I0411 23:17:35.047110 139648784713536 submission_runner.py:351] 768.22s	3510	{'accuracy': 0.987500011920929, 'loss': 0.01232465822249651}
I0411 23:17:54.896238 139648784713536 submission_runner.py:351] 787.76s	3600	{'accuracy': 0.9847222566604614, 'loss': 0.015908414497971535}
I0411 23:18:14.795978 139648784713536 submission_runner.py:351] 807.73s	3690	{'accuracy': 0.9812500476837158, 'loss': 0.03448670729994774}
I0411 23:18:34.310916 139648784713536 submission_runner.py:351] 827.49s	3780	{'accuracy': 0.9840278029441833, 'loss': 0.016402482986450195}
I0411 23:18:53.360756 139648784713536 submission_runner.py:351] 846.84s	3870	{'accuracy': 0.9847222566604614, 'loss': 0.02179914154112339}
I0411 23:19:12.814680 139648784713536 submission_runner.py:351] 866.06s	3960	{'accuracy': 0.9888889193534851, 'loss': 0.008814502507448196}
I0411 23:19:32.204687 139648784713536 submission_runner.py:351] 885.38s	4050	{'accuracy': 0.9840278029441833, 'loss': 0.020020755007863045}
I0411 23:19:51.788942 139648784713536 submission_runner.py:351] 905.03s	4140	{'accuracy': 0.9847222566604614, 'loss': 0.022140325978398323}
I0411 23:20:11.051412 139648784713536 submission_runner.py:351] 924.54s	4230	{'accuracy': 0.987500011920929, 'loss': 0.01625087857246399}
I0411 23:20:30.882330 139648784713536 submission_runner.py:351] 943.70s	4320	{'accuracy': 0.987500011920929, 'loss': 0.013625756837427616}
I0411 23:20:50.443776 139648784713536 submission_runner.py:351] 963.49s	4410	{'accuracy': 0.9868055582046509, 'loss': 0.012148253619670868}
I0411 23:21:10.356879 139648784713536 submission_runner.py:351] 983.02s	4500	{'accuracy': 0.988194465637207, 'loss': 0.013600379228591919}
I0411 23:21:29.459095 139648784713536 submission_runner.py:351] 1002.81s	4590	{'accuracy': 0.9868055582046509, 'loss': 0.010703645646572113}
I0411 23:21:48.662678 139648784713536 submission_runner.py:351] 1021.90s	4680	{'accuracy': 0.9868055582046509, 'loss': 0.01706346496939659}
I0411 23:22:08.043923 139648784713536 submission_runner.py:351] 1041.18s	4770	{'accuracy': 0.9861111640930176, 'loss': 0.016370141878724098}
I0411 23:22:27.326261 139648784713536 submission_runner.py:351] 1060.47s	4860	{'accuracy': 0.9895833730697632, 'loss': 0.007142598275095224}
I0411 23:22:46.192806 139648784713536 submission_runner.py:351] 1079.72s	4950	{'accuracy': 0.988194465637207, 'loss': 0.009264168329536915}
I0411 23:23:05.463594 139648784713536 submission_runner.py:351] 1098.70s	5040	{'accuracy': 0.9840278029441833, 'loss': 0.020724056288599968}
I0411 23:23:25.088715 139648784713536 submission_runner.py:351] 1118.27s	5130	{'accuracy': 0.9888889193534851, 'loss': 0.007889235392212868}
I0411 23:23:44.754963 139648784713536 submission_runner.py:351] 1137.87s	5220	{'accuracy': 0.9888889193534851, 'loss': 0.006315781734883785}
I0411 23:24:03.938517 139648784713536 submission_runner.py:351] 1157.29s	5310	{'accuracy': 0.987500011920929, 'loss': 0.009205827489495277}
I0411 23:24:23.566863 139648784713536 submission_runner.py:351] 1176.45s	5400	{'accuracy': 0.9861111640930176, 'loss': 0.01683059334754944}
I0411 23:24:43.280174 139648784713536 submission_runner.py:351] 1196.34s	5490	{'accuracy': 0.987500011920929, 'loss': 0.010679432190954685}
I0411 23:25:02.419851 139648784713536 submission_runner.py:351] 1215.76s	5580	{'accuracy': 0.9847222566604614, 'loss': 0.01704885996878147}
I0411 23:25:21.653040 139648784713536 submission_runner.py:351] 1234.85s	5670	{'accuracy': 0.987500011920929, 'loss': 0.017342371866106987}
I0411 23:25:41.122120 139648784713536 submission_runner.py:351] 1254.28s	5760	{'accuracy': 0.988194465637207, 'loss': 0.01198126282542944}
I0411 23:26:00.329012 139648784713536 submission_runner.py:351] 1273.69s	5850	{'accuracy': 0.988194465637207, 'loss': 0.020546099171042442}
I0411 23:26:20.381134 139648784713536 submission_runner.py:351] 1293.08s	5940	{'accuracy': 0.9909722208976746, 'loss': 0.0055290828458964825}
I0411 23:26:40.438941 139648784713536 submission_runner.py:351] 1313.14s	6030	{'accuracy': 0.9847222566604614, 'loss': 0.0198960117995739}
I0411 23:27:00.289222 139648784713536 submission_runner.py:351] 1333.03s	6120	{'accuracy': 0.9909722208976746, 'loss': 0.004186917562037706}
I0411 23:27:19.687796 139648784713536 submission_runner.py:351] 1352.82s	6210	{'accuracy': 0.9888889193534851, 'loss': 0.008071145042777061}
I0411 23:27:39.145498 139648784713536 submission_runner.py:351] 1372.33s	6300	{'accuracy': 0.9791666865348816, 'loss': 0.029221339151263237}
I0411 23:27:58.806417 139648784713536 submission_runner.py:351] 1391.64s	6390	{'accuracy': 0.987500011920929, 'loss': 0.00958248134702444}
I0411 23:28:18.288455 139648784713536 submission_runner.py:351] 1411.59s	6480	{'accuracy': 0.9909722208976746, 'loss': 0.004134414717555046}
I0411 23:28:37.603380 139648784713536 submission_runner.py:351] 1430.91s	6570	{'accuracy': 0.9909722208976746, 'loss': 0.0037341807037591934}
I0411 23:28:57.554010 139648784713536 submission_runner.py:351] 1450.44s	6660	{'accuracy': 0.9909722208976746, 'loss': 0.0035797609016299248}
I0411 23:29:17.513422 139648784713536 submission_runner.py:351] 1470.31s	6750	{'accuracy': 0.987500011920929, 'loss': 0.010577595792710781}
I0411 23:29:36.620419 139648784713536 submission_runner.py:351] 1490.08s	6840	{'accuracy': 0.9909722208976746, 'loss': 0.004505169577896595}
I0411 23:29:55.750425 139648784713536 submission_runner.py:351] 1509.00s	6930	{'accuracy': 0.9861111640930176, 'loss': 0.0132569195702672}
I0411 23:30:15.145751 139648784713536 submission_runner.py:351] 1528.20s	7020	{'accuracy': 0.9902778267860413, 'loss': 0.00275377812795341}
I0411 23:30:34.245989 139648784713536 submission_runner.py:351] 1547.80s	7110	{'accuracy': 0.9826388955116272, 'loss': 0.020778998732566833}
I0411 23:30:53.694441 139648784713536 submission_runner.py:351] 1566.93s	7200	{'accuracy': 0.9833333492279053, 'loss': 0.017446789890527725}
I0411 23:31:13.139682 139648784713536 submission_runner.py:351] 1586.20s	7290	{'accuracy': 0.9888889193534851, 'loss': 0.007535737473517656}
I0411 23:31:32.570376 139648784713536 submission_runner.py:351] 1605.76s	7380	{'accuracy': 0.987500011920929, 'loss': 0.011753861792385578}
I0411 23:31:52.146895 139648784713536 submission_runner.py:351] 1625.23s	7470	{'accuracy': 0.9902778267860413, 'loss': 0.003797841491177678}
I0411 23:32:12.102427 139648784713536 submission_runner.py:351] 1644.88s	7560	{'accuracy': 0.9895833730697632, 'loss': 0.007311581633985043}
I0411 23:32:31.762331 139648784713536 submission_runner.py:351] 1664.77s	7650	{'accuracy': 0.9854167103767395, 'loss': 0.018450552597641945}
I0411 23:32:51.041831 139648784713536 submission_runner.py:351] 1684.29s	7740	{'accuracy': 0.988194465637207, 'loss': 0.014934767968952656}
I0411 23:33:10.912442 139648784713536 submission_runner.py:351] 1703.86s	7830	{'accuracy': 0.9909722208976746, 'loss': 0.0043879044242203236}
I0411 23:33:30.561081 139648784713536 submission_runner.py:351] 1723.67s	7920	{'accuracy': 0.988194465637207, 'loss': 0.010990975424647331}
I0411 23:33:50.450085 139648784713536 submission_runner.py:351] 1743.38s	8010	{'accuracy': 0.9916666746139526, 'loss': 0.002395689720287919}
I0411 23:34:09.832349 139648784713536 submission_runner.py:351] 1763.11s	8100	{'accuracy': 0.9909722208976746, 'loss': 0.0022159263025969267}
I0411 23:34:29.553410 139648784713536 submission_runner.py:351] 1782.50s	8190	{'accuracy': 0.9909722208976746, 'loss': 0.004639658611267805}
I0411 23:34:49.281621 139648784713536 submission_runner.py:351] 1802.15s	8280	{'accuracy': 0.987500011920929, 'loss': 0.009224304929375648}
I0411 23:35:09.206402 139648784713536 submission_runner.py:351] 1822.03s	8370	{'accuracy': 0.9909722208976746, 'loss': 0.0024811108596622944}
I0411 23:35:29.207383 139648784713536 submission_runner.py:351] 1841.88s	8460	{'accuracy': 0.9895833730697632, 'loss': 0.004815620370209217}
I0411 23:35:49.093160 139648784713536 submission_runner.py:351] 1861.99s	8550	{'accuracy': 0.9909722208976746, 'loss': 0.006537097040563822}
I0411 23:36:08.449069 139648784713536 submission_runner.py:351] 1881.77s	8640	{'accuracy': 0.9916666746139526, 'loss': 0.0014035380445420742}
I0411 23:36:27.756740 139648784713536 submission_runner.py:351] 1901.08s	8730	{'accuracy': 0.9916666746139526, 'loss': 0.0013316497206687927}
I0411 23:36:47.152348 139648784713536 submission_runner.py:351] 1920.32s	8820	{'accuracy': 0.9916666746139526, 'loss': 0.0029324269853532314}
I0411 23:37:06.692817 139648784713536 submission_runner.py:351] 1939.70s	8910	{'accuracy': 0.9916666746139526, 'loss': 0.0018523521721363068}
I0411 23:37:26.474399 139648784713536 submission_runner.py:351] 1959.65s	9000	{'accuracy': 0.9888889193534851, 'loss': 0.0076980022713541985}
I0411 23:37:45.996393 139648784713536 submission_runner.py:351] 1979.12s	9090	{'accuracy': 0.9916666746139526, 'loss': 0.0009098152513615787}
W0411 23:37:45.998148 139648784713536 early_stopping.py:90] Early stop due to exceeding max steps.
I0411 23:37:47.003999 139648784713536 submission_runner.py:460] ===== Results =====
I0411 23:37:47.004381 139648784713536 submission_runner.py:462] Tuning trial 1/5
I0411 23:37:47.004470 139648784713536 submission_runner.py:463] Hyperparameters: {'learning_rate': 0.001, 'momentum': 0.9}
I0411 23:37:47.004616 139648784713536 submission_runner.py:465] Metrics: (9090, {'accuracy': 0.9854167103767395, 'loss': 0.01651475764811039})
I0411 23:37:47.004697 139648784713536 submission_runner.py:468] Timing: 906.1080882549286
I0411 23:37:47.004767 139648784713536 submission_runner.py:469] ====================
I0411 23:37:47.004815 139648784713536 submission_runner.py:462] Tuning trial 2/5
I0411 23:37:47.004866 139648784713536 submission_runner.py:463] Hyperparameters: {'learning_rate': 0.001, 'momentum': 0.9}
I0411 23:37:47.004929 139648784713536 submission_runner.py:465] Metrics: (9090, {'accuracy': 0.9916666746139526, 'loss': 0.0016395288985222578})
I0411 23:37:47.004991 139648784713536 submission_runner.py:468] Timing: 950.9058907032013
I0411 23:37:47.005041 139648784713536 submission_runner.py:469] ====================
I0411 23:37:47.005089 139648784713536 submission_runner.py:462] Tuning trial 3/5
I0411 23:37:47.005139 139648784713536 submission_runner.py:463] Hyperparameters: {'learning_rate': 0.001, 'momentum': 0.9}
I0411 23:37:47.005201 139648784713536 submission_runner.py:465] Metrics: (9090, {'accuracy': 0.9895833730697632, 'loss': 0.0042992341332137585})
I0411 23:37:47.005262 139648784713536 submission_runner.py:468] Timing: 947.5703859329224
I0411 23:37:47.005311 139648784713536 submission_runner.py:469] ====================
I0411 23:37:47.005357 139648784713536 submission_runner.py:462] Tuning trial 4/5
I0411 23:37:47.005404 139648784713536 submission_runner.py:463] Hyperparameters: {'learning_rate': 0.001, 'momentum': 0.9}
I0411 23:37:47.005462 139648784713536 submission_runner.py:465] Metrics: (7290, {'accuracy': 0.9888889193534851, 'loss': 0.010618007741868496})
I0411 23:37:47.005524 139648784713536 submission_runner.py:468] Timing: 763.7111194133759
I0411 23:37:47.005604 139648784713536 submission_runner.py:469] ====================
I0411 23:37:47.005653 139648784713536 submission_runner.py:462] Tuning trial 5/5
I0411 23:37:47.005702 139648784713536 submission_runner.py:463] Hyperparameters: {'learning_rate': 0.001, 'momentum': 0.9}
I0411 23:37:47.005759 139648784713536 submission_runner.py:465] Metrics: (9090, {'accuracy': 0.9916666746139526, 'loss': 0.0009098152513615787})
I0411 23:37:47.005817 139648784713536 submission_runner.py:468] Timing: 987.1940748691559
I0411 23:37:47.005868 139648784713536 submission_runner.py:469] ====================
I0411 23:37:47.674457 139648784713536 submission_runner.py:507] Final coil100_jax_dropout score: 763.711119
