W0407 16:20:44.664342 139813661902656 logging_utils.py:329] Unable to record package information. Continuing without it.
I0407 16:20:47.606919 139813661902656 submission_runner.py:430] --- Tuning run 1/5 ---
I0407 16:21:21.755692 139813661902656 submission_runner.py:333] 3.68s	0	{'accuracy': 0.09930000454187393, 'loss': 2.3031816482543945}
I0407 16:21:35.558838 139813661902656 submission_runner.py:333] 26.72s	781	{'accuracy': 0.38770002126693726, 'loss': 1.7069352865219116}
I0407 16:21:48.316624 139813661902656 submission_runner.py:333] 39.48s	1562	{'accuracy': 0.4660000205039978, 'loss': 1.473221778869629}
I0407 16:22:00.943436 139813661902656 submission_runner.py:333] 52.12s	2343	{'accuracy': 0.5046000480651855, 'loss': 1.3669846057891846}
I0407 16:22:13.579301 139813661902656 submission_runner.py:333] 64.74s	3124	{'accuracy': 0.5541000366210938, 'loss': 1.248957872390747}
I0407 16:22:25.671374 139813661902656 submission_runner.py:333] 77.46s	3905	{'accuracy': 0.5990000367164612, 'loss': 1.1415891647338867}
I0407 16:22:38.443138 139813661902656 submission_runner.py:333] 89.62s	4686	{'accuracy': 0.6238000392913818, 'loss': 1.064214825630188}
I0407 16:22:51.037125 139813661902656 submission_runner.py:333] 102.25s	5467	{'accuracy': 0.6386000514030457, 'loss': 1.025407075881958}
I0407 16:23:03.772594 139813661902656 submission_runner.py:333] 114.98s	6248	{'accuracy': 0.6641000509262085, 'loss': 0.9805783629417419}
I0407 16:23:16.912054 139813661902656 submission_runner.py:333] 128.05s	7029	{'accuracy': 0.6790000200271606, 'loss': 0.9264259338378906}
I0407 16:23:29.464122 139813661902656 submission_runner.py:333] 140.62s	7810	{'accuracy': 0.6955000162124634, 'loss': 0.8761051893234253}
I0407 16:23:42.356667 139813661902656 submission_runner.py:333] 153.53s	8591	{'accuracy': 0.6965000033378601, 'loss': 0.8864399790763855}
I0407 16:23:55.024457 139813661902656 submission_runner.py:333] 166.21s	9372	{'accuracy': 0.7100000381469727, 'loss': 0.8453829288482666}
I0407 16:24:07.592558 139813661902656 submission_runner.py:333] 178.82s	10153	{'accuracy': 0.7091000080108643, 'loss': 0.8539724946022034}
I0407 16:24:20.367153 139813661902656 submission_runner.py:333] 191.51s	10934	{'accuracy': 0.7101000547409058, 'loss': 0.8867589235305786}
I0407 16:24:33.038919 139813661902656 submission_runner.py:333] 204.23s	11715	{'accuracy': 0.7128000259399414, 'loss': 0.8595568537712097}
I0407 16:24:45.592024 139813661902656 submission_runner.py:333] 216.79s	12496	{'accuracy': 0.7172000408172607, 'loss': 0.9018277525901794}
I0407 16:24:58.066984 139813661902656 submission_runner.py:333] 229.30s	13277	{'accuracy': 0.7204000353813171, 'loss': 0.8978281617164612}
I0407 16:25:10.699683 139813661902656 submission_runner.py:333] 241.92s	14058	{'accuracy': 0.7207000255584717, 'loss': 0.9258918166160583}
W0407 16:25:10.700897 139813661902656 early_stopping.py:102] Early stop due to no improvement.
I0407 16:25:11.506496 139813661902656 submission_runner.py:430] --- Tuning run 2/5 ---
I0407 16:25:18.232976 139813661902656 submission_runner.py:333] 0.93s	0	{'accuracy': 0.1063000038266182, 'loss': 2.3010923862457275}
I0407 16:25:31.534468 139813661902656 submission_runner.py:333] 14.26s	781	{'accuracy': 0.36410000920295715, 'loss': 1.7927014827728271}
I0407 16:25:44.668516 139813661902656 submission_runner.py:333] 27.43s	1562	{'accuracy': 0.4474000334739685, 'loss': 1.5428380966186523}
I0407 16:25:57.458218 139813661902656 submission_runner.py:333] 40.21s	2343	{'accuracy': 0.5157999992370605, 'loss': 1.3498328924179077}
I0407 16:26:10.669698 139813661902656 submission_runner.py:333] 53.41s	3124	{'accuracy': 0.5321000218391418, 'loss': 1.2967195510864258}
I0407 16:26:23.951628 139813661902656 submission_runner.py:333] 66.66s	3905	{'accuracy': 0.5714000463485718, 'loss': 1.1989014148712158}
I0407 16:26:37.383372 139813661902656 submission_runner.py:333] 80.08s	4686	{'accuracy': 0.5683000087738037, 'loss': 1.2227267026901245}
I0407 16:26:50.652685 139813661902656 submission_runner.py:333] 93.43s	5467	{'accuracy': 0.6152000427246094, 'loss': 1.0917279720306396}
I0407 16:27:03.508885 139813661902656 submission_runner.py:333] 106.22s	6248	{'accuracy': 0.6322000026702881, 'loss': 1.0375633239746094}
I0407 16:27:16.859335 139813661902656 submission_runner.py:333] 119.58s	7029	{'accuracy': 0.6336000561714172, 'loss': 1.0590060949325562}
I0407 16:27:29.808904 139813661902656 submission_runner.py:333] 132.50s	7810	{'accuracy': 0.6554000377655029, 'loss': 0.9792828559875488}
I0407 16:27:42.606744 139813661902656 submission_runner.py:333] 145.34s	8591	{'accuracy': 0.6606000065803528, 'loss': 1.0013974905014038}
I0407 16:27:55.394642 139813661902656 submission_runner.py:333] 158.12s	9372	{'accuracy': 0.6780000329017639, 'loss': 0.943037748336792}
I0407 16:28:08.217410 139813661902656 submission_runner.py:333] 170.95s	10153	{'accuracy': 0.6801000237464905, 'loss': 0.9452018141746521}
I0407 16:28:21.109749 139813661902656 submission_runner.py:333] 183.84s	10934	{'accuracy': 0.6865000128746033, 'loss': 0.9405081272125244}
I0407 16:28:34.751066 139813661902656 submission_runner.py:333] 197.52s	11715	{'accuracy': 0.6723000407218933, 'loss': 1.023306131362915}
I0407 16:28:48.133648 139813661902656 submission_runner.py:333] 210.92s	12496	{'accuracy': 0.6858000159263611, 'loss': 0.9911618828773499}
I0407 16:29:00.867327 139813661902656 submission_runner.py:333] 223.64s	13277	{'accuracy': 0.6875000596046448, 'loss': 1.004616141319275}
I0407 16:29:14.342752 139813661902656 submission_runner.py:333] 237.13s	14058	{'accuracy': 0.6839000582695007, 'loss': 1.0672775506973267}
I0407 16:29:27.720492 139813661902656 submission_runner.py:333] 250.41s	14839	{'accuracy': 0.6857000589370728, 'loss': 1.111818552017212}
I0407 16:29:40.525432 139813661902656 submission_runner.py:333] 263.28s	15620	{'accuracy': 0.6857000589370728, 'loss': 1.1886612176895142}
W0407 16:29:40.526837 139813661902656 early_stopping.py:102] Early stop due to no improvement.
I0407 16:29:41.447850 139813661902656 submission_runner.py:430] --- Tuning run 3/5 ---
I0407 16:29:48.239843 139813661902656 submission_runner.py:333] 0.95s	0	{'accuracy': 0.08800000697374344, 'loss': 2.3043293952941895}
I0407 16:30:01.631059 139813661902656 submission_runner.py:333] 14.44s	781	{'accuracy': 0.31850001215934753, 'loss': 1.9250106811523438}
I0407 16:30:15.107369 139813661902656 submission_runner.py:333] 27.83s	1562	{'accuracy': 0.4165000319480896, 'loss': 1.6242952346801758}
I0407 16:30:28.598749 139813661902656 submission_runner.py:333] 41.39s	2343	{'accuracy': 0.4930000305175781, 'loss': 1.4108208417892456}
I0407 16:30:41.463634 139813661902656 submission_runner.py:333] 54.20s	3124	{'accuracy': 0.5315999984741211, 'loss': 1.3155059814453125}
I0407 16:30:54.943728 139813661902656 submission_runner.py:333] 67.76s	3905	{'accuracy': 0.5567000508308411, 'loss': 1.2374448776245117}
I0407 16:31:07.733094 139813661902656 submission_runner.py:333] 80.52s	4686	{'accuracy': 0.5843999981880188, 'loss': 1.158864140510559}
I0407 16:31:21.276319 139813661902656 submission_runner.py:333] 94.07s	5467	{'accuracy': 0.6055999994277954, 'loss': 1.1144235134124756}
I0407 16:31:34.273074 139813661902656 submission_runner.py:333] 107.03s	6248	{'accuracy': 0.6232000589370728, 'loss': 1.0576744079589844}
I0407 16:31:47.141056 139813661902656 submission_runner.py:333] 119.89s	7029	{'accuracy': 0.6408000588417053, 'loss': 1.0281344652175903}
I0407 16:32:00.310519 139813661902656 submission_runner.py:333] 133.06s	7810	{'accuracy': 0.648900032043457, 'loss': 1.0071959495544434}
I0407 16:32:13.607211 139813661902656 submission_runner.py:333] 146.39s	8591	{'accuracy': 0.6655000448226929, 'loss': 0.9533331394195557}
I0407 16:32:26.445818 139813661902656 submission_runner.py:333] 159.23s	9372	{'accuracy': 0.6776000261306763, 'loss': 0.9269567728042603}
I0407 16:32:39.524427 139813661902656 submission_runner.py:333] 172.30s	10153	{'accuracy': 0.6787000298500061, 'loss': 0.930110514163971}
I0407 16:32:53.153098 139813661902656 submission_runner.py:333] 185.94s	10934	{'accuracy': 0.694100022315979, 'loss': 0.8900240659713745}
I0407 16:33:06.139245 139813661902656 submission_runner.py:333] 198.87s	11715	{'accuracy': 0.691800057888031, 'loss': 0.9190630316734314}
I0407 16:33:19.531838 139813661902656 submission_runner.py:333] 212.34s	12496	{'accuracy': 0.698900043964386, 'loss': 0.8860877156257629}
I0407 16:33:32.721559 139813661902656 submission_runner.py:333] 225.56s	13277	{'accuracy': 0.6958000063896179, 'loss': 0.9128103256225586}
I0407 16:33:45.770137 139813661902656 submission_runner.py:333] 238.52s	14058	{'accuracy': 0.7044000625610352, 'loss': 0.9018248319625854}
I0407 16:33:58.794903 139813661902656 submission_runner.py:333] 251.57s	14839	{'accuracy': 0.7091000080108643, 'loss': 0.9024699926376343}
I0407 16:34:12.029500 139813661902656 submission_runner.py:333] 264.86s	15620	{'accuracy': 0.7056000232696533, 'loss': 0.9694069027900696}
I0407 16:34:25.266319 139813661902656 submission_runner.py:333] 278.02s	16401	{'accuracy': 0.7103000283241272, 'loss': 0.9954624772071838}
I0407 16:34:38.960355 139813661902656 submission_runner.py:333] 291.74s	17182	{'accuracy': 0.7067000269889832, 'loss': 1.0888230800628662}
W0407 16:34:38.961569 139813661902656 early_stopping.py:102] Early stop due to no improvement.
I0407 16:34:39.770094 139813661902656 submission_runner.py:430] --- Tuning run 4/5 ---
I0407 16:34:46.618040 139813661902656 submission_runner.py:333] 0.93s	0	{'accuracy': 0.09670000523328781, 'loss': 2.3038270473480225}
I0407 16:35:00.357481 139813661902656 submission_runner.py:333] 14.83s	781	{'accuracy': 0.35130003094673157, 'loss': 1.8508518934249878}
I0407 16:35:12.806759 139813661902656 submission_runner.py:333] 27.82s	1562	{'accuracy': 0.42900002002716064, 'loss': 1.5827065706253052}
I0407 16:35:25.943701 139813661902656 submission_runner.py:333] 40.41s	2343	{'accuracy': 0.4855000376701355, 'loss': 1.4380639791488647}
I0407 16:35:38.852106 139813661902656 submission_runner.py:333] 53.29s	3124	{'accuracy': 0.5320000052452087, 'loss': 1.3055096864700317}
I0407 16:35:52.473586 139813661902656 submission_runner.py:333] 66.92s	3905	{'accuracy': 0.5478000044822693, 'loss': 1.2488635778427124}
I0407 16:36:05.813167 139813661902656 submission_runner.py:333] 80.29s	4686	{'accuracy': 0.5685000419616699, 'loss': 1.2176146507263184}
I0407 16:36:18.856635 139813661902656 submission_runner.py:333] 93.33s	5467	{'accuracy': 0.6184000372886658, 'loss': 1.07965886592865}
I0407 16:36:32.300948 139813661902656 submission_runner.py:333] 106.72s	6248	{'accuracy': 0.6469000577926636, 'loss': 1.0139049291610718}
I0407 16:36:45.097699 139813661902656 submission_runner.py:333] 119.56s	7029	{'accuracy': 0.6459000110626221, 'loss': 1.0213626623153687}
I0407 16:36:58.134082 139813661902656 submission_runner.py:333] 132.62s	7810	{'accuracy': 0.6728000044822693, 'loss': 0.9457603693008423}
I0407 16:37:10.718591 139813661902656 submission_runner.py:333] 145.24s	8591	{'accuracy': 0.6874000430107117, 'loss': 0.9067961573600769}
I0407 16:37:24.224412 139813661902656 submission_runner.py:333] 158.69s	9372	{'accuracy': 0.6785000562667847, 'loss': 0.9499157667160034}
I0407 16:37:37.491773 139813661902656 submission_runner.py:333] 171.89s	10153	{'accuracy': 0.690000057220459, 'loss': 0.9157699942588806}
I0407 16:37:50.499359 139813661902656 submission_runner.py:333] 184.95s	10934	{'accuracy': 0.7000000476837158, 'loss': 0.90577632188797}
I0407 16:38:03.712878 139813661902656 submission_runner.py:333] 198.22s	11715	{'accuracy': 0.6981000304222107, 'loss': 0.9226409792900085}
I0407 16:38:16.881081 139813661902656 submission_runner.py:333] 211.31s	12496	{'accuracy': 0.691800057888031, 'loss': 0.9447526931762695}
I0407 16:38:29.726330 139813661902656 submission_runner.py:333] 224.20s	13277	{'accuracy': 0.7090000510215759, 'loss': 0.9188300967216492}
I0407 16:38:42.576890 139813661902656 submission_runner.py:333] 237.04s	14058	{'accuracy': 0.6980000138282776, 'loss': 0.999363124370575}
I0407 16:38:55.860732 139813661902656 submission_runner.py:333] 250.31s	14839	{'accuracy': 0.7002000212669373, 'loss': 1.0365509986877441}
I0407 16:39:08.836966 139813661902656 submission_runner.py:333] 263.26s	15620	{'accuracy': 0.7013000249862671, 'loss': 1.0834527015686035}
W0407 16:39:08.838325 139813661902656 early_stopping.py:102] Early stop due to no improvement.
I0407 16:39:09.784467 139813661902656 submission_runner.py:430] --- Tuning run 5/5 ---
I0407 16:39:16.566182 139813661902656 submission_runner.py:333] 0.94s	0	{'accuracy': 0.09940000623464584, 'loss': 2.3039112091064453}
I0407 16:39:29.962568 139813661902656 submission_runner.py:333] 14.42s	781	{'accuracy': 0.3297000229358673, 'loss': 1.8976492881774902}
I0407 16:39:43.513766 139813661902656 submission_runner.py:333] 27.99s	1562	{'accuracy': 0.43700000643730164, 'loss': 1.5548571348190308}
I0407 16:39:56.886297 139813661902656 submission_runner.py:333] 41.37s	2343	{'accuracy': 0.4815000295639038, 'loss': 1.4532508850097656}
I0407 16:40:10.155249 139813661902656 submission_runner.py:333] 54.67s	3124	{'accuracy': 0.5171000361442566, 'loss': 1.3312170505523682}
I0407 16:40:23.142889 139813661902656 submission_runner.py:333] 67.56s	3905	{'accuracy': 0.5552999973297119, 'loss': 1.2452819347381592}
I0407 16:40:36.758270 139813661902656 submission_runner.py:333] 81.22s	4686	{'accuracy': 0.604200005531311, 'loss': 1.1075677871704102}
I0407 16:40:50.237249 139813661902656 submission_runner.py:333] 94.68s	5467	{'accuracy': 0.6158000230789185, 'loss': 1.0784080028533936}
I0407 16:41:03.661607 139813661902656 submission_runner.py:333] 108.13s	6248	{'accuracy': 0.6451000571250916, 'loss': 1.0043388605117798}
I0407 16:41:16.615774 139813661902656 submission_runner.py:333] 121.13s	7029	{'accuracy': 0.6730000376701355, 'loss': 0.9360250234603882}
I0407 16:41:29.868195 139813661902656 submission_runner.py:333] 134.26s	7810	{'accuracy': 0.6751000285148621, 'loss': 0.9335649013519287}
I0407 16:41:43.196348 139813661902656 submission_runner.py:333] 147.64s	8591	{'accuracy': 0.691800057888031, 'loss': 0.8808215260505676}
I0407 16:41:55.999826 139813661902656 submission_runner.py:333] 160.50s	9372	{'accuracy': 0.6966000199317932, 'loss': 0.8734846115112305}
I0407 16:42:08.831614 139813661902656 submission_runner.py:333] 173.29s	10153	{'accuracy': 0.7100000381469727, 'loss': 0.8361649513244629}
I0407 16:42:21.989188 139813661902656 submission_runner.py:333] 186.41s	10934	{'accuracy': 0.6920000314712524, 'loss': 0.8995059132575989}
I0407 16:42:35.349777 139813661902656 submission_runner.py:333] 199.83s	11715	{'accuracy': 0.7036000490188599, 'loss': 0.8976885080337524}
I0407 16:42:48.463280 139813661902656 submission_runner.py:333] 212.92s	12496	{'accuracy': 0.7140000462532043, 'loss': 0.8698027729988098}
I0407 16:43:01.317502 139813661902656 submission_runner.py:333] 225.80s	13277	{'accuracy': 0.7211000323295593, 'loss': 0.8479251265525818}
I0407 16:43:14.404358 139813661902656 submission_runner.py:333] 238.88s	14058	{'accuracy': 0.7204000353813171, 'loss': 0.8724882006645203}
I0407 16:43:27.732304 139813661902656 submission_runner.py:333] 252.20s	14839	{'accuracy': 0.7218000292778015, 'loss': 0.8940249681472778}
W0407 16:43:27.733432 139813661902656 early_stopping.py:102] Early stop due to no improvement.
I0407 16:43:28.663655 139813661902656 submission_runner.py:442] ===== Results =====
I0407 16:43:28.664069 139813661902656 submission_runner.py:444] Tuning trial 1/5
I0407 16:43:28.664153 139813661902656 submission_runner.py:445] Hyperparameters: {'learning_rate': 0.001, 'momentum': 0.9}
I0407 16:43:28.664261 139813661902656 submission_runner.py:447] Metrics: (14058, {'accuracy': 0.7207000255584717, 'loss': 0.9258918166160583})
I0407 16:43:28.664334 139813661902656 submission_runner.py:450] Timing: 154.23713994026184
I0407 16:43:28.664391 139813661902656 submission_runner.py:451] ====================
I0407 16:43:28.664437 139813661902656 submission_runner.py:444] Tuning trial 2/5
I0407 16:43:28.664484 139813661902656 submission_runner.py:445] Hyperparameters: {'learning_rate': 0.001, 'momentum': 0.9}
I0407 16:43:28.664636 139813661902656 submission_runner.py:447] Metrics: (15620, {'accuracy': 0.6857000589370728, 'loss': 1.1886612176895142})
I0407 16:43:28.664713 139813661902656 submission_runner.py:450] Timing: 174.26662850379944
I0407 16:43:28.664787 139813661902656 submission_runner.py:451] ====================
I0407 16:43:28.664836 139813661902656 submission_runner.py:444] Tuning trial 3/5
I0407 16:43:28.664886 139813661902656 submission_runner.py:445] Hyperparameters: {'learning_rate': 0.001, 'momentum': 0.9}
I0407 16:43:28.664948 139813661902656 submission_runner.py:447] Metrics: (17182, {'accuracy': 0.7067000269889832, 'loss': 1.0888230800628662})
I0407 16:43:28.665013 139813661902656 submission_runner.py:450] Timing: 193.07268238067627
I0407 16:43:28.665065 139813661902656 submission_runner.py:451] ====================
I0407 16:43:28.665112 139813661902656 submission_runner.py:444] Tuning trial 4/5
I0407 16:43:28.665161 139813661902656 submission_runner.py:445] Hyperparameters: {'learning_rate': 0.001, 'momentum': 0.9}
I0407 16:43:28.665222 139813661902656 submission_runner.py:447] Metrics: (15620, {'accuracy': 0.7013000249862671, 'loss': 1.0834527015686035})
I0407 16:43:28.665286 139813661902656 submission_runner.py:450] Timing: 175.94304013252258
I0407 16:43:28.665336 139813661902656 submission_runner.py:451] ====================
I0407 16:43:28.665384 139813661902656 submission_runner.py:444] Tuning trial 5/5
I0407 16:43:28.665431 139813661902656 submission_runner.py:445] Hyperparameters: {'learning_rate': 0.001, 'momentum': 0.9}
I0407 16:43:28.665491 139813661902656 submission_runner.py:447] Metrics: (14839, {'accuracy': 0.7218000292778015, 'loss': 0.8940249681472778})
I0407 16:43:28.665549 139813661902656 submission_runner.py:450] Timing: 168.63520050048828
I0407 16:43:28.665613 139813661902656 submission_runner.py:451] ====================
I0407 16:43:29.213466 139813661902656 submission_runner.py:489] Final cifar10_jax_custom score: 154.237140
